SPARTA (24 Sep 2025)
Running on 4 MPI task(s)
Created orthogonal box = (0 0 0) to (0.0005 0.0005 0.0005)
WARNING: Could not acquire nearby ghost cells b/c grid partition is not clumped (../grid.cpp:473)
Created 64000 child grid cells
  CPU time = 0.0016507 secs
  create/ghost percent = 87.5094 12.4906
Balance grid migrated 48000 cells
  CPU time = 0.0107345 secs
  reassign/sort/migrate/ghost percent = 16.7402 1.73777 51.3954 30.1266
Reading surface file ...
  192 triangles
  0.000245 0.000255 xlo xhi
  0.000245 0.000255 ylo yhi
  0.000245 0.000255 zlo zhi
  1.37386e-06 min triangle edge length
  8.32156e-13 min triangle area
  8 0 = cells overlapping surfs, overlap cells with unmarked corner pts
  63992 0 8 = cells outside/inside/overlapping surfs
  8 = surf cells with 1,2,etc splits
  1.24999513661453e-10 1.24999513661465e-10 = cell-wise and global flow volume
  CPU time = 0.0123812 secs
  read/check/sort/surf2grid/ghost/inout/particle percent = 44.787 2.03696 8.1427 28.2938 16.7396 6.21911 0.0077052
  surf2grid time = 0.00350312 secs
  map/comm1/comm2/comm3/comm4/split percent = 35.0775 1.74182 22.9236 6.9192 6.81378 13.8627
Memory usage per proc in Mbytes:
  particles (ave,min,max) = 0 0 0
  grid      (ave,min,max) = 3.88879 3.88879 3.88879
  surf      (ave,min,max) = 0.0241699 0.0241699 0.0241699
  total     (ave,min,max) = 3.91296 3.91296 3.91296
Step CPU Np Ncoll Nscoll 
       0            0        0        0        0 
    1000    9.8049303   429678     8628        4 
    2000    20.041587   430172     8641        2 
    2500    25.198232   429158     8676        2 
Loop time of 25.1984 on 4 procs for 2500 steps with 429158 particles
Performance: 99.213 timesteps/s, 42.578 Mparticle-step/s

MPI task timing breakdown:
Section |  min time  |  avg time  |  max time  |%varavg| %total
---------------------------------------------------------------
Move    | 10.493     | 11.805     | 13.129     |  37.5 | 46.85
Coll    | 3.2802     | 3.9478     | 4.6083     |  33.2 | 15.67
Sort    | 3.9874     | 4.2634     | 4.5241     |  12.4 | 16.92
Comm    | 1.0234     | 1.0537     | 1.0693     |   1.7 |  4.18
Modify  | 0.0057639  | 0.44462    | 0.88549    |  65.8 |  1.76
Output  | 0.00016437 | 0.0011547  | 0.0018888  |   2.2 |  0.00
Other   |            | 3.683      |            |       | 14.61

Particle moves    = 1037965533 (1.04B)
Cells touched     = 2074923783 (2.07B)
Particle comms    = 18788153 (18.8M)
Boundary collides = 14943657 (14.9M)
Boundary exits    = 11233555 (11.2M)
SurfColl checks   = 13278928 (13.3M)
SurfColl occurs   = 5273 (5.27K)
Surf reactions    = 0 (0K)
Collide attempts  = 36843446 (36.8M)
Collide occurs    = 20552473 (20.6M)
Gas reactions     = 0 (0K)
Particles stuck   = 0
Axisymm bad moves = 0

Particle-moves/CPUsec/proc: 1.02979e+07
Particle-moves/step: 415186
Cell-touches/particle/step: 1.99903
Particle comm iterations/step: 2.9948
Particle fraction communicated: 0.0181009
Particle fraction colliding with boundary: 0.0143971
Particle fraction exiting boundary: 0.0108227
Surface-checks/particle/step: 0.0127932
Surface-collisions/particle/step: 5.08013e-06
Surface-reactions/particle/step: 0
Collision-attempts/particle/step: 0.0354958
Collisions/particle/step: 0.0198007
Gas-reactions/particle/step: 0

Particles: 107290 ave 117437 max 97301 min
Histogram: 2 0 0 0 0 0 0 0 0 2
Cells:     16000 ave 16000 max 16000 min
Histogram: 4 0 0 0 0 0 0 0 0 0
GhostCell: 1640 ave 1640 max 1640 min
Histogram: 4 0 0 0 0 0 0 0 0 0
EmptyCell: 1640 ave 1640 max 1640 min
Histogram: 4 0 0 0 0 0 0 0 0 0
Surfs:     192 ave 192 max 192 min
Histogram: 4 0 0 0 0 0 0 0 0 0
GhostSurf: 0 ave 0 max 0 min
Histogram: 4 0 0 0 0 0 0 0 0 0
Memory usage per proc in Mbytes:
  particles (ave,min,max) = 11.3281 9.375 12.5
  grid      (ave,min,max) = 3.88879 3.88879 3.88879
  surf      (ave,min,max) = 0.0241699 0.0241699 0.0241699
  total     (ave,min,max) = 15.2433 13.2902 16.4152
Step CPU Np Ncoll Nscoll 
    2500            0   429158     8676        0 
    3000    5.1952112   430110     8649        1 
    4000    15.566576   428970     8738        3 
    5000    26.001784   429603     8762        1 
Loop time of 26.0018 on 4 procs for 2500 steps with 429603 particles
Performance: 96.147 timesteps/s, 41.305 Mparticle-step/s

MPI task timing breakdown:
Section |  min time  |  avg time  |  max time  |%varavg| %total
---------------------------------------------------------------
Move    | 11.03      | 12.293     | 13.562     |  34.6 | 47.28
Coll    | 3.4887     | 4.1272     | 4.7695     |  30.7 | 15.87
Sort    | 4.2052     | 4.4156     | 4.6644     |  10.0 | 16.98
Comm    | 1.0358     | 1.0687     | 1.0847     |   1.9 |  4.11
Modify  | 0.015981   | 0.45117    | 0.88761    |  64.7 |  1.74
Output  | 0.012944   | 0.013364   | 0.013747   |   0.3 |  0.05
Other   |            | 3.633      |            |       | 13.97

Particle moves    = 1073642603 (1.07B)
Cells touched     = 2140773396 (2.14B)
Particle comms    = 19301076 (19.3M)
Boundary collides = 15466152 (15.5M)
Boundary exits    = 11662032 (11.7M)
SurfColl checks   = 13664656 (13.7M)
SurfColl occurs   = 5302 (5.3K)
Surf reactions    = 0 (0K)
Collide attempts  = 38895968 (38.9M)
Collide occurs    = 21624102 (21.6M)
Gas reactions     = 0 (0K)
Particles stuck   = 0
Axisymm bad moves = 0

Particle-moves/CPUsec/proc: 1.03228e+07
Particle-moves/step: 429457
Cell-touches/particle/step: 1.99393
Particle comm iterations/step: 3
Particle fraction communicated: 0.0179772
Particle fraction colliding with boundary: 0.0144053
Particle fraction exiting boundary: 0.0108621
Surface-checks/particle/step: 0.0127274
Surface-collisions/particle/step: 4.93833e-06
Surface-reactions/particle/step: 0
Collision-attempts/particle/step: 0.036228
Collisions/particle/step: 0.0201409
Gas-reactions/particle/step: 0

Particles: 107401 ave 117859 max 97400 min
Histogram: 2 0 0 0 0 0 0 0 0 2
Cells:     16000 ave 16000 max 16000 min
Histogram: 4 0 0 0 0 0 0 0 0 0
GhostCell: 1640 ave 1640 max 1640 min
Histogram: 4 0 0 0 0 0 0 0 0 0
EmptyCell: 1640 ave 1640 max 1640 min
Histogram: 4 0 0 0 0 0 0 0 0 0
Surfs:     192 ave 192 max 192 min
Histogram: 4 0 0 0 0 0 0 0 0 0
GhostSurf: 0 ave 0 max 0 min
Histogram: 4 0 0 0 0 0 0 0 0 0
