SPARTA (24 Sep 2025)
Running on 4 MPI task(s)
Created orthogonal box = (0 0 0) to (0.0005 0.0005 0.0005)
WARNING: Could not acquire nearby ghost cells b/c grid partition is not clumped (../grid.cpp:473)
Created 64000 child grid cells
  CPU time = 0.00326177 secs
  create/ghost percent = 68.0419 31.9581
Balance grid migrated 48000 cells
  CPU time = 0.0145487 secs
  reassign/sort/migrate/ghost percent = 21.3102 1.67449 46.254 30.7614
Reading surface file ...
  192 triangles
  0.000245 0.000255 xlo xhi
  0.000245 0.000255 ylo yhi
  0.000245 0.000255 zlo zhi
  1.37386e-06 min triangle edge length
  8.32156e-13 min triangle area
  8 0 = cells overlapping surfs, overlap cells with unmarked corner pts
  63992 0 8 = cells outside/inside/overlapping surfs
  8 = surf cells with 1,2,etc splits
  1.24999513661453e-10 1.24999513661465e-10 = cell-wise and global flow volume
  CPU time = 0.0129969 secs
  read/check/sort/surf2grid/ghost/inout/particle percent = 32.1575 2.77175 6.13159 27.235 31.7042 14.2596 0.00523971
  surf2grid time = 0.0035397 secs
  map/comm1/comm2/comm3/comm4/split percent = 33.1717 1.84061 24.7634 3.82255 5.45967 12.3553
Memory usage per proc in Mbytes:
  particles (ave,min,max) = 0 0 0
  grid      (ave,min,max) = 3.88879 3.88879 3.88879
  surf      (ave,min,max) = 0.0241699 0.0241699 0.0241699
  total     (ave,min,max) = 3.91296 3.91296 3.91296
Step CPU Np Ncoll Nscoll 
       0            0        0        0        0 
    1000    6.2825316   426675     4769        0 
    2000    13.178731   429447     4732        2 
    2500    16.800572   429052     4786        2 
Loop time of 16.8006 on 4 procs for 2500 steps with 429052 particles
Performance: 148.804 timesteps/s, 63.845 Mparticle-step/s

MPI task timing breakdown:
Section |  min time  |  avg time  |  max time  |%varavg| %total
---------------------------------------------------------------
Move    | 6.9004     | 7.9546     | 8.9613     |  35.3 | 47.35
Coll    | 2.0191     | 2.3371     | 2.687      |  20.6 | 13.91
Sort    | 3.0747     | 3.2962     | 3.5149     |  11.4 | 19.62
Comm    | 0.48441    | 0.48636    | 0.48779    |   0.2 |  2.89
Modify  | 0.0046217  | 0.2491     | 0.49409    |  49.0 |  1.48
Output  | 0.00016924 | 0.00092501 | 0.0015015  |   0.0 |  0.01
Other   |            | 2.476      |            |       | 14.74

Particle moves    = 1008768678 (1.01B)
Cells touched     = 1571396963 (1.57B)
Particle comms    = 10207689 (10.2M)
Boundary collides = 8072399 (8.07M)
Boundary exits    = 6048314 (6.05M)
SurfColl checks   = 10013898 (10M)
SurfColl occurs   = 2887 (2.89K)
Surf reactions    = 0 (0K)
Collide attempts  = 18866294 (18.9M)
Collide occurs    = 10916319 (10.9M)
Gas reactions     = 0 (0K)
Particles stuck   = 0
Axisymm bad moves = 0

Particle-moves/CPUsec/proc: 1.50109e+07
Particle-moves/step: 403507
Cell-touches/particle/step: 1.55774
Particle comm iterations/step: 2.9868
Particle fraction communicated: 0.010119
Particle fraction colliding with boundary: 0.00800223
Particle fraction exiting boundary: 0.00599574
Surface-checks/particle/step: 0.00992685
Surface-collisions/particle/step: 2.8619e-06
Surface-reactions/particle/step: 0
Collision-attempts/particle/step: 0.0187023
Collisions/particle/step: 0.0108214
Gas-reactions/particle/step: 0

Particles: 107263 ave 117335 max 97198 min
Histogram: 2 0 0 0 0 0 0 0 0 2
Cells:     16000 ave 16000 max 16000 min
Histogram: 4 0 0 0 0 0 0 0 0 0
GhostCell: 1640 ave 1640 max 1640 min
Histogram: 4 0 0 0 0 0 0 0 0 0
EmptyCell: 1640 ave 1640 max 1640 min
Histogram: 4 0 0 0 0 0 0 0 0 0
Surfs:     192 ave 192 max 192 min
Histogram: 4 0 0 0 0 0 0 0 0 0
GhostSurf: 0 ave 0 max 0 min
Histogram: 4 0 0 0 0 0 0 0 0 0
Memory usage per proc in Mbytes:
  particles (ave,min,max) = 10.9375 9.375 12.5
  grid      (ave,min,max) = 3.88879 3.88879 3.88879
  surf      (ave,min,max) = 0.0241699 0.0241699 0.0241699
  total     (ave,min,max) = 14.8527 13.2902 16.4152
Step CPU Np Ncoll Nscoll 
    2500            0   429052     4786        0 
    3000    3.7150769   429373     4795        0 
    4000    11.556522   428800     4770        1 
    5000    19.441547   429728     4777        1 
Loop time of 19.4417 on 4 procs for 2500 steps with 429728 particles
Performance: 128.590 timesteps/s, 55.259 Mparticle-step/s

MPI task timing breakdown:
Section |  min time  |  avg time  |  max time  |%varavg| %total
---------------------------------------------------------------
Move    | 8.2749     | 9.4032     | 10.461     |  33.4 | 48.37
Coll    | 2.3694     | 2.7149     | 3.0596     |  20.5 | 13.96
Sort    | 3.6881     | 3.9231     | 4.144      |  10.0 | 20.18
Comm    | 0.53198    | 0.53394    | 0.53626    |   0.2 |  2.75
Modify  | 0.013233   | 0.25847    | 0.50491    |  48.2 |  1.33
Output  | 0.0062027  | 0.0063654  | 0.0065717  |   0.2 |  0.03
Other   |            | 2.602      |            |       | 13.38

Particle moves    = 1073811236 (1.07B)
Cells touched     = 1666691130 (1.67B)
Particle comms    = 10724841 (10.7M)
Boundary collides = 8593981 (8.59M)
Boundary exits    = 6477697 (6.48M)
SurfColl checks   = 10631438 (10.6M)
SurfColl occurs   = 3061 (3.06K)
Surf reactions    = 0 (0K)
Collide attempts  = 20875886 (20.9M)
Collide occurs    = 12002232 (12M)
Gas reactions     = 0 (0K)
Particles stuck   = 0
Axisymm bad moves = 0

Particle-moves/CPUsec/proc: 1.38081e+07
Particle-moves/step: 429524
Cell-touches/particle/step: 1.55213
Particle comm iterations/step: 2.9996
Particle fraction communicated: 0.00998764
Particle fraction colliding with boundary: 0.00800325
Particle fraction exiting boundary: 0.00603244
Surface-checks/particle/step: 0.00990066
Surface-collisions/particle/step: 2.85059e-06
Surface-reactions/particle/step: 0
Collision-attempts/particle/step: 0.0194409
Collisions/particle/step: 0.0111772
Gas-reactions/particle/step: 0

Particles: 107432 ave 117465 max 97478 min
Histogram: 2 0 0 0 0 0 0 0 0 2
Cells:     16000 ave 16000 max 16000 min
Histogram: 4 0 0 0 0 0 0 0 0 0
GhostCell: 1640 ave 1640 max 1640 min
Histogram: 4 0 0 0 0 0 0 0 0 0
EmptyCell: 1640 ave 1640 max 1640 min
Histogram: 4 0 0 0 0 0 0 0 0 0
Surfs:     192 ave 192 max 192 min
Histogram: 4 0 0 0 0 0 0 0 0 0
GhostSurf: 0 ave 0 max 0 min
Histogram: 4 0 0 0 0 0 0 0 0 0
