SPARTA (24 Sep 2025)
Running on 4 MPI task(s)
Created orthogonal box = (0 0 0) to (5e-06 5e-06 5e-06)
WARNING: Could not acquire nearby ghost cells b/c grid partition is not clumped (../grid.cpp:473)
Created 64000 child grid cells
  CPU time = 0.00999814 secs
  create/ghost percent = 97.1354 2.8646
Balance grid migrated 48000 cells
  CPU time = 0.0271155 secs
  reassign/sort/migrate/ghost percent = 36.7503 0.662924 43.8761 18.7107
Reading surface file ...
  192 triangles
  2.45e-06 2.55e-06 xlo xhi
  2.45e-06 2.55e-06 ylo yhi
  2.45e-06 2.55e-06 zlo zhi
  1.37386e-08 min triangle edge length
  8.32156e-17 min triangle area
  8 0 = cells overlapping surfs, overlap cells with unmarked corner pts
  63992 0 8 = cells outside/inside/overlapping surfs
  8 = surf cells with 1,2,etc splits
  1.24999513661446e-16 1.24999513661465e-16 = cell-wise and global flow volume
  CPU time = 0.0181712 secs
  read/check/sort/surf2grid/ghost/inout/particle percent = 36.4904 3.17154 3.81318 38.6866 17.8382 8.15147 0.00828784
  surf2grid time = 0.00702982 secs
  map/comm1/comm2/comm3/comm4/split percent = 55.5152 2.83162 24.3599 2.64556 2.09847 5.66201
Memory usage per proc in Mbytes:
  particles (ave,min,max) = 0 0 0
  grid      (ave,min,max) = 3.88879 3.88879 3.88879
  surf      (ave,min,max) = 0.0241699 0.0241699 0.0241699
  total     (ave,min,max) = 3.91406 3.91406 3.91406
Step CPU Np Ncoll Nscoll 
       0            0        0        0        0 
     200    2.3579421   663304        0        1 
     400    5.0275709   711230      174        6 
     600    7.9231785   731456       23        7 
     800    11.893197   735583      178        4 
    1000    15.820529   744092      126        8 
    1200     20.22798   745232      173        6 
    1400    23.489319   747619      126        4 
    1600    26.821612   750861      180        6 
    1800    30.090769   751232      158        4 
    2000    33.348584   753076      141        1 
    2200    36.789111   753813      175        2 
    2400    40.093906   754442      177        4 
    2600    43.774073   755277      149        3 
    2800    48.413127   754608      186        4 
    3000    52.435045   755590      136        6 
    3200    57.102552   756251      159        6 
    3400    60.873847   755311      175        3 
    3600    64.962154   756532      148        2 
    3800    69.480639   756265      143        5 
    4000    74.825409   756973      166        4 
    4200    79.218263   756887      153        4 
    4400    83.346183   756319      160        4 
    4600    88.053413   757716      161        4 
    4800     91.75808   756995      176        2 
    5000    95.150031   756834      165        5 
    5200    98.602258   757439      164        2 
    5400    102.75411   757936      157        3 
    5600    106.91814   757719      162        8 
    5800    110.83202   757983      154        7 
    6000     114.4649   758120      154        6 
    6200    118.34925   758339      165        7 
    6400    122.20416   757120      168        3 
    6600    125.99154   757262      132        2 
    6800     129.6796   758634      179        3 
    7000    133.26941   758418      165        5 
    7200    137.11138   758481      150        3 
    7400    141.19796   757573      161        8 
    7600    145.02999   757821      185        4 
    7800    148.41813   758311      175        6 
    8000     151.9021   757179      152        1 
    8200    155.34915   757433      151        6 
    8400    158.99413   757111      143        0 
    8600    162.43217   757654      159       10 
    8800     165.5901   757604      168        5 
    9000    168.91147   757687      182        6 
    9200    172.25062   758386      164        3 
    9400    175.85954   758109      162        6 
    9600    179.19582   757128      150        6 
    9800    182.23476   757312      165        6 
   10000    185.29321   757764      151        4 
   10200    188.28147   757561      137        4 
   10400    191.30448   757452      165        4 
   10600    194.54301   758063      144        7 
   10800    197.92819   757966      167        7 
   11000    201.83159   757284      141        4 
   11200    205.15081   757137      174        5 
   11400    208.34674   757520      131        5 
   11600    211.56286   757344      158        5 
   11800    214.73524   758779      180        3 
   12000    217.80256   758952      171        8 
   12200    220.82709   758366      162        7 
   12400    224.00136   758249      156        5 
   12600    227.57583   757565      166        8 
   12800    231.15306   757236      146        3 
   13000    234.32111   758129      163        2 
   13200    238.87547   758484      178        4 
   13400    242.68788   757880      148        6 
   13600     246.8117   757853      161        4 
   13800    250.29721   756591      148        3 
   14000    253.73894   757684      153        4 
   14200    257.08038   757002      165        3 
   14400    260.37967   757512      161        8 
   14600    263.73144   757236      152        5 
   14800    267.08085   756804      181        3 
   15000    270.74449   757575      135        4 
   15200    274.46444   757244      153        4 
   15400    277.87556   758232      167        2 
   15600    281.20416   757295      169        5 
   15800    284.57826   758073      163        6 
   16000    287.90184   758139      162        4 
   16200    291.31328   757938      158       10 
   16400    294.93134   757780      146        2 
   16600    298.76284   758072      175        5 
   16800     302.4832   757960      151        5 
   17000    305.81577   758717      153        1 
   17200    309.35121   757976      167        2 
   17400    312.69473   758412      154        7 
   17600    315.76809   758117      161        6 
   17800    318.92317   757448      165        5 
   18000    322.32429   757843      156       12 
   18200    325.98678   758232      158        4 
   18400    329.51975   757662      174        4 
   18600    332.64777   756841      160        1 
   18800    335.83055   757651      185        4 
   19000    338.84416   757192      168        6 
   19200    341.81221   757391      157        4 
   19400    345.01845   757331      180        4 
   19600    348.01793   757641      135        3 
   19800    350.92923   757202      168        4 
   20000    353.78967   757912      157        6 
   20200    356.68863   758274      147        8 
   20400    360.33421   758358      168        0 
   20600    364.61709   757459      152        6 
   20800    368.69517   757089      148        3 
   21000    372.56012   758124      161        5 
   21200    376.17804   758129      147        4 
   21400    380.26505   757951      142        3 
   21600    384.70544   757594      158        3 
   21800    388.40321   757327      155        2 
   22000    392.83804   757831      154        1 
   22200    396.02278   757486      163        9 
   22400    399.12867   758194      167        4 
   22600    402.73604   757790      155        5 
   22800    406.36063   757610      144        4 
   23000    409.94323   757574      147        1 
   23200    413.68739   757614      152        5 
   23400    416.93811   758575      157        5 
   23600    420.40782   759107      182        4 
   23800    423.84036   757799      174        2 
   24000    427.37007   757125      159        2 
   24200    431.23382   758383      160        6 
   24400    434.50771   757832      132        7 
   24600    438.02256   758185      167        3 
   24800    441.24326   757686      167        7 
   25000    444.56517   759037      157        3 
   25200    447.85136   757997      151        1 
   25400    451.47869   757357      153        3 
   25600    454.76304   757488      167        3 
   25800    458.29505   758104      174        5 
   26000    462.04366   758313      142        8 
   26200     465.2183   758344      157        3 
   26400    468.68948   757801      159        1 
   26600     471.9389   757852      146        6 
   26800    475.31585   758176      166        4 
   27000    478.56886   758322      143        9 
   27200    482.25681   757682      159        4 
   27400     485.6134   758902      169        4 
   27600    489.13355   758306      159        5 
   27800    492.84192   758032      152        3 
   28000     496.3081   757667      165        4 
   28200    499.79058   757913      145        7 
   28400    503.53225   757595      145        1 
   28600    507.04849   757168      160        3 
   28800    510.61227   756966      140        2 
   29000    514.06796   758355      164        5 
   29200    517.53355   758169      135        3 
   29400    521.34178   758207      173        1 
   29600    524.51665   758303      148        5 
   29800    527.95587   757801      160        7 
   30000    531.19888   757774      148        5 
   30200    534.31094   758105      137        4 
   30400    537.47168   758580      161        9 
   30600     540.5824   757392      153        4 
   30800    543.68724   757401      159        6 
   31000    546.80946   758436      153        8 
   31200    550.58217   757899      178        5 
   31400    553.71379   758210      139        3 
   31600    556.94983   757954      171        6 
   31800    560.04913   757656      150        3 
   32000    563.25826   758514      156        3 
   32200    566.47772   758482      144        1 
   32400    569.58905   757440      164        4 
   32600    572.85297   758690      161        5 
   32800    575.97218   757280      173        1 
   33000     579.4351   758782      154        4 
   33200    582.59091   757018      160        6 
   33400    585.64233   757003      177        3 
   33600     588.6305   758529      138        4 
   33800    591.81124   757657      156        4 
   34000    594.81289   757945      128        5 
   34200     597.9298   757995      169        1 
   34400    600.98022   758245      167        4 
   34600    604.01118   758234      172        6 
   34800    607.01838   758204      176        2 
   35000    610.03343   758199      152        4 
   35200    613.10939   757419      154        4 
   35400    616.20772   757837      153        4 
   35600    619.24726   758124      165        3 
   35800    622.40812   757492      190        3 
   36000    625.41944   758241      139        7 
   36200    628.47805   758321      162        5 
   36400    631.51031   757224      153        6 
   36600    634.55046   757873      161        7 
   36800    637.71303   758225      172        1 
   37000      640.743   757358      160        3 
   37200     643.8358   757605      163        5 
   37400    646.86231   757193      171        5 
   37600    650.18119   757770      171        5 
   37800    653.34544   757863      147        4 
   38000    656.61371   757195      139        5 
   38200    659.62996   757934      175        4 
   38400     662.6614   758412      162        4 
   38600     665.6518   757492      171        5 
   38800    668.67634   757780      175        9 
   39000    671.65098   757665      162        3 
   39200    674.65805   758259      154        4 
   39400    677.94503   756590      159        1 
   39600    681.01015   757157      178        1 
   39800    684.05104   758033      141        5 
   40000    687.20241   757733      152        7 
   40200    690.38103   757503      173        3 
   40400    694.01528   756820      142        3 
   40600    697.28692   757355      158        3 
   40800    701.14223   757125      176        2 
   41000    704.31266   757646      160        3 
   41200    707.49914   757972      175        4 
   41400    710.64607   757899      130        3 
   41600    713.98353   758275      140        4 
   41800    717.21023   758681      137        4 
   42000    720.33154   758179      169        4 
   42200    724.17205   758069      162        7 
   42400    728.04325   758242      185        3 
   42600    731.30612   757367      167       10 
   42800    734.55324   757806      168        4 
   43000    737.94012   758099      152        3 
   43200    741.61685   757232      152        4 
   43400    745.24598   758201      149        4 
   43600    748.83186   757961      154        4 
   43800    752.18257   757780      148        3 
   44000    755.25997   758088      161        5 
   44200    758.49871   758812      154        2 
   44400    761.74041   757997      162        3 
   44600    765.26863   758855      156        0 
   44800    768.54699   759236      153        5 
   45000    771.69311   759573      154        1 
   45200    775.16712   758545      165        5 
   45400    778.50039   757730      140        3 
   45600    781.78346   757422      140        5 
   45800    785.29443   758730      165        4 
   46000    788.71641   757808      185        2 
   46200    791.98266   758656      170        2 
   46400    795.20022   757578      148        5 
   46600    798.71597   757615      164        1 
   46800    802.02433   757925      173        5 
   47000    805.83039   758115      187        9 
   47200    809.54374   758499      158        6 
   47400     813.0719   756971      179        7 
   47600    816.33043   756857      153        7 
   47800    819.85468   756788      176        5 
   48000    823.40256   757715      182        5 
   48200    826.96913   757220      172        4 
   48400     830.4199   757277      148        4 
   48600    834.23809   757296      167        6 
   48800    838.16092   757876      179        4 
   49000    841.47635   758644      145        5 
   49200    844.90201   758360      155        4 
   49400    848.31564   757758      181        5 
   49600    851.72018   758697      157        6 
   49800    854.87017   758120      165        4 
   50000    859.37213   757298      160        2 
   50200    864.05617   757371      146        4 
   50400      868.453   758309      155        5 
   50600    872.78785   757320      158        2 
   50800    876.87946   757164      154        8 
   51000    881.12725   757798      155        3 
   51200    885.35292   756383      156        1 
   51400    889.55797   757291      148        2 
   51600    893.58533   758643      134        3 
   51800    898.37462   757882      165        3 
   52000     902.6911   758103      158        2 
   52200    907.05636   757722      158        3 
   52400    911.10094   757804      157        3 
   52600    914.98081   758489      153        4 
   52800    918.91535   758681      165        7 
   53000    923.28917   757782      147        8 
   53200     926.6632   757727      165        7 
   53400    930.54183   757037      166        3 
   53600    934.52758   757434      158        4 
   53800    937.85099   757345      156        7 
   54000    941.11752   757370      155        3 
   54200    944.25983   757475      161        2 
   54400     947.4062   757248      162        8 
   54600    950.57726   757594      158        2 
   54800    953.79226   757043      155        3 
   55000    956.97511   757179      157        1 
   55200    960.23145   757906      146        4 
   55400    963.49601   756814      155        6 
   55600    966.74309   758028      152        6 
   55800    969.89589   757872      168        2 
   56000    973.08309   757881      156        3 
   56200    976.17333   757176      179        4 
   56400    979.22964   757952      168        5 
   56600     982.5712   757555      151        5 
   56800    985.82506   757292      132        3 
   57000    989.01037   758166      166        5 
   57200    992.22563   759196      158        6 
   57400    995.57782   758006      155        3 
   57600    998.65069   757800      151        3 
   57800    1001.7519   758983      155        4 
   58000    1004.7983   758567      154        2 
   58200    1007.8339   758081      155        4 
   58400    1010.8403   757416      153        5 
   58600    1013.8947   757202      163        2 
   58800    1016.9853   757900      185        2 
   59000    1019.9719   758137      160        4 
   59200    1023.1166   757488      146        3 
   59400    1026.2998   758179      158        6 
   59600    1029.4724   757830      171        8 
   59800    1032.5684   758262      151        4 
   60000    1035.6524   757017      159        1 
   60200    1038.7763   757566      138        7 
   60400    1041.8671   757340      154        7 
   60600    1044.9356   758682      125        6 
   60800    1047.9531   757647      156        3 
   61000    1051.0256   758114      149        4 
   61200    1054.1876   758650      158        2 
   61400    1057.3223   757283      188        0 
   61600    1060.3893   756592      168        4 
   61800    1063.4403   757099      131        3 
   62000    1066.4807   758649      169        3 
   62200    1069.5414   758331      158        5 
   62400    1072.5095   758167      151        7 
   62600    1075.4803   757338      145        4 
   62800    1078.4838   758159      154        3 
   63000    1081.4749   757965      164        2 
   63200    1084.4412   757720      151        6 
   63400    1087.4002   757684      158        3 
   63600    1090.3822   758446      179        7 
   63800    1093.4146   757592      154        3 
   64000    1096.3952   757383      153        3 
   64200    1099.3972   757593      162        7 
   64400    1102.3765   758475      159        5 
   64600    1105.3667   758456      169        4 
   64800    1108.3749   758346      156        4 
   65000    1111.3491   758063      145        3 
   65200    1114.3064   758341      151        7 
   65400    1117.3084   758049      168        2 
   65600    1120.3037   757721      137        6 
   65800    1123.2641   758248      156        2 
   66000    1126.3038   757993      146        4 
   66200    1129.3626   757723      160        1 
   66400    1132.3897   758661      177        2 
   66600    1135.3755   757410      172       10 
   66800    1138.3733   758260      155        3 
   67000    1141.3872   756967      165        2 
   67200    1144.3077   757840      165        5 
   67400    1147.2468   757575      170        5 
   67600    1150.2185   758128      156        2 
   67800    1153.1994   757944      163        6 
   68000    1156.2025   757520      137        2 
   68200    1159.1536   757470      150        2 
   68400    1162.1329   758298      164        4 
   68600    1165.1687   757593      146        6 
   68800    1168.2594   758109      157        3 
   69000    1171.3505   757499      170        4 
   69200    1174.7528   758655      174        8 
   69400    1177.8173   756996      169        6 
   69600    1181.5536   757488      179        5 
   69800    1185.0019   757371      164        5 
   70000    1188.1775   757386      141        4 
   70200    1192.1918   758019      154        4 
   70400    1197.0905   757944      131        3 
   70600    1200.5733   758370      146        2 
   70800    1204.0602   758091      153        3 
   71000    1207.3223   758332      164        6 
   71200    1210.4899   757751      131        5 
   71400    1214.2214   758021      170        3 
   71600    1217.6407   757645      164        5 
   71800    1220.9497   757734      159        6 
   72000    1224.6372   757808      198        5 
   72200     1227.968   757790      167        6 
   72400    1230.9827   758729      152        2 
   72600      1233.96   757383      151        1 
   72800    1236.9788   757540      162        4 
   73000    1240.5745   757031      159        2 
   73200      1244.32   757997      151        4 
   73400    1248.3792   757611      147        2 
   73600     1252.128   757284      179        5 
   73800    1255.6424   757788      161        3 
   74000    1259.0923   758099      183        1 
   74200    1262.3177   758047      146        2 
   74400    1266.3197   757648      165        7 
   74600    1269.4913   756829      157        7 
   74800     1272.514   757365      172        2 
   75000     1275.526   758891      141        3 
   75200    1278.5021   757544      143        0 
   75400    1281.4294   757497      165        7 
   75600     1284.422   757781      168        5 
   75800    1287.3952   758423      143        4 
   76000    1290.4065   758998      159        6 
   76200    1293.4164   757696      176        4 
   76400    1296.6787   757175      159        5 
   76600    1299.7676   757535      162        9 
   76800    1302.7417   757600      152        6 
   77000    1305.6752   756941      159        3 
   77200    1308.6303   757179      161        9 
   77400    1311.6032   758110      150        2 
   77600    1314.9125   758203      159        4 
   77800      1317.86   757601      158        6 
   78000    1320.8188   757980      155        0 
   78200    1323.8344   758249      145        6 
   78400    1326.8019   757294      136        6 
   78600    1329.7084   758147      163        5 
   78800    1332.6409   758185      164        5 
   79000     1335.546   757112      150        5 
   79200    1338.6537   757661      179        0 
   79400    1341.9216   757538      167        4 
   79600    1345.2321   757788      161        4 
   79800    1348.5904   757728      154        2 
   80000    1352.0595   758153      149        2 
   80200     1355.436   757264      183        4 
   80400    1358.5432   758522      169        3 
   80600    1362.4887   757309      155        3 
   80800    1366.8099   757307      152        7 
   81000    1371.5564   757654      150        2 
   81200    1375.5319   757579      152        6 
   81400    1379.8854   758408      171        7 
   81600    1384.2782   757991      155       11 
   81800    1388.5428   757414      170        4 
   82000    1391.9734   757484      156        1 
   82200     1394.962   756878      161        1 
   82400    1398.7679   757343      172        6 
   82600    1403.3418   757506      147        5 
   82800      1407.37   758174      144        3 
   83000    1411.0884   757879      175        4 
   83200    1414.8403   758446      158        3 
   83400    1418.7425   757363      151        6 
   83600    1422.6368   757215      162        7 
   83800    1426.4067   756968      155        5 
   84000    1430.1098   757961      162        6 
   84200    1433.7968   757336      146       10 
   84400    1437.6929   757872      172        8 
   84600    1441.3177   758121      177        4 
   84800    1444.7814   758696      176        4 
   85000    1448.6392   757722      131        5 
   85200    1452.3482   758201      172        1 
   85400    1455.5329   758329      139        6 
   85600    1458.7148   759104      176        1 
   85800    1461.9227   757778      162        5 
   86000    1465.0572   758139      145        9 
   86200    1468.1853   758276      153        3 
   86400    1471.3777   758177      158        2 
   86600    1474.4968   758381      175        5 
   86800    1477.9211   757943      138        2 
   87000    1481.0056   757961      170        6 
   87200    1484.1602   757597      184        0 
   87400    1487.3501   757349      170        5 
   87600     1490.545   757978      154        4 
   87800    1493.6964   757735      146        1 
   88000    1496.8229   757443      171        3 
   88200     1500.362   757289      165        1 
   88400    1503.7974   756922      173        7 
   88600    1506.9786   756575      156        2 
   88800    1510.4346   757865      159        5 
   89000    1513.9988   757735      157        3 
   89200    1517.2639   757544      154        4 
   89400    1520.2811   757450      136        6 
   89600    1523.5891   757869      156        1 
   89800    1526.8562   757219      169        4 
   90000     1530.687   757744      140        4 
   90200    1534.0097   757834      191        4 
   90400    1538.1621   757312      158        6 
   90600    1542.2467   757535      174        6 
   90800    1545.6384   756500      160        5 
   91000     1548.613   757211      160        7 
   91200    1551.6232   757106      150        2 
   91400    1555.0458   757254      146        1 
   91600    1558.8602   757399      173        4 
   91800    1562.5455   757888      171        5 
   92000    1566.7929   756736      169        6 
   92200    1570.8823   757753      169        2 
   92400    1574.3669   757297      155        8 
   92600    1577.7363   758652      166        4 
   92800    1581.5525   757215      157        5 
   93000    1584.7779   757840      164       10 
   93200     1588.674   757539      177        5 
   93400    1592.4772   758314      142        5 
   93600    1596.5242   757035      150        3 
   93800     1600.468   758252      159        5 
   94000    1605.0057   758374      173        7 
   94200    1608.7064   757665      174        7 
   94400    1611.7323   756918      180        3 
   94600    1614.8733   757152      164        1 
   94800    1617.9251   757950      164        9 
   95000    1620.8408   758391      157        2 
   95200    1623.8196   758614      163        2 
   95400    1626.7718   758148      159        7 
   95600    1629.7243   758919      152        5 
   95800    1632.6878   759153      159       11 
   96000    1635.8642   758477      148        7 
   96200    1639.3276   758033      173        7 
   96400    1642.5156   758710      161        5 
   96600    1646.3932   757383      176       11 
   96800    1649.8665   757783      182        3 
   97000    1653.3088   757136      166        5 
   97200    1656.7485   758117      132        1 
   97400    1659.7931   757357      146        4 
   97600    1662.8365   757811      140       10 
   97800    1666.1881   757965      167        8 
   98000    1669.5014   758185      153        4 
   98200    1672.8292   758388      149        4 
   98400    1676.2958   758112      161        1 
   98600    1679.5481   757583      179        6 
   98800    1682.5939   757523      172        7 
   99000    1685.7379   758667      158        4 
   99200    1689.0083   757683      155        6 
   99400    1692.7226   756212      183        0 
   99600    1696.2612   757270      189        3 
   99800     1699.499   758021      155        7 
  100000    1702.8012   757831      164        6 
Loop time of 1702.8 on 4 procs for 100000 steps with 757831 particles
Performance: 58.727 timesteps/s, 44.505 Mparticle-step/s

MPI task timing breakdown:
Section |  min time  |  avg time  |  max time  |%varavg| %total
---------------------------------------------------------------
Move    | 993.17     | 1014.4     | 1035.4     |  64.3 | 59.57
Coll    | 133.85     | 137.76     | 141.8      |  32.4 |  8.09
Sort    | 273.47     | 274.4      | 275.56     |   4.5 | 16.11
Comm    | 75.782     | 77.844     | 78.998     |  14.1 |  4.57
Modify  | 0.56596    | 41.39      | 82.342     | 634.4 |  2.43
Output  | 0.47048    | 0.47873    | 0.50138    |   1.9 |  0.03
Other   |            | 156.5      |            |       |  9.19

Particle moves    = 75681252946 (75.7B)
Cells touched     = 151358686556 (151B)
Particle comms    = 1348403409 (1.35B)
Boundary collides = 1143493948 (1.14B)
Boundary exits    = 776754243 (777M)
SurfColl checks   = 975245774 (975M)
SurfColl occurs   = 443682 (0.444M)
Surf reactions    = 0 (0K)
Collide attempts  = 28445738 (28.4M)
Collide occurs    = 15866695 (15.9M)
Gas reactions     = 0 (0K)
Particles stuck   = 0
Axisymm bad moves = 0

Particle-moves/CPUsec/proc: 1.11113e+07
Particle-moves/step: 756813
Cell-touches/particle/step: 1.99995
Particle comm iterations/step: 3.01415
Particle fraction communicated: 0.0178169
Particle fraction colliding with boundary: 0.0151093
Particle fraction exiting boundary: 0.0102635
Surface-checks/particle/step: 0.0128862
Surface-collisions/particle/step: 5.86251e-06
Surface-reactions/particle/step: 0
Collision-attempts/particle/step: 0.000375862
Collisions/particle/step: 0.000209652
Gas-reactions/particle/step: 0

Particles: 189458 ave 192216 max 186477 min
Histogram: 1 1 0 0 0 0 0 0 0 2
Cells:     16000 ave 16000 max 16000 min
Histogram: 4 0 0 0 0 0 0 0 0 0
GhostCell: 1640 ave 1640 max 1640 min
Histogram: 4 0 0 0 0 0 0 0 0 0
EmptyCell: 1640 ave 1640 max 1640 min
Histogram: 4 0 0 0 0 0 0 0 0 0
Surfs:     192 ave 192 max 192 min
Histogram: 4 0 0 0 0 0 0 0 0 0
GhostSurf: 0 ave 0 max 0 min
Histogram: 4 0 0 0 0 0 0 0 0 0
Memory usage per proc in Mbytes:
  particles (ave,min,max) = 19.5312 18.75 20.3125
  grid      (ave,min,max) = 3.88879 3.88879 3.88879
  surf      (ave,min,max) = 0.0241699 0.0241699 0.0241699
  total     (ave,min,max) = 23.5558 22.7745 24.337
Step CPU Np Ncoll Nscoll 
  100000            0   757831      164        0 
  100200    3.3195624   758841        0        3 
  100400    7.2756432   757127        0        5 
  100600    10.748652   757879      633        3 
  100800    14.146292   757155       24        6 
  101000    17.514899   756412       58        6 
  101200     20.98482   758437      293        4 
  101400    24.234538   758335       59        6 
  101600    27.387139   756314      184        5 
  101800    30.592068   758008      243        9 
  102000    34.279131   759354       91        4 
  102200    37.717986   757770      169        6 
  102400    41.140844   758436      159        2 
  102600    44.757257   757335      130        2 
  102800    48.054066   756579      165        5 
  103000    51.365886   757521      168        6 
  103200    54.652454   757770      156        4 
  103400     57.81488   758035      148        1 
  103600    60.933944   758860      171        8 
  103800    64.437825   757672      168        5 
  104000     69.24431   758485      155        4 
  104200    73.243492   758342      153        0 
  104400    77.155445   758456      151        8 
  104600    80.957481   757740      166        1 
  104800     84.77086   757244      155        4 
  105000    89.034381   757199      153        1 
  105200    93.055628   757046      168        5 
  105400    97.324586   757581      131        5 
  105600    101.89249   757775      157        1 
  105800     105.2883   758115      167        4 
  106000    108.53177   757988      162        0 
  106200     111.8901   757865      157        3 
  106400    115.23508   757090      156        7 
  106600     118.6062   757494      151        4 
  106800    121.93491   756862      175        2 
  107000    125.39975   756924      159        3 
  107200    128.64044   757588      142       14 
  107400    131.86317   757964      187        9 
  107600    134.99914   756886      160        5 
  107800    137.97909   758292      153        6 
  108000    140.93767   757146      177        2 
  108200    143.98664   758192      157        6 
  108400    146.97667   757824      156        2 
  108600      149.978   757443      174       10 
  108800     153.5604   757991      150        2 
  109000    157.82986   758136      176        3 
  109200    161.94982   757311      166        3 
  109400    166.47152   756806      152        5 
  109600    170.24632   757379      176        3 
  109800    173.39599   757236      164        4 
  110000    176.47155   757098      157        5 
  110200    179.65347   759140      160        6 
  110400    182.88844   758493      160        1 
  110600    186.00399   757956      150        4 
  110800    189.11504   757771      154        3 
  111000    192.18753   758144      165        6 
  111200    195.28837   758560      165        2 
  111400    198.49051   757449      137        4 
  111600    201.49081   758165      161        5 
  111800    204.59218   758100      160        5 
  112000    207.62582   758730      178        3 
  112200     211.0154   757767      161        6 
  112400    214.06603   757949      162        4 
  112600    217.18115   757103      187        3 
  112800    220.72699   758601      132        4 
  113000    224.81686   756662      166        2 
  113200     228.5329   757924      180        4 
  113400    232.19726   757948      152        7 
  113600    235.43706   757868      139        6 
  113800    238.58446   757322      144        1 
  114000    242.27331   757916      169       11 
  114200    245.88362   757078      149        2 
  114400    249.51103   756719      165        2 
  114600    252.71929   758053      140        6 
  114800    255.83801   757432      161        4 
  115000    259.14759   757997      159        9 
  115200    262.28524   758338      155        4 
  115400    265.64524   757135      165        6 
  115600    268.75928   758592      172        3 
  115800    271.84094   758268      152        8 
  116000     275.9438   757486      152        5 
  116200    279.80392   757509      154        5 
  116400      284.332   758295      135        4 
  116600    287.58645   757522      157        8 
  116800    290.71976   757784      151        5 
  117000    294.14448   757834      177        8 
  117200    297.40798   758373      152        4 
  117400    301.39174   757306      145        4 
  117600    305.86542   757520      160        6 
  117800    310.14808   757191      143        5 
  118000    313.62381   757585      166        5 
  118200    317.19058   757546      163        2 
  118400    321.22295   757457      156        2 
  118600    326.58276   757356      166        7 
  118800    331.83221   758485      170        5 
  119000    337.27685   758971      135       10 
  119200    342.79503   759323      157        3 
  119400    347.93741   758906      157       10 
  119600    353.42228   758379      170        5 
  119800    357.68549   757828      150        5 
  120000     361.8948   758326      171        4 
  120200    366.57703   757493      160        4 
  120400    371.38902   758621      160        6 
  120600    376.28593   758111      188        4 
  120800    380.61971   757652      166        4 
  121000    384.81536   758000      167        5 
  121200    389.62383   758879      163        7 
  121400    394.27525   757786      174        4 
  121600    399.30887   757207      183       11 
  121800    404.01126   758105      174        2 
  122000    408.50422   756802      142        2 
  122200    412.34361   757413      170        5 
  122400    416.23617   758534      167        5 
  122600    420.46817   757639      162        2 
  122800    425.81461   757210      186        0 
  123000    430.68644   757494      165        5 
  123200    434.82984   757070      153        5 
  123400    439.71583   756852      169        4 
  123600    445.28985   756524      151        4 
  123800    449.65581   757425      145        3 
  124000    454.28217   757718      172        6 
  124200    458.52365   757951      181        4 
  124400    462.80319   758255      150        6 
  124600    467.71026   757250      159        7 
  124800    472.32197   757703      175        6 
  125000    476.06827   758722      169        1 
  125200    480.52427   758614      146        5 
  125400    485.74749   758285      142        5 
  125600    490.22794   758147      164        1 
  125800    494.30513   757959      170        6 
  126000    499.54621   758289      177        2 
  126200    504.23577   757491      149        8 
  126400    508.38316   758162      163        3 
  126600    512.13046   757520      179        2 
  126800    515.63716   758150      171        5 
  127000    519.04605   757341      148        4 
  127200    522.77267   757518      153        3 
  127400    526.41024   757478      150        3 
  127600    530.70974   757935      177        4 
  127800    534.29333   758330      141        4 
  128000    537.52017   758258      158        4 
  128200     540.7464   758406      160        4 
  128400    544.10887   758766      155        5 
  128600    548.10822   757258      158        4 
  128800    551.31687   757809      148        4 
  129000    554.54396   758256      143        5 
  129200    558.89455   757462      156        3 
  129400    562.98115   758149      173        4 
  129600    566.71362   757624      159        5 
  129800    570.42445   756983      165        6 
  130000    574.36408   758200      178        7 
  130200    578.45797   756764      154        5 
  130400    582.40827   757994      172        3 
  130600    586.55321   758147      142        7 
  130800    590.73865   758479      142        5 
  131000    594.63617   758327      167        1 
  131200    598.53401   757494      168        5 
  131400    602.39951   757071      179        5 
  131600    606.46608   757165      182        2 
  131800    610.43267   757413      167        2 
  132000    614.25748   758367      154        6 
  132200    619.46046   758021      152       13 
  132400    623.75329   758248      146        4 
  132600    628.53836   758168      165        4 
  132800    633.71504   757697      155        7 
  133000    639.38763   758160      173        5 
  133200    645.88666   758456      183        4 
  133400    650.87511   757495      172        0 
  133600    654.82042   757991      154        5 
  133800    660.19536   757216      174        2 
  134000    664.04655   757712      157        4 
  134200    668.45971   758337      175        5 
  134400    672.66889   757481      133        1 
  134600    676.58203   757816      148        3 
  134800    681.53925   758824      172        5 
  135000    686.33641   757900      179        5 
  135200    691.19527   757560      185        1 
  135400    695.98223   757162      161        1 
  135600    700.96259   757795      147        7 
  135800     706.1025   757811      153        5 
  136000    711.26555   757957      161        2 
  136200    716.43685   757609      161        5 
  136400    721.50442   757778      158        7 
  136600    727.09925   758404      156        8 
  136800    733.02383   757669      179        4 
  137000    739.21854   757098      164        3 
  137200    743.81072   756788      152        0 
  137400    748.25803   756069      158        4 
  137600     752.8213   757006      167        3 
  137800    757.89875   756899      157        4 
  138000    763.22423   756889      142        4 
  138200    767.28715   757190      180        5 
  138400    771.47841   756736      157        2 
  138600    776.15143   756697      154        3 
  138800    781.27035   757217      176        8 
  139000    785.33151   756711      154        5 
  139200    789.57823   757251      140        4 
  139400    793.52789   757679      178        8 
  139600     798.1035   757937      171        7 
  139800    803.24089   757484      170        5 
  140000    807.79339   757476      155        5 
  140200    812.07593   757617      162        7 
  140400    816.66723   758195      162        6 
  140600    820.75327   757795      147        4 
  140800    824.58315   757482      172        5 
  141000    828.39019   756472      172        7 
  141200    832.40562   757411      149        2 
  141400    836.53135   757421      160        2 
  141600    840.54726   758624      169        6 
  141800      844.455   757437      173        2 
  142000    848.40763   757461      173        5 
  142200    852.57759   757567      189        3 
  142400    856.44197   758588      155        6 
  142600    860.54722   757823      152        7 
  142800    864.87231   757696      171        4 
  143000    868.62816   757243      165        3 
  143200    872.46102   756988      169        9 
  143400    876.23212   757529      162        4 
  143600    879.97934   756937      153        6 
  143800    883.91724   757745      170        5 
  144000    887.68887   758272      149        5 
  144200      891.585   757734      161        6 
  144400    895.68247   758279      154        6 
  144600    899.65207   757135      162        2 
  144800    903.80894   757407      147        0 
  145000    907.89212   756576      169        5 
  145200    911.86195   756658      149        0 
  145400    915.86556   757346      177        4 
  145600    920.02301   757062      152        4 
  145800    924.35505   756980      164        7 
  146000    928.80497   756927      176        5 
  146200    932.98414   756766      155        6 
  146400     937.1736   756507      167        0 
  146600    941.17983   757686      162        2 
  146800     944.9556   758070      155        4 
  147000    948.73835   757987      165        5 
  147200    952.73044   757277      185        6 
  147400    956.64472   757218      165        7 
  147600    960.69582   757660      181        5 
  147800    964.71697   758076      160        4 
  148000    968.85995   757233      180        5 
  148200    972.86559   758170      174        4 
  148400    976.82718   758063      160        2 
  148600    980.94438   756975      158        4 
  148800    984.95401   756997      150        6 
  149000    989.01913   757614      150        5 
  149200    992.77473   757343      168        5 
  149400     996.7805   757666      179        5 
  149600    1001.3219   758166      170        5 
  149800    1005.1574   757026      145        8 
  150000    1009.9952   757042      162        5 
Loop time of 1010 on 4 procs for 50000 steps with 757042 particles
Performance: 49.505 timesteps/s, 37.477 Mparticle-step/s

MPI task timing breakdown:
Section |  min time  |  avg time  |  max time  |%varavg| %total
---------------------------------------------------------------
Move    | 584.78     | 598.75     | 613.23     |  54.5 | 59.28
Coll    | 83.473     | 85.883     | 88.175     |  24.2 |  8.50
Sort    | 154.91     | 155.44     | 156.37     |   4.5 | 15.39
Comm    | 43.792     | 44.868     | 45.485     |   9.7 |  4.44
Modify  | 0.47584    | 23.883     | 47.458     | 478.7 |  2.36
Output  | 0.23221    | 0.23679    | 0.25011    |   1.6 |  0.02
Other   |            | 100.9      |            |       |  9.99

Particle moves    = 37884227972 (37.9B)
Cells touched     = 75758928104 (75.8B)
Particle comms    = 674758444 (675M)
Boundary collides = 572454444 (572M)
Boundary exits    = 388752396 (389M)
SurfColl checks   = 487353842 (487M)
SurfColl occurs   = 221304 (0.221M)
Surf reactions    = 0 (0K)
Collide attempts  = 13613558 (13.6M)
Collide occurs    = 7931468 (7.93M)
Gas reactions     = 0 (0K)
Particles stuck   = 0
Axisymm bad moves = 0

Particle-moves/CPUsec/proc: 9.37732e+06
Particle-moves/step: 757685
Cell-touches/particle/step: 1.99975
Particle comm iterations/step: 3.01486
Particle fraction communicated: 0.0178111
Particle fraction colliding with boundary: 0.0151106
Particle fraction exiting boundary: 0.0102616
Surface-checks/particle/step: 0.0128643
Surface-collisions/particle/step: 5.84159e-06
Surface-reactions/particle/step: 0
Collision-attempts/particle/step: 0.000359346
Collisions/particle/step: 0.000209361
Gas-reactions/particle/step: 0

Particles: 189260 ave 191933 max 186722 min
Histogram: 2 0 0 0 0 0 0 0 1 1
Cells:     16000 ave 16000 max 16000 min
Histogram: 4 0 0 0 0 0 0 0 0 0
GhostCell: 1640 ave 1640 max 1640 min
Histogram: 4 0 0 0 0 0 0 0 0 0
EmptyCell: 1640 ave 1640 max 1640 min
Histogram: 4 0 0 0 0 0 0 0 0 0
Surfs:     192 ave 192 max 192 min
Histogram: 4 0 0 0 0 0 0 0 0 0
GhostSurf: 0 ave 0 max 0 min
Histogram: 4 0 0 0 0 0 0 0 0 0
