SPARTA (24 Sep 2025)
Running on 4 MPI task(s)
Created orthogonal box = (0 0 0) to (5e-06 5e-06 5e-06)
WARNING: Could not acquire nearby ghost cells b/c grid partition is not clumped (../grid.cpp:473)
Created 64000 child grid cells
  CPU time = 0.00638015 secs
  create/ghost percent = 91.3737 8.62634
Balance grid migrated 48000 cells
  CPU time = 0.0249069 secs
  reassign/sort/migrate/ghost percent = 37.3371 0.920781 42.914 18.8281
Reading surface file ...
  192 triangles
  2.45e-06 2.55e-06 xlo xhi
  2.45e-06 2.55e-06 ylo yhi
  2.45e-06 2.55e-06 zlo zhi
  1.37386e-08 min triangle edge length
  8.32156e-17 min triangle area
  8 0 = cells overlapping surfs, overlap cells with unmarked corner pts
  63992 0 8 = cells outside/inside/overlapping surfs
  8 = surf cells with 1,2,etc splits
  1.24999513661446e-16 1.24999513661465e-16 = cell-wise and global flow volume
  CPU time = 0.0196041 secs
  read/check/sort/surf2grid/ghost/inout/particle percent = 39.9761 2.58609 4.08929 37.6447 15.7037 7.76619 0.00792183
  surf2grid time = 0.0073799 secs
  map/comm1/comm2/comm3/comm4/split percent = 44.6401 2.88676 33.4257 3.32376 2.92883 6.23644
Memory usage per proc in Mbytes:
  particles (ave,min,max) = 0 0 0
  grid      (ave,min,max) = 3.88879 3.88879 3.88879
  surf      (ave,min,max) = 0.0241699 0.0241699 0.0241699
  total     (ave,min,max) = 3.91296 3.91296 3.91296
Step CPU Np Ncoll Nscoll 
       0            0        0        0        0 
    1000   0.10691628       85        0        0 
    2000   0.22170913       59        0        0 
    3000   0.33706142       70        0        0 
    4000   0.44340876       64        0        0 
    5000   0.55010085       70        0        0 
    6000   0.65636838       82        0        0 
    7000    0.7713738       83        0        1 
    8000   0.91289248       57        0        0 
    9000    1.0610334       80        0        0 
   10000    1.1876364       77        0        0 
   11000    1.3514082       77        0        0 
   12000    1.4753394       62        0        0 
   13000    1.6388793       71        0        0 
   14000    1.8329597       89        0        0 
   15000    1.9437709       89        0        0 
   16000    2.0602553       86        0        0 
   17000    2.1892701       66        0        0 
   18000    2.3142174       56        0        0 
   19000     2.418831       85        0        0 
   20000    2.5174544       66        0        0 
   21000    2.6100881       68        0        0 
   22000     2.715232       73        0        0 
   23000    2.8148887       80        0        0 
   24000    2.9056755       76        0        0 
   25000    3.0039657       83        0        1 
Loop time of 3.00402 on 4 procs for 25000 steps with 83 particles
Performance: 8322.170 timesteps/s, 690.740 kparticle-step/s

MPI task timing breakdown:
Section |  min time  |  avg time  |  max time  |%varavg| %total
---------------------------------------------------------------
Move    | 0.67114    | 0.67958    | 0.68876    |   0.9 | 22.62
Coll    | 0.41491    | 0.4316     | 0.45507    |   2.4 | 14.37
Sort    | 0.70129    | 0.72049    | 0.73906    |   1.7 | 23.98
Comm    | 0.28374    | 0.28666    | 0.29076    |   0.5 |  9.54
Modify  | 0.0044651  | 0.12545    | 0.24603    |  34.0 |  4.18
Output  | 0.00097581 | 0.0013464  | 0.0023928  |   1.6 |  0.04
Other   |            | 0.7589     |            |       | 25.26

Particle moves    = 1894205 (1.89M)
Cells touched     = 45753329 (45.8M)
Particle comms    = 781559 (0.782M)
Boundary collides = 662742 (0.663M)
Boundary exits    = 450601 (0.451M)
SurfColl checks   = 291954 (0.292M)
SurfColl occurs   = 236 (0.236K)
Surf reactions    = 0 (0K)
Collide attempts  = 10926 (10.9K)
Collide occurs    = 8034 (8.03K)
Gas reactions     = 0 (0K)
Particles stuck   = 0
Axisymm bad moves = 0

Particle-moves/CPUsec/proc: 157639
Particle-moves/step: 75.7682
Cell-touches/particle/step: 24.1544
Particle comm iterations/step: 2.95824
Particle fraction communicated: 0.412605
Particle fraction colliding with boundary: 0.349879
Particle fraction exiting boundary: 0.237884
Surface-checks/particle/step: 0.15413
Surface-collisions/particle/step: 0.000124591
Surface-reactions/particle/step: 0
Collision-attempts/particle/step: 0.00576812
Collisions/particle/step: 0.00424136
Gas-reactions/particle/step: 0

Particles: 20.75 ave 23 max 17 min
Histogram: 1 0 0 0 0 0 1 0 1 1
Cells:     16000 ave 16000 max 16000 min
Histogram: 4 0 0 0 0 0 0 0 0 0
GhostCell: 1640 ave 1640 max 1640 min
Histogram: 4 0 0 0 0 0 0 0 0 0
EmptyCell: 1640 ave 1640 max 1640 min
Histogram: 4 0 0 0 0 0 0 0 0 0
Surfs:     192 ave 192 max 192 min
Histogram: 4 0 0 0 0 0 0 0 0 0
GhostSurf: 0 ave 0 max 0 min
Histogram: 4 0 0 0 0 0 0 0 0 0
Memory usage per proc in Mbytes:
  particles (ave,min,max) = 1.5625 1.5625 1.5625
  grid      (ave,min,max) = 3.88879 3.88879 3.88879
  surf      (ave,min,max) = 0.0241699 0.0241699 0.0241699
  total     (ave,min,max) = 5.47656 5.47656 5.47656
Step CPU Np Ncoll Nscoll 
   25000            0       83        0        0 
   26000   0.12384146       82        0        0 
   27000   0.29781002       73        0        0 
   28000   0.44970961       66        0        0 
   29000    0.6028349       75        0        0 
   30000   0.79722699       75        0        0 
   31000   0.94345213       84        0        0 
   32000    1.0550615       82        0        0 
   33000    1.1635172       77        0        0 
   34000    1.2726651       69        0        0 
   35000    1.3889327       72        0        0 
   36000    1.4950994       79        0        0 
   37000    1.6667328       72        0        0 
   38000    1.8183034       68        0        0 
   39000    1.9214598       79        0        0 
   40000     2.011355       65        0        0 
   41000    2.1047572       89        5        0 
   42000    2.2052305       66        0        0 
   43000    2.3055949       73        0        0 
   44000    2.4306928       66        6        0 
   45000    2.5704709       82        0        0 
   46000    2.6985757       67        0        0 
   47000    2.8077181       80        0        0 
   48000    2.9425826       72        0        0 
   49000    3.0421001       83        0        0 
   50000    3.1380494       62        0        0 
Loop time of 3.13815 on 4 procs for 25000 steps with 62 particles
Performance: 7966.486 timesteps/s, 493.922 kparticle-step/s

MPI task timing breakdown:
Section |  min time  |  avg time  |  max time  |%varavg| %total
---------------------------------------------------------------
Move    | 0.69835    | 0.7172     | 0.73664    |   2.1 | 22.85
Coll    | 0.40883    | 0.43262    | 0.46012    |   2.8 | 13.79
Sort    | 0.70047    | 0.73393    | 0.77039    |   3.2 | 23.39
Comm    | 0.29727    | 0.30386    | 0.30856    |   0.8 |  9.68
Modify  | 0.011085   | 0.13757    | 0.267      |  33.9 |  4.38
Output  | 0.0029895  | 0.0033215  | 0.0042899  |   1.0 |  0.11
Other   |            | 0.8096     |            |       | 25.80

Particle moves    = 1901089 (1.9M)
Cells touched     = 45808339 (45.8M)
Particle comms    = 781508 (0.782M)
Boundary collides = 664994 (0.665M)
Boundary exits    = 449373 (0.449M)
SurfColl checks   = 307866 (0.308M)
SurfColl occurs   = 271 (0.271K)
Surf reactions    = 0 (0K)
Collide attempts  = 11672 (11.7K)
Collide occurs    = 8694 (8.69K)
Gas reactions     = 0 (0K)
Particles stuck   = 0
Axisymm bad moves = 0

Particle-moves/CPUsec/proc: 151450
Particle-moves/step: 76.0436
Cell-touches/particle/step: 24.0958
Particle comm iterations/step: 2.95756
Particle fraction communicated: 0.411084
Particle fraction colliding with boundary: 0.349796
Particle fraction exiting boundary: 0.236377
Surface-checks/particle/step: 0.161942
Surface-collisions/particle/step: 0.00014255
Surface-reactions/particle/step: 0
Collision-attempts/particle/step: 0.00613964
Collisions/particle/step: 0.00457317
Gas-reactions/particle/step: 0

Particles: 15.5 ave 20 max 11 min
Histogram: 1 1 0 0 0 0 0 0 1 1
Cells:     16000 ave 16000 max 16000 min
Histogram: 4 0 0 0 0 0 0 0 0 0
GhostCell: 1640 ave 1640 max 1640 min
Histogram: 4 0 0 0 0 0 0 0 0 0
EmptyCell: 1640 ave 1640 max 1640 min
Histogram: 4 0 0 0 0 0 0 0 0 0
Surfs:     192 ave 192 max 192 min
Histogram: 4 0 0 0 0 0 0 0 0 0
GhostSurf: 0 ave 0 max 0 min
Histogram: 4 0 0 0 0 0 0 0 0 0
