SPARTA (24 Sep 2025)
Running on 4 MPI task(s)
Created orthogonal box = (0 0 0) to (5e-06 5e-06 5e-06)
WARNING: Could not acquire nearby ghost cells b/c grid partition is not clumped (../grid.cpp:473)
Created 64000 child grid cells
  CPU time = 0.00241592 secs
  create/ghost percent = 82.8962 17.1038
Balance grid migrated 48000 cells
  CPU time = 0.0153993 secs
  reassign/sort/migrate/ghost percent = 18.8933 2.43541 44.3402 34.3311
Reading surface file ...
  192 triangles
  2.45e-06 2.55e-06 xlo xhi
  2.45e-06 2.55e-06 ylo yhi
  2.45e-06 2.55e-06 zlo zhi
  1.37386e-08 min triangle edge length
  8.32156e-17 min triangle area
  8 0 = cells overlapping surfs, overlap cells with unmarked corner pts
  63992 0 8 = cells outside/inside/overlapping surfs
  8 = surf cells with 1,2,etc splits
  1.24999513661446e-16 1.24999513661465e-16 = cell-wise and global flow volume
  CPU time = 0.0146983 secs
  read/check/sort/surf2grid/ghost/inout/particle percent = 37.5557 2.27041 5.85712 32.5535 21.7632 8.36886 0.0102597
  surf2grid time = 0.00478481 secs
  map/comm1/comm2/comm3/comm4/split percent = 40.1482 2.64709 33.0164 2.76508 3.42741 7.99436
Memory usage per proc in Mbytes:
  particles (ave,min,max) = 0 0 0
  grid      (ave,min,max) = 3.88879 3.88879 3.88879
  surf      (ave,min,max) = 0.0241699 0.0241699 0.0241699
  total     (ave,min,max) = 3.91296 3.91296 3.91296
Step CPU Np Ncoll Nscoll 
       0            0        0        0        0 
    1000   0.11417059      111        0        0 
    2000   0.35263119      123        3        0 
    3000    0.6486813      116        0        0 
    4000   0.82933317      113        0        0 
    5000    1.0228853      123        0        0 
    6000    1.1828707      123        0        1 
    7000    1.3155599      120        0        0 
    8000    1.4547868      126        0        0 
    9000    1.5929917      113        0        0 
   10000    1.7348736      107        0        0 
   11000    1.8898617      114        0        0 
   12000    2.0505113      118        0        0 
   13000    2.1732535      103        0        0 
   14000    2.3008484      128        0        0 
   15000    2.4501075      135        7        0 
   16000    2.6481213      114        0        0 
   17000    2.8435271      108        0        0 
   18000     3.044527      125        0        0 
   19000    3.2053681       94        0        0 
   20000    3.3473519      105        0        0 
   21000    3.4845548      107        0        0 
   22000    3.6343919      129        0        0 
   23000    3.7986132      106        0        0 
   24000    3.9848921      104        0        0 
   25000    4.1354022      123        0        0 
Loop time of 4.13546 on 4 procs for 25000 steps with 123 particles
Performance: 6045.279 timesteps/s, 743.569 kparticle-step/s

MPI task timing breakdown:
Section |  min time  |  avg time  |  max time  |%varavg| %total
---------------------------------------------------------------
Move    | 1.1346     | 1.16       | 1.1936     |   2.3 | 28.05
Coll    | 0.40419    | 0.44435    | 0.47742    |   3.9 | 10.74
Sort    | 0.76278    | 0.80753    | 0.84799    |   3.7 | 19.53
Comm    | 0.39113    | 0.4029     | 0.40778    |   1.1 |  9.74
Modify  | 0.0066516  | 0.15994    | 0.317      |  38.3 |  3.87
Output  | 0.00043595 | 0.0011078  | 0.0022525  |   2.1 |  0.03
Other   |            | 1.16       |            |       | 28.04

Particle moves    = 2833485 (2.83M)
Cells touched     = 68512133 (68.5M)
Particle comms    = 1170324 (1.17M)
Boundary collides = 992657 (0.993M)
Boundary exits    = 674378 (0.674M)
SurfColl checks   = 442278 (0.442M)
SurfColl occurs   = 415 (0.415K)
Surf reactions    = 0 (0K)
Collide attempts  = 17239 (17.2K)
Collide occurs    = 12943 (12.9K)
Gas reactions     = 0 (0K)
Particles stuck   = 0
Axisymm bad moves = 0

Particle-moves/CPUsec/proc: 171292
Particle-moves/step: 113.339
Cell-touches/particle/step: 24.1795
Particle comm iterations/step: 2.99132
Particle fraction communicated: 0.413033
Particle fraction colliding with boundary: 0.350331
Particle fraction exiting boundary: 0.238003
Surface-checks/particle/step: 0.15609
Surface-collisions/particle/step: 0.000146463
Surface-reactions/particle/step: 0
Collision-attempts/particle/step: 0.00608403
Collisions/particle/step: 0.00456787
Gas-reactions/particle/step: 0

Particles: 30.75 ave 39 max 26 min
Histogram: 1 0 2 0 0 0 0 0 0 1
Cells:     16000 ave 16000 max 16000 min
Histogram: 4 0 0 0 0 0 0 0 0 0
GhostCell: 1640 ave 1640 max 1640 min
Histogram: 4 0 0 0 0 0 0 0 0 0
EmptyCell: 1640 ave 1640 max 1640 min
Histogram: 4 0 0 0 0 0 0 0 0 0
Surfs:     192 ave 192 max 192 min
Histogram: 4 0 0 0 0 0 0 0 0 0
GhostSurf: 0 ave 0 max 0 min
Histogram: 4 0 0 0 0 0 0 0 0 0
Memory usage per proc in Mbytes:
  particles (ave,min,max) = 1.5625 1.5625 1.5625
  grid      (ave,min,max) = 3.88879 3.88879 3.88879
  surf      (ave,min,max) = 0.0241699 0.0241699 0.0241699
  total     (ave,min,max) = 5.47656 5.47656 5.47656
Step CPU Np Ncoll Nscoll 
   25000            0      123        0        0 
   26000    0.1430752      125        0        0 
   27000   0.29650022      116        2        0 
   28000   0.44091072      115        0        0 
   29000   0.60435976      108        0        1 
   30000   0.85405408      115        0        0 
   31000    1.0339573      113        0        0 
   32000     1.170086      106        0        0 
   33000    1.3166212      105        0        0 
   34000    1.4753122      127        0        0 
   35000    1.6220196      117        7        0 
   36000    1.7721899      115        0        0 
   37000    1.9225405      115        0        0 
   38000    2.0731215      114        0        0 
   39000    2.2527825      112        7        0 
   40000    2.4248788      112        0        1 
   41000    2.6063691      116        0        0 
   42000    2.7146254       96        0        0 
   43000    2.8316283      124        0        0 
   44000    2.9645699      113        0        0 
   45000    3.0787663      114        0        0 
   46000    3.1880158      134        0        0 
   47000    3.2984465       86        0        0 
   48000    3.4057322      122        0        0 
   49000    3.5331967      130        0        0 
   50000    3.6663792       99        0        0 
Loop time of 3.66643 on 4 procs for 25000 steps with 99 particles
Performance: 6818.623 timesteps/s, 675.044 kparticle-step/s

MPI task timing breakdown:
Section |  min time  |  avg time  |  max time  |%varavg| %total
---------------------------------------------------------------
Move    | 0.99204    | 1.0031     | 1.0124     |   0.9 | 27.36
Coll    | 0.37542    | 0.40647    | 0.43563    |   3.4 | 11.09
Sort    | 0.72155    | 0.7457     | 0.77453    |   2.6 | 20.34
Comm    | 0.36395    | 0.36845    | 0.3701     |   0.4 | 10.05
Modify  | 0.013583   | 0.15501    | 0.30199    |  35.8 |  4.23
Output  | 0.0017508  | 0.0021341  | 0.0029809  |   1.1 |  0.06
Other   |            | 0.9856     |            |       | 26.88

Particle moves    = 2856523 (2.86M)
Cells touched     = 68790505 (68.8M)
Particle comms    = 1173285 (1.17M)
Boundary collides = 999647 (1M)
Boundary exits    = 674034 (0.674M)
SurfColl checks   = 449454 (0.449M)
SurfColl occurs   = 382 (0.382K)
Surf reactions    = 0 (0K)
Collide attempts  = 17385 (17.4K)
Collide occurs    = 13044 (13K)
Gas reactions     = 0 (0K)
Particles stuck   = 0
Axisymm bad moves = 0

Particle-moves/CPUsec/proc: 194776
Particle-moves/step: 114.261
Cell-touches/particle/step: 24.0819
Particle comm iterations/step: 2.99172
Particle fraction communicated: 0.410739
Particle fraction colliding with boundary: 0.349952
Particle fraction exiting boundary: 0.235963
Surface-checks/particle/step: 0.157343
Surface-collisions/particle/step: 0.000133729
Surface-reactions/particle/step: 0
Collision-attempts/particle/step: 0.00608607
Collisions/particle/step: 0.00456639
Gas-reactions/particle/step: 0

Particles: 24.75 ave 33 max 18 min
Histogram: 1 0 1 0 0 1 0 0 0 1
Cells:     16000 ave 16000 max 16000 min
Histogram: 4 0 0 0 0 0 0 0 0 0
GhostCell: 1640 ave 1640 max 1640 min
Histogram: 4 0 0 0 0 0 0 0 0 0
EmptyCell: 1640 ave 1640 max 1640 min
Histogram: 4 0 0 0 0 0 0 0 0 0
Surfs:     192 ave 192 max 192 min
Histogram: 4 0 0 0 0 0 0 0 0 0
GhostSurf: 0 ave 0 max 0 min
Histogram: 4 0 0 0 0 0 0 0 0 0
