SPARTA (24 Sep 2025)
Running on 4 MPI task(s)
Created orthogonal box = (0 0 0) to (5e-06 5e-06 5e-06)
WARNING: Could not acquire nearby ghost cells b/c grid partition is not clumped (../grid.cpp:473)
Created 64000 child grid cells
  CPU time = 0.00375082 secs
  create/ghost percent = 87.3398 12.6602
Balance grid migrated 48000 cells
  CPU time = 0.0190883 secs
  reassign/sort/migrate/ghost percent = 15.9725 1.62015 45.2757 37.1316
Reading surface file ...
  192 triangles
  2.45e-06 2.55e-06 xlo xhi
  2.45e-06 2.55e-06 ylo yhi
  2.45e-06 2.55e-06 zlo zhi
  1.37386e-08 min triangle edge length
  8.32156e-17 min triangle area
  8 0 = cells overlapping surfs, overlap cells with unmarked corner pts
  63992 0 8 = cells outside/inside/overlapping surfs
  8 = surf cells with 1,2,etc splits
  1.24999513661446e-16 1.24999513661465e-16 = cell-wise and global flow volume
  CPU time = 0.0203915 secs
  read/check/sort/surf2grid/ghost/inout/particle percent = 27.4037 2.32225 5.16667 39.1966 25.9108 16.8471 0.00807688
  surf2grid time = 0.00799279 secs
  map/comm1/comm2/comm3/comm4/split percent = 36.2385 1.23755 26.1919 4.331 5.70191 13.1517
Memory usage per proc in Mbytes:
  particles (ave,min,max) = 0 0 0
  grid      (ave,min,max) = 3.88879 3.88879 3.88879
  surf      (ave,min,max) = 0.0241699 0.0241699 0.0241699
  total     (ave,min,max) = 3.91296 3.91296 3.91296
Step CPU Np Ncoll Nscoll 
       0            0        0        0        0 
    1000    1.4221113     2324        2        0 
    2000    2.6191234     2309        5        1 
    3000    3.9139821     2368        7        0 
    4000    5.0245776     2265       10        1 
    5000    6.1901737     2281        9        0 
    6000     7.196899     2252       10        0 
    7000    8.3975425     2276       12        0 
    8000    9.4609336     2307        7        0 
    9000     10.61421     2271        8        0 
   10000    11.615427     2337       11        0 
   11000    12.783324     2279        7        0 
   12000    13.753617     2267        8        0 
   13000    14.919943     2284        7        1 
   14000    15.896166     2321       12        1 
   15000    16.997558     2293        8        0 
   16000    18.071212     2275       15        0 
   17000    19.179373     2332       11        0 
   18000    20.239281     2293        9        0 
   19000      21.3353     2237       12        2 
   20000    22.613488     2233        9        0 
   21000    23.751504     2205        9        0 
   22000    25.239359     2271       17        0 
   23000    26.440356     2293       10        0 
   24000    27.512889     2263        8        0 
   25000    28.729817     2205        8        0 
Loop time of 28.7299 on 4 procs for 25000 steps with 2205 particles
Performance: 870.174 timesteps/s, 1.919 Mparticle-step/s

MPI task timing breakdown:
Section |  min time  |  avg time  |  max time  |%varavg| %total
---------------------------------------------------------------
Move    | 16.469     | 16.662     | 16.826     |   3.2 | 57.99
Coll    | 0.71158    | 0.74644    | 0.82746    |   5.5 |  2.60
Sort    | 1.3633     | 1.3717     | 1.3789     |   0.5 |  4.77
Comm    | 1.4912     | 1.5528     | 1.5838     |   3.0 |  5.40
Modify  | 0.013818   | 0.9725     | 1.9385     |  97.1 |  3.38
Output  | 0.00079341 | 0.0012653  | 0.0026263  |   2.2 |  0.00
Other   |            | 7.423      |            |       | 25.84

Particle moves    = 56912039 (56.9M)
Cells touched     = 1372732580 (1.37B)
Particle comms    = 23439676 (23.4M)
Boundary collides = 19897609 (19.9M)
Boundary exits    = 13496998 (13.5M)
SurfColl checks   = 8922602 (8.92M)
SurfColl occurs   = 7653 (7.65K)
Surf reactions    = 0 (0K)
Collide attempts  = 341921 (0.342M)
Collide occurs    = 246813 (0.247M)
Gas reactions     = 0 (0K)
Particles stuck   = 0
Axisymm bad moves = 0

Particle-moves/CPUsec/proc: 495234
Particle-moves/step: 2276.48
Cell-touches/particle/step: 24.1202
Particle comm iterations/step: 3.00404
Particle fraction communicated: 0.411858
Particle fraction colliding with boundary: 0.34962
Particle fraction exiting boundary: 0.237155
Surface-checks/particle/step: 0.156779
Surface-collisions/particle/step: 0.000134471
Surface-reactions/particle/step: 0
Collision-attempts/particle/step: 0.00600789
Collisions/particle/step: 0.00433674
Gas-reactions/particle/step: 0

Particles: 551.25 ave 576 max 514 min
Histogram: 1 0 0 0 0 0 1 1 0 1
Cells:     16000 ave 16000 max 16000 min
Histogram: 4 0 0 0 0 0 0 0 0 0
GhostCell: 1640 ave 1640 max 1640 min
Histogram: 4 0 0 0 0 0 0 0 0 0
EmptyCell: 1640 ave 1640 max 1640 min
Histogram: 4 0 0 0 0 0 0 0 0 0
Surfs:     192 ave 192 max 192 min
Histogram: 4 0 0 0 0 0 0 0 0 0
GhostSurf: 0 ave 0 max 0 min
Histogram: 4 0 0 0 0 0 0 0 0 0
Memory usage per proc in Mbytes:
  particles (ave,min,max) = 1.5625 1.5625 1.5625
  grid      (ave,min,max) = 3.88879 3.88879 3.88879
  surf      (ave,min,max) = 0.0241699 0.0241699 0.0241699
  total     (ave,min,max) = 5.47656 5.47656 5.47656
Step CPU Np Ncoll Nscoll 
   25000            0     2205        8        0 
   26000    1.2547194     2212        3        0 
   27000    2.5180172     2308       10        0 
   28000    3.8027101     2231        8        1 
   29000    4.9233565     2324       10        0 
   30000    6.2190615     2275       13        0 
   31000    7.9475738     2325        7        0 
   32000    8.9753922     2209        8        0 
   33000     9.904624     2331       13        1 
   34000    10.755012     2244       15        0 
   35000    11.666638     2314        9        0 
   36000    12.504404     2218        4        0 
   37000    13.349726     2332       11        1 
   38000     14.20019     2275       13        0 
   39000    14.993844     2202       11        1 
   40000    15.866512     2184        7        0 
   41000    16.708988     2231       11        0 
   42000    17.529291     2353       12        0 
   43000    18.370746     2354       12        1 
   44000    19.244649     2264       11        0 
   45000    20.088735     2283       15        0 
   46000    20.944022     2250        9        0 
   47000    21.793698     2335        7        0 
   48000    22.605263     2274        7        0 
   49000     23.76616     2244       12        2 
   50000    24.893124     2263       10        0 
Loop time of 24.8932 on 4 procs for 25000 steps with 2263 particles
Performance: 1004.291 timesteps/s, 2.273 Mparticle-step/s

MPI task timing breakdown:
Section |  min time  |  avg time  |  max time  |%varavg| %total
---------------------------------------------------------------
Move    | 14.385     | 14.502     | 14.635     |   2.8 | 58.25
Coll    | 0.62697    | 0.66536    | 0.73734    |   5.3 |  2.67
Sort    | 1.1027     | 1.1198     | 1.145      |   1.5 |  4.50
Comm    | 1.2722     | 1.3284     | 1.3552     |   2.8 |  5.34
Modify  | 0.026366   | 0.89702    | 1.7748     |  91.8 |  3.60
Output  | 0.0025154  | 0.0030924  | 0.0039157  |   0.9 |  0.01
Other   |            | 6.378      |            |       | 25.62

Particle moves    = 56930496 (56.9M)
Cells touched     = 1373622710 (1.37B)
Particle comms    = 23456948 (23.5M)
Boundary collides = 19911514 (19.9M)
Boundary exits    = 13505776 (13.5M)
SurfColl checks   = 8942754 (8.94M)
SurfColl occurs   = 7739 (7.74K)
Surf reactions    = 0 (0K)
Collide attempts  = 342525 (0.343M)
Collide occurs    = 247827 (0.248M)
Gas reactions     = 0 (0K)
Particles stuck   = 0
Axisymm bad moves = 0

Particle-moves/CPUsec/proc: 571748
Particle-moves/step: 2277.22
Cell-touches/particle/step: 24.1281
Particle comm iterations/step: 3.00504
Particle fraction communicated: 0.412028
Particle fraction colliding with boundary: 0.349751
Particle fraction exiting boundary: 0.237233
Surface-checks/particle/step: 0.157082
Surface-collisions/particle/step: 0.000135938
Surface-reactions/particle/step: 0
Collision-attempts/particle/step: 0.00601655
Collisions/particle/step: 0.00435315
Gas-reactions/particle/step: 0

Particles: 565.75 ave 581 max 533 min
Histogram: 1 0 0 0 0 0 0 1 0 2
Cells:     16000 ave 16000 max 16000 min
Histogram: 4 0 0 0 0 0 0 0 0 0
GhostCell: 1640 ave 1640 max 1640 min
Histogram: 4 0 0 0 0 0 0 0 0 0
EmptyCell: 1640 ave 1640 max 1640 min
Histogram: 4 0 0 0 0 0 0 0 0 0
Surfs:     192 ave 192 max 192 min
Histogram: 4 0 0 0 0 0 0 0 0 0
GhostSurf: 0 ave 0 max 0 min
Histogram: 4 0 0 0 0 0 0 0 0 0
