SPARTA (24 Sep 2025)
Running on 4 MPI task(s)
Created orthogonal box = (0 0 0) to (5e-06 5e-06 5e-06)
WARNING: Could not acquire nearby ghost cells b/c grid partition is not clumped (../grid.cpp:473)
Created 1000 child grid cells
  CPU time = 0.00321907 secs
  create/ghost percent = 81.884 18.116
Balance grid migrated 740 cells
  CPU time = 0.00107001 secs
  reassign/sort/migrate/ghost percent = 67.1992 0.251213 18.7589 13.7907
Reading surface file ...
  192 triangles
  2.45e-06 2.55e-06 xlo xhi
  2.45e-06 2.55e-06 ylo yhi
  2.45e-06 2.55e-06 zlo zhi
  1.37386e-08 min triangle edge length
  8.32156e-17 min triangle area
  8 0 = cells overlapping surfs, overlap cells with unmarked corner pts
  992 0 8 = cells outside/inside/overlapping surfs
  8 = surf cells with 1,2,etc splits
  1.24999513661465e-16 1.24999513661465e-16 = cell-wise and global flow volume
  CPU time = 0.00861212 secs
  read/check/sort/surf2grid/ghost/inout/particle percent = 64.0888 4.93609 0.147083 13.7245 17.1035 1.46571 0.00909184
  surf2grid time = 0.00118197 secs
  map/comm1/comm2/comm3/comm4/split percent = 37.7837 11.9386 7.07861 11.3 6.37394 22.9249
Memory usage per proc in Mbytes:
  particles (ave,min,max) = 0 0 0
  grid      (ave,min,max) = 1.51379 1.51379 1.51379
  surf      (ave,min,max) = 0.0241699 0.0241699 0.0241699
  total     (ave,min,max) = 1.53796 1.53796 1.53796
Step CPU Np Ncoll Nscoll 
       0            0        0        0        0 
    1000  0.043298221      238        1        0 
    2000  0.094082784      239        0        0 
    3000   0.14104797      239        2        0 
    4000   0.19298756      226        1        0 
    5000   0.25168935      234        0        0 
    6000   0.29635403      245        1        0 
    7000   0.33852479      231        2        0 
    8000   0.37818623      226        2        0 
    9000   0.42676403      237        2        0 
   10000   0.46409666      213        0        0 
   11000   0.50765685      233        1        0 
   12000   0.55801777      245        0        0 
   13000   0.60905445      245        1        0 
   14000   0.65111228      231        1        0 
   15000   0.69575909      242        0        0 
   16000   0.73983632      235        0        0 
   17000   0.79561213      243        3        0 
   18000   0.84096349      235        3        1 
   19000   0.89684756      224        0        0 
   20000   0.94556966      219        0        0 
   21000   0.99839154      231        4        0 
   22000    1.0406667      227        2        0 
   23000    1.0810082      243        2        0 
   24000    1.1222474      230        2        0 
   25000    1.1628721      214        3        0 
Loop time of 1.16291 on 4 procs for 25000 steps with 214 particles
Performance: 21497.854 timesteps/s, 4.601 Mparticle-step/s

MPI task timing breakdown:
Section |  min time  |  avg time  |  max time  |%varavg| %total
---------------------------------------------------------------
Move    | 0.36558    | 0.37882    | 0.39207    |   1.6 | 32.58
Coll    | 0.015306   | 0.015984   | 0.016846   |   0.5 |  1.37
Sort    | 0.009989   | 0.010556   | 0.010953   |   0.4 |  0.91
Comm    | 0.29428    | 0.30262    | 0.31046    |   1.1 | 26.02
Modify  | 0.0022421  | 0.086164   | 0.17492    |  28.6 |  7.41
Output  | 0.0003037  | 0.00059353 | 0.001459   |   0.0 |  0.05
Other   |            | 0.3682     |            |       | 31.66

Particle moves    = 5685172 (5.69M)
Cells touched     = 37088650 (37.1M)
Particle comms    = 2344969 (2.34M)
Boundary collides = 1990270 (1.99M)
Boundary exits    = 1349718 (1.35M)
SurfColl checks   = 16420862 (16.4M)
SurfColl occurs   = 822 (0.822K)
Surf reactions    = 0 (0K)
Collide attempts  = 40521 (40.5K)
Collide occurs    = 26348 (26.3K)
Gas reactions     = 0 (0K)
Particles stuck   = 0
Axisymm bad moves = 0

Particle-moves/CPUsec/proc: 1.22219e+06
Particle-moves/step: 227.407
Cell-touches/particle/step: 6.52375
Particle comm iterations/step: 3.00024
Particle fraction communicated: 0.412471
Particle fraction colliding with boundary: 0.350081
Particle fraction exiting boundary: 0.23741
Surface-checks/particle/step: 2.88837
Surface-collisions/particle/step: 0.000144587
Surface-reactions/particle/step: 0
Collision-attempts/particle/step: 0.00712749
Collisions/particle/step: 0.00463451
Gas-reactions/particle/step: 0

Particles: 53.5 ave 59 max 49 min
Histogram: 1 0 1 0 0 0 1 0 0 1
Cells:     250 ave 250 max 250 min
Histogram: 4 0 0 0 0 0 0 0 0 0
GhostCell: 110 ave 110 max 110 min
Histogram: 4 0 0 0 0 0 0 0 0 0
EmptyCell: 110 ave 110 max 110 min
Histogram: 4 0 0 0 0 0 0 0 0 0
Surfs:     192 ave 192 max 192 min
Histogram: 4 0 0 0 0 0 0 0 0 0
GhostSurf: 0 ave 0 max 0 min
Histogram: 4 0 0 0 0 0 0 0 0 0
Memory usage per proc in Mbytes:
  particles (ave,min,max) = 1.5625 1.5625 1.5625
  grid      (ave,min,max) = 1.51379 1.51379 1.51379
  surf      (ave,min,max) = 0.0241699 0.0241699 0.0241699
  total     (ave,min,max) = 3.10156 3.10156 3.10156
Step CPU Np Ncoll Nscoll 
   25000            0      214        3        0 
   26000  0.039693802      215        0        0 
   27000  0.080756878      240        3        0 
   28000   0.12294922      223        0        0 
   29000   0.17618041      227        4        0 
   30000   0.21501328      250        3        0 
   31000   0.25646506      226        1        0 
   32000   0.31399659      222        1        0 
   33000   0.35434296      220        0        0 
   34000   0.39148596      224        1        0 
   35000   0.42909552      205        1        0 
   36000   0.46760502      245        3        0 
   37000   0.50902525      228        1        1 
   38000   0.55002911      226        1        0 
   39000   0.59059228      212        2        0 
   40000    0.6394193      227        2        0 
   41000   0.69818857      238        1        0 
   42000   0.73700827      260        0        0 
   43000    0.7803818      209        0        0 
   44000   0.83398583      218        2        0 
   45000   0.87608094      213        1        0 
   46000   0.91497104      186        1        0 
   47000    0.9517817      212        0        0 
   48000   0.99225155      233        1        0 
   49000    1.0325338      236        2        0 
   50000    1.0755389      231        0        0 
Loop time of 1.07558 on 4 procs for 25000 steps with 231 particles
Performance: 23243.307 timesteps/s, 5.369 Mparticle-step/s

MPI task timing breakdown:
Section |  min time  |  avg time  |  max time  |%varavg| %total
---------------------------------------------------------------
Move    | 0.35133    | 0.35736    | 0.36308    |   0.7 | 33.22
Coll    | 0.012996   | 0.014012   | 0.014976   |   0.7 |  1.30
Sort    | 0.0098282  | 0.0099872  | 0.010157   |   0.1 |  0.93
Comm    | 0.27389    | 0.27786    | 0.2821     |   0.6 | 25.83
Modify  | 0.0048504  | 0.082542   | 0.16131    |  27.0 |  7.67
Output  | 0.0019183  | 0.0021608  | 0.0028846  |   0.9 |  0.20
Other   |            | 0.3317     |            |       | 30.84

Particle moves    = 5691825 (5.69M)
Cells touched     = 37067807 (37.1M)
Particle comms    = 2344966 (2.34M)
Boundary collides = 1987038 (1.99M)
Boundary exits    = 1350004 (1.35M)
SurfColl checks   = 16407366 (16.4M)
SurfColl occurs   = 755 (0.755K)
Surf reactions    = 0 (0K)
Collide attempts  = 40527 (40.5K)
Collide occurs    = 26090 (26.1K)
Gas reactions     = 0 (0K)
Particles stuck   = 0
Axisymm bad moves = 0

Particle-moves/CPUsec/proc: 1.32297e+06
Particle-moves/step: 227.673
Cell-touches/particle/step: 6.51246
Particle comm iterations/step: 3.00032
Particle fraction communicated: 0.411988
Particle fraction colliding with boundary: 0.349104
Particle fraction exiting boundary: 0.237183
Surface-checks/particle/step: 2.88262
Surface-collisions/particle/step: 0.000132646
Surface-reactions/particle/step: 0
Collision-attempts/particle/step: 0.00712021
Collisions/particle/step: 0.00458377
Gas-reactions/particle/step: 0

Particles: 57.75 ave 67 max 54 min
Histogram: 2 1 0 0 0 0 0 0 0 1
Cells:     250 ave 250 max 250 min
Histogram: 4 0 0 0 0 0 0 0 0 0
GhostCell: 110 ave 110 max 110 min
Histogram: 4 0 0 0 0 0 0 0 0 0
EmptyCell: 110 ave 110 max 110 min
Histogram: 4 0 0 0 0 0 0 0 0 0
Surfs:     192 ave 192 max 192 min
Histogram: 4 0 0 0 0 0 0 0 0 0
GhostSurf: 0 ave 0 max 0 min
Histogram: 4 0 0 0 0 0 0 0 0 0
