SPARTA (24 Sep 2025)
Running on 4 MPI task(s)
Created orthogonal box = (0 0 0) to (5e-06 5e-06 5e-06)
WARNING: Could not acquire nearby ghost cells b/c grid partition is not clumped (../grid.cpp:473)
Created 10648 child grid cells
  CPU time = 0.00126436 secs
  create/ghost percent = 90.1144 9.88557
Balance grid migrated 8008 cells
  CPU time = 0.00263906 secs
  reassign/sort/migrate/ghost percent = 35.1928 0.350731 30.5031 33.9534
Reading surface file ...
  192 triangles
  2.45e-06 2.55e-06 xlo xhi
  2.45e-06 2.55e-06 ylo yhi
  2.45e-06 2.55e-06 zlo zhi
  1.37386e-08 min triangle edge length
  8.32156e-17 min triangle area
  8 0 = cells overlapping surfs, overlap cells with unmarked corner pts
  10640 0 8 = cells outside/inside/overlapping surfs
  8 = surf cells with 1,2,etc splits
  1.24999513661463e-16 1.24999513661465e-16 = cell-wise and global flow volume
  CPU time = 0.0115659 secs
  read/check/sort/surf2grid/ghost/inout/particle percent = 71.4438 3.61414 0.637954 11.5974 12.7067 1.43132 0.00915624
  surf2grid time = 0.00134134 secs
  map/comm1/comm2/comm3/comm4/split percent = 23.6841 6.27849 15.559 1.7018 5.8273 39.2874
Memory usage per proc in Mbytes:
  particles (ave,min,max) = 0 0 0
  grid      (ave,min,max) = 1.51379 1.51379 1.51379
  surf      (ave,min,max) = 0.0241699 0.0241699 0.0241699
  total     (ave,min,max) = 1.53796 1.53796 1.53796
Step CPU Np Ncoll Nscoll 
       0            0        0        0        0 
    1000   0.43306433     2367        8        0 
    2000   0.87921109     2393        9        1 
    3000    1.3142143     2382       10        1 
    4000    1.7382571     2408        9        0 
    5000    2.1680145     2383       19        0 
    6000    2.5904153     2463       10        2 
    7000    3.0007031     2420        7        0 
    8000    3.4190855     2420       16        1 
    9000    3.8912256     2439       12        0 
   10000    4.3099623     2425        6        0 
   11000    4.7277108     2384       13        0 
   12000    5.1494932     2434       18        0 
   13000    5.5935998     2434       12        0 
   14000     6.015459     2411       13        0 
   15000    6.4472762     2418       12        1 
   16000    6.8908962     2410       14        0 
   17000    7.3232063     2456       11        0 
   18000    7.7867734     2441       12        0 
   19000    8.2233452     2434        9        1 
   20000    8.6599265     2392        9        0 
   21000    9.0831867     2429        3        0 
   22000    9.5007311     2442        9        0 
   23000    9.9221984     2446        7        0 
   24000    10.337646     2510       14        0 
   25000     10.75125     2401        9        0 
Loop time of 10.7513 on 4 procs for 25000 steps with 2401 particles
Performance: 2325.302 timesteps/s, 5.583 Mparticle-step/s

MPI task timing breakdown:
Section |  min time  |  avg time  |  max time  |%varavg| %total
---------------------------------------------------------------
Move    | 5.8722     | 5.981      | 6.1756     |   4.8 | 55.63
Coll    | 0.12245    | 0.12696    | 0.12994    |   0.8 |  1.18
Sort    | 0.11302    | 0.11755    | 0.12137    |   1.0 |  1.09
Comm    | 0.96433    | 0.9844     | 1.0073     |   1.6 |  9.16
Modify  | 0.0033733  | 0.65087    | 1.3018     |  80.3 |  6.05
Output  | 0.00027814 | 0.00059253 | 0.0012982  |   0.0 |  0.01
Other   |            | 2.89       |            |       | 26.88

Particle moves    = 60563264 (60.6M)
Cells touched     = 821354860 (821M)
Particle comms    = 24957236 (25M)
Boundary collides = 21167904 (21.2M)
Boundary exits    = 14378106 (14.4M)
SurfColl checks   = 32968178 (33M)
SurfColl occurs   = 8136 (8.14K)
Surf reactions    = 0 (0K)
Collide attempts  = 440425 (0.44M)
Collide occurs    = 285856 (0.286M)
Gas reactions     = 0 (0K)
Particles stuck   = 0
Axisymm bad moves = 0

Particle-moves/CPUsec/proc: 1.40828e+06
Particle-moves/step: 2422.53
Cell-touches/particle/step: 13.5619
Particle comm iterations/step: 3.00544
Particle fraction communicated: 0.412085
Particle fraction colliding with boundary: 0.349517
Particle fraction exiting boundary: 0.237406
Surface-checks/particle/step: 0.544359
Surface-collisions/particle/step: 0.000134339
Surface-reactions/particle/step: 0
Collision-attempts/particle/step: 0.00727215
Collisions/particle/step: 0.00471996
Gas-reactions/particle/step: 0

Particles: 600.25 ave 610 max 578 min
Histogram: 1 0 0 0 0 0 0 0 1 2
Cells:     2662 ave 2662 max 2662 min
Histogram: 4 0 0 0 0 0 0 0 0 0
GhostCell: 506 ave 506 max 506 min
Histogram: 4 0 0 0 0 0 0 0 0 0
EmptyCell: 506 ave 506 max 506 min
Histogram: 4 0 0 0 0 0 0 0 0 0
Surfs:     192 ave 192 max 192 min
Histogram: 4 0 0 0 0 0 0 0 0 0
GhostSurf: 0 ave 0 max 0 min
Histogram: 4 0 0 0 0 0 0 0 0 0
Memory usage per proc in Mbytes:
  particles (ave,min,max) = 1.5625 1.5625 1.5625
  grid      (ave,min,max) = 1.51379 1.51379 1.51379
  surf      (ave,min,max) = 0.0241699 0.0241699 0.0241699
  total     (ave,min,max) = 3.10156 3.10156 3.10156
Step CPU Np Ncoll Nscoll 
   25000            0     2401        9        0 
   26000    0.4201189     2455        8        0 
   27000    0.8400853     2379        5        0 
   28000    1.2634517     2403       15        0 
   29000    1.7198436     2436       12        0 
   30000    2.1398305     2437       10        0 
   31000    2.5538206     2466       15        0 
   32000     2.964394     2430       10        1 
   33000    3.3885949     2462       12        0 
   34000    3.8123281     2370       14        0 
   35000    4.2326553     2425       15        2 
   36000    4.6655244     2408       11        0 
   37000    5.0805946     2471       13        0 
   38000    5.5119715     2413       15        0 
   39000    5.9338998     2533       10        0 
   40000    6.3514955     2424        8        0 
   41000    6.7735769     2467       13        0 
   42000    7.1863551     2419       16        0 
   43000    7.6082997     2404        8        0 
   44000    8.0253177     2428        7        0 
   45000    8.4472086     2355        5        0 
   46000     8.861051     2454        4        0 
   47000     9.293301     2437       15        0 
   48000    9.7277377     2445        7        0 
   49000    10.151844     2437       11        0 
   50000    10.573641     2361       14        0 
Loop time of 10.5737 on 4 procs for 25000 steps with 2361 particles
Performance: 2364.359 timesteps/s, 5.582 Mparticle-step/s

MPI task timing breakdown:
Section |  min time  |  avg time  |  max time  |%varavg| %total
---------------------------------------------------------------
Move    | 5.7562     | 5.8705     | 6.0442     |   4.5 | 55.52
Coll    | 0.12211    | 0.12487    | 0.1291     |   0.7 |  1.18
Sort    | 0.11166    | 0.11526    | 0.11737    |   0.7 |  1.09
Comm    | 0.93606    | 0.95379    | 0.96846    |   1.3 |  9.02
Modify  | 0.0088943  | 0.64503    | 1.2832     |  79.2 |  6.10
Output  | 0.0014173  | 0.0016502  | 0.0023379  |   1.0 |  0.02
Other   |            | 2.863      |            |       | 27.07

Particle moves    = 60643574 (60.6M)
Cells touched     = 822184749 (822M)
Particle comms    = 24977345 (25M)
Boundary collides = 21200757 (21.2M)
Boundary exits    = 14382378 (14.4M)
SurfColl checks   = 33105210 (33.1M)
SurfColl occurs   = 8176 (8.18K)
Surf reactions    = 0 (0K)
Collide attempts  = 443178 (0.443M)
Collide occurs    = 287699 (0.288M)
Gas reactions     = 0 (0K)
Particles stuck   = 0
Axisymm bad moves = 0

Particle-moves/CPUsec/proc: 1.43383e+06
Particle-moves/step: 2425.74
Cell-touches/particle/step: 13.5577
Particle comm iterations/step: 3.00508
Particle fraction communicated: 0.411871
Particle fraction colliding with boundary: 0.349596
Particle fraction exiting boundary: 0.237162
Surface-checks/particle/step: 0.545898
Surface-collisions/particle/step: 0.000134821
Surface-reactions/particle/step: 0
Collision-attempts/particle/step: 0.00730791
Collisions/particle/step: 0.0047441
Gas-reactions/particle/step: 0

Particles: 590.25 ave 622 max 557 min
Histogram: 1 0 0 0 1 1 0 0 0 1
Cells:     2662 ave 2662 max 2662 min
Histogram: 4 0 0 0 0 0 0 0 0 0
GhostCell: 506 ave 506 max 506 min
Histogram: 4 0 0 0 0 0 0 0 0 0
EmptyCell: 506 ave 506 max 506 min
Histogram: 4 0 0 0 0 0 0 0 0 0
Surfs:     192 ave 192 max 192 min
Histogram: 4 0 0 0 0 0 0 0 0 0
GhostSurf: 0 ave 0 max 0 min
Histogram: 4 0 0 0 0 0 0 0 0 0
