SPARTA (24 Sep 2025)
Running on 4 MPI task(s)
Created orthogonal box = (0 0 0) to (5e-06 5e-06 5e-06)
WARNING: Could not acquire nearby ghost cells b/c grid partition is not clumped (../grid.cpp:473)
Created 4096 child grid cells
  CPU time = 0.000996666 secs
  create/ghost percent = 87.5944 12.4056
Balance grid migrated 3072 cells
  CPU time = 0.000899291 secs
  reassign/sort/migrate/ghost percent = 38.4559 0.474707 25.8715 35.198
Reading surface file ...
  192 triangles
  2.45e-06 2.55e-06 xlo xhi
  2.45e-06 2.55e-06 ylo yhi
  2.45e-06 2.55e-06 zlo zhi
  1.37386e-08 min triangle edge length
  8.32156e-17 min triangle area
  8 0 = cells overlapping surfs, overlap cells with unmarked corner pts
  4088 0 8 = cells outside/inside/overlapping surfs
  8 = surf cells with 1,2,etc splits
  1.24999513661466e-16 1.24999513661465e-16 = cell-wise and global flow volume
  CPU time = 0.0101873 secs
  read/check/sort/surf2grid/ghost/inout/particle percent = 75.4659 3.01652 0.298881 11.1183 10.1004 1.21348 0.00863817
  surf2grid time = 0.00113266 secs
  map/comm1/comm2/comm3/comm4/split percent = 53.5483 7.14488 8.87771 4.15572 5.90346 16.0865
Memory usage per proc in Mbytes:
  particles (ave,min,max) = 0 0 0
  grid      (ave,min,max) = 1.51379 1.51379 1.51379
  surf      (ave,min,max) = 0.0241699 0.0241699 0.0241699
  total     (ave,min,max) = 1.53796 1.53796 1.53796
Step CPU Np Ncoll Nscoll 
       0            0        0        0        0 
    1000   0.15034324      914        4        0 
    2000    0.3219858      920        4        0 
    3000   0.48354039      964        3        0 
    4000    0.6243138      926        3        1 
    5000    0.7667914      939        6        0 
    6000   0.94159461      922        3        0 
    7000     1.082844      967        3        0 
    8000    1.2279511      942        4        0 
    9000    1.3774968      919        4        0 
   10000    1.5214443      943        5        0 
   11000    1.6669997      958        3        0 
   12000    1.8147938      940        0        0 
   13000    1.9636177      972        4        0 
   14000    2.1113118      951        7        0 
   15000    2.2520559      938        2        0 
   16000    2.3972518      954        5        1 
   17000    2.5449485      906        6        0 
   18000    2.6842021      886        4        0 
   19000     2.824612      931        3        0 
   20000    2.9615816      927        8        0 
   21000     3.117949      916        5        0 
   22000    3.2738055      904        4        0 
   23000    3.4186439      909        7        0 
   24000    3.5642035      944        1        0 
   25000    3.7166835      946        4        0 
Loop time of 3.71672 on 4 procs for 25000 steps with 946 particles
Performance: 6726.360 timesteps/s, 6.363 Mparticle-step/s

MPI task timing breakdown:
Section |  min time  |  avg time  |  max time  |%varavg| %total
---------------------------------------------------------------
Move    | 1.7276     | 1.746      | 1.7617     |   1.0 | 46.98
Coll    | 0.045348   | 0.046761   | 0.047837   |   0.4 |  1.26
Sort    | 0.03763    | 0.038552   | 0.040173   |   0.5 |  1.04
Comm    | 0.54675    | 0.55766    | 0.56962    |   1.4 | 15.00
Modify  | 0.0024653  | 0.2654     | 0.53744    |  51.1 |  7.14
Output  | 0.00025575 | 0.00049    | 0.0011879  |   0.0 |  0.01
Other   |            | 1.062      |            |       | 28.57

Particle moves    = 23305452 (23.3M)
Cells touched     = 233918328 (234M)
Particle comms    = 9603241 (9.6M)
Boundary collides = 8145039 (8.15M)
Boundary exits    = 5529596 (5.53M)
SurfColl checks   = 24667644 (24.7M)
SurfColl occurs   = 3087 (3.09K)
Surf reactions    = 0 (0K)
Collide attempts  = 168216 (0.168M)
Collide occurs    = 109438 (0.109M)
Gas reactions     = 0 (0K)
Particles stuck   = 0
Axisymm bad moves = 0

Particle-moves/CPUsec/proc: 1.56761e+06
Particle-moves/step: 932.218
Cell-touches/particle/step: 10.0371
Particle comm iterations/step: 3.00188
Particle fraction communicated: 0.41206
Particle fraction colliding with boundary: 0.349491
Particle fraction exiting boundary: 0.237266
Surface-checks/particle/step: 1.05845
Surface-collisions/particle/step: 0.000132458
Surface-reactions/particle/step: 0
Collision-attempts/particle/step: 0.00721788
Collisions/particle/step: 0.00469581
Gas-reactions/particle/step: 0

Particles: 236.5 ave 242 max 227 min
Histogram: 1 0 0 0 0 0 1 0 0 2
Cells:     1024 ave 1024 max 1024 min
Histogram: 4 0 0 0 0 0 0 0 0 0
GhostCell: 272 ave 272 max 272 min
Histogram: 4 0 0 0 0 0 0 0 0 0
EmptyCell: 272 ave 272 max 272 min
Histogram: 4 0 0 0 0 0 0 0 0 0
Surfs:     192 ave 192 max 192 min
Histogram: 4 0 0 0 0 0 0 0 0 0
GhostSurf: 0 ave 0 max 0 min
Histogram: 4 0 0 0 0 0 0 0 0 0
Memory usage per proc in Mbytes:
  particles (ave,min,max) = 1.5625 1.5625 1.5625
  grid      (ave,min,max) = 1.51379 1.51379 1.51379
  surf      (ave,min,max) = 0.0241699 0.0241699 0.0241699
  total     (ave,min,max) = 3.10156 3.10156 3.10156
Step CPU Np Ncoll Nscoll 
   25000            0      946        4        0 
   26000   0.14486003      960        2        0 
   27000   0.29330975      968        7        1 
   28000   0.43971897      921        4        2 
   29000   0.58890888      935        3        0 
   30000   0.73358015      943        2        0 
   31000   0.87187273      931        3        0 
   32000    1.0206997      900        5        0 
   33000    1.1692294      925       11        0 
   34000    1.3152578      915        1        0 
   35000    1.4557614      946        8        0 
   36000     1.613412      948        5        0 
   37000    1.7720765      920        3        0 
   38000    1.9199306      899        6        0 
   39000    2.0602075      947        4        0 
   40000    2.2049328      940        4        0 
   41000    2.3467523      970        6        0 
   42000    2.4920161      913        4        0 
   43000    2.6455253      922        3        0 
   44000    2.7918505      933        3        0 
   45000    2.9334189      948        6        1 
   46000    3.0841443      893        3        0 
   47000     3.225786      920        6        0 
   48000    3.3631249      922        4        0 
   49000    3.5109863      924        3        0 
   50000    3.6610461      889        3        0 
Loop time of 3.6611 on 4 procs for 25000 steps with 889 particles
Performance: 6828.553 timesteps/s, 6.071 Mparticle-step/s

MPI task timing breakdown:
Section |  min time  |  avg time  |  max time  |%varavg| %total
---------------------------------------------------------------
Move    | 1.7226     | 1.7361     | 1.7604     |   1.1 | 47.42
Coll    | 0.045291   | 0.046304   | 0.047274   |   0.3 |  1.26
Sort    | 0.036841   | 0.038002   | 0.039543   |   0.5 |  1.04
Comm    | 0.51348    | 0.52758    | 0.54191    |   1.5 | 14.41
Modify  | 0.0056508  | 0.2668     | 0.53527    |  50.6 |  7.29
Output  | 0.0027943  | 0.0030056  | 0.0036265  |   0.7 |  0.08
Other   |            | 1.043      |            |       | 28.50

Particle moves    = 23303030 (23.3M)
Cells touched     = 233961686 (234M)
Particle comms    = 9599012 (9.6M)
Boundary collides = 8147085 (8.15M)
Boundary exits    = 5530211 (5.53M)
SurfColl checks   = 24689428 (24.7M)
SurfColl occurs   = 3253 (3.25K)
Surf reactions    = 0 (0K)
Collide attempts  = 168275 (0.168M)
Collide occurs    = 109117 (0.109M)
Gas reactions     = 0 (0K)
Particles stuck   = 0
Axisymm bad moves = 0

Particle-moves/CPUsec/proc: 1.59126e+06
Particle-moves/step: 932.121
Cell-touches/particle/step: 10.04
Particle comm iterations/step: 3.002
Particle fraction communicated: 0.411921
Particle fraction colliding with boundary: 0.349615
Particle fraction exiting boundary: 0.237317
Surface-checks/particle/step: 1.05949
Surface-collisions/particle/step: 0.000139596
Surface-reactions/particle/step: 0
Collision-attempts/particle/step: 0.00722116
Collisions/particle/step: 0.00468252
Gas-reactions/particle/step: 0

Particles: 222.25 ave 236 max 202 min
Histogram: 1 0 0 0 0 0 1 1 0 1
Cells:     1024 ave 1024 max 1024 min
Histogram: 4 0 0 0 0 0 0 0 0 0
GhostCell: 272 ave 272 max 272 min
Histogram: 4 0 0 0 0 0 0 0 0 0
EmptyCell: 272 ave 272 max 272 min
Histogram: 4 0 0 0 0 0 0 0 0 0
Surfs:     192 ave 192 max 192 min
Histogram: 4 0 0 0 0 0 0 0 0 0
GhostSurf: 0 ave 0 max 0 min
Histogram: 4 0 0 0 0 0 0 0 0 0
