SPARTA (24 Sep 2025)
Running on 4 MPI task(s)
Created orthogonal box = (0 0 0) to (5e-06 5e-06 5e-06)
WARNING: Could not acquire nearby ghost cells b/c grid partition is not clumped (../grid.cpp:473)
Created 39304 child grid cells
  CPU time = 0.00190386 secs
  create/ghost percent = 88.3602 11.6398
Balance grid migrated 29444 cells
  CPU time = 0.00770629 secs
  reassign/sort/migrate/ghost percent = 23.6652 1.02244 49.6421 25.6703
Reading surface file ...
  192 triangles
  2.45e-06 2.55e-06 xlo xhi
  2.45e-06 2.55e-06 ylo yhi
  2.45e-06 2.55e-06 zlo zhi
  1.37386e-08 min triangle edge length
  8.32156e-17 min triangle area
  8 0 = cells overlapping surfs, overlap cells with unmarked corner pts
  39296 0 8 = cells outside/inside/overlapping surfs
  8 = surf cells with 1,2,etc splits
  1.24999513661452e-16 1.24999513661465e-16 = cell-wise and global flow volume
  CPU time = 0.0144152 secs
  read/check/sort/surf2grid/ghost/inout/particle percent = 45.2795 1.81266 2.36016 27.9133 22.6344 4.1238 1.41982
  surf2grid time = 0.00402375 secs
  map/comm1/comm2/comm3/comm4/split percent = 41.9839 2.79404 32.1141 2.76598 2.11447 11.5095
Memory usage per proc in Mbytes:
  particles (ave,min,max) = 0 0 0
  grid      (ave,min,max) = 2.95129 2.95129 2.95129
  surf      (ave,min,max) = 0.0241699 0.0241699 0.0241699
  total     (ave,min,max) = 2.97546 2.97546 2.97546
Step CPU Np Ncoll Nscoll 
       0            0        0        0        0 
    1000    2.3828118     8887       26        1 
    2000    4.7204294     9031       42        1 
    3000    7.0130605     8908       54        1 
    4000    9.3005141     8811       36        1 
    5000    11.562277     9008       45        3 
    6000    13.856329     8898       49        2 
    7000    16.116759     8972       32        0 
    8000    18.379417     9062       41        2 
    9000    20.648822     8962       39        1 
   10000    22.923609     8993       45        1 
   11000    25.196787     8947       38        0 
   12000    27.487086     8949       39        1 
   13000    29.779986     8925       35        1 
   14000    32.072022     8871       53        0 
   15000    34.402041     8998       43        1 
   16000    36.679298     8884       38        1 
   17000    38.999067     8896       46        1 
   18000    41.290474     9059       50        1 
   19000     43.58288     8894       49        2 
   20000    45.851043     8932       47        4 
   21000    48.141534     9072       51        0 
   22000    50.458755     9038       47        1 
   23000    52.760306     8933       46        1 
   24000     55.09641     8994       48        1 
   25000      57.3596     9043       45        0 
Loop time of 57.3597 on 4 procs for 25000 steps with 9043 particles
Performance: 435.846 timesteps/s, 3.941 Mparticle-step/s

MPI task timing breakdown:
Section |  min time  |  avg time  |  max time  |%varavg| %total
---------------------------------------------------------------
Move    | 36.537     | 37.084     | 37.644     |   7.1 | 64.65
Coll    | 0.66926    | 0.6772     | 0.68205    |   0.6 |  1.18
Sort    | 0.62172    | 0.63634    | 0.65023    |   1.7 |  1.11
Comm    | 2.4596     | 2.5421     | 2.5826     |   3.1 |  4.43
Modify  | 0.0088591  | 2.3762     | 4.7434     | 153.6 |  4.14
Output  | 0.00062871 | 0.00081679 | 0.0013795  |   0.0 |  0.00
Other   |            | 14.04      |            |       | 24.48

Particle moves    = 223963600 (224M)
Cells touched     = 4614251725 (4.61B)
Particle comms    = 92269103 (92.3M)
Boundary collides = 78295035 (78.3M)
Boundary exits    = 53148524 (53.1M)
SurfColl checks   = 49471622 (49.5M)
SurfColl occurs   = 30226 (30.2K)
Surf reactions    = 0 (0K)
Collide attempts  = 1641004 (1.64M)
Collide occurs    = 1065082 (1.07M)
Gas reactions     = 0 (0K)
Particles stuck   = 0
Axisymm bad moves = 0

Particle-moves/CPUsec/proc: 976136
Particle-moves/step: 8958.54
Cell-touches/particle/step: 20.6027
Particle comm iterations/step: 3.0194
Particle fraction communicated: 0.411983
Particle fraction colliding with boundary: 0.349588
Particle fraction exiting boundary: 0.237309
Surface-checks/particle/step: 0.220891
Surface-collisions/particle/step: 0.000134959
Surface-reactions/particle/step: 0
Collision-attempts/particle/step: 0.0073271
Collisions/particle/step: 0.0047556
Gas-reactions/particle/step: 0

Particles: 2260.75 ave 2286 max 2232 min
Histogram: 1 0 0 1 0 0 0 1 0 1
Cells:     9826 ave 9826 max 9826 min
Histogram: 4 0 0 0 0 0 0 0 0 0
GhostCell: 1190 ave 1190 max 1190 min
Histogram: 4 0 0 0 0 0 0 0 0 0
EmptyCell: 1190 ave 1190 max 1190 min
Histogram: 4 0 0 0 0 0 0 0 0 0
Surfs:     192 ave 192 max 192 min
Histogram: 4 0 0 0 0 0 0 0 0 0
GhostSurf: 0 ave 0 max 0 min
Histogram: 4 0 0 0 0 0 0 0 0 0
Memory usage per proc in Mbytes:
  particles (ave,min,max) = 1.5625 1.5625 1.5625
  grid      (ave,min,max) = 2.95129 2.95129 2.95129
  surf      (ave,min,max) = 0.0241699 0.0241699 0.0241699
  total     (ave,min,max) = 4.53906 4.53906 4.53906
Step CPU Np Ncoll Nscoll 
   25000            0     9043       45        0 
   26000    2.3997113     9067       28        1 
   27000    4.7639162     8899       32        4 
   28000    7.0747705     8921       36        1 
   29000    9.3733371     8897       42        2 
   30000    11.660883     8885       36        2 
   31000    13.976646     8989       39        1 
   32000    16.246871     8933       50        0 
   33000    18.526866     8909       46        1 
   34000    20.803233     9032       46        2 
   35000    23.075366     8860       41        1 
   36000    25.340102     8948       50        2 
   37000    27.680382     9024       51        1 
   38000    30.031672     9010       46        1 
   39000    32.484128     8885       38        0 
   40000    34.814142     8979       43        1 
   41000     37.13105     8978       49        1 
   42000    39.465773     8958       36        0 
   43000    41.807762     8902       45        1 
   44000    44.210604     8986       37        0 
   45000     46.62357     8980       26        2 
   46000    48.997076     9043       42        2 
   47000    51.343399     8863       44        0 
   48000    53.777726     8974       48        0 
   49000    56.086724     8890       51        1 
   50000    58.959816     8930       45        0 
Loop time of 58.9599 on 4 procs for 25000 steps with 8930 particles
Performance: 424.017 timesteps/s, 3.786 Mparticle-step/s

MPI task timing breakdown:
Section |  min time  |  avg time  |  max time  |%varavg| %total
---------------------------------------------------------------
Move    | 37.329     | 37.923     | 38.557     |   8.9 | 64.32
Coll    | 0.72611    | 0.73904    | 0.74522    |   0.9 |  1.25
Sort    | 0.67812    | 0.68732    | 0.70491    |   1.3 |  1.17
Comm    | 2.5622     | 2.6246     | 2.6726     |   2.5 |  4.45
Modify  | 0.026483   | 2.4507     | 4.8908     | 154.8 |  4.16
Output  | 0.0022625  | 0.0025567  | 0.0033957  |   1.0 |  0.00
Other   |            | 14.53      |            |       | 24.65

Particle moves    = 223943134 (224M)
Cells touched     = 4614398144 (4.61B)
Particle comms    = 92272360 (92.3M)
Boundary collides = 78291097 (78.3M)
Boundary exits    = 53157273 (53.2M)
SurfColl checks   = 49410542 (49.4M)
SurfColl occurs   = 30384 (30.4K)
Surf reactions    = 0 (0K)
Collide attempts  = 1639371 (1.64M)
Collide occurs    = 1065107 (1.07M)
Gas reactions     = 0 (0K)
Particles stuck   = 0
Axisymm bad moves = 0

Particle-moves/CPUsec/proc: 949557
Particle-moves/step: 8957.73
Cell-touches/particle/step: 20.6052
Particle comm iterations/step: 3.019
Particle fraction communicated: 0.412035
Particle fraction colliding with boundary: 0.349603
Particle fraction exiting boundary: 0.23737
Surface-checks/particle/step: 0.220639
Surface-collisions/particle/step: 0.000135677
Surface-reactions/particle/step: 0
Collision-attempts/particle/step: 0.00732048
Collisions/particle/step: 0.00475615
Gas-reactions/particle/step: 0

Particles: 2232.5 ave 2320 max 2131 min
Histogram: 1 0 0 0 1 0 0 1 0 1
Cells:     9826 ave 9826 max 9826 min
Histogram: 4 0 0 0 0 0 0 0 0 0
GhostCell: 1190 ave 1190 max 1190 min
Histogram: 4 0 0 0 0 0 0 0 0 0
EmptyCell: 1190 ave 1190 max 1190 min
Histogram: 4 0 0 0 0 0 0 0 0 0
Surfs:     192 ave 192 max 192 min
Histogram: 4 0 0 0 0 0 0 0 0 0
GhostSurf: 0 ave 0 max 0 min
Histogram: 4 0 0 0 0 0 0 0 0 0
