SPARTA (24 Sep 2025)
Running on 4 MPI task(s)
Created orthogonal box = (0 0 0) to (5e-06 5e-06 5e-06)
WARNING: Could not acquire nearby ghost cells b/c grid partition is not clumped (../grid.cpp:473)
Created 64000 child grid cells
  CPU time = 0.00237181 secs
  create/ghost percent = 89.6358 10.3642
Balance grid migrated 48000 cells
  CPU time = 0.0151059 secs
  reassign/sort/migrate/ghost percent = 24.2338 1.80942 49.3723 24.5846
Reading surface file ...
  192 triangles
  2.45e-06 2.55e-06 xlo xhi
  2.45e-06 2.55e-06 ylo yhi
  2.45e-06 2.55e-06 zlo zhi
  1.37386e-08 min triangle edge length
  8.32156e-17 min triangle area
  8 0 = cells overlapping surfs, overlap cells with unmarked corner pts
  63992 0 8 = cells outside/inside/overlapping surfs
  8 = surf cells with 1,2,etc splits
  1.24999513661446e-16 1.24999513661465e-16 = cell-wise and global flow volume
  CPU time = 0.0136217 secs
  read/check/sort/surf2grid/ghost/inout/particle percent = 34.6842 2.64618 4.54762 36.0765 22.0455 9.03643 0.00982991
  surf2grid time = 0.00491422 secs
  map/comm1/comm2/comm3/comm4/split percent = 46.6352 1.90465 28.3071 2.13008 2.58254 7.83733
Memory usage per proc in Mbytes:
  particles (ave,min,max) = 0 0 0
  grid      (ave,min,max) = 3.88879 3.88879 3.88879
  surf      (ave,min,max) = 0.0241699 0.0241699 0.0241699
  total     (ave,min,max) = 3.91296 3.91296 3.91296
Step CPU Np Ncoll Nscoll 
       0            0        0        0        0 
    1000  0.061479578      831        0        0 
    2000   0.12538052      879        0        0 
    3000    0.1894113      858        0        0 
    4000   0.24932823      869        0        0 
    5000   0.31810188      879        0        0 
    6000   0.38337154      928        0        0 
    7000   0.45779501      928        0        0 
    8000   0.52289199      910        0        0 
    9000   0.58286449      840        0        0 
   10000   0.64553832      914        0        0 
   11000   0.70473078      905        0        0 
   12000   0.76881266      886        0        0 
   13000   0.84076579      855        0        0 
   14000   0.93427629      870        0        0 
   15000    1.0159982      957        0        0 
   16000    1.1045048      961        0        0 
   17000    1.1965595      913        0        0 
   18000    1.2649616      912        0        0 
   19000     1.326958      918        0        0 
   20000    1.3853058      894        0        0 
   21000    1.4751097      899        0        0 
   22000    1.5683899      923        0        0 
   23000    1.6294161      839        0        0 
   24000    1.6869317      833        0        0 
   25000    1.7486904      856        0        0 
   26000    1.8131248      942        0        0 
   27000     1.873717      909        0        0 
   28000    1.9370009      902        0        0 
   29000    1.9975203      891        0        0 
   30000      2.05486      936        0        0 
   31000    2.1172064      880        0        0 
   32000    2.1779276      942        0        0 
   33000    2.2378273      856        0        0 
   34000    2.3023553      892        0        0 
   35000     2.369529      946        0        0 
   36000     2.445968      888        0        0 
   37000    2.5165868      940        0        0 
   38000    2.5795566      923        0        0 
   39000    2.6391929      901        0        0 
   40000    2.7137463      862        0        0 
   41000    2.7786035      909        0        0 
   42000     2.842059      917        0        0 
   43000    2.9061686      897        0        0 
   44000    2.9645004      929        0        0 
   45000     3.031498      980        0        0 
   46000     3.105659      908        0        0 
   47000    3.1771928      890        0        0 
   48000    3.2378314      915        0        0 
   49000    3.3078859      887        0        0 
   50000    3.3679052      892        0        0 
   51000    3.4280047      891        0        0 
   52000    3.4936218      924        0        0 
   53000    3.5552225      975        0        0 
   54000    3.6192479      891        0        0 
   55000    3.6858545      906        0        0 
   56000    3.7528381      918        0        0 
   57000     3.821108      988        0        0 
   58000     3.888691      931        0        0 
   59000     3.955515      891        0        0 
   60000    4.0331172      877        0        0 
   61000    4.1079047      903        0        0 
   62000    4.1790191      906        0        0 
   63000    4.2490771      912        0        0 
   64000    4.3066259      905        0        0 
   65000    4.3696398      940        0        0 
   66000    4.4328125      912        0        0 
   67000    4.4962174      892        0        0 
   68000    4.5556187      872        0        0 
   69000    4.6113193      888        0        0 
   70000    4.6735384      957        0        0 
   71000    4.7360792      945        0        0 
   72000    4.8007929      923        0        0 
   73000    4.8606172      934        0        0 
   74000    4.9282774      898        0        0 
   75000     4.993799      922        0        0 
   76000    5.0567563      883        0        0 
   77000    5.1131178      922        0        0 
   78000    5.1763241      960        0        0 
   79000     5.233465      896        0        0 
   80000    5.2926061      922        0        0 
   81000    5.3528669      901        0        0 
   82000    5.4105063      949        0        0 
   83000     5.478105      926        0        0 
   84000     5.546582      898        0        0 
   85000    5.6037105      910        0        0 
   86000     5.662307      953        0        0 
   87000    5.7210812      882        0        0 
   88000     5.784208      938        0        0 
   89000    5.8431315      864        0        0 
   90000    5.9030743      932        0        0 
   91000    5.9601958      861        0        0 
   92000    6.0218806      874        0        0 
   93000    6.0810153      907        0        0 
   94000    6.1382923      924        0        0 
   95000    6.1950745      889        0        0 
   96000     6.257515      965        0        0 
   97000    6.3152958      863        0        0 
   98000    6.3839079      891        0        0 
   99000    6.4447216      890        0        0 
  100000    6.5094316      941        0        0 
  101000    6.5737566      922        0        0 
  102000    6.6361171      888        0        0 
  103000    6.6963103      951        0        0 
  104000    6.7590018      904        0        0 
  105000    6.8244615      889        0        0 
  106000    6.8882007      958        0        0 
  107000     6.949482      899        0        0 
  108000    7.0102573      937        0        0 
  109000    7.0748618      945        0        0 
  110000    7.1374029      932        0        0 
  111000    7.2027169      872        0        0 
  112000    7.2661868      898        0        0 
  113000      7.32761      922        0        0 
  114000    7.3868057      891        0        0 
  115000    7.4443939      896        0        0 
  116000    7.5071039      888        0        0 
  117000    7.5693946      865        0        0 
  118000    7.6266611      934        0        0 
  119000    7.6875781      901        0        0 
  120000      7.74985      948        0        0 
  121000    7.8107372      939        0        0 
  122000    7.8722483      890        0        0 
  123000    7.9322628      893        0        0 
  124000      7.98989      901        0        0 
  125000    8.0502159      934        0        0 
  126000    8.1092064      922        0        0 
  127000    8.1680182      933        0        0 
  128000    8.2306362      928        0        0 
  129000    8.2871084      915        0        0 
  130000    8.3517287      871        0        0 
  131000    8.4151893      950        0        0 
  132000    8.4714471      864        0        0 
  133000     8.528263      930        0        0 
  134000    8.5905056      893        0        0 
  135000     8.651434      934        0        0 
  136000    8.7136975      897        0        0 
  137000    8.7749449      920        0        0 
  138000    8.8463478      913        0        0 
  139000    8.9283655      924        0        0 
  140000    9.0006367      910        0        0 
  141000     9.066869      924        0        0 
  142000    9.1417585      891        0        0 
  143000    9.2109573      909        0        0 
  144000    9.2755999      864        0        0 
  145000    9.3343852      862        0        0 
  146000    9.4133248      909        0        0 
  147000    9.4733681      892        0        0 
  148000    9.5365489      892        0        0 
  149000    9.5985457      901        0        0 
  150000    9.6563253      904        0        0 
  151000    9.7130305      926        0        0 
  152000    9.7749003      988        0        0 
  153000    9.8416807      912        0        0 
  154000    9.9080542      925        0        0 
  155000    9.9685203      912        0        0 
  156000    10.026564      915        0        0 
  157000    10.087371      928        0        0 
  158000    10.144319      896        0        0 
  159000    10.206868      926        0        0 
  160000    10.270171      927        0        0 
  161000    10.334506      893        0        0 
  162000    10.393213      939        0        0 
  163000    10.454933      944        0        0 
  164000    10.512234      903        0        0 
  165000    10.580689      912        0        0 
  166000    10.645472      925        0        0 
  167000    10.701048      921        0        0 
  168000    10.761189      879        0        0 
  169000    10.825702      899        0        0 
  170000    10.910442      971        0        0 
  171000    11.014126      920        0        0 
  172000    11.133016      902        0        0 
  173000    11.206055      902        0        0 
  174000    11.301094      879        0        0 
  175000    11.375227      928        0        0 
  176000    11.475772      914        0        0 
  177000    11.563835      973        0        0 
  178000    11.669018      934        0        0 
  179000    11.769963      900        0        0 
  180000    11.868563      887        0        0 
  181000    11.990825      899        0        0 
  182000    12.105949      916        0        0 
  183000    12.238791      868        0        0 
  184000    12.349518      941        0        0 
  185000    12.462124      959        0        0 
  186000    12.550807      904        0        0 
  187000    12.672374      945        0        0 
  188000    12.777539      910        0        0 
  189000    12.880994      967        0        0 
  190000     13.00953      990        0        0 
  191000    13.134513      934        0        0 
  192000    13.250786      940        0        0 
  193000    13.335518      935        0        0 
  194000    13.455875      884        0        0 
  195000     13.57662      911        0        0 
  196000    13.664996      940        0        0 
  197000    13.757514      880        0        0 
  198000    13.866324      850        0        0 
  199000     13.95035      931        0        0 
  200000    14.045535      922        0        0 
  201000    14.128792      907        0        0 
  202000    14.207528      920        0        0 
  203000    14.269297      916        0        0 
  204000    14.335875      954        0        0 
  205000    14.396078      903        0        0 
  206000    14.461667      918        0        0 
  207000    14.554825      913        0        0 
  208000    14.618277      907        0        0 
  209000    14.677618      957        0        0 
  210000    14.739478      973        0        0 
  211000    14.811789      906        0        0 
  212000    14.884164      958        0        0 
  213000    14.978787      906        0        0 
  214000    15.076146      918        0        0 
  215000    15.162152      920        0        0 
  216000    15.244145      893        0        0 
  217000    15.328845      923        0        0 
  218000    15.413968      868        0        0 
  219000    15.492912      899        0        0 
  220000    15.574164      909        0        0 
  221000    15.657443      900        0        0 
  222000    15.736342      933        0        0 
  223000    15.821529      897        0        0 
  224000    15.902748      976        0        0 
  225000     15.97818      988        0        0 
  226000    16.047854      892        0        0 
  227000    16.120486      922        0        0 
  228000    16.199429      905        0        0 
  229000     16.26007      940        0        0 
  230000    16.329915      912        0        0 
  231000    16.402029      953        0        0 
  232000     16.46243      905        0        0 
  233000     16.52444      909        0        0 
  234000    16.585825      916        0        0 
  235000    16.645374      978        0        0 
  236000    16.708126      944        0        0 
  237000    16.769911      878        0        0 
  238000    16.837444      876        0        0 
  239000    16.897716      917        0        0 
  240000    16.978021      943        0        0 
  241000    17.043189      918        0        0 
  242000    17.102264      945        0        0 
  243000    17.158368      895        0        0 
  244000     17.21623      878        0        0 
  245000    17.273132      906        0        0 
  246000    17.330545      909        0        0 
  247000     17.38893      865        0        0 
  248000    17.449773      866        0        0 
  249000    17.517805      904        0        0 
  250000    17.586367      897        0        0 
  251000    17.650627      929        0        0 
  252000    17.716554      908        0        0 
  253000     17.78042      911        0        0 
  254000    17.843445      976        0        0 
  255000    17.915718      904        0        0 
  256000    17.980179      859        0        0 
  257000    18.055031      938        0        0 
  258000    18.131347      905        0        0 
  259000    18.200035      901        0        0 
  260000    18.260657      921        0        0 
  261000      18.3177      906        0        0 
  262000    18.381568      926        0        0 
  263000    18.447823      931        0        0 
  264000    18.514047      924        0        0 
  265000    18.574799      894        0        0 
  266000    18.635819      904        0        0 
  267000    18.708173      967        0        0 
  268000    18.779511      930        0        0 
  269000    18.839908      844        0        0 
  270000    18.899684      942        0        0 
  271000    18.972001      934        0        0 
  272000    19.055399      905        0        0 
  273000    19.120469      858        0        0 
  274000    19.195135      909        0        0 
  275000    19.264085      963        0        0 
  276000    19.343342      875        0        0 
  277000    19.415034      922        0        0 
  278000    19.491069      942        0        0 
  279000    19.568481      932        0        0 
  280000    19.643123      871        0        0 
  281000    19.720925      952        0        0 
  282000    19.793757      896        0        0 
  283000    19.857253      932        0        0 
  284000    19.940101      861        0        0 
  285000    20.010093      923        0        0 
  286000    20.075429      890        0        0 
  287000    20.140989      864        0        0 
  288000    20.201597      924        0        0 
  289000    20.269624      942        0        0 
  290000    20.345574      914        0        0 
  291000    20.441786      911        0        0 
  292000    20.517808      931        0        0 
  293000    20.602896      975        0        0 
  294000     20.68785      958        0        0 
  295000     20.76138      925        0        0 
  296000    20.844098      905        0        0 
  297000    20.921515      925        0        0 
  298000    20.994097      888        0        0 
  299000     21.06142      902        0        0 
  300000    21.128239      893        0        0 
  301000    21.202461      968        0        0 
  302000    21.275539      897        0        0 
  303000    21.350782      954        0        0 
  304000    21.421238      962        0        0 
  305000       21.502      947        0        0 
  306000    21.573586      913        0        0 
  307000    21.640085      897        0        0 
  308000     21.69948      892        0        0 
  309000    21.758803      867        0        0 
  310000    21.822923      856        0        0 
  311000    21.879168      851        0        0 
  312000    21.936366      903        0        0 
  313000    21.994334      892        0        0 
  314000    22.085683      905        0        0 
  315000    22.151327      888        0        0 
  316000    22.207111      921        0        0 
  317000    22.292942      900        0        0 
  318000    22.361014      897        0        0 
  319000    22.422112      891        0        0 
  320000     22.48063      882        0        0 
  321000    22.551381      903        0        0 
  322000    22.609623      883        0        0 
  323000    22.672346      958        0        0 
  324000    22.732076      951        0        0 
  325000    22.791988      989        0        0 
  326000    22.851626      962        0        0 
  327000     22.91583      918        0        0 
  328000    22.976317      893        0        0 
  329000    23.037775      951        0        0 
  330000    23.097214      913        0        0 
  331000    23.156027      880        0        0 
  332000    23.214138      928        0        0 
  333000       23.275      911        0        1 
  334000    23.335091      897        0        0 
  335000    23.394641      881        0        0 
  336000    23.465046      918        0        0 
  337000    23.524543      854        0        0 
  338000    23.583137      955        0        0 
  339000    23.640032      958        0        0 
  340000    23.698239      968        0        0 
  341000    23.759357      943        0        0 
  342000    23.820351      866        0        0 
  343000    23.878507      932        0        0 
  344000    23.938124      932        0        0 
  345000    23.998631      931        0        0 
  346000     24.07206      940        0        0 
  347000     24.12961      834        0        0 
  348000    24.190332      881        0        0 
  349000    24.248187      851        0        0 
  350000    24.305477      928        0        0 
  351000    24.366396      933        0        0 
  352000     24.43036      938        0        0 
  353000     24.49483      853        0        0 
  354000    24.570325      919        0        0 
  355000    24.627187      913        0        0 
  356000    24.685533      890        0        0 
  357000    24.744933      917        0        0 
  358000    24.808964      896        0        0 
  359000    24.869436      908        0        0 
  360000    24.929255      901        0        0 
  361000    24.988161      899        0        0 
  362000    25.052936      944        0        0 
  363000    25.109017      909        0        0 
  364000    25.168554      851        0        0 
  365000     25.22584      889        0        0 
  366000    25.287023      951        0        0 
  367000     25.34653      955        0        0 
  368000    25.412793      879        0        0 
  369000    25.478113      894        0        0 
  370000    25.539918      960        0        0 
  371000    25.601311      928        0        0 
  372000    25.664107      928        0        0 
  373000    25.725289      865        0        0 
  374000    25.790197      904        0        0 
  375000     25.84951      930        0        0 
  376000     25.90976      905        0        0 
  377000     25.96891      901        0        0 
  378000    26.027697      957        0        0 
  379000    26.089493      915        0        0 
  380000    26.144362      909        0        0 
  381000    26.208035      931        0        0 
  382000    26.268701      886        0        0 
  383000    26.329348      939        0        0 
  384000    26.388193      950        0        0 
  385000    26.450085      902        0        0 
  386000    26.510084      944        0        0 
  387000    26.568617      908        0        0 
  388000    26.626264      916        0        0 
  389000    26.683464      893        0        0 
  390000    26.744337      891        0        0 
  391000    26.805865      895        0        0 
  392000    26.864111      898        0        0 
  393000    26.923461      912        0        0 
  394000    26.981534      923        0        0 
  395000    27.043492      896        0        0 
  396000    27.102971      934        0        0 
  397000    27.159908      922        0        0 
  398000    27.217048      912        0        0 
  399000    27.274693      862        0        0 
  400000    27.332121      891        0        0 
  401000    27.390537      900        0        0 
  402000    27.445595      881        0        0 
  403000     27.50771      914        0        0 
  404000     27.56601      941        0        0 
  405000    27.625648      880        0        0 
  406000     27.68417      894        0        0 
  407000    27.743396      889        0        0 
  408000    27.807946      897        0        0 
  409000     27.86778      895        0        0 
  410000    27.926906      939        0        0 
  411000    27.985041      971        0        0 
  412000    28.041932      885        0        0 
  413000    28.101051      895        0        0 
  414000    28.161413      840        0        0 
  415000    28.219195      870        0        0 
  416000    28.283009      895        0        0 
  416666    28.323789      891        0        0 
Loop time of 28.3238 on 4 procs for 416666 steps with 891 particles
Performance: 14710.793 timesteps/s, 13.107 Mparticle-step/s

MPI task timing breakdown:
Section |  min time  |  avg time  |  max time  |%varavg| %total
---------------------------------------------------------------
Move    | 2.6189     | 2.6947     | 2.7786     |   3.9 |  9.51
Coll    | 5.3506     | 5.7933     | 6.2471     |  13.4 | 20.45
Sort    | 10.276     | 10.476     | 10.66      |   4.5 | 36.99
Comm    | 2.3168     | 2.3979     | 2.4536     |   3.8 |  8.47
Modify  | 0.060572   | 1.5307     | 3.0198     | 118.8 |  5.40
Output  | 0.0083477  | 0.014882   | 0.032423   |   8.3 |  0.05
Other   |            | 5.416      |            |       | 19.12

Particle moves    = 380280921 (380M)
Cells touched     = 485935340 (486M)
Particle comms    = 1880428 (1.88M)
Boundary collides = 1602447 (1.6M)
Boundary exits    = 1079761 (1.08M)
SurfColl checks   = 3163246 (3.16M)
SurfColl occurs   = 651 (0.651K)
Surf reactions    = 0 (0K)
Collide attempts  = 15 (0.015K)
Collide occurs    = 10 (0.01K)
Gas reactions     = 0 (0K)
Particles stuck   = 0
Axisymm bad moves = 0

Particle-moves/CPUsec/proc: 3.35655e+06
Particle-moves/step: 912.676
Cell-touches/particle/step: 1.27783
Particle comm iterations/step: 1.99404
Particle fraction communicated: 0.00494484
Particle fraction colliding with boundary: 0.00421385
Particle fraction exiting boundary: 0.00283938
Surface-checks/particle/step: 0.00831818
Surface-collisions/particle/step: 1.71189e-06
Surface-reactions/particle/step: 0
Collision-attempts/particle/step: 3.94445e-08
Collisions/particle/step: 2.62963e-08
Gas-reactions/particle/step: 0

Particles: 222.75 ave 238 max 207 min
Histogram: 1 1 0 0 0 0 0 0 1 1
Cells:     16000 ave 16000 max 16000 min
Histogram: 4 0 0 0 0 0 0 0 0 0
GhostCell: 1640 ave 1640 max 1640 min
Histogram: 4 0 0 0 0 0 0 0 0 0
EmptyCell: 1640 ave 1640 max 1640 min
Histogram: 4 0 0 0 0 0 0 0 0 0
Surfs:     192 ave 192 max 192 min
Histogram: 4 0 0 0 0 0 0 0 0 0
GhostSurf: 0 ave 0 max 0 min
Histogram: 4 0 0 0 0 0 0 0 0 0
Memory usage per proc in Mbytes:
  particles (ave,min,max) = 1.5625 1.5625 1.5625
  grid      (ave,min,max) = 3.88879 3.88879 3.88879
  surf      (ave,min,max) = 0.0241699 0.0241699 0.0241699
  total     (ave,min,max) = 5.47656 5.47656 5.47656
Step CPU Np Ncoll Nscoll 
  416666            0      891        0        0 
  417000  0.022309001      927        0        0 
  418000  0.083835962      902        0        0 
  419000   0.14707478      930        0        0 
  420000   0.20728691      924        0        0 
  421000   0.27064092      886        0        0 
  422000   0.33229379      968        0        0 
  423000   0.39960824      906        0        0 
  424000   0.46295277      951        0        0 
  425000   0.52263378      914        0        0 
  426000   0.58520611      948        0        0 
  427000   0.66367779      911        0        0 
  428000   0.74156822      937        0        0 
  429000   0.80506335      905        0        0 
  430000   0.86263507      875        0        0 
  431000    0.9222286      922        0        0 
  432000   0.98432249      913        0        0 
  433000    1.0503549      948        0        0 
  434000    1.1156674      909        0        0 
  435000    1.1748306      887        0        0 
  436000    1.2337566      902        0        0 
  437000    1.2931989      898        0        0 
  438000    1.3515186      937        0        0 
  439000    1.4143361      877        0        0 
  440000    1.4830277      885        0        0 
  441000    1.5438059      871        0        0 
  442000     1.626676      874        0        0 
  443000    1.7004628      912        0        0 
  444000    1.7709488      904        0        0 
  445000    1.8337637      909        0        0 
  446000    1.8966896      920        0        0 
  447000    1.9543548      893        0        0 
  448000    2.0138266      930        0        0 
  449000    2.0733874      862        0        0 
  450000    2.1311137      872        0        0 
  451000    2.1947974      945        0        0 
  452000    2.2546238      915        0        0 
  453000    2.3135545      893        0        0 
  454000    2.3709576      902        0        0 
  455000    2.4296527      917        0        0 
  456000    2.4910235      925        0        0 
  457000    2.5543133      911        0        0 
  458000     2.615117      919        0        0 
  459000    2.6750003      893        0        0 
  460000      2.73788      931        0        0 
  461000    2.7937873      970        0        0 
  462000    2.8547468      901        0        0 
  463000    2.9107278      869        0        0 
  464000    2.9752938      873        0        0 
  465000    3.0369098      932        0        0 
  466000      3.09754      876        0        0 
  467000    3.1621773      960        0        0 
  468000     3.229996      855        0        0 
  469000    3.2915214      865        0        0 
  470000    3.3511322      921        0        0 
  471000     3.407812      875        0        0 
  472000    3.4712858      914        0        0 
  473000      3.52897      973        0        0 
  474000    3.5946102      966        0        0 
  475000    3.6545994      931        0        0 
  476000    3.7166919      917        0        0 
  477000    3.7755537      930        0        0 
  478000    3.8346138      861        0        0 
  479000    3.8957394      892        0        0 
  480000    3.9588387      919        0        0 
  481000    4.0183215      859        0        0 
  482000    4.0756969      898        0        0 
  483000    4.1353415      909        0        0 
  484000    4.2006459      940        0        0 
  485000    4.2579766      925        0        0 
  486000    4.3181804      927        0        0 
  487000    4.3865704      886        0        0 
  488000    4.4426378      906        0        0 
  489000     4.508938      895        0        0 
  490000    4.5679019      914        0        0 
  491000    4.6272126      907        0        0 
  492000    4.6861774      887        0        0 
  493000    4.7469295      923        0        0 
  494000    4.8043228      984        0        0 
  495000    4.8619764      889        0        0 
  496000    4.9216211      898        0        0 
  497000     4.978563      917        0        0 
  498000    5.0379467      942        0        0 
  499000    5.0963669      932        0        0 
  500000    5.1579838      935        0        0 
  501000    5.2228092      934        0        0 
  502000    5.2801832      906        0        0 
  503000    5.3381556      912        0        0 
  504000    5.3949994      855        0        0 
  505000    5.4625995      917        0        0 
  506000    5.5207811      898        0        0 
  507000    5.5811629      914        0        0 
  508000    5.6402297      920        0        0 
  509000    5.6959941      923        0        0 
  510000    5.7561332      918        0        0 
  511000    5.8130731      915        0        0 
  512000    5.8729613      877        0        0 
  513000    5.9311573      943        0        0 
  514000    5.9888522      936        0        0 
  515000    6.0454046      879        0        0 
  516000    6.1034735      893        0        0 
  517000     6.162647      916        0        0 
  518000    6.2215337      911        0        0 
  519000    6.2824625      894        0        0 
  520000    6.3409995      921        0        0 
  521000    6.4015468      910        0        0 
  522000    6.4636713      883        0        0 
  523000    6.5235374      900        0        0 
  524000    6.5967602      912        0        0 
  525000    6.6741273      928        0        0 
  526000    6.7384558      933        0        0 
  527000    6.8006256      945        0        0 
  528000    6.8670612      888        0        0 
  529000    6.9256493      900        0        0 
  530000    6.9893228      974        0        0 
  531000    7.0527858      946        0        0 
  532000    7.1102769      944        0        0 
  533000      7.17079      915        0        0 
  534000    7.2354999      935        0        0 
  535000    7.2959016      900        0        0 
  536000    7.3636574      905        0        0 
  537000    7.4207669      838        0        0 
  538000    7.4803379      978        0        0 
  539000     7.544422      871        0        0 
  540000     7.612064      894        0        0 
  541000    7.6725071      924        0        0 
  542000    7.7292085      910        0        0 
  543000     7.786718      863        0        0 
  544000    7.8431495      949        0        0 
  545000    7.9067032      935        0        0 
  546000     7.963014      930        0        0 
  547000    8.0207768      947        0        0 
  548000     8.077267      907        0        0 
  549000    8.1370284      938        0        0 
  550000    8.1989834      930        0        0 
  551000    8.2589089      926        0        0 
  552000    8.3201788      987        0        0 
  553000    8.3783453      891        0        0 
  554000    8.4348367      964        0        0 
  555000    8.4973192      938        0        0 
  556000    8.5542912      932        0        0 
  557000    8.6130437      919        0        0 
  558000    8.6722444      907        0        0 
  559000    8.7304108      902        0        0 
  560000    8.7877037      903        0        0 
  561000    8.8438251      904        0        0 
  562000    8.9016473      958        0        0 
  563000    8.9669019      877        0        0 
  564000    9.0266946      926        0        0 
  565000    9.0894226      873        0        0 
  566000    9.1508074      944        0        0 
  567000    9.2183628      944        0        0 
  568000    9.2754626      908        0        0 
  569000    9.3354181      911        0        0 
  570000    9.3934854      940        0        0 
  571000    9.4587409      928        0        0 
  572000    9.5179479      914        0        0 
  573000    9.5773203      915        0        0 
  574000    9.6452893      935        0        0 
  575000    9.7049049      914        0        0 
  576000    9.7637834      888        0        0 
  577000    9.8235146      957        0        0 
  578000    9.8841428      938        0        0 
  579000    9.9493034      951        0        0 
  580000     10.00877      929        0        0 
  581000    10.066735      944        0        0 
  582000    10.127684      893        0        0 
  583000    10.185538      922        0        0 
  584000    10.244684      930        0        0 
  585000      10.3051      928        0        0 
  586000    10.363196      896        0        0 
  587000    10.419981      853        0        0 
  588000    10.484574      882        0        0 
  589000    10.543172      918        0        0 
  590000    10.603137      924        0        0 
  591000    10.660872      916        0        0 
  592000    10.723525      892        0        0 
  593000    10.781718      895        0        0 
  594000    10.843954      852        0        0 
  595000    10.902748      895        0        0 
  596000    10.961154      938        0        0 
  597000     11.01955      887        0        0 
  598000    11.078882      875        0        0 
  599000    11.135652      902        0        0 
  600000    11.192752      924        0        0 
  601000    11.254044      911        0        0 
  602000    11.310539      890        0        0 
  603000     11.37154      903        0        0 
  604000    11.432525      935        0        0 
  605000    11.494951      860        0        0 
  606000      11.5568      901        0        0 
  607000    11.632892      973        0        0 
  608000      11.6925      905        0        0 
  609000    11.754149      928        0        0 
  610000    11.816412      950        0        0 
  611000    11.876872      871        0        0 
  612000    11.937019      843        0        0 
  613000    11.994722      872        0        0 
  614000    12.054245      954        0        0 
  615000    12.126915      878        0        0 
  616000    12.218886      942        0        0 
  617000    12.342303      864        0        0 
  618000    12.464296      874        0        0 
  619000    12.536015      927        0        0 
  620000    12.642947      916        0        0 
  621000    12.761963      900        0        0 
  622000    12.859235      936        0        0 
  623000    12.973561      875        0        0 
  624000    13.040545      917        0        0 
  625000    13.117777      893        0        0 
  626000    13.221899      879        0        0 
  627000     13.30477      902        0        0 
  628000    13.373359      912        0        0 
  629000    13.434288      934        0        0 
  630000    13.496103      889        0        0 
  631000    13.559809      916        0        0 
  632000    13.627284      893        0        0 
  633000    13.701993      913        0        0 
  634000    13.778455      944        0        0 
  635000    13.862379      879        0        0 
  636000     13.95801      907        0        0 
  637000    14.062884      895        0        0 
  638000    14.162396      899        0        0 
  639000    14.256938      897        0        0 
  640000    14.344853      950        0        0 
  641000    14.420483      943        0        0 
  642000    14.495084      850        0        0 
  643000    14.573206      874        0        0 
  644000    14.632189      870        0        0 
  645000    14.690079      916        0        0 
  646000    14.749626      896        0        0 
  647000    14.809907      900        0        0 
  648000     14.87159      952        0        0 
  649000    14.927312      863        0        0 
  650000    14.988702      852        0        0 
  651000    15.047022      886        0        0 
  652000    15.107252      903        0        0 
  653000    15.164207      918        0        0 
  654000    15.227124      929        0        0 
  655000    15.287439      951        0        0 
  656000    15.348668      946        0        0 
  657000    15.406344      923        0        0 
  658000    15.469826      906        0        0 
  659000    15.531392      954        0        0 
  660000    15.593734      926        0        0 
  661000    15.654634      888        0        0 
  662000    15.710958      913        0        0 
  663000    15.771972      889        0        0 
  664000    15.829127      886        0        0 
  665000    15.887182      877        0        0 
  666000    15.948254      965        0        0 
  667000    16.006568      871        0        0 
  668000    16.063052      907        0        0 
  669000    16.120039      889        0        0 
  670000    16.175954      936        0        0 
  671000    16.236528      911        0        0 
  672000    16.296803      912        0        0 
  673000    16.355904      900        0        0 
  674000    16.416362      951        0        0 
  675000      16.4796      871        0        0 
  676000    16.540845      880        0        0 
  677000    16.603322      926        0        0 
  678000    16.663196      953        0        0 
  679000     16.72759      971        0        0 
  680000    16.790435      897        0        0 
  681000    16.848204      884        0        0 
  682000    16.916053      888        0        0 
  683000      16.9759      991        0        0 
  684000    17.036989      917        0        0 
  685000    17.100714      925        0        0 
  686000    17.165941      948        0        0 
  687000    17.241569      958        0        0 
  688000     17.32727      925        0        0 
  689000    17.392357      924        0        0 
  690000    17.463874      925        0        0 
  691000    17.541681      867        0        0 
  692000    17.640224      896        0        0 
  693000    17.703694      965        0        0 
  694000    17.762541      916        0        0 
  695000    17.828514      923        0        0 
  696000    17.886646      931        0        0 
  697000     17.95263      986        0        0 
  698000    18.013441      911        0        0 
  699000    18.072736      900        0        0 
  700000     18.13586      905        0        0 
  701000    18.195901      914        0        0 
  702000    18.255135      930        0        0 
  703000    18.314114      890        0        0 
  704000    18.376807      908        0        0 
  705000    18.439554      876        0        0 
  706000    18.505694      938        0        0 
  707000    18.572014      910        0        0 
  708000    18.630028      941        0        0 
  709000    18.688869      909        0        0 
  710000    18.749692      960        0        0 
  711000    18.808013      903        0        0 
  712000    18.868082      952        0        0 
  713000    18.928382      927        0        0 
  714000    18.991027      951        0        0 
  715000    19.059796      973        0        0 
  716000    19.130556      897        0        0 
  717000    19.200998      921        0        0 
  718000    19.284998      914        0        0 
  719000    19.373465      870        0        0 
  720000    19.469971      876        0        0 
  721000    19.580898      905        0        0 
  722000    19.654115      972        0        0 
  723000    19.713551      950        0        0 
  724000    19.776522      917        0        0 
  725000    19.841803      922        0        0 
  726000    19.906123      876        0        0 
  727000    19.965755      933        0        0 
  728000    20.025294      932        0        0 
  729000    20.086438      857        0        0 
  730000    20.146977      930        0        0 
  731000    20.213841      939        0        0 
  732000    20.274692      926        0        0 
  733000    20.335674      900        0        0 
  734000    20.396576      940        0        0 
  735000      20.4635      944        0        0 
  736000     20.52565      891        0        0 
  737000    20.594602      905        0        0 
  738000    20.664695      942        0        0 
  739000     20.73536      884        0        0 
  740000    20.797286      895        0        0 
  741000    20.866494      910        0        0 
  742000    20.932724      904        0        0 
  743000    21.001868      874        0        0 
  744000    21.070795      933        0        0 
  745000    21.168574      842        0        0 
  746000    21.234528      856        0        0 
  747000    21.295965      875        0        0 
  748000    21.353333      936        0        0 
  749000    21.413813      946        0        0 
  750000    21.473915      896        0        0 
  751000    21.532406      897        0        0 
  752000    21.592458      905        0        0 
  753000    21.652562      948        0        0 
  754000    21.710903      885        0        0 
  755000    21.772461      981        0        0 
  756000    21.833131      952        0        0 
  757000    21.896231      936        0        0 
  758000    21.954891      952        0        0 
  759000    22.012541      927        0        0 
  760000    22.070507      924        0        0 
  761000    22.134712      901        0        0 
  762000    22.193644      896        0        0 
  763000    22.252394      910        0        0 
  764000    22.313946      917        0        0 
  765000    22.380005      888        0        0 
  766000    22.439234      889        0        0 
  767000    22.498792      889        0        0 
  768000    22.564767      921        0        0 
  769000    22.626473      943        0        0 
  770000    22.682301      915        0        0 
  771000     22.74336      943        0        0 
  772000    22.801641      922        0        0 
  773000    22.858728      895        0        0 
  774000    22.915323      864        0        0 
  775000    22.975239      944        0        0 
  776000    23.033198      910        0        0 
  777000    23.088539      923        0        0 
  778000    23.152899      866        0        0 
  779000    23.215437      885        0        0 
  780000    23.273416      923        0        0 
  781000    23.328498      940        0        0 
  782000     23.38661      871        0        0 
  783000     23.44635      894        0        0 
  784000     23.51185      888        0        0 
  785000    23.570423      848        0        0 
  786000      23.6327      948        0        0 
  787000    23.693408      947        0        0 
  788000    23.755149      930        0        0 
  789000    23.813662      909        0        0 
  790000    23.871746      901        0        0 
  791000    23.930771      872        0        0 
  792000    23.994533      968        0        0 
  793000     24.05463      940        0        0 
  794000    24.113082      948        0        0 
  795000    24.174975      938        0        0 
  796000    24.234441      925        0        0 
  797000    24.292989      916        0        0 
  798000    24.353045      926        0        0 
  799000    24.413082      879        0        0 
  800000    24.477398      933        0        0 
  801000    24.536634      856        0        0 
  802000     24.59453      935        0        0 
  803000    24.653511      902        0        0 
  804000    24.708849      900        0        0 
  805000    24.764769      906        0        0 
  806000    24.823353      919        0        0 
  807000    24.881335      939        0        0 
  808000    24.941349      966        0        0 
  809000    25.006132      899        0        0 
  810000    25.067856      938        0        0 
  811000    25.126059      920        0        0 
  812000    25.186032      897        0        0 
  813000    25.245973      901        0        0 
  814000     25.30561      950        0        0 
  815000    25.361753      910        0        0 
  816000     25.42166      897        0        0 
  817000    25.483861      883        0        0 
  818000    25.543655      957        0        0 
  819000    25.607601      944        0        0 
  820000    25.669459      928        0        0 
  821000    25.726189      883        0        0 
  822000    25.783926      892        0        0 
  823000     25.84443      941        0        0 
  824000    25.903151      885        0        0 
  825000    25.962368      899        0        0 
  826000    26.021781      881        0        0 
  827000    26.080459      950        0        0 
  828000    26.140588      956        0        0 
  829000     26.20437      925        0        0 
  830000    26.261418      925        0        0 
  831000     26.32119      939        0        0 
  832000    26.381149      906        0        0 
  832666    26.423219      956        0        0 
Loop time of 26.4233 on 4 procs for 416000 steps with 956 particles
Performance: 15743.708 timesteps/s, 15.051 Mparticle-step/s

MPI task timing breakdown:
Section |  min time  |  avg time  |  max time  |%varavg| %total
---------------------------------------------------------------
Move    | 2.4177     | 2.4816     | 2.5468     |   3.2 |  9.39
Coll    | 5.1196     | 5.5372     | 5.9628     |  13.1 | 20.96
Sort    | 9.8736     | 10.081     | 10.261     |   4.4 | 38.15
Comm    | 2.1292     | 2.2079     | 2.2644     |   3.6 |  8.36
Modify  | 0.091013   | 1.5074     | 2.9352     | 115.2 |  5.70
Output  | 0.0093225  | 0.016684   | 0.037517   |   9.3 |  0.06
Other   |            | 4.591      |            |       | 17.38

Particle moves    = 379982541 (380M)
Cells touched     = 485585408 (486M)
Particle comms    = 1878906 (1.88M)
Boundary collides = 1602096 (1.6M)
Boundary exits    = 1078590 (1.08M)
SurfColl checks   = 3063244 (3.06M)
SurfColl occurs   = 602 (0.602K)
Surf reactions    = 0 (0K)
Collide attempts  = 17 (0.017K)
Collide occurs    = 14 (0.014K)
Gas reactions     = 0 (0K)
Particles stuck   = 0
Axisymm bad moves = 0

Particle-moves/CPUsec/proc: 3.59515e+06
Particle-moves/step: 913.42
Cell-touches/particle/step: 1.27792
Particle comm iterations/step: 1.99439
Particle fraction communicated: 0.00494472
Particle fraction colliding with boundary: 0.00421624
Particle fraction exiting boundary: 0.00283853
Surface-checks/particle/step: 0.00806154
Surface-collisions/particle/step: 1.58428e-06
Surface-reactions/particle/step: 0
Collision-attempts/particle/step: 4.47389e-08
Collisions/particle/step: 3.68438e-08
Gas-reactions/particle/step: 0

Particles: 239 ave 251 max 225 min
Histogram: 1 0 0 1 0 0 0 0 1 1
Cells:     16000 ave 16000 max 16000 min
Histogram: 4 0 0 0 0 0 0 0 0 0
GhostCell: 1640 ave 1640 max 1640 min
Histogram: 4 0 0 0 0 0 0 0 0 0
EmptyCell: 1640 ave 1640 max 1640 min
Histogram: 4 0 0 0 0 0 0 0 0 0
Surfs:     192 ave 192 max 192 min
Histogram: 4 0 0 0 0 0 0 0 0 0
GhostSurf: 0 ave 0 max 0 min
Histogram: 4 0 0 0 0 0 0 0 0 0
