SPARTA (24 Sep 2025)
Running on 4 MPI task(s)
Created orthogonal box = (0 0 0) to (5e-06 5e-06 5e-06)
WARNING: Could not acquire nearby ghost cells b/c grid partition is not clumped (../grid.cpp:473)
Created 64000 child grid cells
  CPU time = 0.00273553 secs
  create/ghost percent = 86.6705 13.3295
Balance grid migrated 48000 cells
  CPU time = 0.0184093 secs
  reassign/sort/migrate/ghost percent = 18.0861 1.46845 45.2479 35.1976
Reading surface file ...
  192 triangles
  2.45e-06 2.55e-06 xlo xhi
  2.45e-06 2.55e-06 ylo yhi
  2.45e-06 2.55e-06 zlo zhi
  1.37386e-08 min triangle edge length
  8.32156e-17 min triangle area
  8 0 = cells overlapping surfs, overlap cells with unmarked corner pts
  63992 0 8 = cells outside/inside/overlapping surfs
  8 = surf cells with 1,2,etc splits
  1.24999513661446e-16 1.24999513661465e-16 = cell-wise and global flow volume
  CPU time = 0.0191714 secs
  read/check/sort/surf2grid/ghost/inout/particle percent = 54.4397 1.64721 3.87113 24.7904 15.2516 6.20604 0.00408421
  surf2grid time = 0.00475267 secs
  map/comm1/comm2/comm3/comm4/split percent = 36.8824 1.46132 24.6968 3.33831 3.0887 8.13435
Memory usage per proc in Mbytes:
  particles (ave,min,max) = 0 0 0
  grid      (ave,min,max) = 3.88879 3.88879 3.88879
  surf      (ave,min,max) = 0.0241699 0.0241699 0.0241699
  total     (ave,min,max) = 3.91296 3.91296 3.91296
Step CPU Np Ncoll Nscoll 
       0            0        0        0        0 
    1000   0.17257007      964        0        0 
    2000    0.3934874      916        0        0 
    3000   0.63741981      876        0        0 
    4000   0.91085742      930        0        0 
    5000    1.1112496      947        0        0 
    6000    1.2885457      909        0        0 
    7000     1.461263      897        0        0 
    8000     1.627178      902        0        0 
    9000    1.7879331      906        0        0 
   10000    1.9546948      892        0        0 
   11000    2.1075882      917        0        0 
   12000    2.2697257      954        0        0 
   13000    2.4214849      886        0        0 
   14000    2.5753945      900        0        0 
   15000    2.7346522      904        0        0 
   16000    2.8998205      930        0        0 
   17000    3.0535842      889        0        0 
   18000    3.2077617      917        0        0 
   19000    3.3693942      974        1        0 
   20000    3.5359534      903        0        0 
   21000     3.690072      908        1        0 
   22000    3.9078838      863        0        0 
   23000    4.0641431      945        0        0 
   24000    4.2689867      881        1        0 
   25000    4.4270244      928        0        0 
Loop time of 4.42707 on 4 procs for 25000 steps with 928 particles
Performance: 5647.074 timesteps/s, 5.240 Mparticle-step/s

MPI task timing breakdown:
Section |  min time  |  avg time  |  max time  |%varavg| %total
---------------------------------------------------------------
Move    | 1.5595     | 1.5969     | 1.6335     |   2.1 | 36.07
Coll    | 0.39584    | 0.40717    | 0.42646    |   1.8 |  9.20
Sort    | 0.8086     | 0.83783    | 0.86582    |   2.7 | 18.93
Comm    | 0.3976     | 0.41283    | 0.41916    |   1.4 |  9.33
Modify  | 0.0070877  | 0.1808     | 0.35561    |  40.6 |  4.08
Output  | 0.00052075 | 0.00097931 | 0.0018576  |   0.0 |  0.02
Other   |            | 0.9906     |            |       | 22.38

Particle moves    = 22676940 (22.7M)
Cells touched     = 127907352 (128M)
Particle comms    = 1875101 (1.88M)
Boundary collides = 1590445 (1.59M)
Boundary exits    = 1080033 (1.08M)
SurfColl checks   = 820276 (0.82M)
SurfColl occurs   = 554 (0.554K)
Surf reactions    = 0 (0K)
Collide attempts  = 2838 (2.84K)
Collide occurs    = 2137 (2.14K)
Gas reactions     = 0 (0K)
Particles stuck   = 0
Axisymm bad moves = 0

Particle-moves/CPUsec/proc: 1.28058e+06
Particle-moves/step: 907.078
Cell-touches/particle/step: 5.64041
Particle comm iterations/step: 2.77996
Particle fraction communicated: 0.0826876
Particle fraction colliding with boundary: 0.0701349
Particle fraction exiting boundary: 0.0476269
Surface-checks/particle/step: 0.0361723
Surface-collisions/particle/step: 2.44301e-05
Surface-reactions/particle/step: 0
Collision-attempts/particle/step: 0.000125149
Collisions/particle/step: 9.42367e-05
Gas-reactions/particle/step: 0

Particles: 232 ave 253 max 215 min
Histogram: 1 0 1 0 0 1 0 0 0 1
Cells:     16000 ave 16000 max 16000 min
Histogram: 4 0 0 0 0 0 0 0 0 0
GhostCell: 1640 ave 1640 max 1640 min
Histogram: 4 0 0 0 0 0 0 0 0 0
EmptyCell: 1640 ave 1640 max 1640 min
Histogram: 4 0 0 0 0 0 0 0 0 0
Surfs:     192 ave 192 max 192 min
Histogram: 4 0 0 0 0 0 0 0 0 0
GhostSurf: 0 ave 0 max 0 min
Histogram: 4 0 0 0 0 0 0 0 0 0
Memory usage per proc in Mbytes:
  particles (ave,min,max) = 1.5625 1.5625 1.5625
  grid      (ave,min,max) = 3.88879 3.88879 3.88879
  surf      (ave,min,max) = 0.0241699 0.0241699 0.0241699
  total     (ave,min,max) = 5.47656 5.47656 5.47656
Step CPU Np Ncoll Nscoll 
   25000            0      928        0        0 
   26000   0.12974501      838        0        0 
   27000   0.25102337      870        0        0 
   28000   0.37476115      919        0        0 
   29000   0.50064399      931        0        0 
   30000   0.63064283      905        0        0 
   31000   0.75446787      912        0        0 
   32000   0.87039123      938        0        0 
   33000    0.9976227      936        0        0 
   34000    1.1283649      902        0        0 
   35000    1.2565154      867        0        0 
   36000    1.3841934      895        1        0 
   37000    1.5166841      939        0        0 
   38000    1.6839246      894        0        0 
   39000     1.813611      911        0        0 
   40000    1.9326215      888        0        0 
   41000    2.0575058      952        0        0 
   42000    2.1836828      901        1        0 
   43000    2.3051119      910        0        0 
   44000    2.4353787      909        0        0 
   45000    2.5684095      909        0        0 
   46000    2.6955474      876        0        0 
   47000    2.8494951      889        0        0 
   48000    2.9774695      954        1        0 
   49000     3.103182      909        1        0 
   50000    3.2324821      912        0        0 
Loop time of 3.23255 on 4 procs for 25000 steps with 912 particles
Performance: 7733.843 timesteps/s, 7.053 Mparticle-step/s

MPI task timing breakdown:
Section |  min time  |  avg time  |  max time  |%varavg| %total
---------------------------------------------------------------
Move    | 1.1819     | 1.2095     | 1.2387     |   1.9 | 37.42
Coll    | 0.31929    | 0.32749    | 0.34446    |   1.7 | 10.13
Sort    | 0.63814    | 0.66498    | 0.69256    |   3.1 | 20.57
Comm    | 0.26092    | 0.26858    | 0.27384    |   0.9 |  8.31
Modify  | 0.01223    | 0.15281    | 0.29505    |  35.9 |  4.73
Output  | 0.0020032  | 0.0023881  | 0.0033391  |   1.1 |  0.07
Other   |            | 0.6067     |            |       | 18.77

Particle moves    = 22773430 (22.8M)
Cells touched     = 128230520 (128M)
Particle comms    = 1877341 (1.88M)
Boundary collides = 1597187 (1.6M)
Boundary exits    = 1079150 (1.08M)
SurfColl checks   = 826406 (0.826M)
SurfColl occurs   = 639 (0.639K)
Surf reactions    = 0 (0K)
Collide attempts  = 3005 (3K)
Collide occurs    = 2242 (2.24K)
Gas reactions     = 0 (0K)
Particles stuck   = 0
Axisymm bad moves = 0

Particle-moves/CPUsec/proc: 1.76126e+06
Particle-moves/step: 910.937
Cell-touches/particle/step: 5.63071
Particle comm iterations/step: 2.77572
Particle fraction communicated: 0.0824356
Particle fraction colliding with boundary: 0.0701338
Particle fraction exiting boundary: 0.0473864
Surface-checks/particle/step: 0.0362882
Surface-collisions/particle/step: 2.8059e-05
Surface-reactions/particle/step: 0
Collision-attempts/particle/step: 0.000131952
Collisions/particle/step: 9.84481e-05
Gas-reactions/particle/step: 0

Particles: 228 ave 236 max 217 min
Histogram: 1 0 0 0 1 0 0 0 1 1
Cells:     16000 ave 16000 max 16000 min
Histogram: 4 0 0 0 0 0 0 0 0 0
GhostCell: 1640 ave 1640 max 1640 min
Histogram: 4 0 0 0 0 0 0 0 0 0
EmptyCell: 1640 ave 1640 max 1640 min
Histogram: 4 0 0 0 0 0 0 0 0 0
Surfs:     192 ave 192 max 192 min
Histogram: 4 0 0 0 0 0 0 0 0 0
GhostSurf: 0 ave 0 max 0 min
Histogram: 4 0 0 0 0 0 0 0 0 0
