SPARTA (24 Sep 2025)
Running on 4 MPI task(s)
Created orthogonal box = (0 0 0) to (5e-06 5e-06 5e-06)
WARNING: Could not acquire nearby ghost cells b/c grid partition is not clumped (../grid.cpp:473)
Created 64000 child grid cells
  CPU time = 0.0029049 secs
  create/ghost percent = 90.3638 9.63622
Balance grid migrated 48000 cells
  CPU time = 0.0151912 secs
  reassign/sort/migrate/ghost percent = 25.3595 0.97408 41.7293 31.9371
Reading surface file ...
  192 triangles
  2.45e-06 2.55e-06 xlo xhi
  2.45e-06 2.55e-06 ylo yhi
  2.45e-06 2.55e-06 zlo zhi
  1.37386e-08 min triangle edge length
  8.32156e-17 min triangle area
  8 0 = cells overlapping surfs, overlap cells with unmarked corner pts
  63992 0 8 = cells outside/inside/overlapping surfs
  8 = surf cells with 1,2,etc splits
  1.24999513661446e-16 1.24999513661465e-16 = cell-wise and global flow volume
  CPU time = 0.0192043 secs
  read/check/sort/surf2grid/ghost/inout/particle percent = 56.7899 1.92984 4.13858 24.2603 12.8814 5.08439 0.00379082
  surf2grid time = 0.00465902 secs
  map/comm1/comm2/comm3/comm4/split percent = 37.7845 1.53923 34.0343 3.97206 3.06562 7.6045
Memory usage per proc in Mbytes:
  particles (ave,min,max) = 0 0 0
  grid      (ave,min,max) = 3.88879 3.88879 3.88879
  surf      (ave,min,max) = 0.0241699 0.0241699 0.0241699
  total     (ave,min,max) = 3.91296 3.91296 3.91296
Step CPU Np Ncoll Nscoll 
       0            0        0        0        0 
    1000  0.063099851      887        0        0 
    2000   0.13317938      864        0        0 
    3000   0.20544168      874        0        0 
    4000    0.2703854      849        0        0 
    5000    0.3360556      947        0        0 
    6000   0.39887364      901        0        0 
    7000    0.4641195      955        0        0 
    8000   0.53182371      897        0        0 
    9000   0.59870084      866        0        0 
   10000   0.66928033      906        0        0 
   11000   0.75273209      901        0        0 
   12000   0.82759155      921        0        0 
   13000    0.8920525      908        0        0 
   14000   0.95365478      865        0        0 
   15000    1.0180533      872        0        0 
   16000    1.0795753      878        0        0 
   17000    1.1440459      928        0        0 
   18000    1.2107767      983        0        0 
   19000    1.2819523      935        0        0 
   20000    1.3431621      895        0        0 
   21000     1.412084      866        0        0 
   22000    1.4797784      815        0        0 
   23000    1.5433701      812        0        0 
   24000    1.6073592      927        0        0 
   25000    1.6745328      892        0        0 
   26000    1.7420046      898        0        0 
   27000    1.8131415      889        0        0 
   28000    1.8788509      890        0        0 
   29000    1.9451522      932        0        0 
   30000     2.013809      897        0        0 
   31000    2.0761207      913        0        0 
   32000    2.1388494      875        0        0 
   33000    2.2052535      911        0        0 
   34000    2.2693725      918        0        0 
   35000    2.3343629      935        0        0 
   36000     2.399121      902        0        0 
   37000    2.4644683      894        0        0 
   38000    2.5324752      919        0        0 
   39000    2.5931446      876        0        0 
   40000    2.6582631      910        0        0 
   41000    2.7214565      945        0        0 
   42000    2.7898203      956        0        0 
   43000    2.8517738      935        0        0 
   44000    2.9200352      897        0        0 
   45000    2.9845547      898        0        0 
   46000    3.0447981      919        0        0 
   47000    3.1045871      919        0        0 
   48000    3.1715211      889        0        0 
   49000    3.2356509      958        0        0 
   50000    3.3023269      957        0        0 
   51000    3.3682143      938        0        0 
   52000    3.4342498      899        0        0 
   53000    3.4993636      879        0        0 
   54000    3.5582439      898        0        0 
   55000    3.6264882      921        0        0 
   56000    3.7174818      971        0        0 
   57000    3.8316494      960        0        0 
   58000    3.8960074      913        0        0 
   59000    3.9672696      920        0        0 
   60000    4.0323674      914        0        0 
   61000    4.0948325      921        0        0 
   62000     4.157926      884        0        0 
   63000    4.2206087      861        0        0 
   64000    4.2832949      907        0        0 
   65000    4.3469846      887        0        0 
   66000    4.4194913      902        0        0 
   67000    4.4805087      926        0        0 
   68000    4.5549162     1004        0        0 
   69000    4.6236923      938        0        0 
   70000    4.6933666      972        0        0 
   71000    4.7672438      915        0        0 
   72000    4.8285959      862        0        0 
   73000    4.8921542      916        0        0 
   74000      4.95549      879        0        0 
   75000    5.0209265      939        0        0 
   76000    5.0856413      955        0        0 
   77000    5.1536571      958        0        0 
   78000    5.2323545      959        0        0 
   79000      5.29331      892        0        0 
   80000    5.3594014      906        0        0 
   81000    5.4316336      861        0        0 
   82000    5.5011811      958        0        0 
   83000     5.577055      923        0        0 
   84000     5.664009      883        0        0 
   85000    5.7325692      910        0        0 
   86000     5.795246      891        0        0 
   87000    5.8580214      915        0        0 
   88000    5.9261568      900        0        0 
   89000    5.9922784      902        0        0 
   90000    6.0548447      904        0        0 
   91000    6.1152519      923        0        0 
   92000    6.1785099      922        0        0 
   93000    6.2431739      913        0        0 
   94000    6.3115892      933        0        0 
   95000    6.3739283      870        0        0 
   96000    6.4381641      923        0        0 
   97000    6.5026061      917        0        0 
   98000    6.5677904      878        0        0 
   99000    6.6317601      893        0        0 
  100000    6.6981062      919        0        0 
  101000    6.7692961      859        0        0 
  102000    6.8304208      947        0        0 
  103000     6.894805      910        0        0 
  104000     6.956612      884        0        0 
  105000    7.0241577      898        0        0 
  106000    7.0842687      875        0        0 
  107000     7.150195      955        0        0 
  108000    7.2299318      918        0        0 
  109000    7.3347651      881        0        0 
  110000    7.4338972      912        0        0 
  111000    7.5342581      920        0        0 
  112000    7.6504684      895        0        0 
  113000      7.79803      877        0        0 
  114000    7.9119331      941        0        0 
  115000     8.023606      940        0        0 
  116000    8.1221477      864        0        0 
  117000    8.2202364      954        0        0 
  118000    8.3226478      941        0        0 
  119000    8.4048023      879        0        0 
  120000     8.469867      911        0        0 
  121000     8.638021      946        0        0 
  122000    8.8041569      932        0        0 
  123000    8.9706378      939        0        0 
  124000     9.059903      907        0        0 
  125000      9.15238      956        0        0 
  126000    9.2862305      882        0        0 
  127000    9.3734772      951        0        0 
  128000    9.4544588      951        0        0 
  129000    9.5387281      874        0        0 
  130000    9.6219842      876        0        0 
  131000     9.699788      909        0        0 
  132000    9.7793458      841        0        0 
  133000     9.871415      902        0        0 
  134000    9.9814467      948        0        0 
  135000    10.085084      904        0        0 
  136000    10.179071      921        0        0 
  137000    10.253917      952        0        0 
  138000    10.344286      954        0        0 
  139000    10.415522      918        0        0 
  140000     10.51522      891        0        0 
  141000    10.631495      909        0        0 
  142000     10.73187      971        0        0 
  143000      10.8663      874        0        0 
  144000    11.001796      919        0        0 
  145000    11.105392      901        0        0 
  146000    11.193522      905        0        0 
  147000    11.296132      895        0        0 
  148000    11.399062      972        0        0 
  149000     11.49914      973        0        0 
  150000    11.598794      911        0        0 
  151000    11.698586      875        0        0 
  152000    11.791733      910        0        0 
  153000    11.900535      947        0        0 
  154000     12.00456      958        0        0 
  155000    12.121232      885        0        0 
  156000    12.234665      891        0        0 
  157000    12.337221      912        0        0 
  158000    12.433269      927        0        0 
  159000    12.515121      891        0        0 
  160000    12.604381      968        0        0 
  161000    12.687372      874        0        0 
  162000    12.777033      957        0        0 
  163000    12.876089      879        0        0 
  164000    12.965397      888        0        0 
  165000    13.063366      945        0        0 
  166000     13.16901      910        0        0 
  167000    13.282812      857        0        0 
  168000    13.382071      905        0        0 
  169000    13.482448      943        0        0 
  170000    13.589356      931        0        0 
  171000    13.684414      891        0        0 
  172000    13.782031      909        0        0 
  173000    13.875691      908        0        0 
  174000     13.96362      849        0        0 
  175000    14.049041      902        0        0 
  176000    14.148667      895        0        0 
  177000    14.244421      917        0        0 
  178000     14.34168      924        0        0 
  179000    14.454236      856        0        0 
  180000    14.544793      914        0        0 
  181000     14.64107      963        0        0 
  182000    14.744948      946        0        0 
  183000    14.857438      955        0        0 
  184000    14.964387      930        0        0 
  185000    15.058523      945        0        0 
  186000    15.150079      957        0        0 
  187000    15.249567      881        0        0 
  188000    15.355613      952        0        0 
  189000    15.447452      890        0        0 
  190000    15.534205      880        0        0 
  191000    15.627669      940        0        0 
  192000    15.707529      890        0        0 
  193000     15.79455      939        0        0 
  194000    15.884944      901        0        0 
  195000    15.970084      926        0        0 
  196000    16.063853      916        0        0 
  197000    16.167557      915        0        0 
  198000    16.255041      867        0        0 
  199000    16.351243      929        0        0 
  200000    16.435071      903        0        0 
Loop time of 16.4351 on 4 procs for 200000 steps with 903 particles
Performance: 12169.061 timesteps/s, 10.989 Mparticle-step/s

MPI task timing breakdown:
Section |  min time  |  avg time  |  max time  |%varavg| %total
---------------------------------------------------------------
Move    | 1.969      | 2.0093     | 2.0658     |   3.0 | 12.23
Coll    | 2.8829     | 3.0732     | 3.1692     |   6.6 | 18.70
Sort    | 5.433      | 5.5169     | 5.6234     |   3.0 | 33.57
Comm    | 1.4389     | 1.5082     | 1.5818     |   4.7 |  9.18
Modify  | 0.036614   | 0.84704    | 1.6892     |  87.9 |  5.15
Output  | 0.0045807  | 0.0078662  | 0.017548   |   6.3 |  0.05
Other   |            | 3.473      |            |       | 21.13

Particle moves    = 182093955 (182M)
Cells touched     = 287525393 (288M)
Particle comms    = 1877628 (1.88M)
Boundary collides = 1596986 (1.6M)
Boundary exits    = 1079136 (1.08M)
SurfColl checks   = 1831578 (1.83M)
SurfColl occurs   = 615 (0.615K)
Surf reactions    = 0 (0K)
Collide attempts  = 30 (0.03K)
Collide occurs    = 21 (0.021K)
Gas reactions     = 0 (0K)
Particles stuck   = 0
Axisymm bad moves = 0

Particle-moves/CPUsec/proc: 2.76989e+06
Particle-moves/step: 910.47
Cell-touches/particle/step: 1.57899
Particle comm iterations/step: 2.02254
Particle fraction communicated: 0.0103113
Particle fraction colliding with boundary: 0.00877012
Particle fraction exiting boundary: 0.00592626
Surface-checks/particle/step: 0.0100584
Surface-collisions/particle/step: 3.37738e-06
Surface-reactions/particle/step: 0
Collision-attempts/particle/step: 1.6475e-07
Collisions/particle/step: 1.15325e-07
Gas-reactions/particle/step: 0

Particles: 225.75 ave 236 max 211 min
Histogram: 1 0 0 0 0 1 0 0 1 1
Cells:     16000 ave 16000 max 16000 min
Histogram: 4 0 0 0 0 0 0 0 0 0
GhostCell: 1640 ave 1640 max 1640 min
Histogram: 4 0 0 0 0 0 0 0 0 0
EmptyCell: 1640 ave 1640 max 1640 min
Histogram: 4 0 0 0 0 0 0 0 0 0
Surfs:     192 ave 192 max 192 min
Histogram: 4 0 0 0 0 0 0 0 0 0
GhostSurf: 0 ave 0 max 0 min
Histogram: 4 0 0 0 0 0 0 0 0 0
Memory usage per proc in Mbytes:
  particles (ave,min,max) = 1.5625 1.5625 1.5625
  grid      (ave,min,max) = 3.88879 3.88879 3.88879
  surf      (ave,min,max) = 0.0241699 0.0241699 0.0241699
  total     (ave,min,max) = 5.47656 5.47656 5.47656
Step CPU Np Ncoll Nscoll 
  200000            0      903        0        0 
  201000   0.10615533      956        0        0 
  202000   0.22880981      958        0        0 
  203000    0.3466794      934        0        0 
  204000   0.44354395      911        0        0 
  205000   0.53272848      899        0        0 
  206000   0.65937504      926        0        0 
  207000   0.74844364      974        0        0 
  208000   0.85144944      907        0        0 
  209000   0.95974484      937        0        0 
  210000    1.0836095      910        0        0 
  211000    1.1870008      934        0        0 
  212000     1.272718      906        0        0 
  213000    1.3630312      932        0        0 
  214000     1.452905      946        0        0 
  215000    1.5294811      903        0        0 
  216000    1.6572002      875        0        0 
  217000    1.7778127      963        0        0 
  218000    1.8938355      914        0        0 
  219000    2.0242356      958        0        0 
  220000     2.159322      951        0        0 
  221000    2.2662897      946        0        0 
  222000    2.3513167      863        0        0 
  223000    2.4433648      928        0        0 
  224000     2.524028      912        0        0 
  225000    2.6132081      907        0        0 
  226000    2.6936285      916        0        0 
  227000    2.7821328      887        0        0 
  228000    2.8749824      870        0        0 
  229000    2.9603047      941        0        0 
  230000     3.053866      889        0        0 
  231000     3.155186      897        0        0 
  232000    3.2584113      915        0        0 
  233000    3.3710544      934        0        0 
  234000    3.4601387      950        0        0 
  235000     3.558859      936        0        0 
  236000     3.659927      978        0        0 
  237000    3.7684923      900        0        0 
  238000    3.8588675      898        0        0 
  239000    3.9598564      896        0        0 
  240000    4.0546948      921        0        0 
  241000    4.1479562      865        0        0 
  242000     4.242153      888        0        0 
  243000    4.3258106      900        0        0 
  244000    4.4212271      912        0        0 
  245000      4.51039      909        0        0 
  246000    4.5899164      957        0        0 
  247000    4.6835259      941        0        0 
  248000    4.7855955      861        0        0 
  249000    4.8835751      903        0        0 
  250000    4.9719117      904        0        0 
  251000    5.0573923      957        0        0 
  252000    5.1395433      908        0        0 
  253000    5.2262107      912        0        0 
  254000    5.3149168      868        0        0 
  255000    5.3977476      876        0        0 
  256000    5.4898622      911        0        0 
  257000    5.5703348      879        0        0 
  258000    5.6515846      883        0        0 
  259000    5.7397414      885        0        0 
  260000    5.8268414      961        0        0 
  261000    5.9130913      878        0        0 
  262000    6.0614038      917        0        0 
  263000    6.1650547      874        0        0 
  264000     6.271345      892        0        0 
  265000    6.3553279      902        0        0 
  266000    6.4358135      885        0        0 
  267000    6.5303463      890        0        0 
  268000    6.6260513      984        0        0 
  269000    6.7330502      914        0        0 
  270000    6.8146947      948        0        0 
  271000    6.9057928      934        0        0 
  272000    7.0087208      931        0        0 
  273000    7.1148583      882        0        0 
  274000    7.2081317      860        0        0 
  275000    7.3202547      842        0        0 
  276000    7.4263657      888        0        0 
  277000    7.5245049      902        0        0 
  278000    7.6422836      894        0        0 
  279000    7.7597753      919        0        0 
  280000    7.8694106      903        0        0 
  281000    7.9611613      920        0        0 
  282000    8.0723463      880        0        0 
  283000    8.1809486      898        0        0 
  284000    8.2656522      957        0        0 
  285000    8.3803561      995        0        0 
  286000    8.4761382      960        0        0 
  287000    8.5611178      901        0        0 
  288000    8.6561925      836        0        0 
  289000    8.7484811      938        0        0 
  290000    8.8451059      928        0        0 
  291000    8.9460256      918        0        0 
  292000    9.0393359      890        0        0 
  293000    9.1369065      931        0        0 
  294000    9.2270347      906        0        0 
  295000    9.3269043      899        0        0 
  296000    9.4223883      937        0        0 
  297000     9.527582      884        0        0 
  298000    9.6261213      907        0        0 
  299000    9.7089274      941        0        0 
  300000    9.7942718      894        0        0 
  301000    9.8902097      907        0        0 
  302000    9.9932959      924        0        0 
  303000    10.098078      847        0        0 
  304000      10.1898      903        0        0 
  305000    10.273852      938        0        0 
  306000     10.36684      935        0        0 
  307000    10.460028      875        0        0 
  308000    10.559188      863        0        0 
  309000    10.669013      942        0        0 
  310000    10.753202      883        0        0 
  311000    10.834576      938        0        0 
  312000    10.918183      850        0        0 
  313000    11.008732      884        0        0 
  314000    11.115668      872        0        0 
  315000    11.215457      890        0        0 
  316000    11.296953      946        0        0 
  317000    11.388074      978        0        0 
  318000     11.49501      928        0        0 
  319000    11.609237      917        0        0 
  320000    11.709259      896        0        0 
  321000    11.805451      944        0        0 
  322000     11.90802      939        0        0 
  323000    11.999212      899        0        0 
  324000    12.098417      860        0        0 
  325000    12.182407      897        0        0 
  326000     12.28625      906        0        0 
  327000    12.394256      942        0        0 
  328000    12.498604      921        0        0 
  329000    12.609728      933        0        0 
  330000    12.695299      953        0        0 
  331000    12.779578      923        0        0 
  332000    12.881937      931        0        0 
  333000    12.968382      880        0        0 
  334000    13.052285      932        0        0 
  335000    13.187749      891        0        0 
  336000    13.288595      902        0        0 
  337000    13.376933      918        0        0 
  338000    13.467379      976        0        0 
  339000    13.563501      880        0        0 
  340000    13.660929      850        0        0 
  341000    13.767691      890        0        0 
  342000    13.864621      885        0        0 
  343000    13.957786      904        0        0 
  344000    14.070309      933        0        0 
  345000    14.159601      936        0        0 
  346000    14.253447      878        0        0 
  347000    14.346951      927        0        0 
  348000    14.427673      959        0        0 
  349000    14.537338      894        0        0 
  350000    14.645397      902        0        0 
  351000    14.754373      904        0        0 
  352000    14.841397      903        0        0 
  353000    14.937277      960        0        0 
  354000    15.030801      911        0        0 
  355000    15.123925      931        0        0 
  356000    15.222921      940        0        0 
  357000    15.322159      901        0        0 
  358000    15.411506      889        0        0 
  359000    15.502538      865        0        0 
  360000    15.587474      935        0        0 
  361000    15.686398      902        0        0 
  362000    15.773317      933        0        0 
  363000     15.86517      930        0        0 
  364000     15.96135      897        0        0 
  365000    16.044295      922        0        0 
  366000    16.136561      887        0        0 
  367000    16.223887      878        0        0 
  368000    16.327991      885        0        0 
  369000    16.433293      989        0        0 
  370000    16.539474      894        0        0 
  371000    16.638147      890        0        0 
  372000     16.72842      935        0        0 
  373000    16.823941      914        0        0 
  374000    16.928254      971        0        0 
  375000    17.031369      924        0        0 
  376000    17.116067      920        0        0 
  377000    17.205299      893        0        0 
  378000    17.289339      945        0        0 
  379000    17.387658      878        0        0 
  380000    17.490403      954        0        0 
  381000    17.586275      942        0        0 
  382000    17.675766      864        0        0 
  383000    17.760449      889        0        0 
  384000    17.857509      957        0        0 
  385000    17.945462      959        0        0 
  386000    18.029032      961        0        0 
  387000    18.103663      882        0        0 
  388000     18.16809      972        0        0 
  389000    18.235139      922        0        0 
  390000    18.304548      947        0        0 
  391000    18.369309      934        0        0 
  392000    18.437607      828        0        0 
  393000    18.503384      944        0        0 
  394000    18.574305      907        0        0 
  395000    18.655282      911        0        0 
  396000    18.718789      910        0        0 
  397000    18.785385      924        0        0 
  398000    18.848865      904        0        0 
  399000    18.913922      920        0        0 
  400000    18.980837      915        0        0 
Loop time of 18.9809 on 4 procs for 200000 steps with 915 particles
Performance: 10536.912 timesteps/s, 9.641 Mparticle-step/s

MPI task timing breakdown:
Section |  min time  |  avg time  |  max time  |%varavg| %total
---------------------------------------------------------------
Move    | 2.2774     | 2.3294     | 2.3887     |   3.0 | 12.27
Coll    | 3.1661     | 3.3602     | 3.4835     |   6.5 | 17.70
Sort    | 5.8785     | 6.0508     | 6.2117     |   4.8 | 31.88
Comm    | 1.7829     | 1.8548     | 1.9219     |   4.2 |  9.77
Modify  | 0.087392   | 0.98987    | 1.9205     |  90.1 |  5.22
Output  | 0.0069493  | 0.01049    | 0.020612   |   5.7 |  0.06
Other   |            | 4.385      |            |       | 23.10

Particle moves    = 182306148 (182M)
Cells touched     = 287926923 (288M)
Particle comms    = 1879565 (1.88M)
Boundary collides = 1600030 (1.6M)
Boundary exits    = 1080041 (1.08M)
SurfColl checks   = 1833868 (1.83M)
SurfColl occurs   = 614 (0.614K)
Surf reactions    = 0 (0K)
Collide attempts  = 26 (0.026K)
Collide occurs    = 19 (0.019K)
Gas reactions     = 0 (0K)
Particles stuck   = 0
Axisymm bad moves = 0

Particle-moves/CPUsec/proc: 2.40118e+06
Particle-moves/step: 911.531
Cell-touches/particle/step: 1.57936
Particle comm iterations/step: 2.02298
Particle fraction communicated: 0.0103099
Particle fraction colliding with boundary: 0.00877661
Particle fraction exiting boundary: 0.00592433
Surface-checks/particle/step: 0.0100593
Surface-collisions/particle/step: 3.36796e-06
Surface-reactions/particle/step: 0
Collision-attempts/particle/step: 1.42617e-07
Collisions/particle/step: 1.0422e-07
Gas-reactions/particle/step: 0

Particles: 228.75 ave 254 max 220 min
Histogram: 3 0 0 0 0 0 0 0 0 1
Cells:     16000 ave 16000 max 16000 min
Histogram: 4 0 0 0 0 0 0 0 0 0
GhostCell: 1640 ave 1640 max 1640 min
Histogram: 4 0 0 0 0 0 0 0 0 0
EmptyCell: 1640 ave 1640 max 1640 min
Histogram: 4 0 0 0 0 0 0 0 0 0
Surfs:     192 ave 192 max 192 min
Histogram: 4 0 0 0 0 0 0 0 0 0
GhostSurf: 0 ave 0 max 0 min
Histogram: 4 0 0 0 0 0 0 0 0 0
