SPARTA (24 Sep 2025)
Running on 4 MPI task(s)
Created orthogonal box = (0 0 0) to (5e-06 5e-06 5e-06)
WARNING: Could not acquire nearby ghost cells b/c grid partition is not clumped (../grid.cpp:473)
Created 64000 child grid cells
  CPU time = 0.00446789 secs
  create/ghost percent = 93.2127 6.78734
Balance grid migrated 48000 cells
  CPU time = 0.0172199 secs
  reassign/sort/migrate/ghost percent = 21.9977 1.07256 47.9037 29.026
Reading surface file ...
  192 triangles
  2.45e-06 2.55e-06 xlo xhi
  2.45e-06 2.55e-06 ylo yhi
  2.45e-06 2.55e-06 zlo zhi
  1.37386e-08 min triangle edge length
  8.32156e-17 min triangle area
  8 0 = cells overlapping surfs, overlap cells with unmarked corner pts
  63992 0 8 = cells outside/inside/overlapping surfs
  8 = surf cells with 1,2,etc splits
  1.24999513661446e-16 1.24999513661465e-16 = cell-wise and global flow volume
  CPU time = 0.0190252 secs
  read/check/sort/surf2grid/ghost/inout/particle percent = 33.1223 2.26017 3.75676 37.5331 23.3277 6.30207 0.00775289
  surf2grid time = 0.00714074 secs
  map/comm1/comm2/comm3/comm4/split percent = 29.0274 1.20863 28.7773 1.99189 6.8673 17.1809
Memory usage per proc in Mbytes:
  particles (ave,min,max) = 0 0 0
  grid      (ave,min,max) = 3.88879 3.88879 3.88879
  surf      (ave,min,max) = 0.0241699 0.0241699 0.0241699
  total     (ave,min,max) = 3.91296 3.91296 3.91296
Step CPU Np Ncoll Nscoll 
       0            0        0        0        0 
    1000       0.1066      887        0        0 
    2000   0.20848343      864        0        0 
    3000   0.33052486      874        0        0 
    4000   0.41979902      849        0        0 
    5000   0.53347789      947        0        0 
    6000   0.66700532      901        0        0 
    7000   0.81956448      955        0        0 
    8000   0.96871388      897        0        0 
    9000    1.0754557      866        0        0 
   10000      1.18716      906        0        0 
   11000    1.3684247      901        0        0 
   12000    1.5146596      921        0        0 
   13000    1.6817184      908        0        0 
   14000     1.859235      865        0        0 
   15000    2.0392543      872        0        0 
   16000     2.199003      878        0        0 
   17000    2.4024293      928        0        0 
   18000    2.5913988      983        0        0 
   19000    2.7191296      935        0        0 
   20000    2.8167017      895        0        0 
   21000    2.8904253      866        0        0 
   22000    2.9639059      815        0        0 
   23000    3.0410761      812        0        0 
   24000    3.1442544      927        0        0 
   25000    3.2693131      892        0        0 
   26000    3.3807279      898        0        0 
   27000    3.4917597      889        0        0 
   28000     3.613748      890        0        0 
   29000    3.6896755      932        0        0 
   30000    3.7737381      897        0        0 
   31000    3.8924409      913        0        0 
   32000    4.0032741      875        0        0 
   33000    4.0786856      911        0        0 
   34000    4.1543114      918        0        0 
   35000    4.2292318      935        0        0 
   36000    4.3047468      902        0        0 
   37000    4.3781457      894        0        0 
   38000    4.4506556      919        0        0 
   39000    4.5274686      876        0        0 
   40000    4.6329731      910        0        0 
   41000     4.737593      945        0        0 
   42000    4.8740977      956        0        0 
   43000    5.0665662      935        0        0 
   44000    5.2828256      897        0        0 
   45000     5.490343      898        0        0 
   46000    5.6919118      919        0        0 
   47000    5.8523132      919        0        0 
   48000    5.9647746      889        0        0 
   49000    6.1015593      958        0        0 
   50000    6.2518575      957        0        0 
   51000    6.3841411      938        0        0 
   52000    6.4978866      899        0        0 
   53000    6.6097186      879        0        0 
   54000    6.8264375      898        0        0 
   55000    7.0052993      921        0        0 
   56000    7.1969431      971        0        0 
   57000    7.4236587      960        0        0 
   58000     7.591931      913        0        0 
   59000    7.7202784      920        0        0 
   60000    7.8226133      914        0        0 
   61000    7.9337837      921        0        0 
   62000    8.0405121      884        0        0 
   63000    8.1793082      861        0        0 
   64000    8.3122228      907        0        0 
   65000    8.4080772      887        0        0 
   66000    8.6113462      902        0        0 
   67000    8.7284782      926        0        0 
   68000    8.8867457     1004        0        0 
   69000    9.0365924      938        0        0 
   70000    9.1394879      972        0        0 
   71000    9.2964227      915        0        0 
   72000    9.4720152      862        0        0 
   73000    9.6553377      916        0        0 
   74000    9.8209886      879        0        0 
   75000    9.9700102      939        0        0 
   76000    10.118887      955        0        0 
   77000    10.240566      958        0        0 
   78000    10.385486      959        0        0 
   79000    10.484454      892        0        0 
   80000    10.570046      906        0        0 
   81000    10.660319      861        0        0 
   82000    10.777161      958        0        0 
   83000    10.924702      923        0        0 
   84000    11.075629      883        0        0 
   85000    11.244551      910        0        0 
   86000    11.397198      891        0        0 
   87000    11.575937      915        0        0 
   88000    11.749721      900        0        0 
   89000    11.922212      902        0        0 
   90000    12.065244      904        0        0 
   91000    12.221636      923        0        0 
   92000     12.37206      922        0        0 
   93000    12.543355      913        0        0 
   94000    12.733992      933        0        0 
   95000    12.895828      870        0        0 
   96000    13.056888      923        0        0 
   97000    13.198165      917        0        0 
   98000    13.364926      878        0        0 
   99000    13.525803      893        0        0 
  100000    13.729443      919        0        0 
  101000    13.891973      859        0        0 
  102000    14.051433      947        0        0 
  103000    14.276408      910        0        0 
  104000    14.465559      884        0        0 
  105000    14.634874      898        0        0 
  106000     14.79551      875        0        0 
  107000     14.97674      955        0        0 
  108000    15.167175      918        0        0 
  109000    15.348227      881        0        0 
  110000    15.540451      912        0        0 
  111000    15.672014      920        0        0 
  112000    15.802449      895        0        0 
  113000    15.946633      877        0        0 
  114000     16.08569      941        0        0 
  115000     16.24677      940        0        0 
  116000     16.37372      864        0        0 
  117000     16.48281      954        0        0 
  118000    16.628249      941        0        0 
  119000    16.812573      879        0        0 
  120000    17.005653      911        0        0 
  121000     17.17902      946        0        0 
  122000    17.379707      932        0        0 
  123000    17.570338      939        0        0 
  124000    17.749419      907        0        0 
  125000    17.947864      956        0        0 
  126000    18.169051      882        0        0 
  127000    18.352993      951        0        0 
  128000    18.520053      951        0        0 
  129000    18.687354      874        0        0 
  130000    18.937042      876        0        0 
  131000    19.132845      909        0        0 
  132000    19.307743      841        0        0 
  133000    19.470264      902        0        0 
  134000    19.603361      948        0        0 
  135000    19.713241      904        0        0 
  136000    19.811045      921        0        0 
  137000    19.915011      952        0        0 
  138000    20.010864      954        0        0 
  139000     20.12522      918        0        0 
  140000    20.243424      891        0        0 
  141000    20.354663      909        0        0 
  142000    20.443182      971        0        0 
  143000    20.534704      874        0        0 
  144000     20.68521      919        0        0 
  145000    20.820045      901        0        0 
  146000    20.980622      905        0        0 
  147000     21.15259      895        0        0 
  148000    21.285842      972        0        0 
  149000    21.421167      973        0        0 
  150000    21.548571      911        0        0 
  151000    21.644858      875        0        0 
  152000     21.72988      910        0        0 
  153000    21.812403      947        0        0 
  154000    21.885161      958        0        0 
  155000    21.975808      885        0        0 
  156000    22.140211      891        0        0 
  157000    22.310918      912        0        0 
  158000    22.462572      927        0        0 
  159000    22.618916      891        0        0 
  160000    22.788567      968        0        0 
  161000    22.942006      874        0        0 
  162000    23.118783      957        0        0 
  163000    23.303559      879        0        0 
  164000    23.453075      888        0        0 
  165000    23.652859      945        0        0 
  166000    23.839491      910        0        0 
  167000    24.049719      857        0        0 
  168000    24.339764      905        0        0 
  169000    24.534333      943        0        0 
  170000     24.74891      931        0        0 
  171000    25.018113      891        0        0 
  172000    25.214915      909        0        0 
  173000    25.444967      908        0        0 
  174000    25.615083      849        0        0 
  175000    25.778462      902        0        0 
  176000    25.943455      895        0        0 
  177000    26.113359      917        0        0 
  178000    26.318654      924        0        0 
  179000    26.470686      856        0        0 
  180000    26.615298      914        0        0 
  181000    26.743092      963        0        0 
  182000      26.9153      946        0        0 
  183000    27.106096      955        0        0 
  184000    27.296743      930        0        0 
  185000    27.559722      945        0        0 
  186000    27.739824      957        0        0 
  187000    27.912295      881        0        0 
  188000    28.066369      952        0        0 
  189000    28.250663      890        0        0 
  190000     28.38088      880        0        0 
  191000    28.501819      940        0        0 
  192000    28.629832      890        0        0 
  193000    28.769937      939        0        0 
  194000    28.916784      901        0        0 
  195000    29.087608      926        0        0 
  196000    29.271995      916        0        0 
  197000     29.44546      915        0        0 
  198000    29.565793      867        0        0 
  199000    29.708656      929        0        0 
  200000    29.806999      903        0        0 
Loop time of 29.8071 on 4 procs for 200000 steps with 903 particles
Performance: 6709.819 timesteps/s, 6.059 Mparticle-step/s

MPI task timing breakdown:
Section |  min time  |  avg time  |  max time  |%varavg| %total
---------------------------------------------------------------
Move    | 3.4956     | 3.5695     | 3.6499     |   3.3 | 11.98
Coll    | 4.562      | 5.2468     | 6.0944     |  27.9 | 17.60
Sort    | 7.7033     | 8.2972     | 8.9905     |  18.0 | 27.84
Comm    | 2.6692     | 2.8006     | 2.9346     |   6.4 |  9.40
Modify  | 0.063033   | 1.227      | 2.4254     | 105.0 |  4.12
Output  | 0.013819   | 0.019692   | 0.03306    |   5.6 |  0.07
Other   |            | 8.646      |            |       | 29.01

Particle moves    = 182093955 (182M)
Cells touched     = 287525393 (288M)
Particle comms    = 1877628 (1.88M)
Boundary collides = 1596986 (1.6M)
Boundary exits    = 1079136 (1.08M)
SurfColl checks   = 1831578 (1.83M)
SurfColl occurs   = 615 (0.615K)
Surf reactions    = 0 (0K)
Collide attempts  = 30 (0.03K)
Collide occurs    = 21 (0.021K)
Gas reactions     = 0 (0K)
Particles stuck   = 0
Axisymm bad moves = 0

Particle-moves/CPUsec/proc: 1.52727e+06
Particle-moves/step: 910.47
Cell-touches/particle/step: 1.57899
Particle comm iterations/step: 2.02254
Particle fraction communicated: 0.0103113
Particle fraction colliding with boundary: 0.00877012
Particle fraction exiting boundary: 0.00592626
Surface-checks/particle/step: 0.0100584
Surface-collisions/particle/step: 3.37738e-06
Surface-reactions/particle/step: 0
Collision-attempts/particle/step: 1.6475e-07
Collisions/particle/step: 1.15325e-07
Gas-reactions/particle/step: 0

Particles: 225.75 ave 236 max 211 min
Histogram: 1 0 0 0 0 1 0 0 1 1
Cells:     16000 ave 16000 max 16000 min
Histogram: 4 0 0 0 0 0 0 0 0 0
GhostCell: 1640 ave 1640 max 1640 min
Histogram: 4 0 0 0 0 0 0 0 0 0
EmptyCell: 1640 ave 1640 max 1640 min
Histogram: 4 0 0 0 0 0 0 0 0 0
Surfs:     192 ave 192 max 192 min
Histogram: 4 0 0 0 0 0 0 0 0 0
GhostSurf: 0 ave 0 max 0 min
Histogram: 4 0 0 0 0 0 0 0 0 0
Memory usage per proc in Mbytes:
  particles (ave,min,max) = 1.5625 1.5625 1.5625
  grid      (ave,min,max) = 3.88879 3.88879 3.88879
  surf      (ave,min,max) = 0.0241699 0.0241699 0.0241699
  total     (ave,min,max) = 5.47656 5.47656 5.47656
Step CPU Np Ncoll Nscoll 
  200000            0      903        0        0 
  201000   0.09299307      956        0        0 
  202000   0.18914523      958        0        0 
  203000   0.29003582      934        0        0 
  204000   0.38328809      911        0        0 
  205000   0.47969125      899        0        0 
  206000   0.58907396      926        0        0 
  207000   0.72969419      974        0        0 
  208000   0.81713785      907        0        0 
  209000   0.91100022      937        0        0 
  210000    0.9934043      910        0        0 
  211000    1.1139733      934        0        0 
  212000    1.2738281      906        0        0 
  213000     1.435703      932        0        0 
  214000    1.6127816      946        0        0 
  215000     1.739192      903        0        0 
  216000    1.8526687      875        0        0 
  217000    2.0243337      963        0        0 
  218000    2.1677455      914        0        0 
  219000    2.3043767      958        0        0 
  220000    2.4531855      951        0        0 
  221000    2.6440929      946        0        0 
  222000    2.8055561      863        0        0 
  223000    2.9477339      928        0        0 
  224000    3.0394537      912        0        0 
  225000    3.1361228      907        0        0 
  226000    3.2470829      916        0        0 
  227000    3.3659028      887        0        0 
  228000    3.4886224      870        0        0 
  229000     3.611532      941        0        0 
  230000    3.7317305      889        0        0 
  231000    3.8313529      897        0        0 
  232000    3.9198047      915        0        0 
  233000    4.0091342      934        0        0 
  234000    4.1256967      950        0        0 
  235000    4.2400128      936        0        0 
  236000    4.3671232      978        0        0 
  237000    4.4678337      900        0        0 
  238000    4.5664612      898        0        0 
  239000    4.6676767      896        0        0 
  240000    4.7779761      921        0        0 
  241000    4.8922401      865        0        0 
  242000    4.9860034      888        0        0 
  243000    5.0744402      900        0        0 
  244000    5.2044516      912        0        0 
  245000    5.3299504      909        0        0 
  246000    5.4402539      957        0        0 
  247000    5.5454028      941        0        0 
  248000    5.6554516      861        0        0 
  249000     5.768327      903        0        0 
  250000    5.8890071      904        0        0 
  251000    5.9810347      957        0        0 
  252000    6.0936046      908        0        0 
  253000    6.2217434      912        0        0 
  254000    6.3290369      868        0        0 
  255000    6.4374407      876        0        0 
  256000    6.5610816      911        0        0 
  257000    6.6613259      879        0        0 
  258000    6.7847565      883        0        0 
  259000    6.8937786      885        0        0 
  260000    6.9994329      961        0        0 
  261000    7.0984818      878        0        0 
  262000    7.2136099      917        0        0 
  263000    7.3445604      874        0        0 
  264000    7.4582765      892        0        0 
  265000    7.5630825      902        0        0 
  266000    7.6961485      885        0        0 
  267000    7.8195836      890        0        0 
  268000    7.9194212      984        0        0 
  269000    8.0177092      914        0        0 
  270000    8.1383639      948        0        0 
  271000    8.2696514      934        0        0 
  272000    8.3844694      931        0        0 
  273000    8.5079269      882        0        0 
  274000    8.6301848      860        0        0 
  275000    8.7517154      842        0        0 
  276000    8.8651512      888        0        0 
  277000    8.9742125      902        0        0 
  278000    9.0630323      894        0        0 
  279000    9.1496892      919        0        0 
  280000    9.2661297      903        0        0 
  281000    9.3860017      920        0        0 
  282000    9.5016015      880        0        0 
  283000    9.5956265      898        0        0 
  284000     9.683025      957        0        0 
  285000    9.7874749      995        0        0 
  286000    9.8976193      960        0        0 
  287000    10.088233      901        0        0 
  288000    10.292951      836        0        0 
  289000    10.383486      938        0        0 
  290000    10.471732      928        0        0 
  291000    10.572337      918        0        0 
  292000    10.683554      890        0        0 
  293000    10.774617      931        0        0 
  294000     10.87327      906        0        0 
  295000    10.982601      899        0        0 
  296000    11.103197      937        0        0 
  297000    11.251746      884        0        0 
  298000    11.394149      907        0        0 
  299000    11.528549      941        0        0 
  300000    11.681964      894        0        0 
  301000    11.809633      907        0        0 
  302000     11.93159      924        0        0 
  303000    12.055188      847        0        0 
  304000    12.199402      903        0        0 
  305000    12.329314      938        0        0 
  306000    12.431766      935        0        0 
  307000     12.53357      875        0        0 
  308000    12.664256      863        0        0 
  309000    12.798239      942        0        0 
  310000    12.893162      883        0        0 
  311000    13.030083      938        0        0 
  312000    13.161615      850        0        0 
  313000    13.301355      884        0        0 
  314000    13.420919      872        0        0 
  315000    13.516319      890        0        0 
  316000    13.605985      946        0        0 
  317000    13.696118      978        0        0 
  318000    13.791215      928        0        0 
  319000    13.888273      917        0        0 
  320000    13.980992      896        0        0 
  321000    14.066525      944        0        0 
  322000    14.154827      939        0        0 
  323000    14.241295      899        0        0 
  324000     14.33895      860        0        0 
  325000    14.432593      897        0        0 
  326000    14.527953      906        0        0 
  327000    14.611964      942        0        0 
  328000    14.717758      921        0        0 
  329000    14.820645      933        0        0 
  330000    14.917576      953        0        0 
  331000    15.020213      923        0        0 
  332000    15.107649      931        0        0 
  333000    15.208389      880        0        0 
  334000    15.303609      932        0        0 
  335000    15.419157      891        0        0 
  336000    15.506659      902        0        0 
  337000    15.600371      918        0        0 
  338000    15.687882      976        0        0 
  339000    15.786085      880        0        0 
  340000     15.88483      850        0        0 
  341000    15.979475      890        0        0 
  342000    16.061664      885        0        0 
  343000    16.149379      904        0        0 
  344000    16.240901      933        0        0 
  345000    16.337946      936        0        0 
  346000    16.441804      878        0        0 
  347000    16.539321      927        0        0 
  348000    16.656027      959        0        0 
  349000    16.745641      894        0        0 
  350000    16.835783      902        0        0 
  351000    16.927528      904        0        0 
  352000    17.018408      903        0        0 
  353000    17.109411      960        0        0 
  354000    17.200963      911        0        0 
  355000    17.284732      931        0        0 
  356000    17.387282      940        0        0 
  357000    17.476258      901        0        0 
  358000    17.570855      889        0        0 
  359000     17.66971      865        0        0 
  360000    17.763394      935        0        0 
  361000     17.86269      902        0        0 
  362000    17.954151      933        0        0 
  363000    18.047402      930        0        0 
  364000    18.136007      897        0        0 
  365000    18.221941      922        0        0 
  366000     18.32225      887        0        0 
  367000    18.409635      878        0        0 
  368000    18.508403      885        0        0 
  369000    18.616211      989        0        0 
  370000    18.724853      894        0        0 
  371000    18.809313      890        0        0 
  372000    18.896273      935        0        0 
  373000    18.982113      914        0        0 
  374000    19.069926      971        0        0 
  375000    19.152361      924        0        0 
  376000    19.247191      920        0        0 
  377000    19.337195      893        0        0 
  378000    19.436864      945        0        0 
  379000    19.532045      878        0        0 
  380000     19.62886      954        0        0 
  381000    19.731685      942        0        0 
  382000    19.820481      864        0        0 
  383000    19.928564      889        0        0 
  384000    20.039612      957        0        0 
  385000    20.125024      959        0        0 
  386000    20.204368      961        0        0 
  387000     20.29432      882        0        0 
  388000    20.391444      972        0        0 
  389000    20.474946      922        0        0 
  390000    20.561803      947        0        0 
  391000    20.648876      934        0        0 
  392000     20.73629      828        0        0 
  393000    20.814292      944        0        0 
  394000    20.898413      907        0        0 
  395000    20.983037      911        0        0 
  396000    21.065501      910        0        0 
  397000    21.148193      924        0        0 
  398000    21.247317      904        0        0 
  399000    21.341937      920        0        0 
  400000    21.442822      915        0        0 
Loop time of 21.4429 on 4 procs for 200000 steps with 915 particles
Performance: 9327.098 timesteps/s, 8.534 Mparticle-step/s

MPI task timing breakdown:
Section |  min time  |  avg time  |  max time  |%varavg| %total
---------------------------------------------------------------
Move    | 2.4208     | 2.4488     | 2.4888     |   1.8 | 11.42
Coll    | 3.3202     | 3.8473     | 4.5408     |  27.3 | 17.94
Sort    | 5.912      | 6.3319     | 6.8634     |  16.6 | 29.53
Comm    | 1.9351     | 2.0436     | 2.1596     |   6.4 |  9.53
Modify  | 0.10025    | 1.009      | 1.9656     |  90.4 |  4.71
Output  | 0.0092513  | 0.013916   | 0.023009   |   4.5 |  0.06
Other   |            | 5.748      |            |       | 26.81

Particle moves    = 182306148 (182M)
Cells touched     = 287926923 (288M)
Particle comms    = 1879565 (1.88M)
Boundary collides = 1600030 (1.6M)
Boundary exits    = 1080041 (1.08M)
SurfColl checks   = 1833868 (1.83M)
SurfColl occurs   = 614 (0.614K)
Surf reactions    = 0 (0K)
Collide attempts  = 26 (0.026K)
Collide occurs    = 19 (0.019K)
Gas reactions     = 0 (0K)
Particles stuck   = 0
Axisymm bad moves = 0

Particle-moves/CPUsec/proc: 2.12548e+06
Particle-moves/step: 911.531
Cell-touches/particle/step: 1.57936
Particle comm iterations/step: 2.02298
Particle fraction communicated: 0.0103099
Particle fraction colliding with boundary: 0.00877661
Particle fraction exiting boundary: 0.00592433
Surface-checks/particle/step: 0.0100593
Surface-collisions/particle/step: 3.36796e-06
Surface-reactions/particle/step: 0
Collision-attempts/particle/step: 1.42617e-07
Collisions/particle/step: 1.0422e-07
Gas-reactions/particle/step: 0

Particles: 228.75 ave 254 max 220 min
Histogram: 3 0 0 0 0 0 0 0 0 1
Cells:     16000 ave 16000 max 16000 min
Histogram: 4 0 0 0 0 0 0 0 0 0
GhostCell: 1640 ave 1640 max 1640 min
Histogram: 4 0 0 0 0 0 0 0 0 0
EmptyCell: 1640 ave 1640 max 1640 min
Histogram: 4 0 0 0 0 0 0 0 0 0
Surfs:     192 ave 192 max 192 min
Histogram: 4 0 0 0 0 0 0 0 0 0
GhostSurf: 0 ave 0 max 0 min
Histogram: 4 0 0 0 0 0 0 0 0 0
