SPARTA (24 Sep 2025)
Running on 4 MPI task(s)
Created orthogonal box = (0 0 0) to (5e-06 5e-06 5e-06)
WARNING: Could not acquire nearby ghost cells b/c grid partition is not clumped (../grid.cpp:473)
Created 64000 child grid cells
  CPU time = 0.00503463 secs
  create/ghost percent = 82.1328 17.8672
Balance grid migrated 48000 cells
  CPU time = 0.0142393 secs
  reassign/sort/migrate/ghost percent = 31.0053 1.28483 38.4342 29.2757
Reading surface file ...
  192 triangles
  2.45e-06 2.55e-06 xlo xhi
  2.45e-06 2.55e-06 ylo yhi
  2.45e-06 2.55e-06 zlo zhi
  1.37386e-08 min triangle edge length
  8.32156e-17 min triangle area
  8 0 = cells overlapping surfs, overlap cells with unmarked corner pts
  63992 0 8 = cells outside/inside/overlapping surfs
  8 = surf cells with 1,2,etc splits
  1.24999513661446e-16 1.24999513661465e-16 = cell-wise and global flow volume
  CPU time = 0.017347 secs
  read/check/sort/surf2grid/ghost/inout/particle percent = 32.9171 4.48787 8.40072 31.4034 22.7909 8.03204 0.00743646
  surf2grid time = 0.00544753 secs
  map/comm1/comm2/comm3/comm4/split percent = 44.4436 2.59859 24.6048 2.68756 2.59631 8.34816
Memory usage per proc in Mbytes:
  particles (ave,min,max) = 0 0 0
  grid      (ave,min,max) = 3.88879 3.88879 3.88879
  surf      (ave,min,max) = 0.0241699 0.0241699 0.0241699
  total     (ave,min,max) = 3.91296 3.91296 3.91296
Step CPU Np Ncoll Nscoll 
       0            0        0        0        0 
    1000   0.14524772      851        0        0 
    2000   0.31816632      886        0        0 
    3000   0.48660937      904        0        0 
    4000   0.65960383      993        0        0 
    5000   0.85855393      936        0        0 
    6000    1.0290591      990        0        0 
    7000    1.1604456      834        0        0 
    8000    1.3305355      893        0        0 
    9000    1.4745228      946        0        0 
   10000    1.6239384      852        0        0 
   11000    1.8219968      890        0        0 
   12000    1.9635293      929        0        0 
   13000    2.0902453      893        0        0 
   14000     2.209057      957        0        0 
   15000    2.3539155      906        0        0 
   16000    2.4755967      864        0        0 
   17000    2.5861602      858        0        0 
   18000    2.7277208      994        0        0 
   19000    2.8723055      864        0        0 
   20000    3.0070576      868        0        0 
   21000    3.1357019      844        0        0 
   22000    3.2548749      899        0        0 
   23000    3.3831727      912        0        1 
   24000    3.5062347      940        0        0 
   25000    3.6309006      893        0        0 
   26000    3.7484426      866        0        0 
   27000    3.8698437      887        0        0 
   28000    3.9809309      940        0        0 
   29000    4.1130067      941        0        0 
   30000    4.2578997      929        0        0 
   31000    4.4053272      920        0        0 
   32000    4.5391954      946        0        0 
   33000    4.6641647      910        0        0 
   34000     4.771956      879        0        0 
   35000    4.8788263      929        0        0 
   36000    4.9970605      840        0        0 
   37000    5.1116966      959        0        0 
   38000    5.2296386      893        0        0 
   39000    5.3593255      911        0        0 
   40000    5.4762216      927        0        0 
   41000    5.5956512      929        0        0 
   42000    5.7272321      889        0        0 
   43000    5.8592883      920        0        0 
   44000    5.9846403      881        0        0 
   45000     6.120304      926        0        0 
   46000    6.2528849      950        0        0 
   47000    6.3856782      898        0        0 
   48000    6.5048289      899        0        0 
   49000    6.6102981      845        0        0 
   50000    6.7538289      922        0        0 
Loop time of 6.75391 on 4 procs for 50000 steps with 922 particles
Performance: 7403.122 timesteps/s, 6.826 Mparticle-step/s

MPI task timing breakdown:
Section |  min time  |  avg time  |  max time  |%varavg| %total
---------------------------------------------------------------
Move    | 1.5779     | 1.6132     | 1.6541     |   2.3 | 23.88
Coll    | 0.79466    | 0.94873    | 1.0874     |  10.7 | 14.05
Sort    | 1.523      | 1.6323     | 1.7146     |   6.3 | 24.17
Comm    | 0.60083    | 0.62941    | 0.64824    |   2.5 |  9.32
Modify  | 0.012241   | 0.29829    | 0.58453    |  52.3 |  4.42
Output  | 0.0012132  | 0.0021151  | 0.0040954  |   2.5 |  0.03
Other   |            | 1.63       |            |       | 24.13

Particle moves    = 45376398 (45.4M)
Cells touched     = 150587150 (151M)
Particle comms    = 1873361 (1.87M)
Boundary collides = 1592791 (1.59M)
Boundary exits    = 1078366 (1.08M)
SurfColl checks   = 1012946 (1.01M)
SurfColl occurs   = 682 (0.682K)
Surf reactions    = 0 (0K)
Collide attempts  = 434 (0.434K)
Collide occurs    = 331 (0.331K)
Gas reactions     = 0 (0K)
Particles stuck   = 0
Axisymm bad moves = 0

Particle-moves/CPUsec/proc: 1.67964e+06
Particle-moves/step: 907.528
Cell-touches/particle/step: 3.31862
Particle comm iterations/step: 2.30856
Particle fraction communicated: 0.0412849
Particle fraction colliding with boundary: 0.0351018
Particle fraction exiting boundary: 0.0237649
Surface-checks/particle/step: 0.0223232
Surface-collisions/particle/step: 1.50298e-05
Surface-reactions/particle/step: 0
Collision-attempts/particle/step: 9.56444e-06
Collisions/particle/step: 7.29454e-06
Gas-reactions/particle/step: 0

Particles: 230.5 ave 248 max 217 min
Histogram: 1 1 0 0 0 0 1 0 0 1
Cells:     16000 ave 16000 max 16000 min
Histogram: 4 0 0 0 0 0 0 0 0 0
GhostCell: 1640 ave 1640 max 1640 min
Histogram: 4 0 0 0 0 0 0 0 0 0
EmptyCell: 1640 ave 1640 max 1640 min
Histogram: 4 0 0 0 0 0 0 0 0 0
Surfs:     192 ave 192 max 192 min
Histogram: 4 0 0 0 0 0 0 0 0 0
GhostSurf: 0 ave 0 max 0 min
Histogram: 4 0 0 0 0 0 0 0 0 0
Memory usage per proc in Mbytes:
  particles (ave,min,max) = 1.5625 1.5625 1.5625
  grid      (ave,min,max) = 3.88879 3.88879 3.88879
  surf      (ave,min,max) = 0.0241699 0.0241699 0.0241699
  total     (ave,min,max) = 5.47656 5.47656 5.47656
Step CPU Np Ncoll Nscoll 
   50000            0      922        0        0 
   51000   0.14260824      905        0        0 
   52000   0.26041276      909        0        0 
   53000   0.37667175      961        0        0 
   54000   0.48450507      898        0        0 
   55000     0.616215      931        0        0 
   56000   0.75812445      923        0        0 
   57000   0.87522736      846        0        0 
   58000   0.98834451      893        0        0 
   59000    1.1233182      939        0        1 
   60000    1.2488229      929        0        0 
   61000    1.3617403      926        0        0 
   62000    1.5498299      915        0        0 
   63000    1.7294618      909        0        0 
   64000    1.9459494      900        0        0 
   65000    2.0817823      865        0        0 
   66000    2.2396743      927        0        0 
   67000    2.3493638      885        0        0 
   68000    2.4562365      952        0        0 
   69000     2.579899      892        0        0 
   70000    2.6793645      872        0        0 
   71000    2.7863612      905        0        0 
   72000    2.8898138      899        0        0 
   73000    2.9899077      925        0        0 
   74000    3.0900621      865        0        0 
   75000    3.1972693      943        0        0 
   76000    3.3026618      927        0        0 
   77000    3.4132427      936        0        0 
   78000    3.5128807      927        0        0 
   79000    3.6145624      856        0        0 
   80000    3.7464412      913        0        0 
   81000    3.9120032      869        0        0 
   82000    4.0364957      965        0        0 
   83000    4.1640672      893        0        0 
   84000    4.3008068      913        0        0 
   85000    4.4368495      916        0        0 
   86000    4.5609189      961        0        0 
   87000    4.6803003      968        0        0 
   88000    4.7926736      921        0        0 
   89000    4.8960519      913        0        0 
   90000    5.0020499      946        0        0 
   91000    5.1043201      905        0        0 
   92000    5.2100635      948        0        0 
   93000    5.3078319      904        0        0 
   94000    5.4087437      919        0        0 
   95000    5.5048367      924        0        0 
   96000    5.6106306      945        0        0 
   97000    5.7279222      919        0        0 
   98000    5.8873059      941        0        0 
   99000    6.1740015      984        0        0 
  100000    6.4302894      981        0        0 
Loop time of 6.43041 on 4 procs for 50000 steps with 981 particles
Performance: 7775.548 timesteps/s, 7.628 Mparticle-step/s

MPI task timing breakdown:
Section |  min time  |  avg time  |  max time  |%varavg| %total
---------------------------------------------------------------
Move    | 1.532      | 1.5597     | 1.585      |   2.0 | 24.25
Coll    | 0.78959    | 0.93426    | 1.079      |  10.6 | 14.53
Sort    | 1.5126     | 1.5977     | 1.6791     |   5.7 | 24.85
Comm    | 0.54066    | 0.5706     | 0.58789    |   2.5 |  8.87
Modify  | 0.02661    | 0.30972    | 0.59354    |  50.7 |  4.82
Output  | 0.0025435  | 0.0032716  | 0.0052633  |   2.0 |  0.05
Other   |            | 1.455      |            |       | 22.63

Particle moves    = 45598730 (45.6M)
Cells touched     = 151351180 (151M)
Particle comms    = 1882385 (1.88M)
Boundary collides = 1604065 (1.6M)
Boundary exits    = 1080558 (1.08M)
SurfColl checks   = 994534 (0.995M)
SurfColl occurs   = 630 (0.63K)
Surf reactions    = 0 (0K)
Collide attempts  = 429 (0.429K)
Collide occurs    = 333 (0.333K)
Gas reactions     = 0 (0K)
Particles stuck   = 0
Axisymm bad moves = 0

Particle-moves/CPUsec/proc: 1.77278e+06
Particle-moves/step: 911.975
Cell-touches/particle/step: 3.3192
Particle comm iterations/step: 2.31124
Particle fraction communicated: 0.0412815
Particle fraction colliding with boundary: 0.0351778
Particle fraction exiting boundary: 0.0236971
Surface-checks/particle/step: 0.0218106
Surface-collisions/particle/step: 1.38162e-05
Surface-reactions/particle/step: 0
Collision-attempts/particle/step: 9.40816e-06
Collisions/particle/step: 7.30283e-06
Gas-reactions/particle/step: 0

Particles: 245.25 ave 267 max 231 min
Histogram: 1 0 1 1 0 0 0 0 0 1
Cells:     16000 ave 16000 max 16000 min
Histogram: 4 0 0 0 0 0 0 0 0 0
GhostCell: 1640 ave 1640 max 1640 min
Histogram: 4 0 0 0 0 0 0 0 0 0
EmptyCell: 1640 ave 1640 max 1640 min
Histogram: 4 0 0 0 0 0 0 0 0 0
Surfs:     192 ave 192 max 192 min
Histogram: 4 0 0 0 0 0 0 0 0 0
GhostSurf: 0 ave 0 max 0 min
Histogram: 4 0 0 0 0 0 0 0 0 0
