SPARTA (24 Sep 2025)
Running on 4 MPI task(s)
Created orthogonal box = (0 0 0) to (5e-06 5e-06 5e-06)
WARNING: Could not acquire nearby ghost cells b/c grid partition is not clumped (../grid.cpp:473)
Created 64000 child grid cells
  CPU time = 0.00455651 secs
  create/ghost percent = 82.9821 17.0179
Balance grid migrated 48000 cells
  CPU time = 0.0170529 secs
  reassign/sort/migrate/ghost percent = 32.0807 0.846393 43.7112 23.3617
Reading surface file ...
  192 triangles
  2.45e-06 2.55e-06 xlo xhi
  2.45e-06 2.55e-06 ylo yhi
  2.45e-06 2.55e-06 zlo zhi
  1.37386e-08 min triangle edge length
  8.32156e-17 min triangle area
  8 0 = cells overlapping surfs, overlap cells with unmarked corner pts
  63992 0 8 = cells outside/inside/overlapping surfs
  8 = surf cells with 1,2,etc splits
  1.24999513661446e-16 1.24999513661465e-16 = cell-wise and global flow volume
  CPU time = 0.0418688 secs
  read/check/sort/surf2grid/ghost/inout/particle percent = 75.7616 1.15755 1.79488 13.3144 7.97158 3.09962 0.00303568
  surf2grid time = 0.00557459 secs
  map/comm1/comm2/comm3/comm4/split percent = 48.8971 2.42402 28.3359 2.52889 2.55122 6.72624
Memory usage per proc in Mbytes:
  particles (ave,min,max) = 0 0 0
  grid      (ave,min,max) = 3.88879 3.88879 3.88879
  surf      (ave,min,max) = 0.0241699 0.0241699 0.0241699
  total     (ave,min,max) = 3.91296 3.91296 3.91296
Step CPU Np Ncoll Nscoll 
       0            0        0        0        0 
    1000  0.073929826      831        0        0 
    2000   0.15485818      879        0        0 
    3000    0.2426204      858        0        0 
    4000   0.32833464      869        0        0 
    5000   0.40460878      879        0        0 
    6000   0.47964783      928        0        0 
    7000    0.5581756      928        0        0 
    8000   0.63785195      910        0        0 
    9000   0.71721516      840        0        0 
   10000   0.79173738      914        0        0 
   11000   0.86836404      905        0        0 
   12000   0.94298838      886        0        0 
   13000    1.0153212      855        0        0 
   14000    1.1150786      870        0        0 
   15000    1.2350781      957        0        0 
   16000    1.3646312      961        0        0 
   17000    1.4505442      913        0        0 
   18000    1.5428187      912        0        0 
   19000    1.6199323      918        0        0 
   20000     1.703161      894        0        0 
   21000    1.7893121      899        0        0 
   22000    1.8685769      923        0        0 
   23000    1.9416327      839        0        0 
   24000    2.0151612      833        0        0 
   25000    2.0933284      856        0        0 
   26000    2.1689581      942        0        0 
   27000    2.2382136      909        0        0 
   28000    2.3073834      902        0        0 
   29000    2.3796544      891        0        0 
   30000    2.4533506      936        0        0 
   31000    2.5193826      880        0        0 
   32000     2.597983      942        0        0 
   33000     2.670197      856        0        0 
   34000    2.7365627      892        0        0 
   35000    2.8049705      946        0        0 
   36000    2.8738775      888        0        0 
   37000    2.9418696      940        0        0 
   38000    3.0101789      923        0        0 
   39000    3.0859625      901        0        0 
   40000    3.1557435      862        0        0 
   41000    3.2274853      909        0        0 
   42000    3.2977479      917        0        0 
   43000    3.3733209      897        0        0 
   44000    3.4418634      929        0        0 
   45000    3.5139243      980        0        0 
   46000    3.5866954      908        0        0 
   47000    3.6580185      890        0        0 
   48000    3.7258337      915        0        0 
   49000    3.7953748      887        0        0 
   50000      3.86958      892        0        0 
   51000    3.9356545      891        0        0 
   52000    4.0050662      924        0        0 
   53000    4.0758509      975        0        0 
   54000    4.1464173      891        0        0 
   55000    4.2149593      906        0        0 
   56000    4.2838854      918        0        0 
   57000    4.3527148      988        0        0 
   58000    4.4244858      931        0        0 
   59000    4.4985234      891        0        0 
   60000    4.5711769      877        0        0 
   61000    4.6442826      903        0        0 
   62000     4.715146      906        0        0 
   63000    4.7810467      912        0        0 
   64000    4.8492767      905        0        0 
   65000    4.9150893      940        0        0 
   66000    4.9848937      912        0        0 
   67000    5.0596227      892        0        0 
   68000    5.1318895      872        0        0 
   69000    5.2023133      888        0        0 
   70000    5.2705325      957        0        0 
   71000    5.3432405      945        0        0 
   72000     5.416439      923        0        0 
   73000    5.4867745      934        0        0 
   74000    5.5583184      898        0        0 
   75000    5.6374647      922        0        0 
   76000    5.7034412      883        0        0 
   77000    5.7698078      922        0        0 
   78000    5.8400698      960        0        0 
   79000    5.9123328      896        0        0 
   80000    5.9836188      922        0        0 
   81000    6.0545878      901        0        0 
   82000    6.1240924      949        0        0 
   83000    6.1958565      926        0        0 
   84000    6.2668898      898        0        0 
   85000    6.3343241      910        0        0 
   86000    6.4077805      953        0        0 
   87000    6.4855392      882        0        0 
   88000    6.5567494      938        0        0 
   89000    6.6323633      864        0        0 
   90000    6.6991142      932        0        0 
   91000    6.7723118      861        0        0 
   92000    6.8443089      874        0        0 
   93000    6.9122771      907        0        0 
   94000    6.9815662      924        0        0 
   95000    7.0488186      889        0        0 
   96000    7.1207571      965        0        0 
   97000    7.1905918      863        0        0 
   98000    7.2627072      891        0        0 
   99000     7.328569      890        0        0 
  100000    7.4069353      941        0        0 
  101000    7.4793732      922        0        0 
  102000    7.5536002      888        0        0 
  103000    7.6240931      951        0        0 
  104000    7.6972041      904        0        0 
  105000    7.7684784      889        0        0 
  106000    7.8423284      958        0        0 
  107000    7.9146558      899        0        0 
  108000    7.9809317      937        0        0 
  109000    8.0482129      945        0        0 
  110000    8.1177409      932        0        0 
  111000    8.1905227      872        0        0 
  112000    8.2594899      898        0        0 
  113000    8.3286942      922        0        0 
  114000    8.4008278      891        0        0 
  115000    8.4705852      896        0        0 
  116000     8.539067      888        0        0 
  117000    8.6080924      865        0        0 
  118000    8.6780327      934        0        0 
  119000    8.7458397      901        0        0 
  120000    8.8125839      948        0        0 
  121000     8.879295      939        0        0 
  122000    8.9462743      890        0        0 
  123000    9.0204147      893        0        0 
  124000    9.0899731      901        0        0 
  125000    9.1635207      934        0        0 
  126000    9.2286167      922        0        0 
  127000    9.3002095      933        0        0 
  128000    9.3713559      928        0        0 
  129000    9.4368195      915        0        0 
  130000     9.505061      871        0        0 
  131000    9.5758928      950        0        0 
  132000     9.653623      864        0        0 
  133000    9.7218529      930        0        0 
  134000     9.786616      893        0        0 
  135000    9.8669126      934        0        0 
  136000    9.9357773      897        0        0 
  137000    10.002659      920        0        0 
  138000    10.072431      913        0        0 
  139000    10.143856      924        0        0 
  140000    10.217704      910        0        0 
  141000    10.282931      924        0        0 
  142000     10.35717      891        0        0 
  143000    10.421417      909        0        0 
  144000     10.49592      864        0        0 
  145000    10.563231      862        0        0 
  146000    10.631196      909        0        0 
  147000    10.703996      892        0        0 
  148000    10.775827      892        0        0 
  149000    10.845838      901        0        0 
  150000    10.916334      904        0        0 
  151000    11.005333      926        0        0 
  152000    11.080087      988        0        0 
  153000    11.160907      912        0        0 
  154000    11.229985      925        0        0 
  155000    11.303156      912        0        0 
  156000    11.373846      915        0        0 
  157000    11.443468      928        0        0 
  158000    11.512354      896        0        0 
  159000    11.582499      926        0        0 
  160000    11.651947      927        0        0 
  161000    11.719584      893        0        0 
  162000    11.785413      939        0        0 
  163000    11.853767      944        0        0 
  164000     11.92145      903        0        0 
  165000    11.990029      912        0        0 
  166000    12.058938      925        0        0 
  167000     12.13163      921        0        0 
  168000     12.20117      879        0        0 
  169000    12.268858      899        0        0 
  170000    12.338924      971        0        0 
  171000    12.412837      920        0        0 
  172000    12.484734      902        0        0 
  173000    12.550294      902        0        0 
  174000    12.616472      879        0        0 
  175000    12.687103      928        0        0 
  176000    12.761618      914        0        0 
  177000    12.831967      973        0        0 
  178000      12.9004      934        0        0 
  179000    12.968271      900        0        0 
  180000    13.041903      887        0        0 
  181000    13.111924      899        0        0 
  182000    13.179919      916        0        0 
  183000    13.247162      868        0        0 
  184000    13.317262      941        0        0 
  185000     13.38628      959        0        0 
  186000    13.459502      904        0        0 
  187000    13.526346      945        0        0 
  188000    13.591817      910        0        0 
  189000    13.659838      967        0        0 
  190000     13.73278      990        0        0 
  191000    13.804179      934        0        0 
  192000    13.873906      940        0        0 
  193000     13.94501      935        0        0 
  194000    14.012979      884        0        0 
  195000    14.081268      911        0        0 
  196000    14.150596      940        0        0 
  197000    14.226583      880        0        0 
  198000    14.303239      850        0        0 
  199000    14.378078      931        0        0 
  200000    14.461337      922        0        0 
  201000    14.544755      907        0        0 
  202000    14.620113      920        0        0 
  203000    14.692281      916        0        0 
  204000    14.772815      954        0        0 
  205000    14.843678      903        0        0 
  206000    14.918262      918        0        0 
  207000    14.990888      913        0        0 
  208000    15.068684      907        0        0 
  209000    15.141911      957        0        0 
  210000    15.210726      973        0        0 
  211000    15.284159      906        0        0 
  212000    15.355232      958        0        0 
  213000     15.42429      906        0        0 
  214000    15.500991      918        0        0 
  215000    15.575745      920        0        0 
  216000    15.646432      893        0        0 
  217000    15.713827      923        0        0 
  218000    15.781221      868        0        0 
  219000     15.84826      899        0        0 
  220000    15.920795      909        0        0 
  221000    15.990363      900        0        0 
  222000    16.058869      933        0        0 
  223000    16.132921      897        0        0 
  224000    16.206948      976        0        0 
  225000    16.277637      988        0        0 
  226000    16.349445      892        0        0 
  227000    16.427303      922        0        0 
  228000    16.504461      905        0        0 
  229000     16.57771      940        0        0 
  230000    16.647657      912        0        0 
  231000    16.716519      953        0        0 
  232000    16.787507      905        0        0 
  233000    16.859797      909        0        0 
  234000     16.92586      916        0        0 
  235000    16.994756      978        0        0 
  236000    17.062584      944        0        0 
  237000    17.130513      878        0        0 
  238000    17.204477      876        0        0 
  239000    17.274812      917        0        0 
  240000    17.348125      943        0        0 
  241000    17.415767      918        0        0 
  242000    17.489625      945        0        0 
  243000    17.560055      895        0        0 
  244000    17.632591      878        0        0 
  245000    17.704405      906        0        0 
  246000    17.773708      909        0        0 
  247000    17.847055      865        0        0 
  248000    17.918076      866        0        0 
  249000    17.983912      904        0        0 
  250000    18.053292      897        0        0 
  251000    18.125924      929        0        0 
  252000    18.198272      908        0        0 
  253000    18.270639      911        0        0 
  254000    18.336491      976        0        0 
  255000    18.407475      904        0        0 
  256000    18.478858      859        0        0 
  257000    18.550839      938        0        0 
  258000    18.623746      905        0        0 
  259000    18.689028      901        0        0 
  260000     18.75613      921        0        0 
  261000    18.822413      906        0        0 
  262000    18.891393      926        0        0 
  263000    18.957605      931        0        0 
  264000    19.024347      924        0        0 
  265000    19.092909      894        0        0 
  266000    19.167419      904        0        0 
  267000    19.236403      967        0        0 
  268000    19.301362      930        0        0 
  269000    19.369672      844        0        0 
  270000    19.437836      942        0        0 
  271000    19.508183      934        0        0 
  272000    19.578361      905        0        0 
  273000    19.647579      858        0        0 
  274000    19.717394      909        0        0 
  275000    19.789388      963        0        0 
  276000    19.857722      875        0        0 
  277000    19.929319      922        0        0 
  278000    19.994687      942        0        0 
  279000    20.063519      932        0        0 
  280000    20.132909      871        0        0 
  281000    20.201905      952        0        0 
  282000    20.268461      896        0        0 
  283000    20.335974      932        0        0 
  284000     20.40739      861        0        0 
  285000    20.474798      923        0        0 
  286000     20.54808      890        0        0 
  287000    20.620514      864        0        0 
  288000     20.69875      924        0        0 
  289000    20.773067      942        0        0 
  290000    20.850872      914        0        0 
  291000    20.923498      911        0        0 
  292000    20.997541      931        0        0 
  293000    21.073066      975        0        0 
  294000    21.141816      958        0        0 
  295000    21.208931      925        0        0 
  296000    21.279995      905        0        0 
  297000    21.370983      925        0        0 
  298000    21.502173      888        0        0 
  299000    21.619187      902        0        0 
  300000    21.731763      893        0        0 
  301000    21.822118      968        0        0 
  302000    21.899291      897        0        0 
  303000    21.973474      954        0        0 
  304000    22.051576      962        0        0 
  305000    22.128733      947        0        0 
  306000     22.20926      913        0        0 
  307000    22.284014      897        0        0 
  308000    22.362674      892        0        0 
  309000    22.432666      867        0        0 
  310000    22.506409      856        0        0 
  311000    22.574714      851        0        0 
  312000    22.649171      903        0        0 
  313000    22.721811      892        0        0 
  314000    22.795107      905        0        0 
  315000    22.880316      888        0        0 
  316000    22.976979      921        0        0 
  317000    23.059056      900        0        0 
  318000    23.140168      897        0        0 
  319000    23.219812      891        0        0 
  320000    23.293789      882        0        0 
  321000    23.366313      903        0        0 
  322000    23.441631      883        0        0 
  323000    23.517874      958        0        0 
  324000    23.594934      951        0        0 
  325000    23.668135      989        0        0 
  326000    23.737979      962        0        0 
  327000    23.806204      918        0        0 
  328000    23.889049      893        0        0 
  329000    23.957101      951        0        0 
  330000    24.026265      913        0        0 
  331000    24.162805      880        0        0 
  332000    24.242578      928        0        0 
  333000    24.317249      911        0        1 
  334000    24.393602      897        0        0 
  335000    24.468109      881        0        0 
  336000    24.539902      918        0        0 
  337000    24.614917      854        0        0 
  338000      24.6858      955        0        0 
  339000    24.758337      958        0        0 
  340000    24.827703      968        0        0 
  341000    24.901748      943        0        0 
  342000    24.968316      866        0        0 
  343000    25.036443      932        0        0 
  344000    25.109431      932        0        0 
  345000    25.177872      931        0        0 
  346000    25.253759      940        0        0 
  347000    25.325658      834        0        0 
  348000    25.401728      881        0        0 
  349000    25.486014      851        0        0 
  350000    25.559093      928        0        0 
  351000    25.626909      933        0        0 
  352000    25.693356      938        0        0 
  353000    25.765083      853        0        0 
  354000    25.832057      919        0        0 
  355000     25.90382      913        0        0 
  356000    25.977037      890        0        0 
  357000    26.046976      917        0        0 
  358000    26.115961      896        0        0 
  359000    26.183497      908        0        0 
  360000    26.250862      901        0        0 
  361000    26.319701      899        0        0 
  362000     26.38979      944        0        0 
  363000    26.472338      909        0        0 
  364000    26.543338      851        0        0 
  365000    26.614518      889        0        0 
  366000    26.684877      951        0        0 
  367000    26.751815      955        0        0 
  368000    26.821616      879        0        0 
  369000    26.892982      894        0        0 
  370000    26.969969      960        0        0 
  371000     27.04858      928        0        0 
  372000    27.121772      928        0        0 
  373000    27.196446      865        0        0 
  374000    27.266404      904        0        0 
  375000    27.341292      930        0        0 
  376000    27.413797      905        0        0 
  377000    27.484464      901        0        0 
  378000      27.5548      957        0        0 
  379000    27.627837      915        0        0 
  380000    27.697983      909        0        0 
  381000    27.771841      931        0        0 
  382000    27.841117      886        0        0 
  383000    27.911588      939        0        0 
  384000    27.986526      950        0        0 
  385000      28.0548      902        0        0 
  386000    28.124541      944        0        0 
  387000    28.202858      908        0        0 
  388000    28.275505      916        0        0 
  389000    28.350338      893        0        0 
  390000    28.422257      891        0        0 
  391000    28.498939      895        0        0 
  392000    28.574575      898        0        0 
  393000    28.643278      912        0        0 
  394000    28.718031      923        0        0 
  395000    28.791917      896        0        0 
  396000    28.863723      934        0        0 
  397000     28.93801      922        0        0 
  398000    29.006324      912        0        0 
  399000    29.078836      862        0        0 
  400000    29.151283      891        0        0 
  401000    29.223784      900        0        0 
  402000    29.293356      881        0        0 
  403000    29.363063      914        0        0 
  404000     29.43486      941        0        0 
  405000     29.50586      880        0        0 
  406000    29.575037      894        0        0 
  407000    29.644247      889        0        0 
  408000    29.713246      897        0        0 
  409000    29.785541      895        0        0 
  410000    29.853868      939        0        0 
  411000    29.926184      971        0        0 
  412000    30.002706      885        0        0 
  413000    30.074378      895        0        0 
  414000    30.143687      840        0        0 
  415000    30.214765      870        0        0 
  416000    30.288675      895        0        0 
  416666    30.334975      891        0        0 
Loop time of 30.335 on 4 procs for 416666 steps with 891 particles
Performance: 13735.478 timesteps/s, 12.238 Mparticle-step/s

MPI task timing breakdown:
Section |  min time  |  avg time  |  max time  |%varavg| %total
---------------------------------------------------------------
Move    | 2.5414     | 2.5766     | 2.6188     |   1.8 |  8.49
Coll    | 7.1178     | 7.4303     | 7.9705     |  12.0 | 24.49
Sort    | 10.818     | 11.218     | 11.73      |  10.8 | 36.98
Comm    | 2.1684     | 2.2573     | 2.3375     |   4.8 |  7.44
Modify  | 0.058466   | 1.4925     | 2.9456     | 117.3 |  4.92
Output  | 0.0075091  | 0.013665   | 0.030554   |   8.3 |  0.05
Other   |            | 5.346      |            |       | 17.62

Particle moves    = 380280921 (380M)
Cells touched     = 485935340 (486M)
Particle comms    = 1880428 (1.88M)
Boundary collides = 1602447 (1.6M)
Boundary exits    = 1079761 (1.08M)
SurfColl checks   = 3163246 (3.16M)
SurfColl occurs   = 651 (0.651K)
Surf reactions    = 0 (0K)
Collide attempts  = 15 (0.015K)
Collide occurs    = 10 (0.01K)
Gas reactions     = 0 (0K)
Particles stuck   = 0
Axisymm bad moves = 0

Particle-moves/CPUsec/proc: 3.13401e+06
Particle-moves/step: 912.676
Cell-touches/particle/step: 1.27783
Particle comm iterations/step: 1.99404
Particle fraction communicated: 0.00494484
Particle fraction colliding with boundary: 0.00421385
Particle fraction exiting boundary: 0.00283938
Surface-checks/particle/step: 0.00831818
Surface-collisions/particle/step: 1.71189e-06
Surface-reactions/particle/step: 0
Collision-attempts/particle/step: 3.94445e-08
Collisions/particle/step: 2.62963e-08
Gas-reactions/particle/step: 0

Particles: 222.75 ave 238 max 207 min
Histogram: 1 1 0 0 0 0 0 0 1 1
Cells:     16000 ave 16000 max 16000 min
Histogram: 4 0 0 0 0 0 0 0 0 0
GhostCell: 1640 ave 1640 max 1640 min
Histogram: 4 0 0 0 0 0 0 0 0 0
EmptyCell: 1640 ave 1640 max 1640 min
Histogram: 4 0 0 0 0 0 0 0 0 0
Surfs:     192 ave 192 max 192 min
Histogram: 4 0 0 0 0 0 0 0 0 0
GhostSurf: 0 ave 0 max 0 min
Histogram: 4 0 0 0 0 0 0 0 0 0
Memory usage per proc in Mbytes:
  particles (ave,min,max) = 1.5625 1.5625 1.5625
  grid      (ave,min,max) = 3.88879 3.88879 3.88879
  surf      (ave,min,max) = 0.0241699 0.0241699 0.0241699
  total     (ave,min,max) = 5.47656 5.47656 5.47656
Step CPU Np Ncoll Nscoll 
  416666            0      891        0        0 
  417000  0.026396943      927        0        0 
  418000    0.1054265      902        0        0 
  419000   0.17849545      930        0        0 
  420000   0.24956567      924        0        0 
  421000   0.31793912      886        0        0 
  422000   0.38368478      968        0        0 
  423000   0.45051609      906        0        0 
  424000   0.52237289      951        0        0 
  425000   0.59578654      914        0        0 
  426000    0.6933549      948        0        0 
  427000   0.76399593      911        0        0 
  428000   0.84165328      937        0        0 
  429000   0.91294699      905        0        0 
  430000   0.98408003      875        0        0 
  431000    1.0617089      922        0        0 
  432000    1.1774468      913        0        0 
  433000    1.2919549      948        0        0 
  434000    1.4248669      909        0        0 
  435000     1.499972      887        0        0 
  436000     1.572599      902        0        0 
  437000    1.6458654      898        0        0 
  438000    1.7388047      937        0        0 
  439000     1.826709      877        0        0 
  440000    1.9009171      885        0        0 
  441000    1.9740723      871        0        0 
  442000    2.0469052      874        0        0 
  443000    2.1181872      912        0        0 
  444000    2.1860978      904        0        0 
  445000    2.2574974      909        0        0 
  446000    2.3272642      920        0        0 
  447000     2.396482      893        0        0 
  448000    2.4642124      930        0        0 
  449000    2.5303803      862        0        0 
  450000    2.5984211      872        0        0 
  451000    2.6715979      945        0        0 
  452000    2.7430668      915        0        0 
  453000    2.8129538      893        0        0 
  454000    2.8865286      902        0        0 
  455000    2.9569919      917        0        0 
  456000    3.0250142      925        0        0 
  457000    3.0979313      911        0        0 
  458000    3.1719059      919        0        0 
  459000    3.2440305      893        0        0 
  460000    3.3220392      931        0        0 
  461000    3.3982307      970        0        0 
  462000    3.4749381      901        0        0 
  463000    3.5492893      869        0        0 
  464000    3.6240528      873        0        0 
  465000    3.6943069      932        0        0 
  466000    3.7719057      876        0        0 
  467000    3.8579317      960        0        0 
  468000    3.9375233      855        0        0 
  469000    4.0558634      865        0        0 
  470000    4.1944302      921        0        0 
  471000    4.3587761      875        0        0 
  472000    4.5130783      914        0        0 
  473000    4.6652618      973        0        0 
  474000    4.7876704      966        0        0 
  475000    4.9003118      931        0        0 
  476000    4.9967233      917        0        0 
  477000    5.0887398      930        0        0 
  478000    5.1694729      861        0        0 
  479000     5.245509      892        0        0 
  480000    5.3231299      919        0        0 
  481000    5.3966281      859        0        0 
  482000    5.4696609      898        0        0 
  483000    5.5484812      909        0        0 
  484000    5.6187895      940        0        0 
  485000    5.6935681      925        0        0 
  486000    5.7685399      927        0        0 
  487000    5.8426591      886        0        0 
  488000    5.9139678      906        0        0 
  489000    5.9841188      895        0        0 
  490000      6.05951      914        0        0 
  491000    6.1401995      907        0        0 
  492000    6.2112788      887        0        0 
  493000    6.2811092      923        0        0 
  494000    6.3549711      984        0        0 
  495000    6.4264233      889        0        0 
  496000    6.4998881      898        0        0 
  497000    6.5771367      917        0        0 
  498000    6.6466604      942        0        0 
  499000    6.7249296      932        0        0 
  500000    6.7972788      935        0        0 
  501000    6.8731273      934        0        0 
  502000    6.9461211      906        0        0 
  503000    7.0203644      912        0        0 
  504000    7.0926064      855        0        0 
  505000    7.1685249      917        0        0 
  506000    7.2372034      898        0        0 
  507000    7.3097471      914        0        0 
  508000    7.3793372      920        0        0 
  509000    7.4482649      923        0        0 
  510000    7.5226423      918        0        0 
  511000    7.5907062      915        0        0 
  512000    7.6634064      877        0        0 
  513000    7.7421448      943        0        0 
  514000    7.8109068      936        0        0 
  515000    7.8815131      879        0        0 
  516000    7.9543895      893        0        0 
  517000    8.0235122      916        0        0 
  518000    8.0916064      911        0        0 
  519000     8.169158      894        0        0 
  520000    8.2406272      921        0        0 
  521000    8.3132405      910        0        0 
  522000    8.3903737      883        0        0 
  523000    8.4595851      900        0        0 
  524000    8.5279387      912        0        0 
  525000    8.6022969      928        0        0 
  526000    8.6859763      933        0        0 
  527000    8.7624497      945        0        0 
  528000     8.841829      888        0        0 
  529000    8.9174069      900        0        0 
  530000     8.989439      974        0        0 
  531000    9.0672047      946        0        0 
  532000    9.1417921      944        0        0 
  533000    9.2106321      915        0        0 
  534000    9.2855859      935        0        0 
  535000    9.3598186      900        0        0 
  536000     9.432017      905        0        0 
  537000    9.5152747      838        0        0 
  538000    9.6083987      978        0        0 
  539000    9.7207914      871        0        0 
  540000    9.7966251      894        0        0 
  541000    9.8778314      924        0        0 
  542000    9.9492095      910        0        0 
  543000    10.018198      863        0        0 
  544000    10.084735      949        0        0 
  545000    10.162566      935        0        0 
  546000    10.231357      930        0        0 
  547000    10.301945      947        0        0 
  548000    10.368325      907        0        0 
  549000    10.437634      938        0        0 
  550000    10.504507      930        0        0 
  551000    10.574697      926        0        0 
  552000    10.645583      987        0        0 
  553000    10.724555      891        0        0 
  554000    10.795621      964        0        0 
  555000    10.863131      938        0        0 
  556000    10.932339      932        0        0 
  557000    11.001808      919        0        0 
  558000    11.068386      907        0        0 
  559000    11.147331      902        0        0 
  560000    11.228116      903        0        0 
  561000    11.304949      904        0        0 
  562000    11.372775      958        0        0 
  563000    11.448621      877        0        0 
  564000    11.525492      926        0        0 
  565000    11.600207      873        0        0 
  566000    11.673143      944        0        0 
  567000    11.758129      944        0        0 
  568000     11.83401      908        0        0 
  569000    11.905049      911        0        0 
  570000    11.973965      940        0        0 
  571000    12.052462      928        0        0 
  572000    12.124896      914        0        0 
  573000    12.195716      915        0        0 
  574000    12.267314      935        0        0 
  575000    12.343761      914        0        0 
  576000    12.420486      888        0        0 
  577000    12.488709      957        0        0 
  578000    12.574499      938        0        0 
  579000    12.650963      951        0        0 
  580000    12.723814      929        0        0 
  581000    12.808445      944        0        0 
  582000    12.877892      893        0        0 
  583000     12.95041      922        0        0 
  584000    13.022986      930        0        0 
  585000    13.102529      928        0        0 
  586000    13.301045      896        0        0 
  587000    13.488149      853        0        0 
  588000    13.609488      882        0        0 
  589000    13.706603      918        0        0 
  590000    13.833338      924        0        0 
  591000    13.940607      916        0        0 
  592000    14.036865      892        0        0 
  593000    14.151215      895        0        0 
  594000    14.246744      852        0        0 
  595000    14.322835      895        0        0 
  596000    14.394607      938        0        0 
  597000    14.462007      887        0        0 
  598000    14.532728      875        0        0 
  599000    14.599877      902        0        0 
  600000    14.678911      924        0        0 
  601000    14.754146      911        0        0 
  602000    14.825657      890        0        0 
  603000    14.902542      903        0        0 
  604000    14.976416      935        0        0 
  605000    15.061876      860        0        0 
  606000    15.150747      901        0        0 
  607000    15.237632      973        0        0 
  608000    15.318433      905        0        0 
  609000    15.389069      928        0        0 
  610000    15.552775      950        0        0 
  611000    15.742005      871        0        0 
  612000    15.897773      843        0        0 
  613000    16.073995      872        0        0 
  614000    16.252325      954        0        0 
  615000    16.391691      878        0        0 
  616000    16.533903      942        0        0 
  617000     16.66725      864        0        0 
  618000    16.806067      874        0        0 
  619000    16.925535      927        0        0 
  620000    17.047256      916        0        0 
  621000     17.14533      900        0        0 
  622000    17.226702      936        0        0 
  623000    17.303712      875        0        0 
  624000    17.377999      917        0        0 
  625000    17.449568      893        0        0 
  626000    17.522063      879        0        0 
  627000    17.603979      902        0        0 
  628000     17.75655      912        0        0 
  629000     17.89674      934        0        0 
  630000    17.990771      889        0        0 
  631000    18.068947      916        0        0 
  632000    18.197619      893        0        0 
  633000    18.401916      913        0        0 
  634000    18.569681      944        0        0 
  635000    18.767189      879        0        0 
  636000    18.906146      907        0        0 
  637000    19.088941      895        0        0 
  638000    19.254162      899        0        0 
  639000    19.442935      897        0        0 
  640000    19.617669      950        0        0 
  641000    19.741645      943        0        0 
  642000    19.877261      850        0        0 
  643000    20.021064      874        0        0 
  644000    20.163258      870        0        0 
  645000    20.310798      916        0        0 
  646000    20.411299      896        0        0 
  647000    20.510181      900        0        0 
  648000    20.631268      952        0        0 
  649000    20.735866      863        0        0 
  650000    20.861566      852        0        0 
  651000    20.952399      886        0        0 
  652000    21.047347      903        0        0 
  653000    21.145637      918        0        0 
  654000    21.266002      929        0        0 
  655000    21.364171      951        0        0 
  656000     21.44906      946        0        0 
  657000    21.538906      923        0        0 
  658000    21.630737      906        0        0 
  659000    21.727706      954        0        0 
  660000      21.8303      926        0        0 
  661000    21.924634      888        0        0 
  662000      22.0094      913        0        0 
  663000       22.105      889        0        0 
  664000    22.211611      886        0        0 
  665000    22.344897      877        0        0 
  666000    22.449688      965        0        0 
  667000    22.554481      871        0        0 
  668000     22.66128      907        0        0 
  669000    22.763349      889        0        0 
  670000    22.879311      936        0        0 
  671000    22.967779      911        0        0 
  672000    23.063366      912        0        0 
  673000    23.177345      900        0        0 
  674000    23.304359      951        0        0 
  675000    23.439022      871        0        0 
  676000    23.554319      880        0        0 
  677000    23.673628      926        0        0 
  678000    23.793538      953        0        0 
  679000    23.933202      971        0        0 
  680000    24.071138      897        0        0 
  681000    24.166048      884        0        0 
  682000    24.293446      888        0        0 
  683000    24.460667      991        0        0 
  684000    24.626058      917        0        0 
  685000    24.780485      925        0        0 
  686000    24.940019      948        0        0 
  687000     25.04727      958        0        0 
  688000    25.196337      925        0        0 
  689000    25.309917      924        0        0 
  690000    25.444502      925        0        0 
  691000    25.608627      867        0        0 
  692000    25.775073      896        0        0 
  693000    25.944484      965        0        0 
  694000     26.12391      916        0        0 
  695000    26.265719      923        0        0 
  696000     26.37444      931        0        0 
  697000    26.514658      986        0        0 
  698000    26.694465      911        0        0 
  699000     26.84546      900        0        0 
  700000    26.979515      905        0        0 
  701000    27.114285      914        0        0 
  702000    27.255477      930        0        0 
  703000    27.401683      890        0        0 
  704000    27.562607      908        0        0 
  705000    27.758791      876        0        0 
  706000    27.901375      938        0        0 
  707000    27.992371      910        0        0 
  708000    28.080789      941        0        0 
  709000    28.191539      909        0        0 
  710000    28.319747      960        0        0 
  711000    28.403732      903        0        0 
  712000    28.480942      952        0        0 
  713000    28.562784      927        0        0 
  714000    28.645077      951        0        0 
  715000    28.729407      973        0        0 
  716000    28.813373      897        0        0 
  717000    28.913052      921        0        0 
  718000    29.009429      914        0        0 
  719000    29.128974      870        0        0 
  720000    29.223668      876        0        0 
  721000    29.303355      905        0        0 
  722000     29.38767      972        0        0 
  723000    29.466701      950        0        0 
  724000    29.553155      917        0        0 
  725000      29.6663      922        0        0 
  726000    29.768493      876        0        0 
  727000    29.869283      933        0        0 
  728000     29.98771      932        0        0 
  729000    30.097103      857        0        0 
  730000    30.176022      930        0        0 
  731000    30.259067      939        0        0 
  732000     30.33891      926        0        0 
  733000    30.412321      900        0        0 
  734000    30.479917      940        0        0 
  735000     30.55732      944        0        0 
  736000    30.635327      891        0        0 
  737000     30.71527      905        0        0 
  738000    30.801446      942        0        0 
  739000    30.879932      884        0        0 
  740000    30.957244      895        0        0 
  741000    31.039396      910        0        0 
  742000     31.12682      904        0        0 
  743000    31.206473      874        0        0 
  744000    31.283189      933        0        0 
  745000    31.355536      842        0        0 
  746000    31.424752      856        0        0 
  747000    31.494826      875        0        0 
  748000    31.567457      936        0        0 
  749000    31.641942      946        0        0 
  750000    31.715586      896        0        0 
  751000    31.787692      897        0        0 
  752000    31.873387      905        0        0 
  753000    31.945225      948        0        0 
  754000    32.021068      885        0        0 
  755000    32.092933      981        0        0 
  756000    32.163645      952        0        0 
  757000    32.236744      936        0        0 
  758000    32.308144      952        0        0 
  759000     32.37425      927        0        0 
  760000    32.449944      924        0        0 
  761000    32.521228      901        0        0 
  762000    32.595856      896        0        0 
  763000    32.665626      910        0        0 
  764000     32.73221      917        0        0 
  765000    32.804682      888        0        0 
  766000    32.874954      889        0        0 
  767000    32.942001      889        0        0 
  768000    33.017814      921        0        0 
  769000    33.086981      943        0        0 
  770000    33.156138      915        0        0 
  771000    33.227132      943        0        0 
  772000    33.309831      922        0        0 
  773000    33.426494      895        0        0 
  774000    33.501061      864        0        0 
  775000    33.570938      944        0        0 
  776000    33.640484      910        0        0 
  777000    33.713059      923        0        0 
  778000    33.783026      866        0        0 
  779000    33.858965      885        0        0 
  780000    33.927943      923        0        0 
  781000    34.003596      940        0        0 
  782000    34.092664      871        0        0 
  783000     34.18821      894        0        0 
  784000    34.273125      888        0        0 
  785000    34.354688      848        0        0 
  786000     34.42556      948        0        0 
  787000    34.501232      947        0        0 
  788000    34.573328      930        0        0 
  789000    34.647166      909        0        0 
  790000    34.718101      901        0        0 
  791000    34.795072      872        0        0 
  792000    34.870072      968        0        0 
  793000    34.942285      940        0        0 
  794000    35.014982      948        0        0 
  795000    35.103572      938        0        0 
  796000     35.17659      925        0        0 
  797000    35.248495      916        0        0 
  798000    35.322066      926        0        0 
  799000    35.394226      879        0        0 
  800000    35.471432      933        0        0 
  801000    35.541016      856        0        0 
  802000    35.611608      935        0        0 
  803000    35.684658      902        0        0 
  804000    35.758533      900        0        0 
  805000    35.834706      906        0        0 
  806000     35.91055      919        0        0 
  807000    35.990178      939        0        0 
  808000    36.065387      966        0        0 
  809000    36.158874      899        0        0 
  810000    36.245439      938        0        0 
  811000    36.330813      920        0        0 
  812000    36.418017      897        0        0 
  813000    36.506252      901        0        0 
  814000    36.585164      950        0        0 
  815000    36.665507      910        0        0 
  816000    36.749728      897        0        0 
  817000    36.824047      883        0        0 
  818000     36.89757      957        0        0 
  819000    36.966951      944        0        0 
  820000    37.057497      928        0        0 
  821000     37.14141      883        0        0 
  822000    37.218493      892        0        0 
  823000    37.293443      941        0        0 
  824000    37.369562      885        0        0 
  825000    37.445465      899        0        0 
  826000    37.522778      881        0        0 
  827000    37.602713      950        0        0 
  828000    37.694275      956        0        0 
  829000    37.778815      925        0        0 
  830000    37.862995      925        0        0 
  831000    37.944368      939        0        0 
  832000    38.050811      906        0        0 
  832666    38.144777      956        0        0 
Loop time of 38.1448 on 4 procs for 416000 steps with 956 particles
Performance: 10905.800 timesteps/s, 10.426 Mparticle-step/s

MPI task timing breakdown:
Section |  min time  |  avg time  |  max time  |%varavg| %total
---------------------------------------------------------------
Move    | 3.275      | 3.3097     | 3.3348     |   1.2 |  8.68
Coll    | 8.3724     | 8.723      | 9.2433     |  11.1 | 22.87
Sort    | 12.703     | 13.073     | 13.552     |   9.8 | 34.27
Comm    | 2.9137     | 3.0174     | 3.1204     |   5.0 |  7.91
Modify  | 0.11965    | 1.7684     | 3.4359     | 123.7 |  4.64
Output  | 0.012833   | 0.019446   | 0.038216   |   7.8 |  0.05
Other   |            | 8.234      |            |       | 21.59

Particle moves    = 379982541 (380M)
Cells touched     = 485585408 (486M)
Particle comms    = 1878906 (1.88M)
Boundary collides = 1602096 (1.6M)
Boundary exits    = 1078590 (1.08M)
SurfColl checks   = 3063244 (3.06M)
SurfColl occurs   = 602 (0.602K)
Surf reactions    = 0 (0K)
Collide attempts  = 17 (0.017K)
Collide occurs    = 14 (0.014K)
Gas reactions     = 0 (0K)
Particles stuck   = 0
Axisymm bad moves = 0

Particle-moves/CPUsec/proc: 2.49039e+06
Particle-moves/step: 913.42
Cell-touches/particle/step: 1.27792
Particle comm iterations/step: 1.99439
Particle fraction communicated: 0.00494472
Particle fraction colliding with boundary: 0.00421624
Particle fraction exiting boundary: 0.00283853
Surface-checks/particle/step: 0.00806154
Surface-collisions/particle/step: 1.58428e-06
Surface-reactions/particle/step: 0
Collision-attempts/particle/step: 4.47389e-08
Collisions/particle/step: 3.68438e-08
Gas-reactions/particle/step: 0

Particles: 239 ave 251 max 225 min
Histogram: 1 0 0 1 0 0 0 0 1 1
Cells:     16000 ave 16000 max 16000 min
Histogram: 4 0 0 0 0 0 0 0 0 0
GhostCell: 1640 ave 1640 max 1640 min
Histogram: 4 0 0 0 0 0 0 0 0 0
EmptyCell: 1640 ave 1640 max 1640 min
Histogram: 4 0 0 0 0 0 0 0 0 0
Surfs:     192 ave 192 max 192 min
Histogram: 4 0 0 0 0 0 0 0 0 0
GhostSurf: 0 ave 0 max 0 min
Histogram: 4 0 0 0 0 0 0 0 0 0
