SPARTA (24 Sep 2025)
Running on 4 MPI task(s)
Created orthogonal box = (0 0 0) to (5e-06 5e-06 5e-06)
WARNING: Could not acquire nearby ghost cells b/c grid partition is not clumped (../grid.cpp:473)
Created 64000 child grid cells
  CPU time = 0.00225929 secs
  create/ghost percent = 88.9297 11.0703
Balance grid migrated 48000 cells
  CPU time = 0.0118493 secs
  reassign/sort/migrate/ghost percent = 16.1248 0.783428 49.8021 33.2897
Reading surface file ...
  192 triangles
  2.45e-06 2.55e-06 xlo xhi
  2.45e-06 2.55e-06 ylo yhi
  2.45e-06 2.55e-06 zlo zhi
  1.37386e-08 min triangle edge length
  8.32156e-17 min triangle area
  8 0 = cells overlapping surfs, overlap cells with unmarked corner pts
  63992 0 8 = cells outside/inside/overlapping surfs
  8 = surf cells with 1,2,etc splits
  1.24999513661446e-16 1.24999513661465e-16 = cell-wise and global flow volume
  CPU time = 0.0148815 secs
  read/check/sort/surf2grid/ghost/inout/particle percent = 36.2476 2.53885 5.45917 30.1328 25.6216 12.6846 0.675268
  surf2grid time = 0.00448421 secs
  map/comm1/comm2/comm3/comm4/split percent = 34.3934 1.65209 34.8893 3.83836 4.10684 9.4914
Memory usage per proc in Mbytes:
  particles (ave,min,max) = 0 0 0
  grid      (ave,min,max) = 3.88879 3.88879 3.88879
  surf      (ave,min,max) = 0.0241699 0.0241699 0.0241699
  total     (ave,min,max) = 3.91296 3.91296 3.91296
Step CPU Np Ncoll Nscoll 
       0            0        0        0        0 
    1000   0.15802958      201        0        0 
    2000   0.36194332      230        3        1 
    3000   0.56129732      199        0        0 
    4000     0.807147      223        0        0 
    5000    1.0382615      239        0        0 
    6000    1.2281794      215        1        0 
    7000    1.3931652      238        0        0 
    8000    1.5473127      224        0        0 
    9000    1.7071743      228        0        0 
   10000    1.8678834      211        0        0 
   11000    2.0381116      228        3        0 
   12000    2.2106702      252        0        0 
   13000    2.3939291      198        0        0 
   14000    2.5870723      232        0        0 
   15000    2.8037654      223        0        0 
   16000    2.9904435      243        0        0 
   17000    3.1719066      220        0        0 
   18000    3.3419748      241        0        0 
   19000    3.5462358      223        2        0 
   20000    3.7478401      207        0        0 
   21000    4.1019849      210        0        0 
   22000    4.3146978      234        0        0 
   23000    4.4782458      224        0        0 
   24000    4.6821105      237        0        0 
   25000    4.8515361      200        0        0 
Loop time of 4.85157 on 4 procs for 25000 steps with 200 particles
Performance: 5152.971 timesteps/s, 1.031 Mparticle-step/s

MPI task timing breakdown:
Section |  min time  |  avg time  |  max time  |%varavg| %total
---------------------------------------------------------------
Move    | 1.7404     | 1.7677     | 1.7949     |   1.5 | 36.43
Coll    | 0.39786    | 0.43244    | 0.47908    |   4.6 |  8.91
Sort    | 0.76055    | 0.77444    | 0.79374    |   1.6 | 15.96
Comm    | 0.39315    | 0.39806    | 0.40235    |   0.6 |  8.20
Modify  | 0.006187   | 0.18347    | 0.36438    |  41.4 |  3.78
Output  | 0.00044552 | 0.0009278  | 0.001931   |   0.0 |  0.02
Other   |            | 1.295      |            |       | 26.68

Particle moves    = 5690168 (5.69M)
Cells touched     = 137375879 (137M)
Particle comms    = 2344846 (2.34M)
Boundary collides = 1991439 (1.99M)
Boundary exits    = 1350544 (1.35M)
SurfColl checks   = 897376 (0.897M)
SurfColl occurs   = 755 (0.755K)
Surf reactions    = 0 (0K)
Collide attempts  = 30790 (30.8K)
Collide occurs    = 23037 (23K)
Gas reactions     = 0 (0K)
Particles stuck   = 0
Axisymm bad moves = 0

Particle-moves/CPUsec/proc: 293213
Particle-moves/step: 227.607
Cell-touches/particle/step: 24.1427
Particle comm iterations/step: 3.00028
Particle fraction communicated: 0.412087
Particle fraction colliding with boundary: 0.349979
Particle fraction exiting boundary: 0.237347
Surface-checks/particle/step: 0.157706
Surface-collisions/particle/step: 0.000132685
Surface-reactions/particle/step: 0
Collision-attempts/particle/step: 0.00541109
Collisions/particle/step: 0.00404856
Gas-reactions/particle/step: 0

Particles: 50 ave 56 max 43 min
Histogram: 1 0 0 0 1 0 1 0 0 1
Cells:     16000 ave 16000 max 16000 min
Histogram: 4 0 0 0 0 0 0 0 0 0
GhostCell: 1640 ave 1640 max 1640 min
Histogram: 4 0 0 0 0 0 0 0 0 0
EmptyCell: 1640 ave 1640 max 1640 min
Histogram: 4 0 0 0 0 0 0 0 0 0
Surfs:     192 ave 192 max 192 min
Histogram: 4 0 0 0 0 0 0 0 0 0
GhostSurf: 0 ave 0 max 0 min
Histogram: 4 0 0 0 0 0 0 0 0 0
Memory usage per proc in Mbytes:
  particles (ave,min,max) = 1.5625 1.5625 1.5625
  grid      (ave,min,max) = 3.88879 3.88879 3.88879
  surf      (ave,min,max) = 0.0241699 0.0241699 0.0241699
  total     (ave,min,max) = 5.47656 5.47656 5.47656
Step CPU Np Ncoll Nscoll 
   25000            0      200        0        0 
   26000    0.1790275      208        0        0 
   27000   0.34565929      229        0        0 
   28000   0.67650931      221        4        0 
   29000   0.93025791      225        0        0 
   30000    1.2352141      213        0        0 
   31000    1.4476411      199        0        0 
   32000    1.6662219      198        0        0 
   33000    1.9039067      203        3        0 
   34000    2.0856358      213        0        0 
   35000     2.289629      229        2        0 
   36000    2.5966114      250        0        0 
   37000    2.8190064      241        0        0 
   38000    3.0765995      228        1        0 
   39000    3.3410204      230        0        0 
   40000    3.5474686      224        0        0 
   41000    3.7287742      227        0        0 
   42000    3.8821647      231        1        0 
   43000    4.0821656      226        4        0 
   44000    4.2720815      205        0        0 
   45000    4.4399301      223        0        0 
   46000    4.6181108      205        0        0 
   47000    4.7688699      224        0        0 
   48000    4.9255161      238        0        0 
   49000    5.0845032      233        0        0 
   50000    5.2476458      235        0        0 
Loop time of 5.2477 on 4 procs for 25000 steps with 235 particles
Performance: 4763.996 timesteps/s, 1.120 Mparticle-step/s

MPI task timing breakdown:
Section |  min time  |  avg time  |  max time  |%varavg| %total
---------------------------------------------------------------
Move    | 1.8889     | 1.9156     | 1.9559     |   1.8 | 36.50
Coll    | 0.42127    | 0.46169    | 0.49955    |   4.2 |  8.80
Sort    | 0.80373    | 0.82629    | 0.85007    |   1.9 | 15.75
Comm    | 0.4055     | 0.41326    | 0.41972    |   0.8 |  7.88
Modify  | 0.015351   | 0.2013     | 0.39589    |  41.3 |  3.84
Output  | 0.002324   | 0.0028207  | 0.0037846  |   1.1 |  0.05
Other   |            | 1.427      |            |       | 27.19

Particle moves    = 5702049 (5.7M)
Cells touched     = 137533102 (138M)
Particle comms    = 2347469 (2.35M)
Boundary collides = 1996174 (2M)
Boundary exits    = 1349296 (1.35M)
SurfColl checks   = 903828 (0.904M)
SurfColl occurs   = 797 (0.797K)
Surf reactions    = 0 (0K)
Collide attempts  = 31051 (31.1K)
Collide occurs    = 23244 (23.2K)
Gas reactions     = 0 (0K)
Particles stuck   = 0
Axisymm bad moves = 0

Particle-moves/CPUsec/proc: 271645
Particle-moves/step: 228.082
Cell-touches/particle/step: 24.1199
Particle comm iterations/step: 3.00048
Particle fraction communicated: 0.411689
Particle fraction colliding with boundary: 0.35008
Particle fraction exiting boundary: 0.236634
Surface-checks/particle/step: 0.158509
Surface-collisions/particle/step: 0.000139774
Surface-reactions/particle/step: 0
Collision-attempts/particle/step: 0.00544559
Collisions/particle/step: 0.00407643
Gas-reactions/particle/step: 0

Particles: 58.75 ave 69 max 50 min
Histogram: 2 0 0 0 0 0 0 1 0 1
Cells:     16000 ave 16000 max 16000 min
Histogram: 4 0 0 0 0 0 0 0 0 0
GhostCell: 1640 ave 1640 max 1640 min
Histogram: 4 0 0 0 0 0 0 0 0 0
EmptyCell: 1640 ave 1640 max 1640 min
Histogram: 4 0 0 0 0 0 0 0 0 0
Surfs:     192 ave 192 max 192 min
Histogram: 4 0 0 0 0 0 0 0 0 0
GhostSurf: 0 ave 0 max 0 min
Histogram: 4 0 0 0 0 0 0 0 0 0
