SPARTA (24 Sep 2025)
Running on 4 MPI task(s)
Created orthogonal box = (0 0 0) to (5e-06 5e-06 5e-06)
WARNING: Could not acquire nearby ghost cells b/c grid partition is not clumped (../grid.cpp:473)
Created 64000 child grid cells
  CPU time = 0.00502167 secs
  create/ghost percent = 70.6426 29.3574
Balance grid migrated 48000 cells
  CPU time = 0.0208684 secs
  reassign/sort/migrate/ghost percent = 25.1254 1.10194 38.243 35.5297
Reading surface file ...
  192 triangles
  2.45e-06 2.55e-06 xlo xhi
  2.45e-06 2.55e-06 ylo yhi
  2.45e-06 2.55e-06 zlo zhi
  1.37386e-08 min triangle edge length
  8.32156e-17 min triangle area
  8 0 = cells overlapping surfs, overlap cells with unmarked corner pts
  63992 0 8 = cells outside/inside/overlapping surfs
  8 = surf cells with 1,2,etc splits
  1.24999513661446e-16 1.24999513661465e-16 = cell-wise and global flow volume
  CPU time = 0.0155119 secs
  read/check/sort/surf2grid/ghost/inout/particle percent = 34.9458 2.45474 6.76458 35.4605 20.3743 7.42796 0.00732984
  surf2grid time = 0.00550061 secs
  map/comm1/comm2/comm3/comm4/split percent = 40.1194 1.4548 33.7804 2.64022 3.55637 8.11648
Memory usage per proc in Mbytes:
  particles (ave,min,max) = 0 0 0
  grid      (ave,min,max) = 3.88879 3.88879 3.88879
  surf      (ave,min,max) = 0.0241699 0.0241699 0.0241699
  total     (ave,min,max) = 3.91296 3.91296 3.91296
Step CPU Np Ncoll Nscoll 
       0            0        0        0        0 
    1000   0.59999823      937        1        0 
    2000    1.2039098      919        1        2 
    3000    1.9379679      964        1        0 
    4000    2.6587639      883        0        0 
    5000    3.3876919      948        1        0 
    6000    3.9529281      912        0        0 
    7000    4.4759066      864        3        0 
    8000    5.0146025      896        0        1 
    9000    5.4992479      930        2        0 
   10000    6.0388577      924        1        0 
   11000    6.6726827      904        4        0 
   12000    7.1820072      882        3        0 
   13000    8.0005519      967        0        0 
   14000    8.7873332      962        0        1 
   15000    9.4025904      861        3        0 
   16000    9.9694438      891        3        0 
   17000    10.575607      907        3        0 
   18000    11.139906      912        0        0 
   19000    11.632628      986        3        0 
   20000    12.089232      934        3        0 
   21000    12.604759      902        4        0 
   22000    13.277509      898        3        0 
   23000    13.955752      909        4        0 
   24000    14.611447      942        4        0 
   25000    15.045247      953        4        0 
Loop time of 15.0453 on 4 procs for 25000 steps with 953 particles
Performance: 1661.648 timesteps/s, 1.584 Mparticle-step/s

MPI task timing breakdown:
Section |  min time  |  avg time  |  max time  |%varavg| %total
---------------------------------------------------------------
Move    | 7.6039     | 7.7254     | 7.8553     |   4.1 | 51.35
Coll    | 0.60037    | 0.62681    | 0.65851    |   3.0 |  4.17
Sort    | 1.1094     | 1.1395     | 1.1618     |   1.8 |  7.57
Comm    | 1.0254     | 1.0576     | 1.0785     |   2.2 |  7.03
Modify  | 0.011492   | 0.48594    | 0.96183    |  68.1 |  3.23
Output  | 0.00052915 | 0.0009626  | 0.0020864  |   0.0 |  0.01
Other   |            | 4.009      |            |       | 26.65

Particle moves    = 22749997 (22.7M)
Cells touched     = 548937861 (549M)
Particle comms    = 9376375 (9.38M)
Boundary collides = 7955692 (7.96M)
Boundary exits    = 5398221 (5.4M)
SurfColl checks   = 3631432 (3.63M)
SurfColl occurs   = 3149 (3.15K)
Surf reactions    = 0 (0K)
Collide attempts  = 102336 (0.102M)
Collide occurs    = 75428 (75.4K)
Gas reactions     = 0 (0K)
Particles stuck   = 0
Axisymm bad moves = 0

Particle-moves/CPUsec/proc: 378025
Particle-moves/step: 910
Cell-touches/particle/step: 24.1291
Particle comm iterations/step: 3.00272
Particle fraction communicated: 0.412148
Particle fraction colliding with boundary: 0.349701
Particle fraction exiting boundary: 0.237284
Surface-checks/particle/step: 0.159623
Surface-collisions/particle/step: 0.000138418
Surface-reactions/particle/step: 0
Collision-attempts/particle/step: 0.00449829
Collisions/particle/step: 0.00331552
Gas-reactions/particle/step: 0

Particles: 238.25 ave 255 max 228 min
Histogram: 2 0 0 0 1 0 0 0 0 1
Cells:     16000 ave 16000 max 16000 min
Histogram: 4 0 0 0 0 0 0 0 0 0
GhostCell: 1640 ave 1640 max 1640 min
Histogram: 4 0 0 0 0 0 0 0 0 0
EmptyCell: 1640 ave 1640 max 1640 min
Histogram: 4 0 0 0 0 0 0 0 0 0
Surfs:     192 ave 192 max 192 min
Histogram: 4 0 0 0 0 0 0 0 0 0
GhostSurf: 0 ave 0 max 0 min
Histogram: 4 0 0 0 0 0 0 0 0 0
Memory usage per proc in Mbytes:
  particles (ave,min,max) = 1.5625 1.5625 1.5625
  grid      (ave,min,max) = 3.88879 3.88879 3.88879
  surf      (ave,min,max) = 0.0241699 0.0241699 0.0241699
  total     (ave,min,max) = 5.47656 5.47656 5.47656
Step CPU Np Ncoll Nscoll 
   25000            0      953        4        0 
   26000    0.4978066      866        1        0 
   27000   0.97896374      933        0        0 
   28000    1.4669055      893        4        1 
   29000    2.1476514      920        0        0 
   30000    2.6316221      835        1        0 
   31000    3.1484273      917        2        0 
   32000    3.6510009      897        2        1 
   33000    4.0704654      895        2        0 
   34000    4.4635864      864        0        0 
   35000    4.9086056      875        2        0 
   36000    5.3967049      929        3        0 
   37000    5.8225016      862        5        0 
   38000    6.2841506      937        6        0 
   39000    6.7457376      909        2        0 
   40000    7.1511317      961        4        0 
   41000    7.5548329      901        2        0 
   42000     7.952814      885        5        0 
   43000    8.3518827      872        4        0 
   44000     8.733811      872        3        0 
   45000    9.1416239      922        1        0 
   46000     9.543037      941        4        1 
   47000     9.926495      888        6        0 
   48000    10.393224      920        3        0 
   49000    10.818459      884        3        0 
   50000    11.400886      865        2        0 
Loop time of 11.4009 on 4 procs for 25000 steps with 865 particles
Performance: 2192.802 timesteps/s, 1.897 Mparticle-step/s

MPI task timing breakdown:
Section |  min time  |  avg time  |  max time  |%varavg| %total
---------------------------------------------------------------
Move    | 5.8353     | 5.9012     | 5.9788     |   2.5 | 51.76
Coll    | 0.47053    | 0.49982    | 0.54501    |   3.9 |  4.38
Sort    | 0.87792    | 0.88697    | 0.90732    |   1.3 |  7.78
Comm    | 0.73115    | 0.75779    | 0.77863    |   2.1 |  6.65
Modify  | 0.018687   | 0.41046    | 0.80549    |  61.1 |  3.60
Output  | 0.0020485  | 0.0025334  | 0.0034949  |   1.1 |  0.02
Other   |            | 2.942      |            |       | 25.81

Particle moves    = 22771034 (22.8M)
Cells touched     = 549520838 (550M)
Particle comms    = 9379618 (9.38M)
Boundary collides = 7968156 (7.97M)
Boundary exits    = 5402081 (5.4M)
SurfColl checks   = 3590188 (3.59M)
SurfColl occurs   = 3099 (3.1K)
Surf reactions    = 0 (0K)
Collide attempts  = 102633 (0.103M)
Collide occurs    = 75554 (75.6K)
Gas reactions     = 0 (0K)
Particles stuck   = 0
Axisymm bad moves = 0

Particle-moves/CPUsec/proc: 499324
Particle-moves/step: 910.841
Cell-touches/particle/step: 24.1324
Particle comm iterations/step: 3.00196
Particle fraction communicated: 0.41191
Particle fraction colliding with boundary: 0.349925
Particle fraction exiting boundary: 0.237235
Surface-checks/particle/step: 0.157665
Surface-collisions/particle/step: 0.000136094
Surface-reactions/particle/step: 0
Collision-attempts/particle/step: 0.00450717
Collisions/particle/step: 0.00331799
Gas-reactions/particle/step: 0

Particles: 216.25 ave 232 max 188 min
Histogram: 1 0 0 0 0 1 0 0 0 2
Cells:     16000 ave 16000 max 16000 min
Histogram: 4 0 0 0 0 0 0 0 0 0
GhostCell: 1640 ave 1640 max 1640 min
Histogram: 4 0 0 0 0 0 0 0 0 0
EmptyCell: 1640 ave 1640 max 1640 min
Histogram: 4 0 0 0 0 0 0 0 0 0
Surfs:     192 ave 192 max 192 min
Histogram: 4 0 0 0 0 0 0 0 0 0
GhostSurf: 0 ave 0 max 0 min
Histogram: 4 0 0 0 0 0 0 0 0 0
