SPARTA (24 Sep 2025)
Running on 4 MPI task(s)
Created orthogonal box = (0 0 0) to (5e-06 5e-06 5e-06)
WARNING: Could not acquire nearby ghost cells b/c grid partition is not clumped (../grid.cpp:473)
Created 64000 child grid cells
  CPU time = 0.00320033 secs
  create/ghost percent = 85.9156 14.0844
Balance grid migrated 48000 cells
  CPU time = 0.0157104 secs
  reassign/sort/migrate/ghost percent = 24.4555 1.01352 50.0057 24.5253
Reading surface file ...
  192 triangles
  2.45e-06 2.55e-06 xlo xhi
  2.45e-06 2.55e-06 ylo yhi
  2.45e-06 2.55e-06 zlo zhi
  1.37386e-08 min triangle edge length
  8.32156e-17 min triangle area
  8 0 = cells overlapping surfs, overlap cells with unmarked corner pts
  63992 0 8 = cells outside/inside/overlapping surfs
  8 = surf cells with 1,2,etc splits
  1.24999513661446e-16 1.24999513661465e-16 = cell-wise and global flow volume
  CPU time = 0.015241 secs
  read/check/sort/surf2grid/ghost/inout/particle percent = 33.8467 3.7912 5.64451 34.5606 22.1569 12.8407 0.0103733
  surf2grid time = 0.00526738 secs
  map/comm1/comm2/comm3/comm4/split percent = 44.2598 2.50646 25.8747 2.64866 3.49686 9.16151
Memory usage per proc in Mbytes:
  particles (ave,min,max) = 0 0 0
  grid      (ave,min,max) = 3.88879 3.88879 3.88879
  surf      (ave,min,max) = 0.0241699 0.0241699 0.0241699
  total     (ave,min,max) = 3.91296 3.91296 3.91296
Step CPU Np Ncoll Nscoll 
       0            0        0        0        0 
    1000  0.092172986      908        0        0 
    2000   0.19013739      922        0        0 
    3000   0.32910386      913        0        0 
    4000    0.4979958      927        0        0 
    5000   0.67738054      895        0        0 
    6000   0.86067268      883        0        0 
    7000    1.0258442      842        0        0 
    8000    1.1586972      890        0        0 
    9000    1.2709205      882        0        0 
   10000    1.3920961      892        0        0 
   11000    1.5669965      906        0        0 
   12000    1.7095953      872        0        0 
   13000    1.8507879      896        0        0 
   14000    1.9523682      891        0        0 
   15000    2.0431956      936        0        0 
   16000    2.1446909      922        0        0 
   17000     2.255626      912        0        0 
   18000    2.3581701      948        0        0 
   19000    2.4532695      875        0        0 
   20000    2.5565002      883        0        0 
   21000    2.6685464      820        0        0 
   22000    2.7771949      913        0        0 
   23000    2.8727593      926        0        0 
   24000    3.0076072      875        0        0 
   25000     3.100966      881        0        0 
   26000    3.2150733      936        0        0 
   27000    3.3253385      891        0        0 
   28000    3.4278074      874        0        0 
   29000    3.5583118      860        0        0 
   30000    3.7130427      903        0        0 
   31000    3.8617084      893        0        0 
   32000    3.9829587      876        0        0 
   33000    4.0926548      920        0        0 
   34000    4.1843024      931        0        0 
   35000    4.2750198      886        0        0 
   36000    4.3849843      918        0        0 
   37000    4.5273501      922        0        0 
   38000    4.6551001      941        0        0 
   39000    4.7786194      922        0        0 
   40000    4.9351167      911        0        0 
   41000    5.0594154      943        0        0 
   42000    5.1464159      923        0        0 
   43000    5.2334154      857        0        0 
   44000    5.3363661      876        0        0 
   45000    5.4313388      906        0        0 
   46000    5.5222015      880        0        0 
   47000    5.6183434      922        0        0 
   48000    5.7031914      924        0        0 
   49000     5.806597      896        0        0 
   50000    5.9057358      882        0        0 
   51000    5.9921606      896        0        0 
   52000    6.0857432      994        0        0 
   53000    6.1805326      990        0        0 
   54000    6.2694862      959        0        0 
   55000    6.3591653      928        0        0 
   56000    6.4460902      881        0        0 
   57000      6.53258      879        0        0 
   58000    6.6540404      890        0        0 
   59000    6.7438281      881        0        0 
   60000    6.8279021      889        0        0 
   61000    6.9209048      910        0        0 
   62000    7.0094292      852        0        0 
   63000    7.0987119      896        0        0 
   64000    7.1890128      937        0        0 
   65000    7.2886177      968        0        0 
   66000    7.3916203      862        0        1 
   67000    7.4953635      938        0        0 
   68000    7.6330165      904        0        0 
   69000    7.7380063      893        0        0 
   70000    7.8514741      941        0        0 
   71000     7.954767      850        0        0 
   72000    8.0632249      895        0        0 
   73000    8.1619718      832        0        0 
   74000    8.2511077      909        0        0 
   75000    8.3441506      954        0        0 
   76000    8.4375492      921        0        0 
   77000    8.5432304      904        0        0 
   78000    8.6543658      855        0        0 
   79000    8.7663024      902        0        0 
   80000    8.8937159      890        0        0 
   81000    8.9868576      884        0        0 
   82000     9.117765      919        0        0 
   83000    9.2056347      934        0        0 
   84000    9.3033922      960        0        0 
   85000      9.39092      891        0        0 
   86000    9.5006894      916        0        0 
   87000    9.6098311      876        0        0 
   88000    9.7083956      919        0        0 
   89000    9.8053901      943        0        0 
   90000    9.9058571      891        0        0 
   91000    10.007394      936        0        0 
   92000    10.108339      935        0        0 
   93000    10.201735      947        0        0 
   94000    10.293583      957        0        0 
   95000    10.394527      907        0        0 
   96000    10.513417      882        0        0 
   97000    10.612206      933        0        0 
   98000    10.718352      932        0        0 
   99000     10.81236      878        0        0 
  100000    10.928332      896        0        0 
Loop time of 10.9284 on 4 procs for 100000 steps with 896 particles
Performance: 9150.469 timesteps/s, 8.199 Mparticle-step/s

MPI task timing breakdown:
Section |  min time  |  avg time  |  max time  |%varavg| %total
---------------------------------------------------------------
Move    | 1.7244     | 1.7563     | 1.7904     |   1.8 | 16.07
Coll    | 1.7444     | 1.8999     | 1.9871     |   6.9 | 17.39
Sort    | 3.0434     | 3.155      | 3.2376     |   4.8 | 28.87
Comm    | 0.95988    | 0.99426    | 1.0404     |   3.5 |  9.10
Modify  | 0.017777   | 0.50184    | 1.0047     |  68.2 |  4.59
Output  | 0.0025971  | 0.0043369  | 0.0093748  |   4.4 |  0.04
Other   |            | 2.617      |            |       | 23.94

Particle moves    = 90664606 (90.7M)
Cells touched     = 195888546 (196M)
Particle comms    = 1875907 (1.88M)
Boundary collides = 1590942 (1.59M)
Boundary exits    = 1080157 (1.08M)
SurfColl checks   = 1268268 (1.27M)
SurfColl occurs   = 598 (0.598K)
Surf reactions    = 0 (0K)
Collide attempts  = 62 (0.062K)
Collide occurs    = 47 (0.047K)
Gas reactions     = 0 (0K)
Particles stuck   = 0
Axisymm bad moves = 0

Particle-moves/CPUsec/proc: 2.07406e+06
Particle-moves/step: 906.646
Cell-touches/particle/step: 2.16058
Particle comm iterations/step: 2.08966
Particle fraction communicated: 0.0206906
Particle fraction colliding with boundary: 0.0175476
Particle fraction exiting boundary: 0.0119138
Surface-checks/particle/step: 0.0139886
Surface-collisions/particle/step: 6.59574e-06
Surface-reactions/particle/step: 0
Collision-attempts/particle/step: 6.83839e-07
Collisions/particle/step: 5.18394e-07
Gas-reactions/particle/step: 0

Particles: 224 ave 230 max 219 min
Histogram: 1 0 0 1 1 0 0 0 0 1
Cells:     16000 ave 16000 max 16000 min
Histogram: 4 0 0 0 0 0 0 0 0 0
GhostCell: 1640 ave 1640 max 1640 min
Histogram: 4 0 0 0 0 0 0 0 0 0
EmptyCell: 1640 ave 1640 max 1640 min
Histogram: 4 0 0 0 0 0 0 0 0 0
Surfs:     192 ave 192 max 192 min
Histogram: 4 0 0 0 0 0 0 0 0 0
GhostSurf: 0 ave 0 max 0 min
Histogram: 4 0 0 0 0 0 0 0 0 0
Memory usage per proc in Mbytes:
  particles (ave,min,max) = 1.5625 1.5625 1.5625
  grid      (ave,min,max) = 3.88879 3.88879 3.88879
  surf      (ave,min,max) = 0.0241699 0.0241699 0.0241699
  total     (ave,min,max) = 5.47656 5.47656 5.47656
Step CPU Np Ncoll Nscoll 
  100000            0      896        0        0 
  101000  0.092283403      845        0        0 
  102000   0.18709367      920        0        0 
  103000   0.28241684      941        0        0 
  104000    0.3712087      895        0        0 
  105000   0.46423468      903        0        0 
  106000   0.55419217      916        0        0 
  107000   0.67439313      921        0        0 
  108000   0.76908386      892        0        0 
  109000   0.88673925      924        0        0 
  110000   0.98542269      917        0        0 
  111000    1.0909805      941        0        0 
  112000    1.1863775      993        0        0 
  113000    1.2980527      920        0        0 
  114000    1.3878553      852        0        0 
  115000    1.4903863      898        0        0 
  116000    1.5835312      866        0        0 
  117000    1.6836919      935        0        0 
  118000    1.7851912      924        0        0 
  119000    1.8898442      879        0        0 
  120000    1.9907052      892        0        0 
  121000      2.09753      949        0        0 
  122000     2.238889      906        0        0 
  123000    2.3733843      881        0        0 
  124000    2.4756118      893        0        1 
  125000    2.5730066      880        0        0 
  126000    2.6958703      894        0        0 
  127000    2.8094682      932        0        0 
  128000    2.9022657      904        0        0 
  129000    3.0091896      962        0        0 
  130000    3.1031984      917        0        0 
  131000    3.2008737      858        0        0 
  132000    3.3019142      939        0        0 
  133000    3.3991115      949        0        0 
  134000    3.4978148      872        0        0 
  135000     3.585562      967        0        0 
  136000    3.6988986      940        0        0 
  137000    3.8074483      958        0        0 
  138000    3.8951269      938        0        0 
  139000    3.9883961      909        0        0 
  140000    4.0859515      945        0        0 
  141000    4.1786753      993        0        0 
  142000    4.2751713      924        0        0 
  143000    4.3651335      970        0        0 
  144000    4.4629213      900        0        0 
  145000    4.5671688      879        0        0 
  146000    4.6619494      911        0        0 
  147000    4.7757499      915        0        0 
  148000    4.8849014      909        0        0 
  149000    4.9966754      913        0        0 
  150000    5.0975626      876        0        0 
  151000     5.203707      897        0        0 
  152000    5.3104729      928        0        0 
  153000     5.398675      873        0        0 
  154000     5.502157      951        0        0 
  155000     5.605129      888        0        0 
  156000    5.6980495      852        0        0 
  157000    5.8034784      887        0        0 
  158000     5.903535      930        0        0 
  159000    6.0073099      936        0        0 
  160000    6.1140119      895        0        0 
  161000    6.2317225      892        0        0 
  162000     6.325263      913        0        0 
  163000     6.413224      935        0        0 
  164000    6.5174411      906        0        0 
  165000    6.6143525      919        0        0 
  166000    6.7088736      850        0        0 
  167000    6.8161967      938        0        0 
  168000     6.936338      878        0        0 
  169000    7.0408977      980        0        0 
  170000    7.1416968      904        0        0 
  171000    7.2294826      951        0        0 
  172000    7.3215098      914        0        0 
  173000    7.4125614      888        0        0 
  174000    7.5097515      970        0        0 
  175000      7.63978      916        0        0 
  176000    7.7553063      947        0        0 
  177000     7.870635      902        0        0 
  178000     7.965675      909        0        0 
  179000    8.0646373      932        0        0 
  180000    8.1625247      910        0        0 
  181000    8.2676658      920        0        0 
  182000    8.3588271      975        0        0 
  183000    8.4602713      907        0        0 
  184000    8.5612411      911        0        0 
  185000    8.6597018      907        0        0 
  186000    8.7552437      878        0        0 
  187000    8.8696746      915        0        0 
  188000    9.0011621      996        0        0 
  189000    9.1215071      939        0        0 
  190000     9.221512      864        0        0 
  191000     9.326303      915        0        0 
  192000    9.4341907      946        0        0 
  193000    9.5171687      929        0        0 
  194000    9.6054914      931        0        0 
  195000    9.6984171      896        0        0 
  196000    9.7867361      886        0        0 
  197000    9.8958338      941        0        0 
  198000    9.9965986      933        0        0 
  199000     10.09057      872        0        0 
  200000    10.206546      899        0        0 
Loop time of 10.2066 on 4 procs for 100000 steps with 899 particles
Performance: 9797.579 timesteps/s, 8.808 Mparticle-step/s

MPI task timing breakdown:
Section |  min time  |  avg time  |  max time  |%varavg| %total
---------------------------------------------------------------
Move    | 1.627      | 1.654      | 1.6834     |   1.9 | 16.20
Coll    | 1.5578     | 1.7707     | 1.9074     |  10.0 | 17.35
Sort    | 2.7996     | 2.9883     | 3.1507     |   7.5 | 29.28
Comm    | 0.88597    | 0.93459    | 0.97669    |   3.8 |  9.16
Modify  | 0.041338   | 0.5111     | 1.0074     |  65.7 |  5.01
Output  | 0.0036513  | 0.0055549  | 0.010159   |   3.6 |  0.05
Other   |            | 2.342      |            |       | 22.95

Particle moves    = 91451917 (91.5M)
Cells touched     = 197240949 (197M)
Particle comms    = 1882952 (1.88M)
Boundary collides = 1605192 (1.61M)
Boundary exits    = 1080457 (1.08M)
SurfColl checks   = 1240874 (1.24M)
SurfColl occurs   = 603 (0.603K)
Surf reactions    = 0 (0K)
Collide attempts  = 62 (0.062K)
Collide occurs    = 47 (0.047K)
Gas reactions     = 0 (0K)
Particles stuck   = 0
Axisymm bad moves = 0

Particle-moves/CPUsec/proc: 2.24002e+06
Particle-moves/step: 914.519
Cell-touches/particle/step: 2.15677
Particle comm iterations/step: 2.08805
Particle fraction communicated: 0.0205895
Particle fraction colliding with boundary: 0.0175523
Particle fraction exiting boundary: 0.0118145
Surface-checks/particle/step: 0.0135686
Surface-collisions/particle/step: 6.59363e-06
Surface-reactions/particle/step: 0
Collision-attempts/particle/step: 6.77952e-07
Collisions/particle/step: 5.13931e-07
Gas-reactions/particle/step: 0

Particles: 224.75 ave 263 max 189 min
Histogram: 1 0 0 1 0 1 0 0 0 1
Cells:     16000 ave 16000 max 16000 min
Histogram: 4 0 0 0 0 0 0 0 0 0
GhostCell: 1640 ave 1640 max 1640 min
Histogram: 4 0 0 0 0 0 0 0 0 0
EmptyCell: 1640 ave 1640 max 1640 min
Histogram: 4 0 0 0 0 0 0 0 0 0
Surfs:     192 ave 192 max 192 min
Histogram: 4 0 0 0 0 0 0 0 0 0
GhostSurf: 0 ave 0 max 0 min
Histogram: 4 0 0 0 0 0 0 0 0 0
