SPARTA (24 Sep 2025)
Running on 4 MPI task(s)
Created orthogonal box = (0 0 0) to (5e-06 5e-06 5e-06)
WARNING: Could not acquire nearby ghost cells b/c grid partition is not clumped (../grid.cpp:473)
Created 64000 child grid cells
  CPU time = 0.00501805 secs
  create/ghost percent = 79.6314 20.3686
Balance grid migrated 48000 cells
  CPU time = 0.0229128 secs
  reassign/sort/migrate/ghost percent = 26.1372 0.943482 43.2647 29.6546
Reading surface file ...
  192 triangles
  2.45e-06 2.55e-06 xlo xhi
  2.45e-06 2.55e-06 ylo yhi
  2.45e-06 2.55e-06 zlo zhi
  1.37386e-08 min triangle edge length
  8.32156e-17 min triangle area
  8 0 = cells overlapping surfs, overlap cells with unmarked corner pts
  63992 0 8 = cells outside/inside/overlapping surfs
  8 = surf cells with 1,2,etc splits
  1.24999513661446e-16 1.24999513661465e-16 = cell-wise and global flow volume
  CPU time = 0.0204607 secs
  read/check/sort/surf2grid/ghost/inout/particle percent = 25.9166 3.85502 6.10276 40.8239 23.3017 7.43324 0.00998987
  surf2grid time = 0.00835287 secs
  map/comm1/comm2/comm3/comm4/split percent = 32.7443 2.42964 31.5254 3.96825 6.15853 10.9219
Memory usage per proc in Mbytes:
  particles (ave,min,max) = 0 0 0
  grid      (ave,min,max) = 3.88879 3.88879 3.88879
  surf      (ave,min,max) = 0.0241699 0.0241699 0.0241699
  total     (ave,min,max) = 3.91296 3.91296 3.91296
Step CPU Np Ncoll Nscoll 
       0            0        0        0        0 
    1000   0.27687189      964        0        0 
    2000   0.61541164      916        0        0 
    3000   0.90476231      876        0        0 
    4000     1.126335      930        0        0 
    5000    1.4189394      947        0        0 
    6000    1.7129885      909        0        0 
    7000    1.9581657      897        0        0 
    8000    2.2281607      902        0        0 
    9000    2.5739849      906        0        0 
   10000    2.9922105      892        0        0 
   11000    3.4026533      917        0        0 
   12000    3.7175003      954        0        0 
   13000    4.0477276      886        0        0 
   14000    4.2663913      900        0        0 
   15000    4.4775827      904        0        0 
   16000    4.6582598      930        0        0 
   17000    4.8172243      889        0        0 
   18000    4.9615602      917        0        0 
   19000    5.0990505      974        1        0 
   20000    5.2481169      903        0        0 
   21000    5.3908429      908        1        0 
   22000    5.5308101      863        0        0 
   23000    5.6887282      945        0        0 
   24000    5.8356971      881        1        0 
   25000    5.9728348      928        0        0 
Loop time of 5.97289 on 4 procs for 25000 steps with 928 particles
Performance: 4185.578 timesteps/s, 3.884 Mparticle-step/s

MPI task timing breakdown:
Section |  min time  |  avg time  |  max time  |%varavg| %total
---------------------------------------------------------------
Move    | 2.1184     | 2.1622     | 2.2076     |   2.9 | 36.20
Coll    | 0.57564    | 0.633      | 0.69707    |   5.5 | 10.60
Sort    | 1.0284     | 1.0688     | 1.0912     |   2.4 | 17.89
Comm    | 0.49139    | 0.50339    | 0.50998    |   1.1 |  8.43
Modify  | 0.0096162  | 0.21567    | 0.42208    |  44.4 |  3.61
Output  | 0.00062947 | 0.0012802  | 0.0027123  |   2.3 |  0.02
Other   |            | 1.389      |            |       | 23.25

Particle moves    = 22676940 (22.7M)
Cells touched     = 127907352 (128M)
Particle comms    = 1875101 (1.88M)
Boundary collides = 1590445 (1.59M)
Boundary exits    = 1080033 (1.08M)
SurfColl checks   = 820276 (0.82M)
SurfColl occurs   = 554 (0.554K)
Surf reactions    = 0 (0K)
Collide attempts  = 2838 (2.84K)
Collide occurs    = 2137 (2.14K)
Gas reactions     = 0 (0K)
Particles stuck   = 0
Axisymm bad moves = 0

Particle-moves/CPUsec/proc: 949161
Particle-moves/step: 907.078
Cell-touches/particle/step: 5.64041
Particle comm iterations/step: 2.77996
Particle fraction communicated: 0.0826876
Particle fraction colliding with boundary: 0.0701349
Particle fraction exiting boundary: 0.0476269
Surface-checks/particle/step: 0.0361723
Surface-collisions/particle/step: 2.44301e-05
Surface-reactions/particle/step: 0
Collision-attempts/particle/step: 0.000125149
Collisions/particle/step: 9.42367e-05
Gas-reactions/particle/step: 0

Particles: 232 ave 253 max 215 min
Histogram: 1 0 1 0 0 1 0 0 0 1
Cells:     16000 ave 16000 max 16000 min
Histogram: 4 0 0 0 0 0 0 0 0 0
GhostCell: 1640 ave 1640 max 1640 min
Histogram: 4 0 0 0 0 0 0 0 0 0
EmptyCell: 1640 ave 1640 max 1640 min
Histogram: 4 0 0 0 0 0 0 0 0 0
Surfs:     192 ave 192 max 192 min
Histogram: 4 0 0 0 0 0 0 0 0 0
GhostSurf: 0 ave 0 max 0 min
Histogram: 4 0 0 0 0 0 0 0 0 0
Memory usage per proc in Mbytes:
  particles (ave,min,max) = 1.5625 1.5625 1.5625
  grid      (ave,min,max) = 3.88879 3.88879 3.88879
  surf      (ave,min,max) = 0.0241699 0.0241699 0.0241699
  total     (ave,min,max) = 5.47656 5.47656 5.47656
Step CPU Np Ncoll Nscoll 
   25000            0      928        0        0 
   26000   0.14662127      838        0        0 
   27000   0.28104111      870        0        0 
   28000    0.4177584      919        0        0 
   29000   0.55846343      931        0        0 
   30000   0.73004374      905        0        0 
   31000   0.87219086      912        0        0 
   32000    1.0183029      938        0        0 
   33000    1.1636027      936        0        0 
   34000    1.3033279      902        0        0 
   35000    1.4845893      867        0        0 
   36000    1.7435248      895        1        0 
   37000    2.2119328      939        0        0 
   38000    2.5854193      894        0        0 
   39000    2.8314122      911        0        0 
   40000    3.0524596      888        0        0 
   41000    3.2769973      952        0        0 
   42000    3.4363517      901        1        0 
   43000     3.643898      910        0        0 
   44000    3.9324647      909        0        0 
   45000    4.2011109      909        0        0 
   46000    4.4505562      876        0        0 
   47000    4.7057704      889        0        0 
   48000    4.8927803      954        1        0 
   49000    5.0496265      909        1        0 
   50000    5.2130193      912        0        0 
Loop time of 5.21307 on 4 procs for 25000 steps with 912 particles
Performance: 4795.641 timesteps/s, 4.374 Mparticle-step/s

MPI task timing breakdown:
Section |  min time  |  avg time  |  max time  |%varavg| %total
---------------------------------------------------------------
Move    | 1.8326     | 1.8944     | 1.9736     |   4.0 | 36.34
Coll    | 0.50592    | 0.54813    | 0.603      |   4.7 | 10.51
Sort    | 0.93861    | 0.95451    | 0.96591    |   1.0 | 18.31
Comm    | 0.42941    | 0.43944    | 0.44406    |   0.9 |  8.43
Modify  | 0.017731   | 0.20532    | 0.39919    |  41.3 |  3.94
Output  | 0.0023937  | 0.0028326  | 0.00375    |   1.0 |  0.05
Other   |            | 1.168      |            |       | 22.41

Particle moves    = 22773430 (22.8M)
Cells touched     = 128230520 (128M)
Particle comms    = 1877341 (1.88M)
Boundary collides = 1597187 (1.6M)
Boundary exits    = 1079150 (1.08M)
SurfColl checks   = 826406 (0.826M)
SurfColl occurs   = 639 (0.639K)
Surf reactions    = 0 (0K)
Collide attempts  = 3005 (3K)
Collide occurs    = 2242 (2.24K)
Gas reactions     = 0 (0K)
Particles stuck   = 0
Axisymm bad moves = 0

Particle-moves/CPUsec/proc: 1.09213e+06
Particle-moves/step: 910.937
Cell-touches/particle/step: 5.63071
Particle comm iterations/step: 2.77572
Particle fraction communicated: 0.0824356
Particle fraction colliding with boundary: 0.0701338
Particle fraction exiting boundary: 0.0473864
Surface-checks/particle/step: 0.0362882
Surface-collisions/particle/step: 2.8059e-05
Surface-reactions/particle/step: 0
Collision-attempts/particle/step: 0.000131952
Collisions/particle/step: 9.84481e-05
Gas-reactions/particle/step: 0

Particles: 228 ave 236 max 217 min
Histogram: 1 0 0 0 1 0 0 0 1 1
Cells:     16000 ave 16000 max 16000 min
Histogram: 4 0 0 0 0 0 0 0 0 0
GhostCell: 1640 ave 1640 max 1640 min
Histogram: 4 0 0 0 0 0 0 0 0 0
EmptyCell: 1640 ave 1640 max 1640 min
Histogram: 4 0 0 0 0 0 0 0 0 0
Surfs:     192 ave 192 max 192 min
Histogram: 4 0 0 0 0 0 0 0 0 0
GhostSurf: 0 ave 0 max 0 min
Histogram: 4 0 0 0 0 0 0 0 0 0
