SPARTA (24 Sep 2025)
Running on 4 MPI task(s)
Created orthogonal box = (0 0 0) to (5e-06 5e-06 5e-06)
WARNING: Could not acquire nearby ghost cells b/c grid partition is not clumped (../grid.cpp:473)
Created 64000 child grid cells
  CPU time = 0.00215268 secs
  create/ghost percent = 83.4562 16.5438
Balance grid migrated 48000 cells
  CPU time = 0.0121366 secs
  reassign/sort/migrate/ghost percent = 16.468 0.834317 52.4477 30.25
Reading surface file ...
  192 triangles
  2.45e-06 2.55e-06 xlo xhi
  2.45e-06 2.55e-06 ylo yhi
  2.45e-06 2.55e-06 zlo zhi
  1.37386e-08 min triangle edge length
  8.32156e-17 min triangle area
  8 0 = cells overlapping surfs, overlap cells with unmarked corner pts
  63992 0 8 = cells outside/inside/overlapping surfs
  8 = surf cells with 1,2,etc splits
  1.24999513661446e-16 1.24999513661465e-16 = cell-wise and global flow volume
  CPU time = 0.0154307 secs
  read/check/sort/surf2grid/ghost/inout/particle percent = 48.7151 1.91184 4.90087 26.1675 18.3047 7.78215 0.0091571
  surf2grid time = 0.00403782 secs
  map/comm1/comm2/comm3/comm4/split percent = 36.6604 1.59061 30.3715 4.98333 3.22132 11.8806
Memory usage per proc in Mbytes:
  particles (ave,min,max) = 0 0 0
  grid      (ave,min,max) = 3.88879 3.88879 3.88879
  surf      (ave,min,max) = 0.0241699 0.0241699 0.0241699
  total     (ave,min,max) = 3.91296 3.91296 3.91296
Step CPU Np Ncoll Nscoll 
       0            0        0        0        0 
    1000   0.10725559      851        0        0 
    2000   0.21132074      886        0        0 
    3000   0.35200412      904        0        0 
    4000   0.51218497      993        0        0 
    5000   0.67098012      936        0        0 
    6000   0.86433115      990        0        0 
    7000    1.0408124      834        0        0 
    8000    1.1708132      893        0        0 
    9000    1.3083357      946        0        0 
   10000    1.4212947      852        0        0 
   11000    1.5611131      890        0        0 
   12000    1.7000379      929        0        0 
   13000    1.8141764      893        0        0 
   14000    1.9416172      957        0        0 
   15000    2.1361921      906        0        0 
   16000    2.2817872      864        0        0 
   17000    2.4170396      858        0        0 
   18000    2.5347636      994        0        0 
   19000    2.6578951      864        0        0 
   20000    2.7707549      868        0        0 
   21000    2.9354683      844        0        0 
   22000    3.0956341      899        0        0 
   23000    3.2294159      912        0        1 
   24000     3.379272      940        0        0 
   25000    3.5195758      893        0        0 
   26000    3.6452078      866        0        0 
   27000    3.7921384      887        0        0 
   28000    3.9730267      940        0        0 
   29000    4.1380041      941        0        0 
   30000    4.2943997      929        0        0 
   31000    4.4285828      920        0        0 
   32000    4.5514501      946        0        0 
   33000    4.6884524      910        0        0 
   34000    4.8181088      879        0        0 
   35000    4.9476213      929        0        0 
   36000    5.0676852      840        0        0 
   37000    5.2131269      959        0        0 
   38000    5.3542622      893        0        0 
   39000    5.4817678      911        0        0 
   40000    5.6154646      927        0        0 
   41000    5.7856615      929        0        0 
   42000    5.9836466      889        0        0 
   43000    6.1493903      920        0        0 
   44000    6.3325534      881        0        0 
   45000    6.5001914      926        0        0 
   46000    6.6487845      950        0        0 
   47000    6.7983716      898        0        0 
   48000    6.9815499      899        0        0 
   49000    7.1839895      845        0        0 
   50000    7.3815621      922        0        0 
Loop time of 7.38162 on 4 procs for 50000 steps with 922 particles
Performance: 6773.581 timesteps/s, 6.245 Mparticle-step/s

MPI task timing breakdown:
Section |  min time  |  avg time  |  max time  |%varavg| %total
---------------------------------------------------------------
Move    | 1.7128     | 1.7923     | 1.8722     |   4.5 | 24.28
Coll    | 0.89487    | 0.94293    | 1.0223     |   5.2 | 12.77
Sort    | 1.683      | 1.7711     | 1.8991     |   6.4 | 23.99
Comm    | 0.67227    | 0.69772    | 0.71038    |   1.8 |  9.45
Modify  | 0.01322    | 0.31408    | 0.61922    |  53.6 |  4.25
Output  | 0.0013143  | 0.0022703  | 0.0044714  |   2.7 |  0.03
Other   |            | 1.861      |            |       | 25.21

Particle moves    = 45376398 (45.4M)
Cells touched     = 150587150 (151M)
Particle comms    = 1873361 (1.87M)
Boundary collides = 1592791 (1.59M)
Boundary exits    = 1078366 (1.08M)
SurfColl checks   = 1012946 (1.01M)
SurfColl occurs   = 682 (0.682K)
Surf reactions    = 0 (0K)
Collide attempts  = 434 (0.434K)
Collide occurs    = 331 (0.331K)
Gas reactions     = 0 (0K)
Particles stuck   = 0
Axisymm bad moves = 0

Particle-moves/CPUsec/proc: 1.5368e+06
Particle-moves/step: 907.528
Cell-touches/particle/step: 3.31862
Particle comm iterations/step: 2.30856
Particle fraction communicated: 0.0412849
Particle fraction colliding with boundary: 0.0351018
Particle fraction exiting boundary: 0.0237649
Surface-checks/particle/step: 0.0223232
Surface-collisions/particle/step: 1.50298e-05
Surface-reactions/particle/step: 0
Collision-attempts/particle/step: 9.56444e-06
Collisions/particle/step: 7.29454e-06
Gas-reactions/particle/step: 0

Particles: 230.5 ave 248 max 217 min
Histogram: 1 1 0 0 0 0 1 0 0 1
Cells:     16000 ave 16000 max 16000 min
Histogram: 4 0 0 0 0 0 0 0 0 0
GhostCell: 1640 ave 1640 max 1640 min
Histogram: 4 0 0 0 0 0 0 0 0 0
EmptyCell: 1640 ave 1640 max 1640 min
Histogram: 4 0 0 0 0 0 0 0 0 0
Surfs:     192 ave 192 max 192 min
Histogram: 4 0 0 0 0 0 0 0 0 0
GhostSurf: 0 ave 0 max 0 min
Histogram: 4 0 0 0 0 0 0 0 0 0
Memory usage per proc in Mbytes:
  particles (ave,min,max) = 1.5625 1.5625 1.5625
  grid      (ave,min,max) = 3.88879 3.88879 3.88879
  surf      (ave,min,max) = 0.0241699 0.0241699 0.0241699
  total     (ave,min,max) = 5.47656 5.47656 5.47656
Step CPU Np Ncoll Nscoll 
   50000            0      922        0        0 
   51000   0.16231262      905        0        0 
   52000   0.34690507      909        0        0 
   53000   0.50750226      961        0        0 
   54000     0.673952      898        0        0 
   55000    0.8567811      931        0        0 
   56000    1.0412416      923        0        0 
   57000    1.2272216      846        0        0 
   58000    1.3810206      893        0        0 
   59000     1.508674      939        0        1 
   60000    1.6789816      929        0        0 
   61000     1.812767      926        0        0 
   62000      1.97359      915        0        0 
   63000     2.173215      909        0        0 
   64000    2.4243772      900        0        0 
   65000    2.6744688      865        0        0 
   66000    2.8452601      927        0        0 
   67000    3.0559575      885        0        0 
   68000    3.3183711      952        0        0 
   69000    3.5193172      892        0        0 
   70000    3.6421164      872        0        0 
   71000    3.7600874      905        0        0 
   72000    3.8895483      899        0        0 
   73000    4.0123604      925        0        0 
   74000    4.1434423      865        0        0 
   75000    4.2627555      943        0        0 
   76000    4.4206138      927        0        0 
   77000    4.5793168      936        0        0 
   78000    4.7024949      927        0        0 
   79000    4.8286294      856        0        0 
   80000    4.9764766      913        0        0 
   81000    5.1282721      869        0        0 
   82000    5.2576233      965        0        0 
   83000    5.3777487      893        0        0 
   84000    5.5106504      913        0        0 
   85000    5.6329001      916        0        0 
   86000    5.7567092      961        0        0 
   87000    5.8759972      968        0        0 
   88000    6.0292734      921        0        0 
   89000    6.2063842      913        0        0 
   90000    6.3616268      946        0        0 
   91000    6.5283012      905        0        0 
   92000    6.6900833      948        0        0 
   93000    6.8573782      904        0        0 
   94000    6.9945543      919        0        0 
   95000     7.114262      924        0        0 
   96000    7.2443473      945        0        0 
   97000    7.3593546      919        0        0 
   98000    7.4909401      941        0        0 
   99000    7.6077205      984        0        0 
  100000    7.7320083      981        0        0 
Loop time of 7.73213 on 4 procs for 50000 steps with 981 particles
Performance: 6466.522 timesteps/s, 6.344 Mparticle-step/s

MPI task timing breakdown:
Section |  min time  |  avg time  |  max time  |%varavg| %total
---------------------------------------------------------------
Move    | 1.8339     | 1.8923     | 1.9454     |   3.3 | 24.47
Coll    | 0.93763    | 0.99578    | 1.0548     |   4.4 | 12.88
Sort    | 1.7387     | 1.8389     | 1.9169     |   5.5 | 23.78
Comm    | 0.70728    | 0.72668    | 0.75051    |   2.1 |  9.40
Modify  | 0.032773   | 0.33814    | 0.64727    |  52.2 |  4.37
Output  | 0.0033852  | 0.0042119  | 0.0062583  |   1.8 |  0.05
Other   |            | 1.936      |            |       | 25.04

Particle moves    = 45598730 (45.6M)
Cells touched     = 151351180 (151M)
Particle comms    = 1882385 (1.88M)
Boundary collides = 1604065 (1.6M)
Boundary exits    = 1080558 (1.08M)
SurfColl checks   = 994534 (0.995M)
SurfColl occurs   = 630 (0.63K)
Surf reactions    = 0 (0K)
Collide attempts  = 429 (0.429K)
Collide occurs    = 333 (0.333K)
Gas reactions     = 0 (0K)
Particles stuck   = 0
Axisymm bad moves = 0

Particle-moves/CPUsec/proc: 1.47433e+06
Particle-moves/step: 911.975
Cell-touches/particle/step: 3.3192
Particle comm iterations/step: 2.31124
Particle fraction communicated: 0.0412815
Particle fraction colliding with boundary: 0.0351778
Particle fraction exiting boundary: 0.0236971
Surface-checks/particle/step: 0.0218106
Surface-collisions/particle/step: 1.38162e-05
Surface-reactions/particle/step: 0
Collision-attempts/particle/step: 9.40816e-06
Collisions/particle/step: 7.30283e-06
Gas-reactions/particle/step: 0

Particles: 245.25 ave 267 max 231 min
Histogram: 1 0 1 1 0 0 0 0 0 1
Cells:     16000 ave 16000 max 16000 min
Histogram: 4 0 0 0 0 0 0 0 0 0
GhostCell: 1640 ave 1640 max 1640 min
Histogram: 4 0 0 0 0 0 0 0 0 0
EmptyCell: 1640 ave 1640 max 1640 min
Histogram: 4 0 0 0 0 0 0 0 0 0
Surfs:     192 ave 192 max 192 min
Histogram: 4 0 0 0 0 0 0 0 0 0
GhostSurf: 0 ave 0 max 0 min
Histogram: 4 0 0 0 0 0 0 0 0 0
