SPARTA (24 Sep 2025)
Running on 4 MPI task(s)
Created orthogonal box = (0 0 0) to (5e-06 5e-06 5e-06)
WARNING: Could not acquire nearby ghost cells b/c grid partition is not clumped (../grid.cpp:473)
Created 64000 child grid cells
  CPU time = 0.00211002 secs
  create/ghost percent = 88.7254 11.2746
Balance grid migrated 48000 cells
  CPU time = 0.0136318 secs
  reassign/sort/migrate/ghost percent = 17.5938 1.02982 42.4184 38.958
Reading surface file ...
  192 triangles
  2.45e-06 2.55e-06 xlo xhi
  2.45e-06 2.55e-06 ylo yhi
  2.45e-06 2.55e-06 zlo zhi
  1.37386e-08 min triangle edge length
  8.32156e-17 min triangle area
  8 0 = cells overlapping surfs, overlap cells with unmarked corner pts
  63992 0 8 = cells outside/inside/overlapping surfs
  8 = surf cells with 1,2,etc splits
  1.24999513661446e-16 1.24999513661465e-16 = cell-wise and global flow volume
  CPU time = 0.0173066 secs
  read/check/sort/surf2grid/ghost/inout/particle percent = 46.1728 1.62084 4.13271 28.2151 19.8585 7.98392 0.00609018
  surf2grid time = 0.00488307 secs
  map/comm1/comm2/comm3/comm4/split percent = 42.3486 1.23185 32.3754 2.48364 3.14642 8.12248
Memory usage per proc in Mbytes:
  particles (ave,min,max) = 0 0 0
  grid      (ave,min,max) = 3.88879 3.88879 3.88879
  surf      (ave,min,max) = 0.0241699 0.0241699 0.0241699
  total     (ave,min,max) = 3.91296 3.91296 3.91296
Step CPU Np Ncoll Nscoll 
       0            0        0        0        0 
    1000   0.07690682      908        0        0 
    2000   0.15579833      922        0        0 
    3000   0.25726477      913        0        0 
    4000   0.34519402      927        0        0 
    5000   0.44039191      895        0        0 
    6000   0.53897748      883        0        0 
    7000   0.64387879      842        0        0 
    8000   0.77701245      890        0        0 
    9000   0.87264576      882        0        0 
   10000   0.96385507      892        0        0 
   11000    1.0621711      906        0        0 
   12000    1.1370792      872        0        0 
   13000    1.2146464      896        0        0 
   14000    1.2884528      891        0        0 
   15000    1.3683754      936        0        0 
   16000    1.4369631      922        0        0 
   17000    1.5108597      912        0        0 
   18000     1.581054      948        0        0 
   19000    1.6519872      875        0        0 
   20000    1.7247316      883        0        0 
   21000    1.8539804      820        0        0 
   22000    1.9347063      913        0        0 
   23000    2.0149514      926        0        0 
   24000    2.0842417      875        0        0 
   25000    2.1531839      881        0        0 
   26000    2.2225744      936        0        0 
   27000    2.2965678      891        0        0 
   28000    2.3716977      874        0        0 
   29000     2.444626      860        0        0 
   30000    2.5228252      903        0        0 
   31000    2.5935576      893        0        0 
   32000    2.6681281      876        0        0 
   33000    2.7454216      920        0        0 
   34000    2.8222558      931        0        0 
   35000    2.8965382      886        0        0 
   36000    2.9755067      918        0        0 
   37000    3.0468955      922        0        0 
   38000    3.1221984      941        0        0 
   39000    3.1911223      922        0        0 
   40000    3.2638754      911        0        0 
   41000    3.3383009      943        0        0 
   42000    3.4088883      923        0        0 
   43000    3.4840684      857        0        0 
   44000    3.5522416      876        0        0 
   45000     3.622789      906        0        0 
   46000    3.7133006      880        0        0 
   47000    3.8056505      922        0        0 
   48000    3.8980298      924        0        0 
   49000     3.980582      896        0        0 
   50000    4.0515761      882        0        0 
   51000      4.12238      896        0        0 
   52000    4.1916703      994        0        0 
   53000    4.2623862      990        0        0 
   54000    4.3375689      959        0        0 
   55000    4.4082344      928        0        0 
   56000     4.482399      881        0        0 
   57000    4.5535985      879        0        0 
   58000    4.6233974      890        0        0 
   59000    4.7153661      881        0        0 
   60000    4.7916985      889        0        0 
   61000    4.8644814      910        0        0 
   62000    4.9402075      852        0        0 
   63000     5.022004      896        0        0 
   64000    5.0932775      937        0        0 
   65000    5.1705802      968        0        0 
   66000    5.2439456      862        0        1 
   67000    5.3227103      938        0        0 
   68000    5.3945478      904        0        0 
   69000    5.4671235      893        0        0 
   70000    5.5379223      941        0        0 
   71000    5.6145562      850        0        0 
   72000    5.6875255      895        0        0 
   73000    5.7656117      832        0        0 
   74000    5.8406094      909        0        0 
   75000    5.9199451      954        0        0 
   76000    5.9946578      921        0        0 
   77000    6.0756565      904        0        0 
   78000    6.1505506      855        0        0 
   79000    6.2243756      902        0        0 
   80000    6.3002788      890        0        0 
   81000    6.3761428      884        0        0 
   82000     6.453094      919        0        0 
   83000    6.5303872      934        0        0 
   84000    6.6009773      960        0        0 
   85000    6.6729391      891        0        0 
   86000    6.7479915      916        0        0 
   87000    6.8239355      876        0        0 
   88000    6.8956435      919        0        0 
   89000    6.9718027      943        0        0 
   90000     7.042856      891        0        0 
   91000    7.1138011      936        0        0 
   92000    7.1861439      935        0        0 
   93000    7.2590763      947        0        0 
   94000    7.3305051      957        0        0 
   95000    7.4041015      907        0        0 
   96000    7.4742673      882        0        0 
   97000    7.5441329      933        0        0 
   98000    7.6167635      932        0        0 
   99000    7.6910001      878        0        0 
  100000    7.7642955      896        0        0 
Loop time of 7.76435 on 4 procs for 100000 steps with 896 particles
Performance: 12879.385 timesteps/s, 11.540 Mparticle-step/s

MPI task timing breakdown:
Section |  min time  |  avg time  |  max time  |%varavg| %total
---------------------------------------------------------------
Move    | 1.2623     | 1.2903     | 1.3189     |   2.4 | 16.62
Coll    | 1.2622     | 1.3255     | 1.3703     |   3.4 | 17.07
Sort    | 2.4153     | 2.495      | 2.5931     |   4.2 | 32.13
Comm    | 0.68212    | 0.71628    | 0.74469    |   2.9 |  9.23
Modify  | 0.014426   | 0.41687    | 0.82214    |  62.3 |  5.37
Output  | 0.0018161  | 0.0070933  | 0.022174   |  10.3 |  0.09
Other   |            | 1.513      |            |       | 19.49

Particle moves    = 90664606 (90.7M)
Cells touched     = 195888546 (196M)
Particle comms    = 1875907 (1.88M)
Boundary collides = 1590942 (1.59M)
Boundary exits    = 1080157 (1.08M)
SurfColl checks   = 1268268 (1.27M)
SurfColl occurs   = 598 (0.598K)
Surf reactions    = 0 (0K)
Collide attempts  = 62 (0.062K)
Collide occurs    = 47 (0.047K)
Gas reactions     = 0 (0K)
Particles stuck   = 0
Axisymm bad moves = 0

Particle-moves/CPUsec/proc: 2.91926e+06
Particle-moves/step: 906.646
Cell-touches/particle/step: 2.16058
Particle comm iterations/step: 2.08966
Particle fraction communicated: 0.0206906
Particle fraction colliding with boundary: 0.0175476
Particle fraction exiting boundary: 0.0119138
Surface-checks/particle/step: 0.0139886
Surface-collisions/particle/step: 6.59574e-06
Surface-reactions/particle/step: 0
Collision-attempts/particle/step: 6.83839e-07
Collisions/particle/step: 5.18394e-07
Gas-reactions/particle/step: 0

Particles: 224 ave 230 max 219 min
Histogram: 1 0 0 1 1 0 0 0 0 1
Cells:     16000 ave 16000 max 16000 min
Histogram: 4 0 0 0 0 0 0 0 0 0
GhostCell: 1640 ave 1640 max 1640 min
Histogram: 4 0 0 0 0 0 0 0 0 0
EmptyCell: 1640 ave 1640 max 1640 min
Histogram: 4 0 0 0 0 0 0 0 0 0
Surfs:     192 ave 192 max 192 min
Histogram: 4 0 0 0 0 0 0 0 0 0
GhostSurf: 0 ave 0 max 0 min
Histogram: 4 0 0 0 0 0 0 0 0 0
Memory usage per proc in Mbytes:
  particles (ave,min,max) = 1.5625 1.5625 1.5625
  grid      (ave,min,max) = 3.88879 3.88879 3.88879
  surf      (ave,min,max) = 0.0241699 0.0241699 0.0241699
  total     (ave,min,max) = 5.47656 5.47656 5.47656
Step CPU Np Ncoll Nscoll 
  100000            0      896        0        0 
  101000  0.079378487      845        0        0 
  102000    0.1533215      920        0        0 
  103000   0.23088844      941        0        0 
  104000   0.29845001      895        0        0 
  105000   0.36797308      903        0        0 
  106000   0.44406696      916        0        0 
  107000   0.51165659      921        0        0 
  108000   0.59231348      892        0        0 
  109000   0.66790957      924        0        0 
  110000   0.74169986      917        0        0 
  111000   0.81419989      941        0        0 
  112000   0.88277188      993        0        0 
  113000   0.95750382      920        0        0 
  114000    1.0345266      852        0        0 
  115000    1.1150278      898        0        0 
  116000    1.1947808      866        0        0 
  117000      1.26768      935        0        0 
  118000    1.3421204      924        0        0 
  119000      1.41366      879        0        0 
  120000    1.4905269      892        0        0 
  121000    1.5826013      949        0        0 
  122000    1.6721708      906        0        0 
  123000    1.7704159      881        0        0 
  124000    1.8443462      893        0        1 
  125000    1.9207996      880        0        0 
  126000    1.9987331      894        0        0 
  127000    2.0710847      932        0        0 
  128000    2.1476167      904        0        0 
  129000    2.2249569      962        0        0 
  130000    2.2963346      917        0        0 
  131000    2.3658335      858        0        0 
  132000    2.4380231      939        0        0 
  133000    2.5076705      949        0        0 
  134000    2.5855093      872        0        0 
  135000     2.657955      967        0        0 
  136000    2.7333578      940        0        0 
  137000     2.806539      958        0        0 
  138000    2.8784635      938        0        0 
  139000    2.9474418      909        0        0 
  140000    3.0196765      945        0        0 
  141000    3.0925769      993        0        0 
  142000    3.1678169      924        0        0 
  143000    3.2375485      970        0        0 
  144000    3.3083858      900        0        0 
  145000    3.3764712      879        0        0 
  146000    3.4450772      911        0        0 
  147000    3.5156525      915        0        0 
  148000    3.5861695      909        0        0 
  149000    3.6641367      913        0        0 
  150000      3.73432      876        0        0 
  151000    3.8024213      897        0        0 
  152000    3.8766502      928        0        0 
  153000    3.9487331      873        0        0 
  154000    4.0193654      951        0        0 
  155000    4.0948247      888        0        0 
  156000    4.1709647      852        0        0 
  157000    4.2423603      887        0        0 
  158000    4.3117569      930        0        0 
  159000    4.3880543      936        0        0 
  160000    4.4597467      895        0        0 
  161000    4.5340316      892        0        0 
  162000    4.6176108      913        0        0 
  163000    4.6929292      935        0        0 
  164000    4.7633624      906        0        0 
  165000    4.8335482      919        0        0 
  166000    4.9064717      850        0        0 
  167000    4.9759707      938        0        0 
  168000    5.0461765      878        0        0 
  169000    5.1199002      980        0        0 
  170000    5.1992767      904        0        0 
  171000    5.2743717      951        0        0 
  172000    5.3426108      914        0        0 
  173000    5.4136217      888        0        0 
  174000    5.4830196      970        0        0 
  175000    5.5564806      916        0        0 
  176000    5.6324913      947        0        0 
  177000    5.7031007      902        0        0 
  178000    5.7783128      909        0        0 
  179000    5.8535086      932        0        0 
  180000    5.9217258      910        0        0 
  181000    5.9956236      920        0        0 
  182000    6.0652495      975        0        0 
  183000    6.1368671      907        0        0 
  184000    6.2137753      911        0        0 
  185000    6.2987089      907        0        0 
  186000    6.3759192      878        0        0 
  187000    6.4475433      915        0        0 
  188000    6.5259559      996        0        0 
  189000    6.5966025      939        0        0 
  190000      6.67368      864        0        0 
  191000    6.7491095      915        0        0 
  192000    6.8431327      946        0        0 
  193000    6.9155021      929        0        0 
  194000     6.992435      931        0        0 
  195000    7.0633138      896        0        0 
  196000    7.1387052      886        0        0 
  197000     7.214538      941        0        0 
  198000    7.2868464      933        0        0 
  199000     7.362033      872        0        0 
  200000    7.4324422      899        0        0 
Loop time of 7.4325 on 4 procs for 100000 steps with 899 particles
Performance: 13454.430 timesteps/s, 12.096 Mparticle-step/s

MPI task timing breakdown:
Section |  min time  |  avg time  |  max time  |%varavg| %total
---------------------------------------------------------------
Move    | 1.2108     | 1.2384     | 1.2685     |   2.4 | 16.66
Coll    | 1.2321     | 1.2876     | 1.327      |   3.0 | 17.32
Sort    | 2.3499     | 2.4236     | 2.5251     |   4.3 | 32.61
Comm    | 0.63342    | 0.67386    | 0.70369    |   3.2 |  9.07
Modify  | 0.030936   | 0.42476    | 0.81702    |  60.1 |  5.71
Output  | 0.0031359  | 0.0046912  | 0.0091642  |   3.8 |  0.06
Other   |            | 1.38       |            |       | 18.56

Particle moves    = 91451917 (91.5M)
Cells touched     = 197240949 (197M)
Particle comms    = 1882952 (1.88M)
Boundary collides = 1605192 (1.61M)
Boundary exits    = 1080457 (1.08M)
SurfColl checks   = 1240874 (1.24M)
SurfColl occurs   = 603 (0.603K)
Surf reactions    = 0 (0K)
Collide attempts  = 62 (0.062K)
Collide occurs    = 47 (0.047K)
Gas reactions     = 0 (0K)
Particles stuck   = 0
Axisymm bad moves = 0

Particle-moves/CPUsec/proc: 3.07608e+06
Particle-moves/step: 914.519
Cell-touches/particle/step: 2.15677
Particle comm iterations/step: 2.08805
Particle fraction communicated: 0.0205895
Particle fraction colliding with boundary: 0.0175523
Particle fraction exiting boundary: 0.0118145
Surface-checks/particle/step: 0.0135686
Surface-collisions/particle/step: 6.59363e-06
Surface-reactions/particle/step: 0
Collision-attempts/particle/step: 6.77952e-07
Collisions/particle/step: 5.13931e-07
Gas-reactions/particle/step: 0

Particles: 224.75 ave 263 max 189 min
Histogram: 1 0 0 1 0 1 0 0 0 1
Cells:     16000 ave 16000 max 16000 min
Histogram: 4 0 0 0 0 0 0 0 0 0
GhostCell: 1640 ave 1640 max 1640 min
Histogram: 4 0 0 0 0 0 0 0 0 0
EmptyCell: 1640 ave 1640 max 1640 min
Histogram: 4 0 0 0 0 0 0 0 0 0
Surfs:     192 ave 192 max 192 min
Histogram: 4 0 0 0 0 0 0 0 0 0
GhostSurf: 0 ave 0 max 0 min
Histogram: 4 0 0 0 0 0 0 0 0 0
