SPARTA (24 Sep 2025)
Running on 4 MPI task(s)
Created orthogonal box = (0 0 0) to (0.0005 0.0005 0.0005)
WARNING: Could not acquire nearby ghost cells b/c grid partition is not clumped (../grid.cpp:473)
Created 64000 child grid cells
  CPU time = 0.00186661 secs
  create/ghost percent = 85.8827 14.1173
Balance grid migrated 48000 cells
  CPU time = 0.0143554 secs
  reassign/sort/migrate/ghost percent = 14.3242 1.48651 63.9012 20.2881
Reading surface file ...
  192 triangles
  0.000245 0.000255 xlo xhi
  0.000245 0.000255 ylo yhi
  0.000245 0.000255 zlo zhi
  1.37386e-06 min triangle edge length
  8.32156e-13 min triangle area
  8 0 = cells overlapping surfs, overlap cells with unmarked corner pts
  63992 0 8 = cells outside/inside/overlapping surfs
  8 = surf cells with 1,2,etc splits
  1.24999513661453e-10 1.24999513661465e-10 = cell-wise and global flow volume
  CPU time = 0.0279705 secs
  read/check/sort/surf2grid/ghost/inout/particle percent = 69.8062 1.20036 2.7654 17.9585 8.26953 3.24142 0.00335711
  surf2grid time = 0.0050231 secs
  map/comm1/comm2/comm3/comm4/split percent = 43.3406 2.17491 22.5439 6.82269 5.32025 9.11663
Memory usage per proc in Mbytes:
  particles (ave,min,max) = 0 0 0
  grid      (ave,min,max) = 3.88879 3.88879 3.88879
  surf      (ave,min,max) = 0.0241699 0.0241699 0.0241699
  total     (ave,min,max) = 3.91296 3.91296 3.91296
Step CPU Np Ncoll Nscoll 
       0            0        0        0        0 
    1000     52.37436  2147245    43265       15 
    2000    108.39227  2148596    43420       11 
    2500    135.86398  2147294    43188        9 
Loop time of 135.864 on 4 procs for 2500 steps with 2147294 particles
Performance: 18.401 timesteps/s, 39.512 Mparticle-step/s

MPI task timing breakdown:
Section |  min time  |  avg time  |  max time  |%varavg| %total
---------------------------------------------------------------
Move    | 46.465     | 50.701     | 54.882     |  58.4 | 37.32
Coll    | 29.173     | 36.4       | 43.417     | 114.6 | 26.79
Sort    | 17.624     | 19.015     | 20.433     |  30.4 | 14.00
Comm    | 6.5129     | 6.6788     | 6.741      |   3.7 |  4.92
Modify  | 0.006159   | 2.1202     | 4.2353     | 145.2 |  1.56
Output  | 0.00070974 | 0.015985   | 0.029834   |  10.8 |  0.01
Other   |            | 20.93      |            |       | 15.41

Particle moves    = 5190809496 (5.19B)
Cells touched     = 10376189885 (10.4B)
Particle comms    = 93939157 (93.9M)
Boundary collides = 74762848 (74.8M)
Boundary exits    = 56164848 (56.2M)
SurfColl checks   = 66136698 (66.1M)
SurfColl occurs   = 25984 (26K)
Surf reactions    = 0 (0K)
Collide attempts  = 199914482 (200M)
Collide occurs    = 103076040 (103M)
Gas reactions     = 0 (0K)
Particles stuck   = 0
Axisymm bad moves = 0

Particle-moves/CPUsec/proc: 9.55148e+06
Particle-moves/step: 2.07632e+06
Cell-touches/particle/step: 1.99895
Particle comm iterations/step: 2.9996
Particle fraction communicated: 0.0180972
Particle fraction colliding with boundary: 0.0144029
Particle fraction exiting boundary: 0.0108201
Surface-checks/particle/step: 0.0127411
Surface-collisions/particle/step: 5.00577e-06
Surface-reactions/particle/step: 0
Collision-attempts/particle/step: 0.0385132
Collisions/particle/step: 0.0198574
Gas-reactions/particle/step: 0

Particles: 536824 ave 586895 max 486850 min
Histogram: 2 0 0 0 0 0 0 0 0 2
Cells:     16000 ave 16000 max 16000 min
Histogram: 4 0 0 0 0 0 0 0 0 0
GhostCell: 1640 ave 1640 max 1640 min
Histogram: 4 0 0 0 0 0 0 0 0 0
EmptyCell: 1640 ave 1640 max 1640 min
Histogram: 4 0 0 0 0 0 0 0 0 0
Surfs:     192 ave 192 max 192 min
Histogram: 4 0 0 0 0 0 0 0 0 0
GhostSurf: 0 ave 0 max 0 min
Histogram: 4 0 0 0 0 0 0 0 0 0
Memory usage per proc in Mbytes:
  particles (ave,min,max) = 52.3438 46.875 57.8125
  grid      (ave,min,max) = 3.88879 3.88879 3.88879
  surf      (ave,min,max) = 0.0241699 0.0241699 0.0241699
  total     (ave,min,max) = 56.2589 50.7902 61.7277
Step CPU Np Ncoll Nscoll 
    2500            0  2147294    43188        0 
    3000    26.274406  2148205    43425       12 
    4000    79.770688  2149450    43469       12 
    5000    136.47944  2147417    43267        7 
Loop time of 136.479 on 4 procs for 2500 steps with 2147417 particles
Performance: 18.318 timesteps/s, 39.336 Mparticle-step/s

MPI task timing breakdown:
Section |  min time  |  avg time  |  max time  |%varavg| %total
---------------------------------------------------------------
Move    | 47.728     | 51.789     | 55.727     |  52.7 | 37.95
Coll    | 30.287     | 36.927     | 43.57      | 104.9 | 27.06
Sort    | 18.214     | 19.418     | 20.63      |  26.5 | 14.23
Comm    | 6.5367     | 6.7635     | 6.8452     |   5.0 |  4.96
Modify  | 0.035352   | 2.1205     | 4.2393     | 142.9 |  1.55
Output  | 0.019653   | 0.021612   | 0.023799   |   1.3 |  0.02
Other   |            | 19.44      |            |       | 14.24

Particle moves    = 5371295081 (5.37B)
Cells touched     = 10708668921 (10.7B)
Particle comms    = 96538979 (96.5M)
Boundary collides = 77378837 (77.4M)
Boundary exits    = 58313358 (58.3M)
SurfColl checks   = 68640894 (68.6M)
SurfColl occurs   = 26976 (27K)
Surf reactions    = 0 (0K)
Collide attempts  = 211010281 (211M)
Collide occurs    = 108521924 (109M)
Gas reactions     = 0 (0K)
Particles stuck   = 0
Axisymm bad moves = 0

Particle-moves/CPUsec/proc: 9.83901e+06
Particle-moves/step: 2.14852e+06
Cell-touches/particle/step: 1.99368
Particle comm iterations/step: 3.0044
Particle fraction communicated: 0.0179731
Particle fraction colliding with boundary: 0.014406
Particle fraction exiting boundary: 0.0108565
Surface-checks/particle/step: 0.0127792
Surface-collisions/particle/step: 5.02225e-06
Surface-reactions/particle/step: 0
Collision-attempts/particle/step: 0.0392848
Collisions/particle/step: 0.0202041
Gas-reactions/particle/step: 0

Particles: 536854 ave 585819 max 487201 min
Histogram: 2 0 0 0 0 0 0 0 0 2
Cells:     16000 ave 16000 max 16000 min
Histogram: 4 0 0 0 0 0 0 0 0 0
GhostCell: 1640 ave 1640 max 1640 min
Histogram: 4 0 0 0 0 0 0 0 0 0
EmptyCell: 1640 ave 1640 max 1640 min
Histogram: 4 0 0 0 0 0 0 0 0 0
Surfs:     192 ave 192 max 192 min
Histogram: 4 0 0 0 0 0 0 0 0 0
GhostSurf: 0 ave 0 max 0 min
Histogram: 4 0 0 0 0 0 0 0 0 0
