SPARTA (24 Sep 2025)
Running on 4 MPI task(s)
Created orthogonal box = (0 0 0) to (0.0005 0.0005 0.0005)
WARNING: Could not acquire nearby ghost cells b/c grid partition is not clumped (../grid.cpp:473)
Created 64000 child grid cells
  CPU time = 0.0020205 secs
  create/ghost percent = 86.0115 13.9885
Balance grid migrated 48000 cells
  CPU time = 0.0130838 secs
  reassign/sort/migrate/ghost percent = 21.7918 1.95178 52.1278 24.1286
Reading surface file ...
  192 triangles
  0.000245 0.000255 xlo xhi
  0.000245 0.000255 ylo yhi
  0.000245 0.000255 zlo zhi
  1.37386e-06 min triangle edge length
  8.32156e-13 min triangle area
  8 0 = cells overlapping surfs, overlap cells with unmarked corner pts
  63992 0 8 = cells outside/inside/overlapping surfs
  8 = surf cells with 1,2,etc splits
  1.24999513661453e-10 1.24999513661465e-10 = cell-wise and global flow volume
  CPU time = 0.0133733 secs
  read/check/sort/surf2grid/ghost/inout/particle percent = 40.5764 1.75707 5.21071 36.2514 16.2044 7.24085 0.00566801
  surf2grid time = 0.00484801 secs
  map/comm1/comm2/comm3/comm4/split percent = 40.9001 1.10691 34.2036 4.13281 3.31255 8.63613
Memory usage per proc in Mbytes:
  particles (ave,min,max) = 0 0 0
  grid      (ave,min,max) = 3.88879 3.88879 3.88879
  surf      (ave,min,max) = 0.0241699 0.0241699 0.0241699
  total     (ave,min,max) = 3.91296 3.91296 3.91296
Step CPU Np Ncoll Nscoll 
       0            0        0        0        0 
    1000    34.742002  2125202    21144        4 
    2000    74.587751  2149014    21795        5 
    3000    113.46442  2147251    21575        5 
    4000    152.86428  2147996    21487        3 
    5000    191.91215  2148172    21507        2 
Loop time of 191.913 on 4 procs for 5000 steps with 2148172 particles
Performance: 26.054 timesteps/s, 55.967 Mparticle-step/s

MPI task timing breakdown:
Section |  min time  |  avg time  |  max time  |%varavg| %total
---------------------------------------------------------------
Move    | 69.99      | 75.919     | 81.965     |  65.9 | 39.56
Coll    | 42.844     | 49.132     | 55.402     |  87.0 | 25.60
Sort    | 32.045     | 34.347     | 36.65      |  38.4 | 17.90
Comm    | 5.2951     | 5.4208     | 5.4687     |   3.1 |  2.82
Modify  | 0.012004   | 2.1403     | 4.2756     | 145.4 |  1.12
Output  | 0.0010899  | 0.0076337  | 0.014725   |   7.5 |  0.00
Other   |            | 24.95      |            |       | 13.00

Particle moves    = 10383076147 (10.4B)
Cells touched     = 15569296383 (15.6B)
Particle comms    = 93954213 (94M)
Boundary collides = 74779646 (74.8M)
Boundary exits    = 56163826 (56.2M)
SurfColl checks   = 99010398 (99M)
SurfColl occurs   = 26312 (26.3K)
Surf reactions    = 0 (0K)
Collide attempts  = 199954775 (200M)
Collide occurs    = 103122701 (103M)
Gas reactions     = 0 (0K)
Particles stuck   = 0
Axisymm bad moves = 0

Particle-moves/CPUsec/proc: 1.35258e+07
Particle-moves/step: 2.07662e+06
Cell-touches/particle/step: 1.49949
Particle comm iterations/step: 2.994
Particle fraction communicated: 0.00904878
Particle fraction colliding with boundary: 0.00720207
Particle fraction exiting boundary: 0.00540917
Surface-checks/particle/step: 0.00953575
Surface-collisions/particle/step: 2.53412e-06
Surface-reactions/particle/step: 0
Collision-attempts/particle/step: 0.0192578
Collisions/particle/step: 0.00993181
Gas-reactions/particle/step: 0

Particles: 537043 ave 586893 max 486436 min
Histogram: 2 0 0 0 0 0 0 0 0 2
Cells:     16000 ave 16000 max 16000 min
Histogram: 4 0 0 0 0 0 0 0 0 0
GhostCell: 1640 ave 1640 max 1640 min
Histogram: 4 0 0 0 0 0 0 0 0 0
EmptyCell: 1640 ave 1640 max 1640 min
Histogram: 4 0 0 0 0 0 0 0 0 0
Surfs:     192 ave 192 max 192 min
Histogram: 4 0 0 0 0 0 0 0 0 0
GhostSurf: 0 ave 0 max 0 min
Histogram: 4 0 0 0 0 0 0 0 0 0
Memory usage per proc in Mbytes:
  particles (ave,min,max) = 52.3438 46.875 57.8125
  grid      (ave,min,max) = 3.88879 3.88879 3.88879
  surf      (ave,min,max) = 0.0241699 0.0241699 0.0241699
  total     (ave,min,max) = 56.2589 50.7902 61.7277
Step CPU Np Ncoll Nscoll 
    5000            0  2148172    21507        0 
    6000    38.814244  2149244    21805        5 
    7000    78.329214  2148662    21575        1 
    8000    117.45741  2148871    21636        6 
    9000    156.65341  2149523    21843        8 
   10000    195.80687  2147746    21652        7 
Loop time of 195.807 on 4 procs for 5000 steps with 2147746 particles
Performance: 25.535 timesteps/s, 54.843 Mparticle-step/s

MPI task timing breakdown:
Section |  min time  |  avg time  |  max time  |%varavg| %total
---------------------------------------------------------------
Move    | 72.843     | 78.585     | 84.135     |  60.1 | 40.13
Coll    | 45.474     | 51.034     | 56.643     |  77.1 | 26.06
Sort    | 33.325     | 35.317     | 37.298     |  33.3 | 18.04
Comm    | 5.413      | 5.5072     | 5.5569     |   2.4 |  2.81
Modify  | 0.046581   | 2.1503     | 4.2536     | 143.4 |  1.10
Output  | 0.010051   | 0.010099   | 0.010231   |   0.1 |  0.01
Other   |            | 23.2       |            |       | 11.85

Particle moves    = 10743696393 (10.7B)
Cells touched     = 16081293271 (16.1B)
Particle comms    = 96525847 (96.5M)
Boundary collides = 77393011 (77.4M)
Boundary exits    = 58312769 (58.3M)
SurfColl checks   = 102443598 (102M)
SurfColl occurs   = 27140 (27.1K)
Surf reactions    = 0 (0K)
Collide attempts  = 211112573 (211M)
Collide occurs    = 108538226 (109M)
Gas reactions     = 0 (0K)
Particles stuck   = 0
Axisymm bad moves = 0

Particle-moves/CPUsec/proc: 1.37172e+07
Particle-moves/step: 2.14874e+06
Cell-touches/particle/step: 1.49681
Particle comm iterations/step: 3.0006
Particle fraction communicated: 0.00898442
Particle fraction colliding with boundary: 0.00720357
Particle fraction exiting boundary: 0.00542763
Surface-checks/particle/step: 0.00953523
Surface-collisions/particle/step: 2.52613e-06
Surface-reactions/particle/step: 0
Collision-attempts/particle/step: 0.0196499
Collisions/particle/step: 0.0101025
Gas-reactions/particle/step: 0

Particles: 536936 ave 586061 max 488102 min
Histogram: 2 0 0 0 0 0 0 0 0 2
Cells:     16000 ave 16000 max 16000 min
Histogram: 4 0 0 0 0 0 0 0 0 0
GhostCell: 1640 ave 1640 max 1640 min
Histogram: 4 0 0 0 0 0 0 0 0 0
EmptyCell: 1640 ave 1640 max 1640 min
Histogram: 4 0 0 0 0 0 0 0 0 0
Surfs:     192 ave 192 max 192 min
Histogram: 4 0 0 0 0 0 0 0 0 0
GhostSurf: 0 ave 0 max 0 min
Histogram: 4 0 0 0 0 0 0 0 0 0
