SPARTA (24 Sep 2025)
Running on 4 MPI task(s)
Created orthogonal box = (0 0 0) to (0.0005 0.0005 0.0005)
WARNING: Could not acquire nearby ghost cells b/c grid partition is not clumped (../grid.cpp:473)
Created 64000 child grid cells
  CPU time = 0.00181567 secs
  create/ghost percent = 86.3293 13.6707
Balance grid migrated 48000 cells
  CPU time = 0.0109111 secs
  reassign/sort/migrate/ghost percent = 21.4785 3.86627 49.3407 25.3146
Reading surface file ...
  192 triangles
  0.000245 0.000255 xlo xhi
  0.000245 0.000255 ylo yhi
  0.000245 0.000255 zlo zhi
  1.37386e-06 min triangle edge length
  8.32156e-13 min triangle area
  8 0 = cells overlapping surfs, overlap cells with unmarked corner pts
  63992 0 8 = cells outside/inside/overlapping surfs
  8 = surf cells with 1,2,etc splits
  1.24999513661453e-10 1.24999513661465e-10 = cell-wise and global flow volume
  CPU time = 0.0757732 secs
  read/check/sort/surf2grid/ghost/inout/particle percent = 89.8592 0.555329 1.15488 5.29528 3.13531 1.59392 0.000793157
  surf2grid time = 0.0040124 secs
  map/comm1/comm2/comm3/comm4/split percent = 37.0152 2.12753 23.0121 6.80772 5.87357 13.1673
Memory usage per proc in Mbytes:
  particles (ave,min,max) = 0 0 0
  grid      (ave,min,max) = 3.88879 3.88879 3.88879
  surf      (ave,min,max) = 0.0241699 0.0241699 0.0241699
  total     (ave,min,max) = 3.91296 3.91296 3.91296
Step CPU Np Ncoll Nscoll 
       0            0        0        0        0 
    1000    25.758423  1996505     9403        1 
    2000    60.402844  2124989    10573        7 
    3000    96.464335  2146276    10754        4 
    4000    133.11759  2145792    10943        3 
    5000    168.78119  2147943    10772        1 
    6000    204.47817  2147845    10894        5 
    7000    240.75234  2148660    10786        2 
    8000     280.0589  2148869    11056        6 
    9000    315.72156  2149335    10792        5 
   10000    352.63688  2149331    10995        6 
Loop time of 352.638 on 4 procs for 10000 steps with 2149331 particles
Performance: 28.358 timesteps/s, 60.950 Mparticle-step/s

MPI task timing breakdown:
Section |  min time  |  avg time  |  max time  |%varavg| %total
---------------------------------------------------------------
Move    | 126.95     | 137.92     | 150.1      |  93.6 | 39.11
Coll    | 72.926     | 88.997     | 106.3      | 169.6 | 25.24
Sort    | 64.411     | 69.092     | 73.555     |  53.6 | 19.59
Comm    | 5.5233     | 5.6735     | 5.7373     |   3.7 |  1.61
Modify  | 0.024213   | 2.2861     | 4.5548     | 149.6 |  0.65
Output  | 0.0033909  | 0.024765   | 0.044771   |  10.2 |  0.01
Other   |            | 48.65      |            |       | 13.79

Particle moves    = 20764159516 (20.8B)
Cells touched     = 25950509741 (26B)
Particle comms    = 93956336 (94M)
Boundary collides = 74788879 (74.8M)
Boundary exits    = 56164977 (56.2M)
SurfColl checks   = 164853848 (165M)
SurfColl occurs   = 26206 (26.2K)
Surf reactions    = 0 (0K)
Collide attempts  = 199913583 (200M)
Collide occurs    = 103113545 (103M)
Gas reactions     = 0 (0K)
Particles stuck   = 0
Axisymm bad moves = 0

Particle-moves/CPUsec/proc: 1.47206e+07
Particle-moves/step: 2.07642e+06
Cell-touches/particle/step: 1.24977
Particle comm iterations/step: 2.9923
Particle fraction communicated: 0.00452493
Particle fraction colliding with boundary: 0.00360183
Particle fraction exiting boundary: 0.0027049
Surface-checks/particle/step: 0.00793935
Surface-collisions/particle/step: 1.26208e-06
Surface-reactions/particle/step: 0
Collision-attempts/particle/step: 0.00962782
Collisions/particle/step: 0.00496594
Gas-reactions/particle/step: 0

Particles: 537333 ave 586944 max 487017 min
Histogram: 2 0 0 0 0 0 0 0 0 2
Cells:     16000 ave 16000 max 16000 min
Histogram: 4 0 0 0 0 0 0 0 0 0
GhostCell: 1640 ave 1640 max 1640 min
Histogram: 4 0 0 0 0 0 0 0 0 0
EmptyCell: 1640 ave 1640 max 1640 min
Histogram: 4 0 0 0 0 0 0 0 0 0
Surfs:     192 ave 192 max 192 min
Histogram: 4 0 0 0 0 0 0 0 0 0
GhostSurf: 0 ave 0 max 0 min
Histogram: 4 0 0 0 0 0 0 0 0 0
Memory usage per proc in Mbytes:
  particles (ave,min,max) = 52.3438 46.875 57.8125
  grid      (ave,min,max) = 3.88879 3.88879 3.88879
  surf      (ave,min,max) = 0.0241699 0.0241699 0.0241699
  total     (ave,min,max) = 56.2589 50.7902 61.7277
Step CPU Np Ncoll Nscoll 
   10000            0  2149331    10995        0 
   11000    44.770846  2148276    10726        3 
   12000    86.177545  2148126    10840        2 
   13000    128.91053  2148913    10824        1 
   14000    167.16571  2148823    10901        5 
   15000    204.75384  2147936    10998        3 
   16000    242.49301  2147567    10730        0 
   17000     278.4002  2149829    10795        5 
   18000    314.16061  2149428    10891        4 
   19000     353.5084  2148339    10758        3 
   20000    393.22551  2148244    10770        3 
Loop time of 393.226 on 4 procs for 10000 steps with 2148244 particles
Performance: 25.431 timesteps/s, 54.631 Mparticle-step/s

MPI task timing breakdown:
Section |  min time  |  avg time  |  max time  |%varavg| %total
---------------------------------------------------------------
Move    | 136.95     | 147.88     | 159.52     |  89.0 | 37.61
Coll    | 84.961     | 104.55     | 123.76     | 187.1 | 26.59
Sort    | 71.177     | 75.61      | 80.147     |  50.2 | 19.23
Comm    | 6.0624     | 6.2337     | 6.2974     |   4.0 |  1.59
Modify  | 0.099295   | 2.4046     | 4.7187     | 148.4 |  0.61
Output  | 0.016742   | 0.016886   | 0.01722    |   0.1 |  0.00
Other   |            | 56.53      |            |       | 14.38

Particle moves    = 21486789248 (21.5B)
Cells touched     = 26824441162 (26.8B)
Particle comms    = 96536903 (96.5M)
Boundary collides = 77384127 (77.4M)
Boundary exits    = 58316534 (58.3M)
SurfColl checks   = 170987708 (171M)
SurfColl occurs   = 27279 (27.3K)
Surf reactions    = 0 (0K)
Collide attempts  = 211109388 (211M)
Collide occurs    = 108531782 (109M)
Gas reactions     = 0 (0K)
Particles stuck   = 0
Axisymm bad moves = 0

Particle-moves/CPUsec/proc: 1.36606e+07
Particle-moves/step: 2.14868e+06
Cell-touches/particle/step: 1.24842
Particle comm iterations/step: 3.0001
Particle fraction communicated: 0.00449285
Particle fraction colliding with boundary: 0.00360147
Particle fraction exiting boundary: 0.00271406
Surface-checks/particle/step: 0.00795781
Surface-collisions/particle/step: 1.26957e-06
Surface-reactions/particle/step: 0
Collision-attempts/particle/step: 0.00982508
Collisions/particle/step: 0.00505109
Gas-reactions/particle/step: 0

Particles: 537061 ave 585939 max 487828 min
Histogram: 2 0 0 0 0 0 0 0 0 2
Cells:     16000 ave 16000 max 16000 min
Histogram: 4 0 0 0 0 0 0 0 0 0
GhostCell: 1640 ave 1640 max 1640 min
Histogram: 4 0 0 0 0 0 0 0 0 0
EmptyCell: 1640 ave 1640 max 1640 min
Histogram: 4 0 0 0 0 0 0 0 0 0
Surfs:     192 ave 192 max 192 min
Histogram: 4 0 0 0 0 0 0 0 0 0
GhostSurf: 0 ave 0 max 0 min
Histogram: 4 0 0 0 0 0 0 0 0 0
