SPARTA (24 Sep 2025)
Running on 4 MPI task(s)
Created orthogonal box = (0 0 0) to (0.0005 0.0005 0.0005)
WARNING: Could not acquire nearby ghost cells b/c grid partition is not clumped (../grid.cpp:473)
Created 64000 child grid cells
  CPU time = 0.00189504 secs
  create/ghost percent = 88.5131 11.4869
Balance grid migrated 48000 cells
  CPU time = 0.0133523 secs
  reassign/sort/migrate/ghost percent = 18.6068 1.22879 57.1922 22.9722
Reading surface file ...
  192 triangles
  0.000245 0.000255 xlo xhi
  0.000245 0.000255 ylo yhi
  0.000245 0.000255 zlo zhi
  1.37386e-06 min triangle edge length
  8.32156e-13 min triangle area
  8 0 = cells overlapping surfs, overlap cells with unmarked corner pts
  63992 0 8 = cells outside/inside/overlapping surfs
  8 = surf cells with 1,2,etc splits
  1.24999513661453e-10 1.24999513661465e-10 = cell-wise and global flow volume
  CPU time = 0.0179757 secs
  read/check/sort/surf2grid/ghost/inout/particle percent = 40.1193 1.57831 4.71626 38.2972 15.2889 6.64254 0.00511801
  surf2grid time = 0.0068842 secs
  map/comm1/comm2/comm3/comm4/split percent = 35.8123 0.947546 14.836 14.6345 9.66299 16.6546
Memory usage per proc in Mbytes:
  particles (ave,min,max) = 0 0 0
  grid      (ave,min,max) = 3.88879 3.88879 3.88879
  surf      (ave,min,max) = 0.0241699 0.0241699 0.0241699
  total     (ave,min,max) = 3.91296 3.91296 3.91296
Step CPU Np Ncoll Nscoll 
       0            0        0        0        0 
    1000    37.442523  2125202    21144        4 
    2000    82.191883  2149014    21795        5 
    3000    125.50817  2147251    21575        5 
    4000    171.78407  2147996    21487        3 
    5000    215.28144  2148172    21507        2 
Loop time of 215.282 on 4 procs for 5000 steps with 2148172 particles
Performance: 23.225 timesteps/s, 49.892 Mparticle-step/s

MPI task timing breakdown:
Section |  min time  |  avg time  |  max time  |%varavg| %total
---------------------------------------------------------------
Move    | 75.252     | 81.972     | 89.135     |  73.3 | 38.08
Coll    | 48.194     | 56.714     | 65.122     | 109.8 | 26.34
Sort    | 35.002     | 37.537     | 40.107     |  40.6 | 17.44
Comm    | 6.0393     | 6.1732     | 6.2293     |   3.1 |  2.87
Modify  | 0.012719   | 2.2095     | 4.4114     | 147.7 |  1.03
Output  | 0.003832   | 0.02177    | 0.03635    |   7.9 |  0.01
Other   |            | 30.65      |            |       | 14.24

Particle moves    = 10383076147 (10.4B)
Cells touched     = 15569296383 (15.6B)
Particle comms    = 93954213 (94M)
Boundary collides = 74779646 (74.8M)
Boundary exits    = 56163826 (56.2M)
SurfColl checks   = 99010398 (99M)
SurfColl occurs   = 26312 (26.3K)
Surf reactions    = 0 (0K)
Collide attempts  = 199954775 (200M)
Collide occurs    = 103122701 (103M)
Gas reactions     = 0 (0K)
Particles stuck   = 0
Axisymm bad moves = 0

Particle-moves/CPUsec/proc: 1.20576e+07
Particle-moves/step: 2.07662e+06
Cell-touches/particle/step: 1.49949
Particle comm iterations/step: 2.994
Particle fraction communicated: 0.00904878
Particle fraction colliding with boundary: 0.00720207
Particle fraction exiting boundary: 0.00540917
Surface-checks/particle/step: 0.00953575
Surface-collisions/particle/step: 2.53412e-06
Surface-reactions/particle/step: 0
Collision-attempts/particle/step: 0.0192578
Collisions/particle/step: 0.00993181
Gas-reactions/particle/step: 0

Particles: 537043 ave 586893 max 486436 min
Histogram: 2 0 0 0 0 0 0 0 0 2
Cells:     16000 ave 16000 max 16000 min
Histogram: 4 0 0 0 0 0 0 0 0 0
GhostCell: 1640 ave 1640 max 1640 min
Histogram: 4 0 0 0 0 0 0 0 0 0
EmptyCell: 1640 ave 1640 max 1640 min
Histogram: 4 0 0 0 0 0 0 0 0 0
Surfs:     192 ave 192 max 192 min
Histogram: 4 0 0 0 0 0 0 0 0 0
GhostSurf: 0 ave 0 max 0 min
Histogram: 4 0 0 0 0 0 0 0 0 0
Memory usage per proc in Mbytes:
  particles (ave,min,max) = 52.3438 46.875 57.8125
  grid      (ave,min,max) = 3.88879 3.88879 3.88879
  surf      (ave,min,max) = 0.0241699 0.0241699 0.0241699
  total     (ave,min,max) = 56.2589 50.7902 61.7277
Step CPU Np Ncoll Nscoll 
    5000            0  2148172    21507        0 
    6000    45.420016  2149244    21805        5 
    7000    92.829382  2148662    21575        1 
    8000    142.66325  2148871    21636        6 
    9000    184.61986  2149523    21843        8 
   10000    226.29881  2147746    21652        7 
Loop time of 226.299 on 4 procs for 5000 steps with 2147746 particles
Performance: 22.095 timesteps/s, 47.454 Mparticle-step/s

MPI task timing breakdown:
Section |  min time  |  avg time  |  max time  |%varavg| %total
---------------------------------------------------------------
Move    | 79.237     | 85.715     | 92.5       |  67.9 | 37.88
Coll    | 52.971     | 61.453     | 70.384     | 105.2 | 27.16
Sort    | 36.93      | 39.355     | 41.744     |  37.6 | 17.39
Comm    | 6.2155     | 6.3751     | 6.4367     |   3.7 |  2.82
Modify  | 0.053095   | 2.2738     | 4.5088     | 147.1 |  1.00
Output  | 0.018908   | 0.018958   | 0.019103   |   0.1 |  0.01
Other   |            | 31.11      |            |       | 13.75

Particle moves    = 10743696393 (10.7B)
Cells touched     = 16081293271 (16.1B)
Particle comms    = 96525847 (96.5M)
Boundary collides = 77393011 (77.4M)
Boundary exits    = 58312769 (58.3M)
SurfColl checks   = 102443598 (102M)
SurfColl occurs   = 27140 (27.1K)
Surf reactions    = 0 (0K)
Collide attempts  = 211112573 (211M)
Collide occurs    = 108538226 (109M)
Gas reactions     = 0 (0K)
Particles stuck   = 0
Axisymm bad moves = 0

Particle-moves/CPUsec/proc: 1.18689e+07
Particle-moves/step: 2.14874e+06
Cell-touches/particle/step: 1.49681
Particle comm iterations/step: 3.0006
Particle fraction communicated: 0.00898442
Particle fraction colliding with boundary: 0.00720357
Particle fraction exiting boundary: 0.00542763
Surface-checks/particle/step: 0.00953523
Surface-collisions/particle/step: 2.52613e-06
Surface-reactions/particle/step: 0
Collision-attempts/particle/step: 0.0196499
Collisions/particle/step: 0.0101025
Gas-reactions/particle/step: 0

Particles: 536936 ave 586061 max 488102 min
Histogram: 2 0 0 0 0 0 0 0 0 2
Cells:     16000 ave 16000 max 16000 min
Histogram: 4 0 0 0 0 0 0 0 0 0
GhostCell: 1640 ave 1640 max 1640 min
Histogram: 4 0 0 0 0 0 0 0 0 0
EmptyCell: 1640 ave 1640 max 1640 min
Histogram: 4 0 0 0 0 0 0 0 0 0
Surfs:     192 ave 192 max 192 min
Histogram: 4 0 0 0 0 0 0 0 0 0
GhostSurf: 0 ave 0 max 0 min
Histogram: 4 0 0 0 0 0 0 0 0 0
