SPARTA (24 Sep 2025)
Running on 4 MPI task(s)
Created orthogonal box = (0 0 0) to (0.0005 0.0005 0.0005)
WARNING: Could not acquire nearby ghost cells b/c grid partition is not clumped (../grid.cpp:473)
Created 64000 child grid cells
  CPU time = 0.00277091 secs
  create/ghost percent = 86.8541 13.1459
Balance grid migrated 48000 cells
  CPU time = 0.0118906 secs
  reassign/sort/migrate/ghost percent = 24.8714 1.48996 48.1597 25.479
Reading surface file ...
  192 triangles
  0.000245 0.000255 xlo xhi
  0.000245 0.000255 ylo yhi
  0.000245 0.000255 zlo zhi
  1.37386e-06 min triangle edge length
  8.32156e-13 min triangle area
  8 0 = cells overlapping surfs, overlap cells with unmarked corner pts
  63992 0 8 = cells outside/inside/overlapping surfs
  8 = surf cells with 1,2,etc splits
  1.24999513661453e-10 1.24999513661465e-10 = cell-wise and global flow volume
  CPU time = 0.0111657 secs
  read/check/sort/surf2grid/ghost/inout/particle percent = 31.9011 2.34479 6.52075 36.4076 22.8258 15.433 0.0621458
  surf2grid time = 0.00406516 secs
  map/comm1/comm2/comm3/comm4/split percent = 35.1461 1.75718 25.6937 5.84107 4.60088 15.879
Memory usage per proc in Mbytes:
  particles (ave,min,max) = 0 0 0
  grid      (ave,min,max) = 3.88879 3.88879 3.88879
  surf      (ave,min,max) = 0.0241699 0.0241699 0.0241699
  total     (ave,min,max) = 3.91296 3.91296 3.91296
Step CPU Np Ncoll Nscoll 
       0            0        0        0        0 
    1000    74.674702  2147277    86928       20 
    1250    93.517104  2148850    87325       22 
Loop time of 93.5172 on 4 procs for 1250 steps with 2148850 particles
Performance: 13.367 timesteps/s, 28.723 Mparticle-step/s

MPI task timing breakdown:
Section |  min time  |  avg time  |  max time  |%varavg| %total
---------------------------------------------------------------
Move    | 35.055     | 38.308     | 41.621     |  51.1 | 40.96
Coll    | 21.617     | 24.712     | 27.898     |  60.4 | 26.43
Sort    | 8.2943     | 9.0007     | 9.7117     |  23.2 |  9.62
Comm    | 6.7689     | 6.9426     | 7.0105     |   3.8 |  7.42
Modify  | 0.0026476  | 2.0159     | 4.0417     | 141.8 |  2.16
Output  | 0.00012762 | 0.0084713  | 0.015471   |   7.6 |  0.01
Other   |            | 12.53      |            |       | 13.40

Particle moves    = 2596449443 (2.6B)
Cells touched     = 7782805417 (7.78B)
Particle comms    = 93963713 (94M)
Boundary collides = 74778288 (74.8M)
Boundary exits    = 56165367 (56.2M)
SurfColl checks   = 49811698 (49.8M)
SurfColl occurs   = 26150 (26.2K)
Surf reactions    = 0 (0K)
Collide attempts  = 199967387 (200M)
Collide occurs    = 103150666 (103M)
Gas reactions     = 0 (0K)
Particles stuck   = 0
Axisymm bad moves = 0

Particle-moves/CPUsec/proc: 6.9411e+06
Particle-moves/step: 2.07716e+06
Cell-touches/particle/step: 2.99748
Particle comm iterations/step: 3.008
Particle fraction communicated: 0.0361893
Particle fraction colliding with boundary: 0.0288002
Particle fraction exiting boundary: 0.0216316
Surface-checks/particle/step: 0.0191845
Surface-collisions/particle/step: 1.00714e-05
Surface-reactions/particle/step: 0
Collision-attempts/particle/step: 0.0770157
Collisions/particle/step: 0.0397276
Gas-reactions/particle/step: 0

Particles: 537212 ave 586291 max 488157 min
Histogram: 2 0 0 0 0 0 0 0 0 2
Cells:     16000 ave 16000 max 16000 min
Histogram: 4 0 0 0 0 0 0 0 0 0
GhostCell: 1640 ave 1640 max 1640 min
Histogram: 4 0 0 0 0 0 0 0 0 0
EmptyCell: 1640 ave 1640 max 1640 min
Histogram: 4 0 0 0 0 0 0 0 0 0
Surfs:     192 ave 192 max 192 min
Histogram: 4 0 0 0 0 0 0 0 0 0
GhostSurf: 0 ave 0 max 0 min
Histogram: 4 0 0 0 0 0 0 0 0 0
Memory usage per proc in Mbytes:
  particles (ave,min,max) = 53.125 46.875 59.375
  grid      (ave,min,max) = 3.88879 3.88879 3.88879
  surf      (ave,min,max) = 0.0241699 0.0241699 0.0241699
  total     (ave,min,max) = 57.0402 50.7902 63.2902
Step CPU Np Ncoll Nscoll 
    1250            0  2148850    87325        0 
    2000    61.219438  2148886    87129       20 
    2500    99.303026  2147864    86309       14 
Loop time of 99.3031 on 4 procs for 1250 steps with 2147864 particles
Performance: 12.588 timesteps/s, 27.037 Mparticle-step/s

MPI task timing breakdown:
Section |  min time  |  avg time  |  max time  |%varavg| %total
---------------------------------------------------------------
Move    | 37.494     | 40.543     | 43.535     |  46.7 | 40.83
Coll    | 24.207     | 27.054     | 29.829     |  53.1 | 27.24
Sort    | 8.7843     | 9.492      | 10.187     |  22.0 |  9.56
Comm    | 7.0791     | 7.2796     | 7.3636     |   4.3 |  7.33
Modify  | 0.011551   | 2.0463     | 4.08       | 142.2 |  2.06
Output  | 0.0041845  | 0.0075643  | 0.011209   |   3.8 |  0.01
Other   |            | 12.88      |            |       | 12.97

Particle moves    = 2686273760 (2.69B)
Cells touched     = 8024535053 (8.02B)
Particle comms    = 96541404 (96.5M)
Boundary collides = 77409502 (77.4M)
Boundary exits    = 58314419 (58.3M)
SurfColl checks   = 51518876 (51.5M)
SurfColl occurs   = 27077 (27.1K)
Surf reactions    = 0 (0K)
Collide attempts  = 211077239 (211M)
Collide occurs    = 108560717 (109M)
Gas reactions     = 0 (0K)
Particles stuck   = 0
Axisymm bad moves = 0

Particle-moves/CPUsec/proc: 6.76282e+06
Particle-moves/step: 2.14902e+06
Cell-touches/particle/step: 2.98724
Particle comm iterations/step: 3.0184
Particle fraction communicated: 0.0359388
Particle fraction colliding with boundary: 0.0288167
Particle fraction exiting boundary: 0.0217083
Surface-checks/particle/step: 0.0191786
Surface-collisions/particle/step: 1.00798e-05
Surface-reactions/particle/step: 0
Collision-attempts/particle/step: 0.0785762
Collisions/particle/step: 0.0404131
Gas-reactions/particle/step: 0

Particles: 536966 ave 586598 max 487095 min
Histogram: 2 0 0 0 0 0 0 0 0 2
Cells:     16000 ave 16000 max 16000 min
Histogram: 4 0 0 0 0 0 0 0 0 0
GhostCell: 1640 ave 1640 max 1640 min
Histogram: 4 0 0 0 0 0 0 0 0 0
EmptyCell: 1640 ave 1640 max 1640 min
Histogram: 4 0 0 0 0 0 0 0 0 0
Surfs:     192 ave 192 max 192 min
Histogram: 4 0 0 0 0 0 0 0 0 0
GhostSurf: 0 ave 0 max 0 min
Histogram: 4 0 0 0 0 0 0 0 0 0
