SPARTA (24 Sep 2025)
Running on 4 MPI task(s)
Created orthogonal box = (0 0 0) to (0.0005 0.0005 0.0005)
WARNING: Could not acquire nearby ghost cells b/c grid partition is not clumped (../grid.cpp:473)
Created 64000 child grid cells
  CPU time = 0.00297909 secs
  create/ghost percent = 75.3284 24.6716
Balance grid migrated 48000 cells
  CPU time = 0.0115854 secs
  reassign/sort/migrate/ghost percent = 28.6066 1.36392 45.5295 24.5
Reading surface file ...
  192 triangles
  0.000245 0.000255 xlo xhi
  0.000245 0.000255 ylo yhi
  0.000245 0.000255 zlo zhi
  1.37386e-06 min triangle edge length
  8.32156e-13 min triangle area
  8 0 = cells overlapping surfs, overlap cells with unmarked corner pts
  63992 0 8 = cells outside/inside/overlapping surfs
  8 = surf cells with 1,2,etc splits
  1.24999513661453e-10 1.24999513661465e-10 = cell-wise and global flow volume
  CPU time = 0.0364591 secs
  read/check/sort/surf2grid/ghost/inout/particle percent = 80.9549 0.835372 2.13806 9.87399 6.19766 2.46238 0.00265503
  surf2grid time = 0.00359997 secs
  map/comm1/comm2/comm3/comm4/split percent = 39.6302 4.06498 26.9135 3.63731 4.47062 10.8638
Memory usage per proc in Mbytes:
  particles (ave,min,max) = 0 0 0
  grid      (ave,min,max) = 3.88879 3.88879 3.88879
  surf      (ave,min,max) = 0.0241699 0.0241699 0.0241699
  total     (ave,min,max) = 3.91296 3.91296 3.91296
Step CPU Np Ncoll Nscoll 
       0            0        0        0        0 
     624    79.365483  2149568   173891       51 
Loop time of 79.384 on 4 procs for 624 steps with 2149568 particles
Performance: 7.861 timesteps/s, 16.897 Mparticle-step/s

MPI task timing breakdown:
Section |  min time  |  avg time  |  max time  |%varavg| %total
---------------------------------------------------------------
Move    | 33.802     | 36.272     | 38.858     |  40.0 | 45.69
Coll    | 14.441     | 17.858     | 21.402     |  80.2 | 22.50
Sort    | 4.0343     | 4.3751     | 4.7223     |  14.3 |  5.51
Comm    | 6.8881     | 7.0691     | 7.1432     |   4.0 |  8.90
Modify  | 0.0011695  | 1.9583     | 3.9553     | 139.9 |  2.47
Output  | 4.7771e-05 | 0.01543    | 0.027408   |   7.9 |  0.02
Other   |            | 11.84      |            |       | 14.91

Particle moves    = 1296734650 (1.3B)
Cells touched     = 6474972836 (6.47B)
Particle comms    = 93812025 (93.8M)
Boundary collides = 74663194 (74.7M)
Boundary exits    = 56070744 (56.1M)
SurfColl checks   = 41590776 (41.6M)
SurfColl occurs   = 26193 (26.2K)
Surf reactions    = 0 (0K)
Collide attempts  = 199749234 (200M)
Collide occurs    = 103027048 (103M)
Gas reactions     = 0 (0K)
Particles stuck   = 0
Axisymm bad moves = 0

Particle-moves/CPUsec/proc: 4.08374e+06
Particle-moves/step: 2.0781e+06
Cell-touches/particle/step: 4.99329
Particle comm iterations/step: 3.06891
Particle fraction communicated: 0.0723448
Particle fraction colliding with boundary: 0.0575779
Particle fraction exiting boundary: 0.04324
Surface-checks/particle/step: 0.0320735
Surface-collisions/particle/step: 2.01992e-05
Surface-reactions/particle/step: 0
Collision-attempts/particle/step: 0.15404
Collisions/particle/step: 0.0794511
Gas-reactions/particle/step: 0

Particles: 537392 ave 587130 max 487887 min
Histogram: 2 0 0 0 0 0 0 0 0 2
Cells:     16000 ave 16000 max 16000 min
Histogram: 4 0 0 0 0 0 0 0 0 0
GhostCell: 1640 ave 1640 max 1640 min
Histogram: 4 0 0 0 0 0 0 0 0 0
EmptyCell: 1640 ave 1640 max 1640 min
Histogram: 4 0 0 0 0 0 0 0 0 0
Surfs:     192 ave 192 max 192 min
Histogram: 4 0 0 0 0 0 0 0 0 0
GhostSurf: 0 ave 0 max 0 min
Histogram: 4 0 0 0 0 0 0 0 0 0
Memory usage per proc in Mbytes:
  particles (ave,min,max) = 53.9062 46.875 60.9375
  grid      (ave,min,max) = 3.88879 3.88879 3.88879
  surf      (ave,min,max) = 0.0241699 0.0241699 0.0241699
  total     (ave,min,max) = 57.8214 50.7902 64.8527
Step CPU Np Ncoll Nscoll 
     624            0  2149568   173891        0 
    1000    48.951503  2147513   173188       35 
    1249    80.995331  2149042   173442       38 
Loop time of 80.9958 on 4 procs for 625 steps with 2149042 particles
Performance: 7.716 timesteps/s, 16.583 Mparticle-step/s

MPI task timing breakdown:
Section |  min time  |  avg time  |  max time  |%varavg| %total
---------------------------------------------------------------
Move    | 34.996     | 37.612     | 40.167     |  40.1 | 46.44
Coll    | 14.944     | 18.398     | 21.88      |  80.2 | 22.71
Sort    | 4.1058     | 4.4598     | 4.7872     |  14.7 |  5.51
Comm    | 6.968      | 7.1517     | 7.222      |   4.0 |  8.83
Modify  | 0.0040469  | 1.9443     | 3.8856     | 139.1 |  2.40
Output  | 0.0042543  | 0.015289   | 0.026409   |   8.5 |  0.02
Other   |            | 11.42      |            |       | 14.09

Particle moves    = 1343167100 (1.34B)
Cells touched     = 6681543388 (6.68B)
Particle comms    = 96546683 (96.5M)
Boundary collides = 77402713 (77.4M)
Boundary exits    = 58315365 (58.3M)
SurfColl checks   = 42941452 (42.9M)
SurfColl occurs   = 26948 (26.9K)
Surf reactions    = 0 (0K)
Collide attempts  = 211056412 (211M)
Collide occurs    = 108560121 (109M)
Gas reactions     = 0 (0K)
Particles stuck   = 0
Axisymm bad moves = 0

Particle-moves/CPUsec/proc: 4.14579e+06
Particle-moves/step: 2.14907e+06
Cell-touches/particle/step: 4.97447
Particle comm iterations/step: 3.0816
Particle fraction communicated: 0.0718799
Particle fraction colliding with boundary: 0.057627
Particle fraction exiting boundary: 0.0434163
Surface-checks/particle/step: 0.0319703
Surface-collisions/particle/step: 2.0063e-05
Surface-reactions/particle/step: 0
Collision-attempts/particle/step: 0.157133
Collisions/particle/step: 0.080824
Gas-reactions/particle/step: 0

Particles: 537260 ave 585929 max 488485 min
Histogram: 2 0 0 0 0 0 0 0 0 2
Cells:     16000 ave 16000 max 16000 min
Histogram: 4 0 0 0 0 0 0 0 0 0
GhostCell: 1640 ave 1640 max 1640 min
Histogram: 4 0 0 0 0 0 0 0 0 0
EmptyCell: 1640 ave 1640 max 1640 min
Histogram: 4 0 0 0 0 0 0 0 0 0
Surfs:     192 ave 192 max 192 min
Histogram: 4 0 0 0 0 0 0 0 0 0
GhostSurf: 0 ave 0 max 0 min
Histogram: 4 0 0 0 0 0 0 0 0 0
