SPARTA (24 Sep 2025)
Running on 4 MPI task(s)
Created orthogonal box = (0 0 0) to (0.0005 0.0005 0.0005)
WARNING: Could not acquire nearby ghost cells b/c grid partition is not clumped (../grid.cpp:473)
Created 64000 child grid cells
  CPU time = 0.00171099 secs
  create/ghost percent = 87.8441 12.1559
Balance grid migrated 48000 cells
  CPU time = 0.00961681 secs
  reassign/sort/migrate/ghost percent = 18.8095 1.47086 48.9851 30.7345
Reading surface file ...
  192 triangles
  0.000245 0.000255 xlo xhi
  0.000245 0.000255 ylo yhi
  0.000245 0.000255 zlo zhi
  1.37386e-06 min triangle edge length
  8.32156e-13 min triangle area
  8 0 = cells overlapping surfs, overlap cells with unmarked corner pts
  63992 0 8 = cells outside/inside/overlapping surfs
  8 = surf cells with 1,2,etc splits
  1.24999513661453e-10 1.24999513661465e-10 = cell-wise and global flow volume
  CPU time = 0.0129974 secs
  read/check/sort/surf2grid/ghost/inout/particle percent = 49.9259 1.90237 6.15999 25.8707 16.141 7.51924 0.00756305
  surf2grid time = 0.00336252 secs
  map/comm1/comm2/comm3/comm4/split percent = 41.1252 1.42875 22.9935 3.77137 3.87162 15.8271
Memory usage per proc in Mbytes:
  particles (ave,min,max) = 0 0 0
  grid      (ave,min,max) = 3.88879 3.88879 3.88879
  surf      (ave,min,max) = 0.0241699 0.0241699 0.0241699
  total     (ave,min,max) = 3.91296 3.91296 3.91296
Step CPU Np Ncoll Nscoll 
       0            0        0        0        0 
    1000    24.930918  1996505     9403        1 
    2000    58.838659  2124989    10573        7 
    3000    94.007005  2146276    10754        4 
    4000    128.83222  2145792    10943        3 
    5000    163.69464  2147943    10772        1 
    6000    198.82235  2147845    10894        5 
    7000    235.26187  2148660    10786        2 
    8000    270.18693  2148869    11056        6 
    9000    305.36634  2149335    10792        5 
    9999    340.68618  2149372    10838        2 
Loop time of 340.686 on 4 procs for 9999 steps with 2149372 particles
Performance: 29.350 timesteps/s, 63.083 Mparticle-step/s

MPI task timing breakdown:
Section |  min time  |  avg time  |  max time  |%varavg| %total
---------------------------------------------------------------
Move    | 124.96     | 135.14     | 145.16     |  86.0 | 39.67
Coll    | 71.288     | 86.041     | 100.97     | 156.9 | 25.26
Sort    | 62.75      | 66.873     | 71.113     |  50.1 | 19.63
Comm    | 5.2535     | 5.402      | 5.4662     |   3.7 |  1.59
Modify  | 0.025705   | 2.2561     | 4.5002     | 148.4 |  0.66
Output  | 0.0070861  | 0.018142   | 0.028551   |   7.5 |  0.01
Other   |            | 44.96      |            |       | 13.20

Particle moves    = 20762010185 (20.8B)
Cells touched     = 25947826622 (25.9B)
Particle comms    = 93946762 (93.9M)
Boundary collides = 74781293 (74.8M)
Boundary exits    = 56159130 (56.2M)
SurfColl checks   = 164836786 (165M)
SurfColl occurs   = 26200 (26.2K)
Surf reactions    = 0 (0K)
Collide attempts  = 199891377 (200M)
Collide occurs    = 103102550 (103M)
Gas reactions     = 0 (0K)
Particles stuck   = 0
Axisymm bad moves = 0

Particle-moves/CPUsec/proc: 1.52354e+07
Particle-moves/step: 2.07641e+06
Cell-touches/particle/step: 1.24977
Particle comm iterations/step: 2.9923
Particle fraction communicated: 0.00452494
Particle fraction colliding with boundary: 0.00360183
Particle fraction exiting boundary: 0.0027049
Surface-checks/particle/step: 0.00793935
Surface-collisions/particle/step: 1.26192e-06
Surface-reactions/particle/step: 0
Collision-attempts/particle/step: 0.00962775
Collisions/particle/step: 0.00496592
Gas-reactions/particle/step: 0

Particles: 537343 ave 586983 max 487042 min
Histogram: 2 0 0 0 0 0 0 0 0 2
Cells:     16000 ave 16000 max 16000 min
Histogram: 4 0 0 0 0 0 0 0 0 0
GhostCell: 1640 ave 1640 max 1640 min
Histogram: 4 0 0 0 0 0 0 0 0 0
EmptyCell: 1640 ave 1640 max 1640 min
Histogram: 4 0 0 0 0 0 0 0 0 0
Surfs:     192 ave 192 max 192 min
Histogram: 4 0 0 0 0 0 0 0 0 0
GhostSurf: 0 ave 0 max 0 min
Histogram: 4 0 0 0 0 0 0 0 0 0
Memory usage per proc in Mbytes:
  particles (ave,min,max) = 52.3438 46.875 57.8125
  grid      (ave,min,max) = 3.88879 3.88879 3.88879
  surf      (ave,min,max) = 0.0241699 0.0241699 0.0241699
  total     (ave,min,max) = 56.2589 50.7902 61.7277
Step CPU Np Ncoll Nscoll 
    9999            0  2149372    10838        0 
   10000  0.034624679  2149331        0        6 
   11000    35.731018  2148144    10982        1 
   12000     70.85458  2149199    10902        2 
   13000    105.96651  2148297    10830        3 
   14000    140.64753  2149574    10905        1 
   15000    175.30366  2148012    10868        2 
   16000    210.35058  2148649    10718        2 
   17000     246.1051  2148645    10802        1 
   18000    281.03226  2149018    11029        3 
   19000    315.96631  2148640    10650        3 
   19999     351.3257  2148139    11070        5 
Loop time of 351.326 on 4 procs for 10000 steps with 2148139 particles
Performance: 28.464 timesteps/s, 61.144 Mparticle-step/s

MPI task timing breakdown:
Section |  min time  |  avg time  |  max time  |%varavg| %total
---------------------------------------------------------------
Move    | 131.05     | 140.77     | 150.73     |  80.0 | 40.07
Coll    | 74.963     | 89.833     | 104.88     | 150.6 | 25.57
Sort    | 65.431     | 69.205     | 73.215     |  44.9 | 19.70
Comm    | 5.3508     | 5.5117     | 5.5827     |   4.0 |  1.57
Modify  | 0.10324    | 2.3203     | 4.5467     | 145.4 |  0.66
Output  | 0.039539   | 0.041913   | 0.044333   |   0.9 |  0.01
Other   |            | 43.64      |            |       | 12.42

Particle moves    = 21489074034 (21.5B)
Cells touched     = 26826938270 (26.8B)
Particle comms    = 96543551 (96.5M)
Boundary collides = 77387464 (77.4M)
Boundary exits    = 58316643 (58.3M)
SurfColl checks   = 170941142 (171M)
SurfColl occurs   = 27308 (27.3K)
Surf reactions    = 0 (0K)
Collide attempts  = 211159599 (211M)
Collide occurs    = 108543303 (109M)
Gas reactions     = 0 (0K)
Particles stuck   = 0
Axisymm bad moves = 0

Particle-moves/CPUsec/proc: 1.52914e+07
Particle-moves/step: 2.14891e+06
Cell-touches/particle/step: 1.2484
Particle comm iterations/step: 3
Particle fraction communicated: 0.00449268
Particle fraction colliding with boundary: 0.00360125
Particle fraction exiting boundary: 0.00271378
Surface-checks/particle/step: 0.00795479
Surface-collisions/particle/step: 1.27079e-06
Surface-reactions/particle/step: 0
Collision-attempts/particle/step: 0.00982637
Collisions/particle/step: 0.00505109
Gas-reactions/particle/step: 0

Particles: 537035 ave 586660 max 487556 min
Histogram: 2 0 0 0 0 0 0 0 0 2
Cells:     16000 ave 16000 max 16000 min
Histogram: 4 0 0 0 0 0 0 0 0 0
GhostCell: 1640 ave 1640 max 1640 min
Histogram: 4 0 0 0 0 0 0 0 0 0
EmptyCell: 1640 ave 1640 max 1640 min
Histogram: 4 0 0 0 0 0 0 0 0 0
Surfs:     192 ave 192 max 192 min
Histogram: 4 0 0 0 0 0 0 0 0 0
GhostSurf: 0 ave 0 max 0 min
Histogram: 4 0 0 0 0 0 0 0 0 0
