SPARTA (24 Sep 2025)
Running on 4 MPI task(s)
Created orthogonal box = (0 0 0) to (0.0005 0.0005 0.0005)
WARNING: Could not acquire nearby ghost cells b/c grid partition is not clumped (../grid.cpp:473)
Created 64000 child grid cells
  CPU time = 0.00355747 secs
  create/ghost percent = 90.6846 9.31536
Balance grid migrated 48000 cells
  CPU time = 0.0170096 secs
  reassign/sort/migrate/ghost percent = 34.0691 1.36045 41.5083 23.0622
Reading surface file ...
  192 triangles
  0.000245 0.000255 xlo xhi
  0.000245 0.000255 ylo yhi
  0.000245 0.000255 zlo zhi
  1.37386e-06 min triangle edge length
  8.32156e-13 min triangle area
  8 0 = cells overlapping surfs, overlap cells with unmarked corner pts
  63992 0 8 = cells outside/inside/overlapping surfs
  8 = surf cells with 1,2,etc splits
  1.24999513661453e-10 1.24999513661465e-10 = cell-wise and global flow volume
  CPU time = 0.0253398 secs
  read/check/sort/surf2grid/ghost/inout/particle percent = 52.4391 1.69034 3.08739 24.5015 18.2817 5.95978 0.0065628
  surf2grid time = 0.00620864 secs
  map/comm1/comm2/comm3/comm4/split percent = 40.4514 1.86997 21.5558 9.0044 5.60784 9.52556
Memory usage per proc in Mbytes:
  particles (ave,min,max) = 0 0 0
  grid      (ave,min,max) = 3.88879 3.88879 3.88879
  surf      (ave,min,max) = 0.0241699 0.0241699 0.0241699
  total     (ave,min,max) = 3.91296 3.91296 3.91296
Step CPU Np Ncoll Nscoll 
       0            0        0        0        0 
    1000     5.173488   138089     3102        0 
    2000     10.46095   138027     3067        0 
    3000    15.762262   137344     3108        1 
    4000    21.191554   137883     3148        0 
    5000    26.138738   137688     3005        1 
    5208    27.128144   137496     3091        0 
Loop time of 27.1284 on 4 procs for 5208 steps with 137496 particles
Performance: 191.976 timesteps/s, 26.396 Mparticle-step/s

MPI task timing breakdown:
Section |  min time  |  avg time  |  max time  |%varavg| %total
---------------------------------------------------------------
Move    | 12.187     | 13.591     | 15.01      |  35.4 | 50.10
Coll    | 3.648      | 4.2219     | 4.7784     |  27.0 | 15.56
Sort    | 3.3318     | 3.4772     | 3.6313     |   7.5 | 12.82
Comm    | 1.0087     | 1.0144     | 1.0233     |   0.5 |  3.74
Modify  | 0.014597   | 0.56111    | 1.1123     |  73.0 |  2.07
Output  | 0.0011043  | 0.0016419  | 0.0023928  |   1.3 |  0.01
Other   |            | 4.261      |            |       | 15.71

Particle moves    = 706896726 (707M)
Cells touched     = 1489385346 (1.49B)
Particle comms    = 14162491 (14.2M)
Boundary collides = 11315713 (11.3M)
Boundary exits    = 8517892 (8.52M)
SurfColl checks   = 9482174 (9.48M)
SurfColl occurs   = 4054 (4.05K)
Surf reactions    = 0 (0K)
Collide attempts  = 27677790 (27.7M)
Collide occurs    = 15672942 (15.7M)
Gas reactions     = 0 (0K)
Particles stuck   = 0
Axisymm bad moves = 0

Particle-moves/CPUsec/proc: 6.51435e+06
Particle-moves/step: 135733
Cell-touches/particle/step: 2.10693
Particle comm iterations/step: 2.99674
Particle fraction communicated: 0.0200347
Particle fraction colliding with boundary: 0.0160076
Particle fraction exiting boundary: 0.0120497
Surface-checks/particle/step: 0.0134138
Surface-collisions/particle/step: 5.73493e-06
Surface-reactions/particle/step: 0
Collision-attempts/particle/step: 0.0391539
Collisions/particle/step: 0.0221715
Gas-reactions/particle/step: 0

Particles: 34374 ave 37665 max 31075 min
Histogram: 2 0 0 0 0 0 0 0 0 2
Cells:     16000 ave 16000 max 16000 min
Histogram: 4 0 0 0 0 0 0 0 0 0
GhostCell: 1640 ave 1640 max 1640 min
Histogram: 4 0 0 0 0 0 0 0 0 0
EmptyCell: 1640 ave 1640 max 1640 min
Histogram: 4 0 0 0 0 0 0 0 0 0
Surfs:     192 ave 192 max 192 min
Histogram: 4 0 0 0 0 0 0 0 0 0
GhostSurf: 0 ave 0 max 0 min
Histogram: 4 0 0 0 0 0 0 0 0 0
Memory usage per proc in Mbytes:
  particles (ave,min,max) = 3.90625 3.125 4.6875
  grid      (ave,min,max) = 3.88879 3.88879 3.88879
  surf      (ave,min,max) = 0.0241699 0.0241699 0.0241699
  total     (ave,min,max) = 7.82031 7.03906 8.60156
Step CPU Np Ncoll Nscoll 
    5208            0   137496     3091        0 
    6000    4.3972178   137279     3039        2 
    7000     10.03603   138293     3114        0 
    8000     15.69906   137861     3041        0 
    9000    21.383565   137772     3130        2 
   10000    26.812445   137498     3134        0 
   10417    29.230617   137912     3086        1 
Loop time of 29.2307 on 4 procs for 5209 steps with 137912 particles
Performance: 178.203 timesteps/s, 24.576 Mparticle-step/s

MPI task timing breakdown:
Section |  min time  |  avg time  |  max time  |%varavg| %total
---------------------------------------------------------------
Move    | 13.178     | 14.598     | 15.937     |  34.1 | 49.94
Coll    | 3.9692     | 4.5405     | 5.1356     |  26.8 | 15.53
Sort    | 3.6181     | 3.7735     | 3.9257     |   7.5 | 12.91
Comm    | 1.0873     | 1.0956     | 1.1032     |   0.5 |  3.75
Modify  | 0.034259   | 0.60552    | 1.184      |  73.4 |  2.07
Output  | 0.0013858  | 0.0024322  | 0.0030501  |   1.3 |  0.01
Other   |            | 4.615      |            |       | 15.79

Particle moves    = 717351167 (717M)
Cells touched     = 1509744841 (1.51B)
Particle comms    = 14330708 (14.3M)
Boundary collides = 11490979 (11.5M)
Boundary exits    = 8656282 (8.66M)
SurfColl checks   = 9583698 (9.58M)
SurfColl occurs   = 4028 (4.03K)
Surf reactions    = 0 (0K)
Collide attempts  = 28336662 (28.3M)
Collide occurs    = 16022749 (16M)
Gas reactions     = 0 (0K)
Particles stuck   = 0
Axisymm bad moves = 0

Particle-moves/CPUsec/proc: 6.13525e+06
Particle-moves/step: 137714
Cell-touches/particle/step: 2.10461
Particle comm iterations/step: 3
Particle fraction communicated: 0.0199773
Particle fraction colliding with boundary: 0.0160186
Particle fraction exiting boundary: 0.012067
Surface-checks/particle/step: 0.0133598
Surface-collisions/particle/step: 5.6151e-06
Surface-reactions/particle/step: 0
Collision-attempts/particle/step: 0.0395018
Collisions/particle/step: 0.022336
Gas-reactions/particle/step: 0

Particles: 34478 ave 37641 max 31272 min
Histogram: 2 0 0 0 0 0 0 0 0 2
Cells:     16000 ave 16000 max 16000 min
Histogram: 4 0 0 0 0 0 0 0 0 0
GhostCell: 1640 ave 1640 max 1640 min
Histogram: 4 0 0 0 0 0 0 0 0 0
EmptyCell: 1640 ave 1640 max 1640 min
Histogram: 4 0 0 0 0 0 0 0 0 0
Surfs:     192 ave 192 max 192 min
Histogram: 4 0 0 0 0 0 0 0 0 0
GhostSurf: 0 ave 0 max 0 min
Histogram: 4 0 0 0 0 0 0 0 0 0
