SPARTA (24 Sep 2025)
Running on 4 MPI task(s)
Created orthogonal box = (0 0 0) to (0.0005 0.0005 0.0005)
WARNING: Could not acquire nearby ghost cells b/c grid partition is not clumped (../grid.cpp:473)
Created 64000 child grid cells
  CPU time = 0.00280046 secs
  create/ghost percent = 89.6735 10.3265
Balance grid migrated 48000 cells
  CPU time = 0.0155349 secs
  reassign/sort/migrate/ghost percent = 20.9789 1.00769 50.7045 27.3089
Reading surface file ...
  192 triangles
  0.000245 0.000255 xlo xhi
  0.000245 0.000255 ylo yhi
  0.000245 0.000255 zlo zhi
  1.37386e-06 min triangle edge length
  8.32156e-13 min triangle area
  8 0 = cells overlapping surfs, overlap cells with unmarked corner pts
  63992 0 8 = cells outside/inside/overlapping surfs
  8 = surf cells with 1,2,etc splits
  1.24999513661453e-10 1.24999513661465e-10 = cell-wise and global flow volume
  CPU time = 0.0186853 secs
  read/check/sort/surf2grid/ghost/inout/particle percent = 30.921 3.1628 4.15765 41.572 20.1866 7.16267 0.00653455
  surf2grid time = 0.00776785 secs
  map/comm1/comm2/comm3/comm4/split percent = 39.7822 1.03597 21.5996 9.85217 7.18183 11.8305
Memory usage per proc in Mbytes:
  particles (ave,min,max) = 0 0 0
  grid      (ave,min,max) = 3.88879 3.88879 3.88879
  surf      (ave,min,max) = 0.0241699 0.0241699 0.0241699
  total     (ave,min,max) = 3.91296 3.91296 3.91296
Step CPU Np Ncoll Nscoll 
       0            0        0        0        0 
    1000    2.2277396   128975      682        0 
    2000    4.5141108   137237      746        0 
    3000    7.4087357   138029      756        2 
    4000    10.709809   138394      793        0 
    5000    13.493624   138142      767        0 
    6000    16.512447   137718      758        0 
    7000    19.961426   137895      771        0 
    8000    22.670388   137928      711        0 
    9000    25.107291   137901      757        0 
   10000    28.493654   138267      795        0 
   11000    31.289556   138570      787        0 
   12000     33.93593   137003      801        0 
   13000    36.159416   137571      743        0 
   14000    38.823957   137870      734        0 
   15000    41.747153   137685      773        1 
   16000    44.371652   138130      756        0 
   17000    47.405881   137691      751        1 
   18000    50.187794   138255      822        1 
   19000    52.752974   137131      774        0 
   20000    54.986773   137616      816        1 
   20833     57.09375   137475      794        0 
Loop time of 57.0938 on 4 procs for 20833 steps with 137475 particles
Performance: 364.891 timesteps/s, 50.163 Mparticle-step/s

MPI task timing breakdown:
Section |  min time  |  avg time  |  max time  |%varavg| %total
---------------------------------------------------------------
Move    | 23.903     | 26.615     | 29.171     |  47.5 | 46.62
Coll    | 7.9072     | 8.7015     | 9.4642     |  24.6 | 15.24
Sort    | 10.18      | 10.607     | 11.044     |  11.9 | 18.58
Comm    | 1.791      | 1.8337     | 1.8852     |   2.5 |  3.21
Modify  | 0.042986   | 0.70796    | 1.3729     |  78.9 |  1.24
Output  | 0.0030733  | 0.0047081  | 0.005598   |   1.4 |  0.01
Other   |            | 8.624      |            |       | 15.11

Particle moves    = 2827303658 (2.83B)
Cells touched     = 3609844293 (3.61B)
Particle comms    = 14164485 (14.2M)
Boundary collides = 11319758 (11.3M)
Boundary exits    = 8518105 (8.52M)
SurfColl checks   = 23078234 (23.1M)
SurfColl occurs   = 4129 (4.13K)
Surf reactions    = 0 (0K)
Collide attempts  = 27757393 (27.8M)
Collide occurs    = 15708352 (15.7M)
Gas reactions     = 0 (0K)
Particles stuck   = 0
Axisymm bad moves = 0

Particle-moves/CPUsec/proc: 1.23801e+07
Particle-moves/step: 135713
Cell-touches/particle/step: 1.27678
Particle comm iterations/step: 2.55206
Particle fraction communicated: 0.00500989
Particle fraction colliding with boundary: 0.00400373
Particle fraction exiting boundary: 0.0030128
Surface-checks/particle/step: 0.00816263
Surface-collisions/particle/step: 1.4604e-06
Surface-reactions/particle/step: 0
Collision-attempts/particle/step: 0.00981762
Collisions/particle/step: 0.00555595
Gas-reactions/particle/step: 0

Particles: 34368.8 ave 37686 max 30904 min
Histogram: 2 0 0 0 0 0 0 0 0 2
Cells:     16000 ave 16000 max 16000 min
Histogram: 4 0 0 0 0 0 0 0 0 0
GhostCell: 1640 ave 1640 max 1640 min
Histogram: 4 0 0 0 0 0 0 0 0 0
EmptyCell: 1640 ave 1640 max 1640 min
Histogram: 4 0 0 0 0 0 0 0 0 0
Surfs:     192 ave 192 max 192 min
Histogram: 4 0 0 0 0 0 0 0 0 0
GhostSurf: 0 ave 0 max 0 min
Histogram: 4 0 0 0 0 0 0 0 0 0
Memory usage per proc in Mbytes:
  particles (ave,min,max) = 3.90625 3.125 4.6875
  grid      (ave,min,max) = 3.88879 3.88879 3.88879
  surf      (ave,min,max) = 0.0241699 0.0241699 0.0241699
  total     (ave,min,max) = 7.82031 7.03906 8.60156
Step CPU Np Ncoll Nscoll 
   20833            0   137475      794        0 
   21000   0.35681649   137889      745        1 
   22000    3.4811112   137094      770        1 
   23000    6.0396308   137935      799        0 
   24000    8.5762148   137837      742        0 
   25000     11.16701   137612      742        0 
   26000    14.214293   137686      730        1 
   27000    17.613289   137997      755        0 
   28000    20.083063   138223      756        1 
   29000    22.490983   138306      760        0 
   30000    24.693691   137838      787        0 
   31000    26.959207   137969      782        0 
   32000    29.180777   138040      800        0 
   33000    31.411007   137674      752        1 
   34000    33.585219   138086      747        0 
   35000    35.724746   138238      729        0 
   36000    37.859265   137619      803        1 
   37000    39.982219   137732      761        0 
   38000    42.184081   137301      788        0 
   39000    44.391507   137952      780        0 
   40000    46.554419   137333      784        0 
   41000    48.849665   137861      770        0 
   41667    50.344648   137994      739        0 
Loop time of 50.3451 on 4 procs for 20834 steps with 137994 particles
Performance: 413.824 timesteps/s, 57.105 Mparticle-step/s

MPI task timing breakdown:
Section |  min time  |  avg time  |  max time  |%varavg| %total
---------------------------------------------------------------
Move    | 21.442     | 24.067     | 26.447     |  46.4 | 47.80
Coll    | 7.2234     | 7.9729     | 8.6305     |  23.0 | 15.84
Sort    | 8.8574     | 9.3076     | 9.6906     |  12.2 | 18.49
Comm    | 1.5276     | 1.5645     | 1.6074     |   2.3 |  3.11
Modify  | 0.08087    | 0.6925     | 1.3084     |  73.0 |  1.38
Output  | 0.0017557  | 0.004176   | 0.0052384  |   2.2 |  0.01
Other   |            | 6.737      |            |       | 13.38

Particle moves    = 2869567387 (2.87B)
Cells touched     = 3662001299 (3.66B)
Particle comms    = 14330309 (14.3M)
Boundary collides = 11494290 (11.5M)
Boundary exits    = 8657146 (8.66M)
SurfColl checks   = 23342158 (23.3M)
SurfColl occurs   = 4061 (4.06K)
Surf reactions    = 0 (0K)
Collide attempts  = 28422897 (28.4M)
Collide occurs    = 16059156 (16.1M)
Gas reactions     = 0 (0K)
Particles stuck   = 0
Axisymm bad moves = 0

Particle-moves/CPUsec/proc: 1.42495e+07
Particle-moves/step: 137735
Cell-touches/particle/step: 1.27615
Particle comm iterations/step: 2.55947
Particle fraction communicated: 0.00499389
Particle fraction colliding with boundary: 0.00400558
Particle fraction exiting boundary: 0.00301688
Surface-checks/particle/step: 0.00813438
Surface-collisions/particle/step: 1.4152e-06
Surface-reactions/particle/step: 0
Collision-attempts/particle/step: 0.00990494
Collisions/particle/step: 0.00559637
Gas-reactions/particle/step: 0

Particles: 34498.5 ave 37775 max 31242 min
Histogram: 2 0 0 0 0 0 0 0 0 2
Cells:     16000 ave 16000 max 16000 min
Histogram: 4 0 0 0 0 0 0 0 0 0
GhostCell: 1640 ave 1640 max 1640 min
Histogram: 4 0 0 0 0 0 0 0 0 0
EmptyCell: 1640 ave 1640 max 1640 min
Histogram: 4 0 0 0 0 0 0 0 0 0
Surfs:     192 ave 192 max 192 min
Histogram: 4 0 0 0 0 0 0 0 0 0
GhostSurf: 0 ave 0 max 0 min
Histogram: 4 0 0 0 0 0 0 0 0 0
