SPARTA (24 Sep 2025)
Running on 4 MPI task(s)
Created orthogonal box = (0 0 0) to (0.0005 0.0005 0.0005)
WARNING: Could not acquire nearby ghost cells b/c grid partition is not clumped (../grid.cpp:473)
Created 4096 child grid cells
  CPU time = 0.00119005 secs
  create/ghost percent = 89.9827 10.0173
Balance grid migrated 3072 cells
  CPU time = 0.00120853 secs
  reassign/sort/migrate/ghost percent = 37.9778 1.56546 31.5799 28.8769
Reading surface file ...
  192 triangles
  0.000245 0.000255 xlo xhi
  0.000245 0.000255 ylo yhi
  0.000245 0.000255 zlo zhi
  1.37386e-06 min triangle edge length
  8.32156e-13 min triangle area
  8 0 = cells overlapping surfs, overlap cells with unmarked corner pts
  4088 0 8 = cells outside/inside/overlapping surfs
  8 = surf cells with 1,2,etc splits
  1.24999513661465e-10 1.24999513661465e-10 = cell-wise and global flow volume
  CPU time = 0.0156844 secs
  read/check/sort/surf2grid/ghost/inout/particle percent = 84.203 2.2655 0.376458 5.49711 7.6579 0.71966 0.00587847
  surf2grid time = 0.000862187 secs
  map/comm1/comm2/comm3/comm4/split percent = 27.955 13.5062 12.2435 2.05651 10.9911 25.2306
Memory usage per proc in Mbytes:
  particles (ave,min,max) = 0 0 0
  grid      (ave,min,max) = 1.51379 1.51379 1.51379
  surf      (ave,min,max) = 0.0241699 0.0241699 0.0241699
  total     (ave,min,max) = 1.53796 1.53796 1.53796
Step CPU Np Ncoll Nscoll 
       0            0        0        0        0 
    1000    1.8229133   142233     2881        1 
    2000    3.6167483   142592     2919        1 
    3000    5.4257052   142393     2850        1 
    4000    7.2409326   142558     2864        0 
    5000    9.0328403   142530     2921        0 
    6000     10.77848   142384     2884        0 
    7000    12.775824   142570     2912        1 
    8000    14.571575   142249     2849        1 
    9000    16.355732   142313     2881        3 
   10000    18.151578   142175     2823        0 
   11000    19.912635   142173     2857        2 
   12000    21.661128   142274     2872        2 
   13000    23.470021   142897     2905        0 
   14000    25.337989   142369     2857        2 
   15000    27.150042   142011     2811        1 
   16000    28.958461   142475     2824        1 
   17000    30.718181   142610     2848        1 
   18000    32.541938   142471     2877        2 
   19000    34.322383   142182     2876        0 
   20000    36.117977   142402     2921        0 
   21000    37.933371   142384     2859        0 
   22000    39.745053   142341     2893        4 
   23000    41.563693   142834     2848        0 
   24000    43.367905   142498     2873        0 
   25000    45.171989   142636     2919        3 
Loop time of 45.1721 on 4 procs for 25000 steps with 142636 particles
Performance: 553.439 timesteps/s, 78.940 Mparticle-step/s

MPI task timing breakdown:
Section |  min time  |  avg time  |  max time  |%varavg| %total
---------------------------------------------------------------
Move    | 18.03      | 19.594     | 21.148     |  33.7 | 43.38
Coll    | 7.9933     | 9.4677     | 11.014     |  47.8 | 20.96
Sort    | 4.1128     | 4.4655     | 4.8716     |  15.7 |  9.89
Comm    | 2.7331     | 2.7549     | 2.7803     |   1.3 |  6.10
Modify  | 0.017073   | 1.7474     | 3.4871     | 130.7 |  3.87
Output  | 0.0014898  | 0.0032447  | 0.0048197  |   2.5 |  0.01
Other   |            | 7.139      |            |       | 15.80

Particle moves    = 3549098265 (3.55B)
Cells touched     = 4929828957 (4.93B)
Particle comms    = 63826885 (63.8M)
Boundary collides = 51141710 (51.1M)
Boundary exits    = 38506324 (38.5M)
SurfColl checks   = 505593978 (506M)
SurfColl occurs   = 17918 (17.9K)
Surf reactions    = 0 (0K)
Collide attempts  = 151926065 (152M)
Collide occurs    = 71620594 (71.6M)
Gas reactions     = 0 (0K)
Particles stuck   = 0
Axisymm bad moves = 0

Particle-moves/CPUsec/proc: 1.96421e+07
Particle-moves/step: 141964
Cell-touches/particle/step: 1.38904
Particle comm iterations/step: 2.99948
Particle fraction communicated: 0.017984
Particle fraction colliding with boundary: 0.0144098
Particle fraction exiting boundary: 0.0108496
Surface-checks/particle/step: 0.142457
Surface-collisions/particle/step: 5.04861e-06
Surface-reactions/particle/step: 0
Collision-attempts/particle/step: 0.0428069
Collisions/particle/step: 0.0201799
Gas-reactions/particle/step: 0

Particles: 35659 ave 39092 max 32321 min
Histogram: 2 0 0 0 0 0 0 0 0 2
Cells:     1024 ave 1024 max 1024 min
Histogram: 4 0 0 0 0 0 0 0 0 0
GhostCell: 272 ave 272 max 272 min
Histogram: 4 0 0 0 0 0 0 0 0 0
EmptyCell: 272 ave 272 max 272 min
Histogram: 4 0 0 0 0 0 0 0 0 0
Surfs:     192 ave 192 max 192 min
Histogram: 4 0 0 0 0 0 0 0 0 0
GhostSurf: 0 ave 0 max 0 min
Histogram: 4 0 0 0 0 0 0 0 0 0
Memory usage per proc in Mbytes:
  particles (ave,min,max) = 4.6875 4.6875 4.6875
  grid      (ave,min,max) = 1.51379 1.51379 1.51379
  surf      (ave,min,max) = 0.0241699 0.0241699 0.0241699
  total     (ave,min,max) = 6.22766 6.22766 6.22766
Step CPU Np Ncoll Nscoll 
   25000            0   142636     2919        0 
   26000     1.878164   142346     2855        1 
   27000    3.6628977   142508     2967        0 
   28000    5.4587099   142332     2895        0 
   29000    7.3947914   142662     2908        1 
   30000     9.294876   142305     2854        0 
   31000    11.151951   142665     2898        2 
   32000    12.936721   142590     2876        1 
   33000    14.752474   142456     2879        0 
   34000    16.536874   142544     2847        1 
   35000    18.345489   142497     2917        0 
   36000    20.144308   143002     2943        1 
   37000    21.992012   142501     2824        0 
   38000    23.741439   142294     2859        0 
   39000    25.525048   142401     2879        2 
   40000    27.332579   142373     2880        3 
   41000    29.145667   142312     2827        0 
   42000      31.1273   142715     2918        1 
   43000    33.122521   142754     2954        0 
   44000    35.000984   142284     2920        0 
   45000    36.810592   142479     2816        0 
   46000     38.59536   142668     2891        2 
   47000    40.586181   141930     2954        0 
   48000    42.404654   142476     2871        0 
   49000    44.357663   142869     2844        1 
   50000    46.207733   142711     2863        2 
Loop time of 46.2078 on 4 procs for 25000 steps with 142711 particles
Performance: 541.034 timesteps/s, 77.212 Mparticle-step/s

MPI task timing breakdown:
Section |  min time  |  avg time  |  max time  |%varavg| %total
---------------------------------------------------------------
Move    | 18.104     | 19.803     | 21.426     |  36.3 | 42.86
Coll    | 8.0791     | 9.5891     | 11.09      |  47.8 | 20.75
Sort    | 4.2704     | 4.6249     | 5.0218     |  16.3 | 10.01
Comm    | 2.7902     | 2.8118     | 2.8399     |   1.2 |  6.09
Modify  | 0.054174   | 1.8024     | 3.5761     | 129.9 |  3.90
Output  | 0.06138    | 0.061716   | 0.062702   |   0.2 |  0.13
Other   |            | 7.515      |            |       | 16.26

Particle moves    = 3561588356 (3.56B)
Cells touched     = 4946197955 (4.95B)
Particle comms    = 63989219 (64M)
Boundary collides = 51312522 (51.3M)
Boundary exits    = 38649457 (38.6M)
SurfColl checks   = 507682832 (508M)
SurfColl occurs   = 17858 (17.9K)
Surf reactions    = 0 (0K)
Collide attempts  = 152825459 (153M)
Collide occurs    = 71972109 (72M)
Gas reactions     = 0 (0K)
Particles stuck   = 0
Axisymm bad moves = 0

Particle-moves/CPUsec/proc: 1.92694e+07
Particle-moves/step: 142464
Cell-touches/particle/step: 1.38876
Particle comm iterations/step: 3.00016
Particle fraction communicated: 0.0179665
Particle fraction colliding with boundary: 0.0144072
Particle fraction exiting boundary: 0.0108517
Surface-checks/particle/step: 0.142544
Surface-collisions/particle/step: 5.01406e-06
Surface-reactions/particle/step: 0
Collision-attempts/particle/step: 0.0429094
Collisions/particle/step: 0.0202079
Gas-reactions/particle/step: 0

Particles: 35677.8 ave 39058 max 32162 min
Histogram: 2 0 0 0 0 0 0 0 0 2
Cells:     1024 ave 1024 max 1024 min
Histogram: 4 0 0 0 0 0 0 0 0 0
GhostCell: 272 ave 272 max 272 min
Histogram: 4 0 0 0 0 0 0 0 0 0
EmptyCell: 272 ave 272 max 272 min
Histogram: 4 0 0 0 0 0 0 0 0 0
Surfs:     192 ave 192 max 192 min
Histogram: 4 0 0 0 0 0 0 0 0 0
GhostSurf: 0 ave 0 max 0 min
Histogram: 4 0 0 0 0 0 0 0 0 0
