SPARTA (24 Sep 2025)
Running on 4 MPI task(s)
Created orthogonal box = (0 0 0) to (0.0005 0.0005 0.0005)
WARNING: Could not acquire nearby ghost cells b/c grid partition is not clumped (../grid.cpp:473)
Created 21952 child grid cells
  CPU time = 0.00263315 secs
  create/ghost percent = 94.2265 5.77354
Balance grid migrated 15680 cells
  CPU time = 0.00590004 secs
  reassign/sort/migrate/ghost percent = 25.7447 0.535759 40.839 32.8806
Reading surface file ...
  192 triangles
  0.000245 0.000255 xlo xhi
  0.000245 0.000255 ylo yhi
  0.000245 0.000255 zlo zhi
  1.37386e-06 min triangle edge length
  8.32156e-13 min triangle area
  8 0 = cells overlapping surfs, overlap cells with unmarked corner pts
  21944 0 8 = cells outside/inside/overlapping surfs
  8 = surf cells with 1,2,etc splits
  1.24999513661459e-10 1.24999513661465e-10 = cell-wise and global flow volume
  CPU time = 0.0104076 secs
  read/check/sort/surf2grid/ghost/inout/particle percent = 45.0822 3.16518 1.72211 23.5155 26.515 8.01774 0.0113091
  surf2grid time = 0.0024474 secs
  map/comm1/comm2/comm3/comm4/split percent = 36.1226 2.35107 24.6192 3.43977 4.26951 17.0009
Memory usage per proc in Mbytes:
  particles (ave,min,max) = 0 0 0
  grid      (ave,min,max) = 1.51379 1.51379 1.51379
  surf      (ave,min,max) = 0.0241699 0.0241699 0.0241699
  total     (ave,min,max) = 1.53796 1.53796 1.53796
Step CPU Np Ncoll Nscoll 
       0            0        0        0        0 
    1000     17.05109   763018    15435        2 
Loop time of 17.0517 on 4 procs for 1000 steps with 763018 particles
Performance: 58.645 timesteps/s, 44.747 Mparticle-step/s

MPI task timing breakdown:
Section |  min time  |  avg time  |  max time  |%varavg| %total
---------------------------------------------------------------
Move    | 6.5119     | 7.2055     | 7.8984     |  25.5 | 42.26
Coll    | 3.1203     | 3.8666     | 4.6293     |  37.3 | 22.68
Sort    | 1.8749     | 2.0459     | 2.2152     |  11.7 | 12.00
Comm    | 0.70551    | 0.72758    | 0.73872    |   1.5 |  4.27
Modify  | 0.0018863  | 0.49899    | 1          |  70.4 |  2.93
Output  | 2.2641e-05 | 0.0010534  | 0.0020937  |   2.4 |  0.01
Other   |            | 2.706      |            |       | 15.87

Particle moves    = 699054847 (699M)
Cells touched     = 1189063990 (1.19B)
Particle comms    = 12797699 (12.8M)
Boundary collides = 10066960 (10.1M)
Boundary exits    = 7522370 (7.52M)
SurfColl checks   = 22421524 (22.4M)
SurfColl occurs   = 3607 (3.61K)
Surf reactions    = 0 (0K)
Collide attempts  = 24984503 (25M)
Collide occurs    = 13477036 (13.5M)
Gas reactions     = 0 (0K)
Particles stuck   = 0
Axisymm bad moves = 0

Particle-moves/CPUsec/proc: 1.0249e+07
Particle-moves/step: 699055
Cell-touches/particle/step: 1.70096
Particle comm iterations/step: 2.988
Particle fraction communicated: 0.0183071
Particle fraction colliding with boundary: 0.0144008
Particle fraction exiting boundary: 0.0107608
Surface-checks/particle/step: 0.0320741
Surface-collisions/particle/step: 5.15982e-06
Surface-reactions/particle/step: 0
Collision-attempts/particle/step: 0.0357404
Collisions/particle/step: 0.0192789
Gas-reactions/particle/step: 0

Particles: 190754 ave 208159 max 173369 min
Histogram: 2 0 0 0 0 0 0 0 0 2
Cells:     5488 ave 5488 max 5488 min
Histogram: 4 0 0 0 0 0 0 0 0 0
GhostCell: 812 ave 812 max 812 min
Histogram: 4 0 0 0 0 0 0 0 0 0
EmptyCell: 812 ave 812 max 812 min
Histogram: 4 0 0 0 0 0 0 0 0 0
Surfs:     192 ave 192 max 192 min
Histogram: 4 0 0 0 0 0 0 0 0 0
GhostSurf: 0 ave 0 max 0 min
Histogram: 4 0 0 0 0 0 0 0 0 0
Memory usage per proc in Mbytes:
  particles (ave,min,max) = 18.75 17.1875 20.3125
  grid      (ave,min,max) = 1.51379 1.51379 1.51379
  surf      (ave,min,max) = 0.0241699 0.0241699 0.0241699
  total     (ave,min,max) = 20.2902 18.7277 21.8527
Step CPU Np Ncoll Nscoll 
    1000            0   763018    15435        0 
