SPARTA (24 Sep 2025)
Running on 4 MPI task(s)
Created orthogonal box = (0 0 0) to (0.0005 0.0005 0.0005)
WARNING: Could not acquire nearby ghost cells b/c grid partition is not clumped (../grid.cpp:473)
Created 1000 child grid cells
  CPU time = 0.00233297 secs
  create/ghost percent = 63.9221 36.0779
Balance grid migrated 740 cells
  CPU time = 0.00126582 secs
  reassign/sort/migrate/ghost percent = 50.1647 0.198606 36.5461 13.0906
Reading surface file ...
  192 triangles
  0.000245 0.000255 xlo xhi
  0.000245 0.000255 ylo yhi
  0.000245 0.000255 zlo zhi
  1.37386e-06 min triangle edge length
  8.32156e-13 min triangle area
  8 0 = cells overlapping surfs, overlap cells with unmarked corner pts
  992 0 8 = cells outside/inside/overlapping surfs
  8 = surf cells with 1,2,etc splits
  1.24999513661465e-10 1.24999513661465e-10 = cell-wise and global flow volume
  CPU time = 0.0197329 secs
  read/check/sort/surf2grid/ghost/inout/particle percent = 83.6343 3.05622 0.0582733 5.75291 7.49827 0.520532 0.601199
  surf2grid time = 0.00113522 secs
  map/comm1/comm2/comm3/comm4/split percent = 24.6904 23.356 5.21046 1.576 16.6802 20.5779
Memory usage per proc in Mbytes:
  particles (ave,min,max) = 0 0 0
  grid      (ave,min,max) = 1.51379 1.51379 1.51379
  surf      (ave,min,max) = 0.0241699 0.0241699 0.0241699
  total     (ave,min,max) = 1.53796 1.53796 1.53796
Step CPU Np Ncoll Nscoll 
       0            0        0        0        0 
    1000   0.46497535    34925      715        0 
Loop time of 0.46515 on 4 procs for 1000 steps with 34925 particles
Performance: 2149.844 timesteps/s, 75.083 Mparticle-step/s

MPI task timing breakdown:
Section |  min time  |  avg time  |  max time  |%varavg| %total
---------------------------------------------------------------
Move    | 0.1719     | 0.19536    | 0.21656    |   4.6 | 42.00
Coll    | 0.061968   | 0.077789   | 0.092804   |   5.3 | 16.72
Sort    | 0.014521   | 0.018601   | 0.022348   |   2.3 |  4.00
Comm    | 0.039655   | 0.04031    | 0.040848   |   0.3 |  8.67
Modify  | 0.00021205 | 0.022923   | 0.045686   |  15.0 |  4.93
Output  | 9.86e-06   | 6.766e-05  | 0.00017565 |   0.0 |  0.01
Other   |            | 0.1101     |            |       | 23.67

Particle moves    = 31939712 (31.9M)
Cells touched     = 39622702 (39.6M)
Particle comms    = 583946 (0.584M)
Boundary collides = 460097 (0.46M)
Boundary exits    = 342560 (0.343M)
SurfColl checks   = 16270038 (16.3M)
SurfColl occurs   = 147 (0.147K)
Surf reactions    = 0 (0K)
Collide attempts  = 1143904 (1.14M)
Collide occurs    = 618506 (0.619M)
Gas reactions     = 0 (0K)
Particles stuck   = 0
Axisymm bad moves = 0

Particle-moves/CPUsec/proc: 1.71664e+07
Particle-moves/step: 31939.7
Cell-touches/particle/step: 1.24055
Particle comm iterations/step: 2.897
Particle fraction communicated: 0.0182828
Particle fraction colliding with boundary: 0.0144052
Particle fraction exiting boundary: 0.0107252
Surface-checks/particle/step: 0.509398
Surface-collisions/particle/step: 4.60242e-06
Surface-reactions/particle/step: 0
Collision-attempts/particle/step: 0.0358145
Collisions/particle/step: 0.0193648
Gas-reactions/particle/step: 0

Particles: 8731.25 ave 9662 max 7763 min
Histogram: 1 1 0 0 0 0 0 0 1 1
Cells:     250 ave 250 max 250 min
Histogram: 4 0 0 0 0 0 0 0 0 0
GhostCell: 110 ave 110 max 110 min
Histogram: 4 0 0 0 0 0 0 0 0 0
EmptyCell: 110 ave 110 max 110 min
Histogram: 4 0 0 0 0 0 0 0 0 0
Surfs:     192 ave 192 max 192 min
Histogram: 4 0 0 0 0 0 0 0 0 0
GhostSurf: 0 ave 0 max 0 min
Histogram: 4 0 0 0 0 0 0 0 0 0
Memory usage per proc in Mbytes:
  particles (ave,min,max) = 1.5625 1.5625 1.5625
  grid      (ave,min,max) = 1.51379 1.51379 1.51379
  surf      (ave,min,max) = 0.0241699 0.0241699 0.0241699
  total     (ave,min,max) = 3.10266 3.10266 3.10266
Step CPU Np Ncoll Nscoll 
    1000            0    34925      715        0 
    2000   0.55081789    34938      731        2 
Loop time of 0.550872 on 4 procs for 1000 steps with 34938 particles
Performance: 1815.305 timesteps/s, 63.423 Mparticle-step/s

MPI task timing breakdown:
Section |  min time  |  avg time  |  max time  |%varavg| %total
---------------------------------------------------------------
Move    | 0.21743    | 0.2344     | 0.24821    |   2.6 | 42.55
Coll    | 0.079215   | 0.094035   | 0.10848    |   4.3 | 17.07
Sort    | 0.022244   | 0.024083   | 0.025752   |   0.8 |  4.37
Comm    | 0.042158   | 0.042779   | 0.043321   |   0.2 |  7.77
Modify  | 0.0010377  | 0.024301   | 0.047586   |  14.9 |  4.41
Output  | 0.0021751  | 0.0021835  | 0.0022067  |   0.0 |  0.40
Other   |            | 0.1291     |            |       | 23.43

Particle moves    = 34768503 (34.8M)
Cells touched     = 43029190 (43M)
Particle comms    = 624555 (0.625M)
Boundary collides = 500765 (0.501M)
Boundary exits    = 377401 (0.377M)
SurfColl checks   = 18069626 (18.1M)
SurfColl occurs   = 187 (0.187K)
Surf reactions    = 0 (0K)
Collide attempts  = 1310298 (1.31M)
Collide occurs    = 702547 (0.703M)
Gas reactions     = 0 (0K)
Particles stuck   = 0
Axisymm bad moves = 0

Particle-moves/CPUsec/proc: 1.57789e+07
Particle-moves/step: 34768.5
Cell-touches/particle/step: 1.23759
Particle comm iterations/step: 2.932
Particle fraction communicated: 0.0179632
Particle fraction colliding with boundary: 0.0144028
Particle fraction exiting boundary: 0.0108547
Surface-checks/particle/step: 0.519713
Surface-collisions/particle/step: 5.37843e-06
Surface-reactions/particle/step: 0
Collision-attempts/particle/step: 0.0376864
Collisions/particle/step: 0.0202064
Gas-reactions/particle/step: 0

Particles: 8734.5 ave 9613 max 7865 min
Histogram: 2 0 0 0 0 0 0 0 0 2
Cells:     250 ave 250 max 250 min
Histogram: 4 0 0 0 0 0 0 0 0 0
GhostCell: 110 ave 110 max 110 min
Histogram: 4 0 0 0 0 0 0 0 0 0
EmptyCell: 110 ave 110 max 110 min
Histogram: 4 0 0 0 0 0 0 0 0 0
Surfs:     192 ave 192 max 192 min
Histogram: 4 0 0 0 0 0 0 0 0 0
GhostSurf: 0 ave 0 max 0 min
Histogram: 4 0 0 0 0 0 0 0 0 0
