SPARTA (24 Sep 2025)
Running on 4 MPI task(s)
Created orthogonal box = (0 0 0) to (0.0005 0.0005 0.0005)
WARNING: Could not acquire nearby ghost cells b/c grid partition is not clumped (../grid.cpp:473)
Created 1000 child grid cells
  CPU time = 0.0397723 secs
  create/ghost percent = 19.6177 80.3823
Balance grid migrated 740 cells
  CPU time = 0.00930845 secs
  reassign/sort/migrate/ghost percent = 49.6766 0.20577 35.368 14.7496
Reading surface file ...
  192 triangles
  0.000245 0.000255 xlo xhi
  0.000245 0.000255 ylo yhi
  0.000245 0.000255 zlo zhi
  1.37386e-06 min triangle edge length
  8.32156e-13 min triangle area
  8 0 = cells overlapping surfs, overlap cells with unmarked corner pts
  992 0 8 = cells outside/inside/overlapping surfs
  8 = surf cells with 1,2,etc splits
  1.24999513661465e-10 1.24999513661465e-10 = cell-wise and global flow volume
  CPU time = 0.0233331 secs
  read/check/sort/surf2grid/ghost/inout/particle percent = 45.6702 9.25651 0.330304 12.9448 31.7981 3.5786 0.00574293
  surf2grid time = 0.00302042 secs
  map/comm1/comm2/comm3/comm4/split percent = 16.3329 22.9012 4.57452 7.60956 20.6566 16.6057
Memory usage per proc in Mbytes:
  particles (ave,min,max) = 0 0 0
  grid      (ave,min,max) = 1.51379 1.51379 1.51379
  surf      (ave,min,max) = 0.0241699 0.0241699 0.0241699
  total     (ave,min,max) = 1.53906 1.53906 1.53906
Step CPU Np Ncoll Nscoll 
       0            0        0        0        0 
     200    1.3412365    34752     2801        1 
     400    2.4335167    34905     2818        0 
     600     3.897304    34699     2836        0 
     800    5.8711619    34845     2710        0 
    1000    7.8058412    34661     2863        0 
    1200    8.5011761    34837     2803        1 
    1400    9.2851978    34790     2820        0 
    1600    11.053218    34884     2721        0 
    1800     12.10512    34745     2755        0 
    2000    13.273136    34918     2808        1 
    2200    14.841193    34806     2740        0 
    2400    16.173509    34847     2828        1 
    2600    17.169699    34929     2850        0 
    2800    18.377221    34920     2777        0 
    3000    19.929284    34701     2860        1 
    3200    21.069394    34913     2860        1 
    3400    22.074422    34737     2823        0 
    3600    22.921233    34992     2805        0 
    3800    23.970738    34789     2776        0 
    4000    25.081246    34747     2821        1 
    4200    25.925244    34768     2801        3 
    4400    27.117601    35077     2905        2 
    4600    28.557305    34894     2812        1 
    4800    29.737643    34835     2816        0 
    5000    31.422634    34834     2816        0 
    5200    32.313778    34822     2818        0 
    5400    33.329503    34818     2801        0 
    5600    34.377426    34779     2912        1 
    5800    35.265117    34796     2854        0 
    6000    35.905228    34889     2795        0 
    6200     37.59342    34705     2738        0 
    6400    39.053102    34728     2771        1 
    6600    40.489328    34777     2816        2 
    6800    41.961144    34780     2820        2 
    7000    43.421206    34980     2844        4 
    7200     45.01319    34938     2841        2 
    7400    46.273179    34598     2871        1 
    7600    47.005354    34863     2768        0 
    7800    48.059548    34788     2778        0 
    8000    49.461149    34958     2812        0 
    8200     50.44919    34808     2742        1 
    8400    51.693564    34782     2780        0 
    8600    53.605832    34697     2750        0 
    8800    54.389301    34767     2797        0 
    9000    55.046879    34932     2838        4 
    9200    55.877458    34995     2805        1 
    9400    56.745257    34717     2827        1 
    9600    57.561187    34900     2862        0 
    9800    58.877296    34810     2809        1 
   10000     60.17727    35015     2930        1 
   10200    61.125212    34843     2890        1 
   10400    61.957091    34888     2876        1 
   10600    63.377362    34844     2734        1 
   10800    64.421754    34769     2789        2 
   11000    65.417142    34644     2830        1 
   11200    67.117342    34753     2739        0 
   11400    68.106755    35010     2849        0 
   11600    70.637449    34712     2783        2 
   11800    72.225692    35034     2830        1 
   12000    73.317247    34862     2869        1 
   12200    74.818078    34830     2795        0 
   12400    76.117375    34688     2830        1 
   12600     76.97322    34841     2855        0 
   12800    78.713274    34762     2683        2 
   13000    79.685197    34725     2840        0 
   13200    80.829324    34795     2873        0 
   13400    82.605093    34806     2749        0 
   13600    83.445208    34684     2775        0 
   13800    85.329537    34860     2805        1 
   14000    86.933491    34990     2858        1 
   14200    88.494081    34910     2833        1 
   14400    89.341522    34724     2748        0 
   14600    90.985223    34847     2853        1 
   14800    91.886351    34821     2858        1 
   15000     93.15088    34717     2843        1 
   15200    94.249176    34760     2781        1 
   15400    95.541075    34897     2833        2 
   15600    97.149147    34619     2837        0 
   15800    98.641232    34860     2877        0 
   16000    100.88319    34938     2919        1 
   16200    102.06944    34756     2861        1 
   16400    103.54118    34936     2814        0 
   16600     104.6009    34697     2813        2 
   16800    105.85331    34816     2740        2 
   17000    106.92385    34615     2779        0 
   17200    107.92544    34918     2811        1 
   17400    109.29307    34810     2779        0 
   17600    110.50152    34761     2741        1 
   17800    111.88916    34588     2812        0 
   18000    112.91726    34821     2839        3 
   18200    113.79726    34773     2796        0 
   18400    115.50115    34711     2741        2 
   18600     116.5452    35062     2835        3 
   18800     118.1971    34650     2754        1 
   19000    119.97324    34677     2818        0 
   19200    121.61328    34787     2744        0 
   19400    124.09327    34625     2821        1 
   19600    126.25279    34756     2845        2 
   19800    127.60922    34810     2773        1 
   20000    129.32774    34769     2856        1 
   20200    130.44516    35031     2905        1 
   20400    131.64936    35008     2850        0 
   20600    132.51327    35054     2840        1 
   20800    133.96524    34705     2807        0 
   21000     135.0891    34813     2835        1 
   21200    136.69747    34719     2815        0 
   21400    137.79318    34686     2773        0 
   21600    139.06522    34686     2766        1 
   21800    141.24927    34713     2757        1 
   22000    142.89878    34869     2816        0 
   22200    144.70828    34720     2798        1 
   22400    146.48117    34774     2857        2 
   22600    147.68114    34895     2807        1 
   22800    148.95577    34726     2820        0 
   23000    150.19313    34809     2779        0 
   23200    151.82757    34715     2774        0 
   23400    153.23354    34766     2765        1 
   23600    154.67717    34774     2819        2 
   23800    156.56261    34889     2867        0 
   24000    158.29129    34563     2732        0 
   24200    159.69742    34672     2796        0 
   24400    161.13447    34766     2855        1 
   24600    162.54948    34893     2780        0 
   24800    164.11923    34798     2782        1 
   25000    165.57891    34701     2872        0 
   25200    167.24534    34767     2810        1 
   25400    168.52915    34903     2864        1 
   25600    170.07723    34905     2854        1 
   25800    171.48942    34985     2874        0 
   26000     172.2694    34698     2764        2 
   26200    174.41725    34840     2828        2 
   26400    175.06685    34942     2785        1 
   26600     176.1131    35014     2816        0 
   26800    176.87137    34780     2769        0 
   27000    178.16543    34788     2837        1 
   27200    179.81385    34941     2880        1 
   27400    181.89735    34835     2744        1 
   27600    183.32123    34878     2908        0 
   27800    184.68517    34777     2855        2 
   28000    186.40507    34916     2783        1 
   28200    188.04518    34683     2769        0 
   28400    190.67349    34620     2832        0 
   28600    191.56513    34910     2829        0 
   28800    193.82013    34741     2809        1 
   29000     196.4493    34752     2881        2 
   29200    198.17738    34903     2903        3 
   29400    199.88637    34804     2819        0 
   29600    201.92943    34851     2814        0 
   29800     203.4895    34871     2830        3 
   30000     205.3157    34887     2819        0 
   30200    207.05781    34823     2822        0 
   30400     208.5175    34744     2798        1 
   30600    210.49321    34848     2841        1 
   30800    211.44571    34748     2831        0 
   31000    213.68113    34889     2819        1 
   31200    214.66522    34903     2779        3 
   31400    216.30129    34714     2826        0 
   31600    218.10122    34872     2843        0 
   31800    219.99314    34856     2879        2 
   32000    221.64133    34878     2886        1 
   32200    222.69336    34705     2766        1 
   32400     224.3686    34710     2807        2 
   32600    226.16174    34875     2799        0 
   32800    227.80144    34730     2771        0 
   33000    229.36514    34705     2818        0 
   33200    230.28936    34733     2846        0 
   33400    232.29351    34619     2819        0 
   33600    233.56518    34783     2849        0 
   33800    234.80922    34805     2822        1 
   34000     236.9332    34859     2771        1 
   34200    238.66925    34949     2849        1 
   34400    241.03741    34807     2752        0 
   34600    243.55076    34823     2790        1 
   34800    245.65314    34765     2825        0 
   35000    247.26119    34760     2934        0 
   35200     248.8538    34831     2830        0 
   35400     250.1054    34798     2891        1 
   35600    252.24975    34694     2846        0 
   35800    254.39327    34736     2789        0 
   36000    255.80545    34841     2786        1 
   36200    258.04981    34858     2754        1 
   36400    259.41045    34888     2808        0 
   36600    260.56201    34855     2848        2 
   36800    262.01737    35012     2877        1 
   37000     263.0415    34877     2859        1 
   37200    263.98128    34943     2831        0 
   37400    265.80121    34929     2806        1 
   37600    267.13725    34858     2811        0 
   37800    268.96517    34736     2787        0 
   38000     270.1212    34843     2801        0 
   38200    272.03765    34821     2798        1 
   38400    273.60955    34907     2804        0 
   38600    274.71731    35117     2846        1 
   38800    275.65916    34738     2752        0 
   39000    277.24122    34688     2826        0 
   39200    279.00114    34836     2808        0 
   39400    280.60943    34765     2862        2 
   39600    282.20528    34917     2822        1 
   39800    283.20116    34594     2788        0 
   40000    285.63329    34965     2835        1 
   40200    287.74094    34857     2814        0 
   40400    289.10955    34749     2822        2 
   40600    290.73387    34985     2860        1 
   40800    292.59785    34838     2834        0 
   41000    294.65724    34855     2881        1 
   41200    296.09737    34869     2833        1 
   41400    298.28478    34822     2791        1 
   41600    300.94919    35018     2786        0 
   41800    302.70522    34934     2830        1 
   42000    303.62133    35052     2873        1 
   42200    305.08349    34819     2825        0 
   42400    306.06123    34977     2763        0 
   42600    308.28969    34935     2813        0 
   42800    309.90653    34737     2762        0 
   43000    311.52114    34817     2748        0 
   43200    313.03741    34875     2844        1 
   43400    314.68126    34572     2805        0 
   43600    315.85315    34746     2800        0 
   43800    317.67336    34807     2864        1 
   44000    318.91347    34647     2772        0 
   44200    320.22304    34939     2870        0 
   44400    320.93338    34892     2761        1 
   44600     321.7532    34805     2812        0 
   44800     322.8717    34676     2800        1 
   45000    324.60124    34593     2793        0 
   45200    325.84915    34662     2823        0 
   45400    327.51424    34883     2868        2 
   45600    328.26526    34891     2773        1 
   45800    329.87331    34670     2796        0 
   46000    330.86863    34809     2809        0 
   46200    331.88523    34852     2874        1 
   46400    333.45716    34686     2819        1 
   46600    335.38606    34902     2808        0 
   46800     337.0452    34716     2820        2 
   47000    338.28531    34666     2744        2 
   47200    339.56164    34932     2836        0 
   47400    340.82909    34941     2817        1 
   47600    342.72299    34838     2820        0 
   47800    344.74914    34705     2775        0 
   48000    346.39513    35016     2809        0 
   48200    348.78517    34925     2820        1 
   48400    350.67327    34692     2771        0 
   48600    353.02556    34749     2797        0 
   48800    354.63328    34784     2830        0 
   49000    356.18542    34555     2802        1 
   49200     357.4417    34685     2754        0 
   49400    358.78911    34923     2861        0 
   49600    359.99734    34782     2869        2 
   49800    361.68209    34758     2753        0 
   50000    364.02131    34905     2728        1 
   50200     365.3639    34756     2838        0 
   50400     366.8452    34846     2807        1 
   50600    368.79318    34933     2853        2 
   50800    370.26513    34742     2807        0 
   51000    372.22128    34824     2769        0 
   51200    373.16555    34829     2828        1 
   51400    374.36966    34873     2831        2 
   51600    375.58926    34669     2803        2 
   51800    377.46142    34648     2796        2 
   52000    380.00189    35033     2903        1 
   52200    381.26513    34834     2815        0 
   52400    383.69752    34877     2882        1 
   52600    385.28926    34749     2873        3 
   52800    386.48493    34671     2775        1 
   53000    387.76124    34758     2813        1 
   53200    389.73337    34760     2802        0 
   53400    391.35726    34888     2840        0 
   53600    392.82552    34745     2814        0 
   53800    395.08926    34770     2813        1 
   54000    396.91778    34683     2733        1 
   54200     399.1189    34879     2823        0 
   54400    401.28536    34773     2883        0 
   54600    402.79747    34689     2806        2 
   54800     404.8751    34798     2769        1 
   55000    406.32518    34740     2791        1 
   55200    408.47717    35119     2816        3 
   55400    410.12978    34969     2830        0 
   55600    412.40553    34887     2847        0 
   55800    414.13356    34842     2830        1 
   56000    415.08137    34988     2857        1 
   56200    416.66131    34744     2845        0 
   56400     418.6735    35060     2877        1 
   56600    420.44187    34670     2837        1 
   56800    421.80917    34943     2832        3 
   57000    423.24824    34932     2833        1 
   57200     425.5331    34844     2878        0 
   57400    426.93709    34922     2786        1 
   57600    429.10261    34923     2862        0 
   57800    430.32924    34822     2803        1 
   58000    432.94911    35008     2905        0 
   58200    434.16174    34834     2784        0 
   58400    435.30301    34897     2826        0 
   58600    436.90512    35037     2806        0 
   58800    438.62419    34877     2831        1 
   59000    440.63737    34752     2847        0 
   59200    441.77606    34856     2841        1 
   59400    443.43323    34672     2839        1 
   59600    445.46913    34939     2823        0 
   59800    446.43737    34843     2847        1 
   60000    447.36518    34661     2701        1 
   60200    449.46112    34923     2835        1 
   60400    450.68874    34702     2815        0 
   60600    451.85719    34749     2755        1 
   60800    452.99543    34779     2721        0 
   61000    454.16524    34790     2813        2 
   61200    455.62116    34621     2832        2 
   61400    458.10131    34870     2843        0 
   61600    459.57086    34871     2808        0 
   61800    461.82091    34653     2765        0 
   62000    462.89314    35066     2844        1 
   62200    464.64294    34757     2780        0 
   62400    465.90175    34955     2844        0 
   62600    467.37119    34890     2796        0 
   62800    468.37738    34777     2795        0 
   63000    469.52135    34905     2908        0 
   63200    471.50515    34880     2769        1 
   63400    473.37328    34764     2818        0 
   63600    474.47732    34816     2820        1 
   63800     475.9933    34821     2886        0 
   64000    476.70526    34950     2818        0 
   64200    478.71726    34625     2775        0 
   64400    480.03275    34902     2848        3 
   64600    481.74935    35051     2728        2 
   64800    482.83995    34775     2770        0 
   65000    484.03753    34834     2757        1 
   65200    485.53336    34946     2825        1 
   65400    487.42333    34827     2804        0 
   65600    489.17738    34877     2808        0 
   65800    490.80111    34822     2802        0 
   66000    492.60529    34932     2788        1 
   66200    494.66511    34767     2865        0 
   66400    496.11771    34949     2872        1 
   66600    498.11727    34853     2821        1 
   66800    499.83721    34879     2850        0 
   67000    501.26936    34775     2746        1 
   67200    502.21732    34958     2820        1 
   67400    503.79351    34865     2774        0 
   67600    505.45733    34871     2834        2 
   67800    507.80515    34762     2818        0 
   68000    508.72321    34807     2827        0 
   68200    510.00918    34814     2774        0 
   68400    511.42911    34740     2820        0 
   68600    512.60197    34836     2831        2 
   68800    513.97351    34816     2851        2 
   69000    515.68514    34727     2762        0 
   69200    516.89727    34583     2779        0 
   69400    519.26543    34965     2885        1 
   69600    520.71848    34685     2850        0 
   69800    522.94954    35073     2871        0 
   70000    524.49322    34825     2813        0 
   70200    526.42544    34716     2806        0 
   70400    528.55733    34880     2821        1 
   70600    530.46915    34969     2909        0 
   70800    532.62914    34828     2820        1 
   71000    534.60111    34738     2808        0 
   71200    535.86555    34885     2786        0 
   71400     536.8493    34679     2831        0 
   71600    539.00954    34822     2782        0 
   71800    539.83746    34828     2772        2 
   72000    540.71723    34829     2755        0 
   72200     542.0858    34719     2888        1 
   72400    543.81317    34709     2732        1 
   72600     545.1177    34986     2869        0 
   72800    547.40933    34778     2808        1 
   73000    549.19308    34789     2767        0 
   73200    550.79758    34794     2881        2 
   73400    552.46967    34735     2729        0 
   73600    554.03715    34643     2813        0 
   73800    556.40124    34784     2765        1 
   74000    558.08931    35009     2796        0 
   74200    559.32523    34662     2721        1 
   74400    560.30512    34773     2797        1 
   74600     561.3972    34886     2852        0 
   74800    563.14559    34786     2704        0 
   75000    564.50147    34797     2778        1 
   75200    566.19763    34877     2791        3 
   75400    568.37327    34938     2818        1 
   75600    569.56938    34795     2761        1 
   75800    571.62114    35080     2833        1 
   76000    573.11354    34830     2847        0 
   76200    574.69725    34951     2766        2 
   76400    576.17713    34758     2786        0 
   76600    577.88518    34785     2817        0 
   76800    580.54603    35013     2933        2 
   77000    581.59355    35035     2874        0 
   77200    582.60923    34827     2757        0 
   77400    583.60912    35075     2822        0 
   77600    585.18909    35003     2824        0 
   77800    586.27337    34892     2745        0 
   78000    587.81675    34857     2839        0 
   78200    589.06523    34676     2839        0 
   78400    590.76543    34818     2737        0 
   78600    591.73311    34981     2884        1 
   78800    593.14146    34737     2756        1 
   79000    595.04935    34980     2879        1 
   79200    596.60115    34500     2780        0 
   79400    598.04131    34836     2796        0 
   79600    599.71792    35047     2938        1 
   79800    601.49319    34987     2818        4 
   80000     603.6173    34886     2866        1 
   80200    604.79761    34903     2803        0 
   80400    606.18941    34839     2818        1 
   80600    607.33321    34740     2829        0 
   80800    608.45726    34750     2813        5 
   81000    610.33765    34833     2854        0 
   81200    611.44963    34841     2807        1 
   81400     612.5134    34805     2854        0 
   81600    614.12169    34791     2744        0 
   81800    615.53805    34738     2808        0 
   82000    617.14896    34834     2817        0 
   82200    618.47738    34707     2739        0 
   82400    620.12552    34802     2804        0 
   82600    622.04601    34726     2828        0 
   82800    623.07321    34586     2722        0 
   83000     624.5334    34725     2790        1 
   83200     626.6093    34930     2761        2 
   83400     628.6613    34862     2925        0 
   83600    630.23792    35075     2902        1 
   83800    631.40561    34803     2833        0 
   84000     632.9814    34914     2833        2 
   84200    634.60983    34619     2765        2 
   84400    635.58136    34970     2797        2 
   84600    636.94124    34802     2905        4 
   84800    639.08118    34770     2769        0 
   85000    640.87535    35001     2820        0 
   85200    642.55785    34797     2891        0 
   85400     644.3093    34881     2867        0 
   85600     646.1851    34812     2793        2 
   85800     647.8903    34718     2762        0 
   86000    649.90165    34907     2799        1 
   86200    650.76924    34808     2838        1 
   86400    651.96643    34910     2801        0 
   86600    652.99312    34702     2787        1 
   86800     654.4612    34877     2810        2 
   87000    655.79568    34864     2785        0 
   87200    657.55865    34788     2750        1 
   87400    659.23339    34803     2748        1 
   87600    660.39334    34672     2842        1 
   87800     662.8453    34753     2699        0 
   88000    664.40985    34813     2758        0 
   88200    667.33842    34702     2838        2 
   88400    669.26114    34839     2823        0 
   88600    670.39735    34722     2810        1 
   88800    672.65714    34962     2803        0 
   89000    673.72529    34834     2896        0 
   89200    674.98525    34715     2749        0 
   89400    676.61376    34876     2885        1 
   89600    677.93317    34713     2754        1 
   89800    679.35861    34870     2777        0 
   90000    680.90531    34783     2734        2 
   90200    682.36121    35042     2871        0 
   90400    683.57862    34761     2839        2 
   90600    684.54534    34788     2869        0 
   90800    685.77321    35064     2838        2 
   91000     688.1352    34814     2828        0 
   91200    689.96118    34874     2770        0 
   91400    691.79839    34732     2860        2 
   91600    692.86523    35094     2890        1 
   91800    695.34411    35091     2917        2 
   92000     696.7141    34995     2826        2 
   92200    697.50639    34713     2801        0 
   92400     699.0893    34786     2823        2 
   92600    700.05204    34884     2842        0 
   92800     700.9179    34734     2862        1 
   93000    701.55713    34981     2874        1 
   93200    702.98478    34895     2779        0 
   93400    704.28133    34748     2831        1 
   93600    706.04927    34837     2834        0 
   93800    707.45341    34742     2801        0 
   94000    709.14797    34860     2786        1 
   94200    710.79004    34848     2823        0 
   94400     712.9573    34901     2867        2 
   94600    713.92573    34806     2844        0 
   94800    715.32953    34823     2848        0 
   95000    717.24952    34792     2826        0 
   95200     718.8252    34962     2856        1 
   95400    720.66208    34870     2783        1 
   95600    722.54122    34921     2812        0 
   95800    724.01772    34779     2878        0 
   96000    725.20948    34821     2894        0 
   96200    726.38912    35038     2840        0 
   96400    727.34936    34771     2840        0 
   96600    729.06931    35025     2853        0 
   96800    730.43322    34835     2751        0 
   97000    731.82909    34941     2846        0 
   97200    733.71717    34818     2813        2 
   97400    735.91752    34854     2784        0 
   97600    737.42922    34649     2725        1 
   97800    739.08605    34762     2830        0 
   98000    741.02128    34819     2776        1 
   98200    742.78922    34674     2689        1 
   98400    744.04532    34846     2804        1 
   98600    745.82911    34663     2778        1 
   98800    746.92966    34891     2784        1 
   99000    748.31731    34668     2821        0 
   99200    749.24331    34830     2803        0 
   99400    750.59725    34820     2768        1 
   99600    752.23727    34837     2765        0 
   99800    753.63354    34788     2794        0 
  100000    755.56559    34769     2800        0 
Loop time of 755.582 on 4 procs for 100000 steps with 34769 particles
Performance: 132.348 timesteps/s, 4.602 Mparticle-step/s

MPI task timing breakdown:
Section |  min time  |  avg time  |  max time  |%varavg| %total
---------------------------------------------------------------
Move    | 82.61      | 90.888     | 98.704     |  65.1 | 12.03
Coll    | 42.334     | 52.469     | 63.108     | 128.5 |  6.94
Sort    | 8.3044     | 9.2577     | 9.962      |  22.7 |  1.23
Comm    | 346.71     | 369.4      | 388.42     |  93.6 | 48.89
Modify  | 1.0834     | 16.844     | 33.237     | 383.3 |  2.23
Output  | 5.1437     | 5.2202     | 5.2691     |   2.0 |  0.69
Other   |            | 211.5      |            |       | 27.99

Particle moves    = 3482465976 (3.48B)
Cells touched     = 6791545711 (6.79B)
Particle comms    = 250235707 (250M)
Boundary collides = 200723448 (201M)
Boundary exits    = 151061413 (151M)
SurfColl checks   = 2912475962 (2.91B)
SurfColl occurs   = 70267 (70.3K)
Surf reactions    = 0 (0K)
Collide attempts  = 647022587 (647M)
Collide occurs    = 281654660 (282M)
Gas reactions     = 0 (0K)
Particles stuck   = 0
Axisymm bad moves = 0

Particle-moves/CPUsec/proc: 1.15225e+06
Particle-moves/step: 34824.7
Cell-touches/particle/step: 1.95021
Particle comm iterations/step: 3.00128
Particle fraction communicated: 0.0718559
Particle fraction colliding with boundary: 0.0576383
Particle fraction exiting boundary: 0.0433777
Surface-checks/particle/step: 0.836326
Surface-collisions/particle/step: 2.01774e-05
Surface-reactions/particle/step: 0
Collision-attempts/particle/step: 0.185794
Collisions/particle/step: 0.0808779
Gas-reactions/particle/step: 0

Particles: 8692.25 ave 9548 max 7795 min
Histogram: 2 0 0 0 0 0 0 0 0 2
Cells:     250 ave 250 max 250 min
Histogram: 4 0 0 0 0 0 0 0 0 0
GhostCell: 110 ave 110 max 110 min
Histogram: 4 0 0 0 0 0 0 0 0 0
EmptyCell: 110 ave 110 max 110 min
Histogram: 4 0 0 0 0 0 0 0 0 0
Surfs:     192 ave 192 max 192 min
Histogram: 4 0 0 0 0 0 0 0 0 0
GhostSurf: 0 ave 0 max 0 min
Histogram: 4 0 0 0 0 0 0 0 0 0
Memory usage per proc in Mbytes:
  particles (ave,min,max) = 1.5625 1.5625 1.5625
  grid      (ave,min,max) = 1.51379 1.51379 1.51379
  surf      (ave,min,max) = 0.0241699 0.0241699 0.0241699
  total     (ave,min,max) = 3.21204 3.21204 3.21204
Step CPU Np Ncoll Nscoll 
  100000            0    34769     2800        0 
  100200    1.3168576    34801     2775        0 
  100400    3.0284319    34770     2825        1 
  100600    4.7684435    34930     2853        2 
  100800    6.8082206    34848     2828        0 
  101000    9.4967181    34743     2799        0 
  101200    10.900347    34746     2826        2 
  101400    12.504357    34696     2759        1 
  101600    13.804542    34814     2764        1 
  101800    15.760222    34733     2878        0 
  102000    17.524571    34967     2818        0 
  102200    18.929577    34654     2809        1 
  102400    20.740187    34986     2795        0 
  102600    22.248247    34880     2763        0 
  102800     24.34431    34913     2807        1 
  103000    26.241048    34862     2879        2 
  103200    28.916143    34665     2737        1 
  103400    31.446948    34715     2836        0 
  103600    32.312229    34821     2749        0 
  103800    34.815846    34852     2814        1 
  104000    36.356441    34739     2812        0 
  104200    38.437448    35011     2817        2 
  104400    39.608407    34629     2777        0 
  104600    41.236689    34979     2871        2 
  104800    42.300192    35010     2800        2 
  105000     44.42442    34729     2786        0 
  105200    45.492282    34934     2820        0 
  105400    46.956386    35005     2868        1 
  105600    48.506009    34745     2809        2 
  105800    49.656187    34896     2863        0 
  106000    51.108661    34869     2847        1 
  106200    53.300392    34788     2833        1 
  106400     54.49248    34759     2896        2 
  106600    56.256449    35046     2854        0 
  106800    59.280309    34808     2827        0 
  107000    61.264765    35034     2808        0 
  107200    62.856237    34832     2806        4 
  107400    64.028108    34721     2765        1 
  107600    65.648956    34747     2881        0 
  107800    67.468417    34707     2757        0 
  108000    69.452193    34857     2844        0 
  108200    70.360323    34810     2794        0 
  108400    71.780427    34646     2782        1 
  108600    73.044207    34610     2817        1 
  108800    74.248363    34923     2884        0 
  109000    75.204303    34879     2890        3 
  109200    76.183635    34907     2838        2 
  109400    77.260501    34873     2761        1 
  109600    78.756315    34759     2847        4 
  109800    80.676299    34846     2860        1 
  110000    82.920367    34560     2763        0 
  110200    83.912472    34912     2851        1 
  110400    85.292155    34801     2781        1 
  110600    87.456364    34977     2870        1 
  110800    89.276552    34932     2848        0 
  111000    91.240479    34838     2815        0 
  111200    92.856179    34772     2797        0 
  111400    94.456245    34706     2834        0 
  111600    95.769893    34756     2723        1 
  111800    97.200575    34896     2838        1 
  112000    98.896392    34936     2850        0 
  112200    100.11226    34833     2848        0 
  112400    101.20032    34786     2808        2 
  112600    102.51607    34906     2842        0 
  112800    103.54164    34758     2844        2 
  113000    104.60425    34778     2813        1 
  113200    105.83632    34804     2778        1 
  113400    107.02424    34890     2796        0 
  113600    108.94113    34944     2855        0 
  113800    110.39641    34838     2873        0 
  114000    111.87623    34806     2857        0 
  114200    114.14823    34704     2770        2 
  114400    115.90824    35016     2828        0 
  114600     117.9403    34708     2837        0 
  114800    119.13277    34704     2811        0 
  115000    120.39738    34812     2806        0 
  115200    121.92831    34974     2902        2 
  115400    124.02037    34802     2815        1 
  115600    125.84873    34850     2858        0 
  115800    127.53657    34821     2789        1 
  116000    130.01628    34842     2871        2 
  116200    131.73892    34880     2817        1 
  116400    133.34064    34630     2766        3 
  116600    135.39616    34836     2791        1 
  116800    136.92831    34769     2874        3 
  117000    138.82153    34877     2789        3 
  117200    140.28946    34889     2820        0 
  117400    141.73667    34946     2862        0 
  117600    142.93641    34851     2815        0 
  117800    145.75284    34812     2762        0 
  118000    148.49768    34833     2855        0 
  118200    151.30437    34847     2813        0 
  118400    154.12024    34958     2865        0 
  118600    155.13055    34839     2838        1 
  118800    156.52416    34895     2807        2 
  119000    158.45468    34820     2782        1 
  119200    160.42442    34862     2815        0 
  119400    161.41633    34784     2779        3 
  119600    162.10534    34908     2838        0 
  119800    163.50015    34947     2843        0 
  120000    165.51225    34875     2720        0 
  120200    166.91333    34727     2782        0 
  120400    168.70122    34749     2813        1 
  120600    170.28031    34819     2832        0 
  120800    172.25213    34593     2750        0 
  121000     174.0482    34903     2796        1 
  121200    175.32738    34819     2869        2 
  121400      177.264    34766     2796        1 
  121600    179.15702    34699     2849        1 
  121800    180.39236    34932     2844        1 
  122000    181.45617    34936     2764        1 
  122200    183.67305    34861     2763        2 
  122400    184.64454    35051     2865        0 
  122600    186.34081    34779     2843        0 
  122800    188.12436    34728     2832        1 
  123000    190.04038    34903     2860        1 
  123200     191.8602    34939     2883        1 
  123400    193.59616    34869     2837        1 
  123600    194.97247    34954     2872        0 
  123800    196.19222    34649     2806        3 
  124000    198.32855    34817     2837        1 
  124200    200.00064    34969     2825        2 
  124400    201.81633    34837     2774        0 
  124600     203.7378    34834     2803        0 
  124800    204.65248    34824     2811        0 
  125000     205.7323    35163     2805        1 
  125200    207.50834    34656     2779        4 
  125400     208.5104    34951     2826        0 
  125600    209.93622    34808     2834        0 
  125800    211.07279    34718     2850        0 
  126000    214.16945    34833     2825        2 
  126200    216.44236    34760     2863        1 
  126400    217.64445    34671     2819        0 
  126600    219.93626    34979     2785        1 
  126800    221.46434    34857     2894        2 
  127000    223.58815    34803     2752        3 
  127200    225.67309    34762     2797        1 
  127400     227.9231    34798     2783        1 
  127600    230.06041    34745     2805        1 
  127800     231.0729    34876     2899        2 
  128000    232.32624    34794     2844        0 
  128200    233.33726    34892     2762        2 
  128400    234.93665    34778     2797        1 
  128600    236.30833    34901     2861        0 
  128800    237.25238    34704     2784        0 
  129000    238.44831    34866     2841        4 
  129200    239.90098    34924     2887        1 
  129400    241.27635    34944     2832        0 
  129600    243.36904    34785     2784        0 
  129800    245.20483    34724     2783        0 
  130000    246.63259    34808     2798        2 
  130200    248.55227    34861     2812        0 
  130400    251.14733    34944     2893        1 
  130600    253.69234    34757     2859        3 
  130800    254.99219    34778     2826        0 
  131000    257.07621    34743     2772        0 
  131200    258.58453    34881     2814        1 
  131400    261.01648    34812     2887        0 
  131600    262.47223    34805     2799        0 
  131800    263.84486    34902     2757        0 
  132000    265.14439    34896     2824        1 
  132200    267.24016    34804     2827        0 
  132400    268.87627    34844     2806        0 
  132600     270.1304    34815     2820        0 
  132800    271.50211    34978     2911        0 
  133000    273.33625    34822     2847        1 
  133200    275.62463    34658     2722        1 
  133400    276.83626    34730     2707        1 
  133600    278.34846    34665     2796        0 
  133800    279.97639    34812     2832        1 
  134000     280.9323    34841     2816        0 
  134200    282.12822    34937     2871        1 
  134400    283.90042    34952     2733        1 
  134600    285.15279    34714     2868        1 
  134800    286.77195    34868     2887        0 
  135000    288.08391    34830     2771        0 
  135200    290.07644    34859     2856        0 
  135400    293.16354    34622     2789        2 
  135600    294.62841    34887     2824        0 
  135800    296.01231    35029     2880        1 
  136000    298.16849    34906     2820        0 
  136200     299.7004    35136     2807        2 
  136400    301.48818    34646     2789        2 
  136600    303.59228    34951     2842        3 
  136800     304.6882    35082     2863        0 
  137000    306.45218    34764     2851        0 
  137200    308.05681    34764     2874        1 
  137400    309.32114    34886     2814        0 
  137600    311.68461    34783     2811        2 
  137800    313.76036    34793     2785        1 
  138000    314.84425    34869     2840        0 
  138200    317.16827    34965     2902        0 
  138400     318.9406    34716     2895        0 
  138600    319.82828    34790     2859        1 
  138800    321.22119    34694     2819        0 
  139000    322.11706    34944     2790        0 
  139200    323.52023    34883     2838        0 
  139400    324.41227    34731     2836        3 
  139600    326.44821    34783     2777        0 
  139800     327.9283    34681     2782        1 
  140000     329.2925    34846     2803        0 
  140200    332.18015    34894     2866        1 
  140400    333.82966    34846     2786        1 
  140600    335.07977    34767     2850        1 
  140800    337.56443    34857     2732        0 
  141000    339.29554    34812     2803        1 
  141200    341.46428    34894     2823        0 
  141400    342.52834    34881     2846        1 
  141600    343.98033    34840     2887        1 
  141800    344.96035    34800     2804        0 
  142000    347.53699    34933     2841        0 
  142200    348.68093    34655     2836        0 
  142400    350.08818    34816     2776        0 
  142600    351.27659    34691     2804        1 
  142800    353.43621    34965     2842        0 
  143000    356.44212    35013     2841        0 
  143200    358.00858    35065     2833        2 
  143400    359.76113    34870     2815        2 
  143600    360.74832    34905     2829        2 
  143800    362.07224    34647     2830        0 
  144000    364.24476    34905     2878        0 
  144200     366.0729    34813     2840        1 
  144400    367.76602    34765     2859        1 
  144600    370.12433    34776     2828        0 
  144800      371.418    34771     2804        1 
  145000    372.76835    34673     2835        1 
  145200    375.47764    34781     2837        0 
  145400     376.8006    34767     2800        0 
  145600    378.24027    34889     2830        1 
  145800    379.25227    34934     2847        0 
  146000    380.86825    34880     2810        0 
  146200    381.94455    34628     2790        2 
  146400    382.77226    34820     2817        0 
  146600    385.68845    35034     2850        0 
  146800    387.64847    34795     2742        1 
  147000    388.51612    35028     2811        1 
  147200    389.92906    34787     2866        0 
  147400    391.68429    34979     2836        0 
  147600     393.3809    34802     2754        1 
  147800    394.48839    34747     2821        1 
  148000    395.91632    34768     2875        2 
  148200    397.49439    34813     2689        0 
  148400    398.58926    35097     2820        1 
  148600    400.04418    34975     2838        1 
  148800    401.56264    34860     2873        0 
  149000    403.22829    34936     2907        0 
  149200    405.42377    34875     2880        2 
  149400    407.31714    34837     2859        1 
  149600    408.16849    34953     2775        1 
  149800    409.92826    34792     2860        0 
  150000     411.8893    34889     2794        3 
Loop time of 411.898 on 4 procs for 50000 steps with 34889 particles
Performance: 121.389 timesteps/s, 4.235 Mparticle-step/s

MPI task timing breakdown:
Section |  min time  |  avg time  |  max time  |%varavg| %total
---------------------------------------------------------------
Move    | 42.315     | 46.923     | 50.65      |  53.1 | 11.39
Coll    | 21.683     | 27.145     | 32.811     | 102.4 |  6.59
Sort    | 4.2878     | 4.8797     | 5.3075     |  19.7 |  1.18
Comm    | 195.99     | 208.36     | 218.73     |  66.7 | 50.59
Modify  | 0.63518    | 8.8538     | 17.063     | 275.7 |  2.15
Output  | 2.2425     | 2.2663     | 2.2876     |   1.1 |  0.55
Other   |            | 113.5      |            |       | 27.55

Particle moves    = 1741731209 (1.74B)
Cells touched     = 3396652965 (3.4B)
Particle comms    = 125146830 (125M)
Boundary collides = 100392980 (100M)
Boundary exits    = 75549159 (75.5M)
SurfColl checks   = 1457337264 (1.46B)
SurfColl occurs   = 35443 (35.4K)
Surf reactions    = 0 (0K)
Collide attempts  = 317501190 (318M)
Collide occurs    = 140856626 (141M)
Gas reactions     = 0 (0K)
Particles stuck   = 0
Axisymm bad moves = 0

Particle-moves/CPUsec/proc: 1.05714e+06
Particle-moves/step: 34834.6
Cell-touches/particle/step: 1.95016
Particle comm iterations/step: 3.00138
Particle fraction communicated: 0.071852
Particle fraction colliding with boundary: 0.0576398
Particle fraction exiting boundary: 0.0433759
Surface-checks/particle/step: 0.836718
Surface-collisions/particle/step: 2.03493e-05
Surface-reactions/particle/step: 0
Collision-attempts/particle/step: 0.182291
Collisions/particle/step: 0.0808716
Gas-reactions/particle/step: 0

Particles: 8722.25 ave 9565 max 7902 min
Histogram: 2 0 0 0 0 0 0 0 0 2
Cells:     250 ave 250 max 250 min
Histogram: 4 0 0 0 0 0 0 0 0 0
GhostCell: 110 ave 110 max 110 min
Histogram: 4 0 0 0 0 0 0 0 0 0
EmptyCell: 110 ave 110 max 110 min
Histogram: 4 0 0 0 0 0 0 0 0 0
Surfs:     192 ave 192 max 192 min
Histogram: 4 0 0 0 0 0 0 0 0 0
GhostSurf: 0 ave 0 max 0 min
Histogram: 4 0 0 0 0 0 0 0 0 0
