SPARTA (24 Sep 2025)
Running on 4 MPI task(s)
Created orthogonal box = (0 0 0) to (0.0005 0.0005 0.0005)
WARNING: Could not acquire nearby ghost cells b/c grid partition is not clumped (../grid.cpp:473)
Created 64000 child grid cells
  CPU time = 0.00408216 secs
  create/ghost percent = 79.9872 20.0128
Balance grid migrated 48000 cells
  CPU time = 0.0129171 secs
  reassign/sort/migrate/ghost percent = 26.5262 0.985469 49.1071 23.3812
Reading surface file ...
  192 triangles
  0.000245 0.000255 xlo xhi
  0.000245 0.000255 ylo yhi
  0.000245 0.000255 zlo zhi
  1.37386e-06 min triangle edge length
  8.32156e-13 min triangle area
  8 0 = cells overlapping surfs, overlap cells with unmarked corner pts
  63992 0 8 = cells outside/inside/overlapping surfs
  8 = surf cells with 1,2,etc splits
  1.24999513661453e-10 1.24999513661465e-10 = cell-wise and global flow volume
  CPU time = 0.0287064 secs
  read/check/sort/surf2grid/ghost/inout/particle percent = 70.742 2.90057 3.80835 14.4491 8.09993 2.82954 0.00248377
  surf2grid time = 0.00414782 secs
  map/comm1/comm2/comm3/comm4/split percent = 43.9786 3.3594 29.3151 2.23351 2.68112 7.79532
Memory usage per proc in Mbytes:
  particles (ave,min,max) = 0 0 0
  grid      (ave,min,max) = 3.88879 3.88879 3.88879
  surf      (ave,min,max) = 0.0241699 0.0241699 0.0241699
  total     (ave,min,max) = 3.91296 3.91296 3.91296
Step CPU Np Ncoll Nscoll 
       0            0        0        0        0 
